#
# A fatal error has been detected by the Java Runtime Environment:
#
#  EXCEPTION_ACCESS_VIOLATION (0xc0000005) at pc=0x77461ffe, pid=4432, tid=0x000008ac
#
# JRE version: Java(TM) SE Runtime Environment (8.0_181-b13) (build 1.8.0_181-b13)
# Java VM: Java HotSpot(TM) Client VM (25.181-b13 mixed mode, sharing windows-x86 )
# Problematic frame:
# C  [ntdll.dll+0x51ffe]
#
# Failed to write core dump. Minidumps are not enabled by default on client versions of Windows
#
# If you would like to submit a bug report, please visit:
#   http://bugreport.java.com/bugreport/crash.jsp
#

---------------  T H R E A D  ---------------

Current thread (0x1663fc00):  JavaThread "Timer-4" [_thread_in_vm, id=2220, stack(0x17080000,0x170d0000)]

siginfo: ExceptionCode=0xc0000005, reading address 0x8324c889

Registers:
EAX=0xdf883b1a, EBX=0x16633490, ECX=0x00b20000, EDX=0x16633490
ESP=0x170cedb8, EBP=0x170cedec, ESI=0x8324c885, EDI=0x16633488
EIP=0x77461ffe, EFLAGS=0x00010282

Top of Stack: (sp=0x170cedb8)
0x170cedb8:   00000000 00b20000 16633490 00000100
0x170cedc8:   00000000 170cedfc 1639320c 16633490
0x170cedd8:   163b0c40 00000100 170cee88 00000000
0x170cede8:   16633488 170cee04 77461faf 1663fc00
0x170cedf8:   00000000 16633490 16633488 170cee18
0x170cee08:   7684f1ac 00b20000 00000000 16633490
0x170cee18:   170cee2c 66d0016a 00b20000 00000000
0x170cee28:   16633490 170cee3c 66453f33 16633490 

Instructions: (pc=0x77461ffe)
0x77461fde:   7a f8 80 7f 07 05 0f 84 58 df 03 00 8b 07 8b f7
0x77461fee:   c1 ee 03 33 f0 33 35 dc 71 4e 77 89 7d fc 33 f1
0x77461ffe:   8b 46 04 89 45 f4 c6 47 07 80 c6 47 06 00 8b 5e
0x7746200e:   08 8b 4e 0c 89 5d e0 83 c3 01 89 4d e4 83 d1 01 


Register to memory mapping:

EAX=0xdf883b1a is an unknown value
EBX=0x16633490 is an unknown value
ECX=0x00b20000 is an unknown value
EDX=0x16633490 is an unknown value
ESP=0x170cedb8 is pointing into the stack for thread: 0x1663fc00
EBP=0x170cedec is pointing into the stack for thread: 0x1663fc00
ESI=0x8324c885 is an unknown value
EDI=0x16633488 is an unknown value


Stack: [0x17080000,0x170d0000],  sp=0x170cedb8,  free space=315k
Native frames: (J=compiled Java code, j=interpreted, Vv=VM code, C=native code)
C  [ntdll.dll+0x51ffe]
C  [ntdll.dll+0x51faf]
C  [kernel32.dll+0x4f1ac]
C  [msvcr100.dll+0x1016a]
V  [jvm.dll+0x163f33]
V  [jvm.dll+0xe6847]
C  [jna6040778529487408732.dll+0x8ef9]
C  [jna6040778529487408732.dll+0x36d2]
j  com.sun.jna.Native.invokeInt(Lcom/sun/jna/Function;JI[Ljava/lang/Object;)I+0
j  com.sun.jna.Function.invoke([Ljava/lang/Object;Ljava/lang/Class;ZI)Ljava/lang/Object;+211
j  com.sun.jna.Function.invoke(Ljava/lang/reflect/Method;[Ljava/lang/Class;Ljava/lang/Class;[Ljava/lang/Object;Ljava/util/Map;)Ljava/lang/Object;+271
j  com.sun.jna.Library$Handler.invoke(Ljava/lang/Object;Ljava/lang/reflect/Method;[Ljava/lang/Object;)Ljava/lang/Object;+344
j  com.sun.proxy.$Proxy0.GetFpCharByGen([B[I)I+20
j  fingerprintcorev2.Views.RescanUI.fpsmessage()V+119
j  fingerprintcorev2.Views.RescanUI.access$900(Lfingerprintcorev2/Views/RescanUI;)V+1
j  fingerprintcorev2.Views.RescanUI$9.run()V+4
j  java.util.TimerThread.mainLoop()V+221
j  java.util.TimerThread.run()V+1
v  ~StubRoutines::call_stub
V  [jvm.dll+0x15c065]
V  [jvm.dll+0x223ade]
V  [jvm.dll+0x15c0fe]
V  [jvm.dll+0x15c286]
V  [jvm.dll+0x15c2f7]
V  [jvm.dll+0x10016f]
V  [jvm.dll+0x17f280]
V  [jvm.dll+0x17fafa]
V  [jvm.dll+0x1c5416]
C  [msvcr100.dll+0x5c556]
C  [msvcr100.dll+0x5c600]
C  [kernel32.dll+0x51174]
C  [ntdll.dll+0x5b3f5]
C  [ntdll.dll+0x5b3c8]
C  0x00000000

Java frames: (J=compiled Java code, j=interpreted, Vv=VM code)
j  com.sun.jna.Native.invokeInt(Lcom/sun/jna/Function;JI[Ljava/lang/Object;)I+0
j  com.sun.jna.Function.invoke([Ljava/lang/Object;Ljava/lang/Class;ZI)Ljava/lang/Object;+211
j  com.sun.jna.Function.invoke(Ljava/lang/reflect/Method;[Ljava/lang/Class;Ljava/lang/Class;[Ljava/lang/Object;Ljava/util/Map;)Ljava/lang/Object;+271
j  com.sun.jna.Library$Handler.invoke(Ljava/lang/Object;Ljava/lang/reflect/Method;[Ljava/lang/Object;)Ljava/lang/Object;+344
j  com.sun.proxy.$Proxy0.GetFpCharByGen([B[I)I+20
j  fingerprintcorev2.Views.RescanUI.fpsmessage()V+119
j  fingerprintcorev2.Views.RescanUI.access$900(Lfingerprintcorev2/Views/RescanUI;)V+1
j  fingerprintcorev2.Views.RescanUI$9.run()V+4
j  java.util.TimerThread.mainLoop()V+221
j  java.util.TimerThread.run()V+1
v  ~StubRoutines::call_stub

---------------  P R O C E S S  ---------------

Java Threads: ( => current thread )
  0x16640400 JavaThread "Timer-5" [_thread_blocked, id=4580, stack(0x16eb0000,0x16f00000)]
=>0x1663fc00 JavaThread "Timer-4" [_thread_in_vm, id=2220, stack(0x17080000,0x170d0000)]
  0x154c5c00 JavaThread "Timer-3" [_thread_blocked, id=3024, stack(0x170e0000,0x17130000)]
  0x165dcc00 JavaThread "Thread-8" daemon [_thread_blocked, id=5468, stack(0x16aa0000,0x16af0000)]
  0x164ee000 JavaThread "Timer-2" [_thread_blocked, id=2460, stack(0x16fc0000,0x17010000)]
  0x155bd800 JavaThread "TimerQueue" daemon [_thread_blocked, id=3584, stack(0x16cc0000,0x16d10000)]
  0x00b2c800 JavaThread "DestroyJavaVM" [_thread_blocked, id=5744, stack(0x00a90000,0x00ae0000)]
  0x154ea000 JavaThread "AWT-EventQueue-0" [_thread_blocked, id=2836, stack(0x157b0000,0x15800000)]
  0x154e8400 JavaThread "AWT-Windows" daemon [_thread_in_native, id=3448, stack(0x149b0000,0x14a00000)]
  0x154e7c00 JavaThread "AWT-Shutdown" [_thread_blocked, id=2280, stack(0x14880000,0x148d0000)]
  0x154e5400 JavaThread "Java2D Disposer" daemon [_thread_blocked, id=3796, stack(0x152f0000,0x15340000)]
  0x00a32c00 JavaThread "Service Thread" daemon [_thread_blocked, id=392, stack(0x152a0000,0x152f0000)]
  0x00a12800 JavaThread "C1 CompilerThread0" daemon [_thread_blocked, id=2308, stack(0x15160000,0x151b0000)]
  0x00a11800 JavaThread "Attach Listener" daemon [_thread_blocked, id=5904, stack(0x15110000,0x15160000)]
  0x00a0e800 JavaThread "Signal Dispatcher" daemon [_thread_blocked, id=5516, stack(0x15080000,0x150d0000)]
  0x00a04400 JavaThread "Finalizer" daemon [_thread_blocked, id=4880, stack(0x14ff0000,0x15040000)]
  0x009a5c00 JavaThread "Reference Handler" daemon [_thread_blocked, id=4776, stack(0x01a30000,0x01a80000)]

Other Threads:
  0x009a3400 VMThread [stack: 0x14920000,0x14970000] [id=3420]
  0x00a4b400 WatcherThread [stack: 0x15370000,0x153c0000] [id=5724]

VM state:not at safepoint (normal execution)

VM Mutex/Monitor currently owned by a thread: None

Heap:
 def new generation   total 8384K, used 3618K [0x03e00000, 0x04710000, 0x09350000)
  eden space 7488K,  48% used [0x03e00000, 0x04188898, 0x04550000)
  from space 896K,   0% used [0x04550000, 0x04550000, 0x04630000)
  to   space 896K,   0% used [0x04630000, 0x04630000, 0x04710000)
 tenured generation   total 18488K, used 11092K [0x09350000, 0x0a55e000, 0x13e00000)
   the space 18488K,  59% used [0x09350000, 0x09e25150, 0x09e25200, 0x0a55e000)
 Metaspace       used 3853K, capacity 4156K, committed 4288K, reserved 4480K

Card table byte_map: [0x018d0000,0x01960000] byte_map_base: 0x018b1000

Polling page: 0x00480000

CodeCache: size=32768Kb used=1754Kb max_used=1754Kb free=31014Kb
 bounds [0x01dd0000, 0x01f88000, 0x03dd0000]
 total_blobs=1059 nmethods=806 adapters=183
 compilation: enabled

Compilation events (10 events):
Event: 47.223 Thread 0x00a12800  814             java.lang.CharacterDataLatin1::getType (11 bytes)
Event: 47.224 Thread 0x00a12800 nmethod 814 0x01f85f08 code [0x01f86000, 0x01f860b0]
Event: 47.623 Thread 0x00a12800  815             java.lang.reflect.Method::equals (69 bytes)
Event: 47.626 Thread 0x00a12800 nmethod 815 0x01f86188 code [0x01f86290, 0x01f863ec]
Event: 47.821 Thread 0x00a12800  816             sun.swing.DefaultLayoutStyle::flipDirection (69 bytes)
Event: 47.822 Thread 0x00a12800 nmethod 816 0x01f864c8 code [0x01f865c0, 0x01f866a0]
Event: 47.922 Thread 0x00a12800  817             sun.awt.image.VolatileSurfaceManager::getPrimarySurfaceData (5 bytes)
Event: 47.923 Thread 0x00a12800 nmethod 817 0x01f86708 code [0x01f86800, 0x01f86880]
Event: 47.928 Thread 0x00a12800  818             sun.java2d.SurfaceData::isValid (5 bytes)
Event: 47.928 Thread 0x00a12800 nmethod 818 0x01f868c8 code [0x01f869c0, 0x01f86a40]

GC Heap History (10 events):
Event: 5.536 GC heap before
{Heap before GC invocations=5 (full 0):
 def new generation   total 4928K, used 4506K [0x03e00000, 0x04350000, 0x09350000)
  eden space 4416K, 100% used [0x03e00000, 0x04250000, 0x04250000)
  from space 512K,  17% used [0x042d0000, 0x042e6a60, 0x04350000)
  to   space 512K,   0% used [0x04250000, 0x04250000, 0x042d0000)
 tenured generation   total 10944K, used 6815K [0x09350000, 0x09e00000, 0x13e00000)
   the space 10944K,  62% used [0x09350000, 0x099f7c10, 0x099f7e00, 0x09e00000)
 Metaspace       used 2070K, capacity 3058K, committed 3136K, reserved 4480K
Event: 5.545 GC heap after
Heap after GC invocations=6 (full 0):
 def new generation   total 4928K, used 512K [0x03e00000, 0x04350000, 0x09350000)
  eden space 4416K,   0% used [0x03e00000, 0x03e00000, 0x04250000)
  from space 512K, 100% used [0x04250000, 0x042d0000, 0x042d0000)
  to   space 512K,   0% used [0x042d0000, 0x042d0000, 0x04350000)
 tenured generation   total 10944K, used 7585K [0x09350000, 0x09e00000, 0x13e00000)
   the space 10944K,  69% used [0x09350000, 0x09ab8600, 0x09ab8600, 0x09e00000)
 Metaspace       used 2070K, capacity 3058K, committed 3136K, reserved 4480K
}
Event: 5.651 GC heap before
{Heap before GC invocations=6 (full 0):
 def new generation   total 4928K, used 4928K [0x03e00000, 0x04350000, 0x09350000)
  eden space 4416K, 100% used [0x03e00000, 0x04250000, 0x04250000)
  from space 512K, 100% used [0x04250000, 0x042d0000, 0x042d0000)
  to   space 512K,   0% used [0x042d0000, 0x042d0000, 0x04350000)
 tenured generation   total 10944K, used 7585K [0x09350000, 0x09e00000, 0x13e00000)
   the space 10944K,  69% used [0x09350000, 0x09ab8600, 0x09ab8600, 0x09e00000)
 Metaspace       used 2295K, capacity 3075K, committed 3136K, reserved 4480K
Event: 5.660 GC heap after
Heap after GC invocations=7 (full 0):
 def new generation   total 4928K, used 512K [0x03e00000, 0x04350000, 0x09350000)
  eden space 4416K,   0% used [0x03e00000, 0x03e00000, 0x04250000)
  from space 512K, 100% used [0x042d0000, 0x04350000, 0x04350000)
  to   space 512K,   0% used [0x04250000, 0x04250000, 0x042d0000)
 tenured generation   total 10944K, used 8530K [0x09350000, 0x09e00000, 0x13e00000)
   the space 10944K,  77% used [0x09350000, 0x09ba4a70, 0x09ba4c00, 0x09e00000)
 Metaspace       used 2295K, capacity 3075K, committed 3136K, reserved 4480K
}
Event: 5.828 GC heap before
{Heap before GC invocations=7 (full 0):
 def new generation   total 4928K, used 4928K [0x03e00000, 0x04350000, 0x09350000)
  eden space 4416K, 100% used [0x03e00000, 0x04250000, 0x04250000)
  from space 512K, 100% used [0x042d0000, 0x04350000, 0x04350000)
  to   space 512K,   0% used [0x04250000, 0x04250000, 0x042d0000)
 tenured generation   total 10944K, used 8530K [0x09350000, 0x09e00000, 0x13e00000)
   the space 10944K,  77% used [0x09350000, 0x09ba4a70, 0x09ba4c00, 0x09e00000)
 Metaspace       used 2473K, capacity 3206K, committed 3264K, reserved 4480K
Event: 5.837 GC heap after
Heap after GC invocations=8 (full 0):
 def new generation   total 4928K, used 512K [0x03e00000, 0x04350000, 0x09350000)
  eden space 4416K,   0% used [0x03e00000, 0x03e00000, 0x04250000)
  from space 512K, 100% used [0x04250000, 0x042d0000, 0x042d0000)
  to   space 512K,   0% used [0x042d0000, 0x042d0000, 0x04350000)
 tenured generation   total 10944K, used 9361K [0x09350000, 0x09e00000, 0x13e00000)
   the space 10944K,  85% used [0x09350000, 0x09c74598, 0x09c74600, 0x09e00000)
 Metaspace       used 2473K, capacity 3206K, committed 3264K, reserved 4480K
}
Event: 6.037 GC heap before
{Heap before GC invocations=8 (full 0):
 def new generation   total 4928K, used 4928K [0x03e00000, 0x04350000, 0x09350000)
  eden space 4416K, 100% used [0x03e00000, 0x04250000, 0x04250000)
  from space 512K, 100% used [0x04250000, 0x042d0000, 0x042d0000)
  to   space 512K,   0% used [0x042d0000, 0x042d0000, 0x04350000)
 tenured generation   total 10944K, used 9361K [0x09350000, 0x09e00000, 0x13e00000)
   the space 10944K,  85% used [0x09350000, 0x09c74598, 0x09c74600, 0x09e00000)
 Metaspace       used 3150K, capacity 3661K, committed 3776K, reserved 4480K
Event: 6.044 GC heap after
Heap after GC invocations=9 (full 0):
 def new generation   total 4928K, used 512K [0x03e00000, 0x04350000, 0x09350000)
  eden space 4416K,   0% used [0x03e00000, 0x03e00000, 0x04250000)
  from space 512K, 100% used [0x042d0000, 0x04350000, 0x04350000)
  to   space 512K,   0% used [0x04250000, 0x04250000, 0x042d0000)
 tenured generation   total 10944K, used 10167K [0x09350000, 0x09e00000, 0x13e00000)
   the space 10944K,  92% used [0x09350000, 0x09d3de78, 0x09d3e000, 0x09e00000)
 Metaspace       used 3150K, capacity 3661K, committed 3776K, reserved 4480K
}
Event: 17.725 GC heap before
{Heap before GC invocations=9 (full 0):
 def new generation   total 4928K, used 4928K [0x03e00000, 0x04350000, 0x09350000)
  eden space 4416K, 100% used [0x03e00000, 0x04250000, 0x04250000)
  from space 512K, 100% used [0x042d0000, 0x04350000, 0x04350000)
  to   space 512K,   0% used [0x04250000, 0x04250000, 0x042d0000)
 tenured generation   total 10944K, used 10167K [0x09350000, 0x09e00000, 0x13e00000)
   the space 10944K,  92% used [0x09350000, 0x09d3de78, 0x09d3e000, 0x09e00000)
 Metaspace       used 3843K, capacity 4169K, committed 4288K, reserved 4480K
Event: 17.782 GC heap after
Heap after GC invocations=10 (full 1):
 def new generation   total 8384K, used 334K [0x03e00000, 0x04710000, 0x09350000)
  eden space 7488K,   4% used [0x03e00000, 0x03e53ad0, 0x04550000)
  from space 896K,   0% used [0x04550000, 0x04550000, 0x04630000)
  to   space 896K,   0% used [0x04630000, 0x04630000, 0x04710000)
 tenured generation   total 18488K, used 11092K [0x09350000, 0x0a55e000, 0x13e00000)
   the space 18488K,  59% used [0x09350000, 0x09e25150, 0x09e25200, 0x0a55e000)
 Metaspace       used 3838K, capacity 4156K, committed 4288K, reserved 4480K
}

Deoptimization events (0 events):
No events

Classes redefined (0 events):
No events

Internal exceptions (10 events):
Event: 0.190 Thread 0x00b2c800 Exception <a 'java/security/PrivilegedActionException'> (0x03ed08d0) thrown at [C:\workspace\8-2-build-windows-i586-cygwin\jdk8u181\11358\hotspot\src\share\vm\prims\jvm.cpp, line 1435]
Event: 0.190 Thread 0x00b2c800 Exception <a 'java/security/PrivilegedActionException'> (0x03ed0ad0) thrown at [C:\workspace\8-2-build-windows-i586-cygwin\jdk8u181\11358\hotspot\src\share\vm\prims\jvm.cpp, line 1435]
Event: 0.193 Thread 0x00b2c800 Exception <a 'java/io/FileNotFoundException'> (0x03ed2848) thrown at [C:\workspace\8-2-build-windows-i586-cygwin\jdk8u181\11358\hotspot\src\share\vm\prims\jni.cpp, line 709]
Event: 0.250 Thread 0x00b2c800 Exception <a 'java/lang/NoSuchFieldError': method resolution failed> (0x03f90e78) thrown at [C:\workspace\8-2-build-windows-i586-cygwin\jdk8u181\11358\hotspot\src\share\vm\prims\methodHandles.cpp, line 1167]
Event: 0.253 Thread 0x00b2c800 Exception <a 'java/lang/NoSuchFieldError': method resolution failed> (0x03f9d018) thrown at [C:\workspace\8-2-build-windows-i586-cygwin\jdk8u181\11358\hotspot\src\share\vm\prims\methodHandles.cpp, line 1167]
Event: 0.319 Thread 0x154ea000 Exception <a 'java/io/FileNotFoundException'> (0x0405e310) thrown at [C:\workspace\8-2-build-windows-i586-cygwin\jdk8u181\11358\hotspot\src\share\vm\prims\jni.cpp, line 709]
Event: 5.061 Thread 0x164ee000 Exception <a 'java/lang/NoClassDefFoundError': org/apache/log4j/Category> (0x0405d8a8) thrown at [C:\workspace\8-2-build-windows-i586-cygwin\jdk8u181\11358\hotspot\src\share\vm\classfile\systemDictionary.cpp, line 199]
Event: 41.711 Thread 0x154ea000 Exception <a 'java/net/SocketTimeoutException': Read timed out> (0x03f0a318) thrown at [C:\workspace\8-2-build-windows-i586-cygwin\jdk8u181\11358\hotspot\src\share\vm\prims\jni.cpp, line 735]
Event: 44.730 Thread 0x154ea000 Exception <a 'java/net/SocketTimeoutException': Read timed out> (0x03f45378) thrown at [C:\workspace\8-2-build-windows-i586-cygwin\jdk8u181\11358\hotspot\src\share\vm\prims\jni.cpp, line 735]
Event: 47.120 Thread 0x154ea000 Exception <a 'java/net/SocketTimeoutException': Read timed out> (0x040b4fc8) thrown at [C:\workspace\8-2-build-windows-i586-cygwin\jdk8u181\11358\hotspot\src\share\vm\prims\jni.cpp, line 735]

Events (10 events):
Event: 41.863 Executing VM operation: RevokeBias
Event: 41.863 Executing VM operation: RevokeBias done
Event: 44.817 Executing VM operation: RevokeBias
Event: 44.818 Executing VM operation: RevokeBias done
Event: 44.830 Executing VM operation: RevokeBias
Event: 44.830 Executing VM operation: RevokeBias done
Event: 47.211 Executing VM operation: RevokeBias
Event: 47.211 Executing VM operation: RevokeBias done
Event: 47.225 Executing VM operation: RevokeBias
Event: 47.225 Executing VM operation: RevokeBias done


Dynamic libraries:
0x00c90000 - 0x00cc3000 	C:\Program Files\Java\jdk1.8.0_181\jre\bin\java.exe
0x77410000 - 0x7754c000 	C:\Windows\SYSTEM32\ntdll.dll
0x76800000 - 0x768d4000 	C:\Windows\system32\kernel32.dll
0x75640000 - 0x7568a000 	C:\Windows\system32\KERNELBASE.dll
0x775a0000 - 0x77640000 	C:\Windows\system32\ADVAPI32.dll
0x76c90000 - 0x76d3c000 	C:\Windows\system32\msvcrt.dll
0x76640000 - 0x76659000 	C:\Windows\SYSTEM32\sechost.dll
0x77210000 - 0x772b1000 	C:\Windows\system32\RPCRT4.dll
0x76dc0000 - 0x76e89000 	C:\Windows\system32\USER32.dll
0x77320000 - 0x7736e000 	C:\Windows\system32\GDI32.dll
0x77550000 - 0x7755a000 	C:\Windows\system32\LPK.dll
0x77370000 - 0x7740d000 	C:\Windows\system32\USP10.dll
0x744c0000 - 0x7465e000 	C:\Windows\WinSxS\x86_microsoft.windows.common-controls_6595b64144ccf1df_6.0.7600.16385_none_421189da2b7fabfc\COMCTL32.dll
0x772c0000 - 0x77317000 	C:\Windows\system32\SHLWAPI.dll
0x77570000 - 0x7758f000 	C:\Windows\system32\IMM32.DLL
0x77140000 - 0x7720c000 	C:\Windows\system32\MSCTF.dll
0x66cf0000 - 0x66daf000 	C:\Program Files\Java\jdk1.8.0_181\jre\bin\msvcr100.dll
0x662f0000 - 0x666c3000 	C:\Program Files\Java\jdk1.8.0_181\jre\bin\client\jvm.dll
0x71ed0000 - 0x71ed7000 	C:\Windows\system32\WSOCK32.dll
0x75860000 - 0x75895000 	C:\Windows\system32\WS2_32.dll
0x77560000 - 0x77566000 	C:\Windows\system32\NSI.dll
0x6f470000 - 0x6f4a2000 	C:\Windows\system32\WINMM.dll
0x74a60000 - 0x74a69000 	C:\Windows\system32\VERSION.dll
0x77590000 - 0x77595000 	C:\Windows\system32\PSAPI.DLL
0x74770000 - 0x7477c000 	C:\Program Files\Java\jdk1.8.0_181\jre\bin\verify.dll
0x6c2d0000 - 0x6c2f2000 	C:\Program Files\Java\jdk1.8.0_181\jre\bin\java.dll
0x73cb0000 - 0x73cc4000 	C:\Program Files\Java\jdk1.8.0_181\jre\bin\zip.dll
0x759f0000 - 0x76639000 	C:\Windows\system32\SHELL32.dll
0x76a70000 - 0x76bcc000 	C:\Windows\system32\ole32.dll
0x75560000 - 0x7556b000 	C:\Windows\system32\profapi.dll
0x661a0000 - 0x662e7000 	C:\Program Files\Java\jdk1.8.0_181\jre\bin\awt.dll
0x76c00000 - 0x76c8f000 	C:\Windows\system32\OLEAUT32.dll
0x74360000 - 0x743a0000 	C:\Windows\system32\uxtheme.dll
0x74040000 - 0x74053000 	C:\Windows\system32\dwmapi.dll
0x754b0000 - 0x754bc000 	C:\Windows\system32\CRYPTBASE.dll
0x6bd20000 - 0x6bde8000 	C:\Windows\system32\opengl32.dll
0x6c0d0000 - 0x6c0f2000 	C:\Windows\system32\GLU32.dll
0x6bc30000 - 0x6bd17000 	C:\Windows\system32\DDRAW.dll
0x6c0c0000 - 0x6c0c6000 	C:\Windows\system32\DCIMAN32.dll
0x76660000 - 0x767fd000 	C:\Windows\system32\SETUPAPI.dll
0x75610000 - 0x75637000 	C:\Windows\system32\CFGMGR32.dll
0x75690000 - 0x756a2000 	C:\Windows\system32\DEVOBJ.dll
0x6c290000 - 0x6c2c9000 	C:\Program Files\Java\jdk1.8.0_181\jre\bin\fontmanager.dll
0x768e0000 - 0x76963000 	C:\Windows\system32\CLBCatQ.DLL
0x73da0000 - 0x73e9b000 	C:\Windows\system32\WindowsCodecs.dll
0x75460000 - 0x754ab000 	C:\Windows\system32\apphelp.dll
0x70d30000 - 0x70d61000 	C:\Windows\system32\EhStorShell.dll
0x743a0000 - 0x74495000 	C:\Windows\system32\PROPSYS.dll
0x15fc0000 - 0x161dd000 	C:\PROGRA~1\MICROS~1\Office12\GR469A~1.DLL
0x68ef0000 - 0x68fe1000 	C:\PROGRA~1\MICROS~1\Office12\GrooveUtil.DLL
0x76970000 - 0x76a64000 	C:\Windows\system32\WININET.dll
0x759e0000 - 0x759e3000 	C:\Windows\system32\Normaliz.dll
0x758a0000 - 0x759d5000 	C:\Windows\system32\urlmon.dll
0x75740000 - 0x7585c000 	C:\Windows\system32\CRYPT32.dll
0x755d0000 - 0x755dc000 	C:\Windows\system32\MSASN1.dll
0x76ef0000 - 0x770e9000 	C:\Windows\system32\iertutil.dll
0x70c90000 - 0x70d2b000 	C:\Windows\WinSxS\x86_microsoft.vc80.crt_1fc8b3b9a1e18e3b_8.0.50727.4927_none_d08a205e442db5b5\MSVCR80.dll
0x68ff0000 - 0x68ff7000 	C:\PROGRA~1\MICROS~1\Office12\GrooveNew.DLL
0x7c630000 - 0x7c64b000 	C:\Windows\WinSxS\x86_microsoft.vc80.atl_1fc8b3b9a1e18e3b_8.0.50727.42_none_dc990e4797f81af1\ATL80.DLL
0x74fe0000 - 0x74ff6000 	C:\Windows\system32\CRYPTSP.dll
0x74d80000 - 0x74dbb000 	C:\Windows\system32\rsaenh.dll
0x73b90000 - 0x73b95000 	C:\Windows\system32\MSImg32.dll
0x70ba0000 - 0x70c0a000 	C:\Windows\System32\cscui.dll
0x70b90000 - 0x70b99000 	C:\Windows\System32\CSCDLL.dll
0x70b80000 - 0x70b8b000 	C:\Windows\system32\CSCAPI.dll
0x70b10000 - 0x70b7f000 	C:\Windows\system32\ntshrui.dll
0x75390000 - 0x753a9000 	C:\Windows\system32\srvcli.dll
0x737e0000 - 0x737ea000 	C:\Windows\system32\slc.dll
0x720c0000 - 0x720d5000 	C:\Program Files\Java\jdk1.8.0_181\jre\bin\net.dll
0x74fa0000 - 0x74fdc000 	C:\Windows\system32\mswsock.dll
0x74f90000 - 0x74f96000 	C:\Windows\System32\wship6.dll
0x72050000 - 0x7205f000 	C:\Program Files\Java\jdk1.8.0_181\jre\bin\nio.dll
0x682d0000 - 0x68302000 	C:\Program Files\Java\jdk1.8.0_181\jre\bin\t2k.dll
0x74bc0000 - 0x74bd7000 	C:\Windows\system32\USERENV.dll
0x73670000 - 0x7368c000 	C:\Windows\system32\IPHLPAPI.DLL
0x73660000 - 0x73667000 	C:\Windows\system32\WINNSI.DLL
0x734b0000 - 0x734c2000 	C:\Windows\system32\dhcpcsvc.DLL
0x72f40000 - 0x72f4d000 	C:\Windows\system32\dhcpcsvc6.DLL
0x69540000 - 0x69578000 	C:\Users\Admin\AppData\Local\Temp\jna-63116079\jna6040778529487408732.dll
0x69d60000 - 0x69d63000 	C:\Program Files\Java\jdk1.8.0_181\jre\bin\api-ms-win-core-synch-l1-2-0.DLL
0x16380000 - 0x163c9000 	C:\Windows\system32\fpengine.dll
0x148e0000 - 0x1490a000 	C:\Windows\system32\fpcore32.dll
0x6f4b0000 - 0x6f501000 	C:\Windows\system32\WINSPOOL.DRV
0x73f40000 - 0x73f47000 	C:\Windows\system32\WINUSB.DLL
0x741d0000 - 0x74360000 	C:\Windows\WinSxS\x86_microsoft.windows.gdiplus_6595b64144ccf1df_1.1.7600.16385_none_72fc7cbf861225ca\gdiplus.dll
0x755e0000 - 0x7560d000 	C:\Windows\system32\WINTRUST.dll
0x72020000 - 0x72040000 	C:\Program Files\Java\jdk1.8.0_181\jre\bin\sunec.dll
0x69c30000 - 0x69d1b000 	C:\Windows\system32\dbghelp.dll

VM Arguments:
jvm_args: -Dfile.encoding=UTF-8 
java_command: fingerprintcorev2.Views.IntroPage
java_class_path (initial): C:\Users\Admin\Downloads\org-apache-commons-codec.jar\org-apache-commons-codec.jar;C:\Users\Admin\Downloads\jna-4.5.2.jar;C:\Users\Admin\Downloads\unirest-java-1.4.9.jar;C:\Users\Admin\Downloads\org.json.jar\org.json.jar;C:\Users\Admin\Downloads\commons-logging-1.1.2.jar;C:\Users\Admin\Downloads\httpclient-4.5.5.jar;C:\Users\Admin\Downloads\httpcore-4.4.9.jar;C:\Users\Admin\Downloads\httpcore-nio-4.4.10.jar;C:\Users\Admin\Downloads\httpmime-4.5.6.jar;C:\Users\Admin\Downloads\httpasyncclient-4.0-beta4.jar\httpasyncclient-4.0-beta4.jar;C:\Users\Admin\Documents\NetBeansProjects\FingerprintCoreV2\build\classes
Launcher Type: SUN_STANDARD

Environment Variables:
PATH=C:\Program Files\Common Files\Oracle\Java\javapath;C:\Windows\system32;C:\Windows;C:\Windows\System32\Wbem;C:\Windows\System32\WindowsPowerShell\v1.0\;C:\Program Files\Git\cmd;C:\Program Files\Neurotechnology\FreeFingerprintVerificationSDK 1.0\bin\Win32_x86;C:\Program Files\nodejs\;C:\Users\Admin\AppData\Roaming\npm
USERNAME=Admin
OS=Windows_NT
PROCESSOR_IDENTIFIER=x86 Family 6 Model 76 Stepping 4, GenuineIntel



---------------  S Y S T E M  ---------------

OS: Windows 7 Build 7600 (6.1.7600.16385)

CPU:total 2 (initial active 2) (2 cores per cpu, 1 threads per core) family 6 model 76 stepping 4, cmov, cx8, fxsr, mmx, sse, sse2, sse3, ssse3, sse4.1, sse4.2, popcnt, aes, clmul, erms, 3dnowpref, tsc, tscinvbit

Memory: 4k page, physical 2008308k(609196k free), swap 4016616k(1665948k free)

vm_info: Java HotSpot(TM) Client VM (25.181-b13) for windows-x86 JRE (1.8.0_181-b13), built on Jul  7 2018 03:18:20 by "java_re" with MS VC++ 10.0 (VS2010)

time: Sat Aug 18 00:36:54 2018
elapsed time: 48 seconds (0d 0h 0m 48s)

