#
# A fatal error has been detected by the Java Runtime Environment:
#
#  EXCEPTION_ACCESS_VIOLATION (0xc0000005) at pc=0x679d83d6, pid=4436, tid=0x00000d24
#
# JRE version: Java(TM) SE Runtime Environment (8.0_181-b13) (build 1.8.0_181-b13)
# Java VM: Java HotSpot(TM) Client VM (25.181-b13 mixed mode, sharing windows-x86 )
# Problematic frame:
# V  [jvm.dll+0x883d6]
#
# Failed to write core dump. Minidumps are not enabled by default on client versions of Windows
#
# If you would like to submit a bug report, please visit:
#   http://bugreport.java.com/bugreport/crash.jsp
#

---------------  T H R E A D  ---------------

Current thread (0x016b3400):  VMThread [stack: 0x13d90000,0x13de0000] [id=3364]

siginfo: ExceptionCode=0xc0000005, reading address 0x00000280

Registers:
EAX=0x00000004, EBX=0x016b3400, ECX=0x14486130, EDX=0x016b39b0
ESP=0x13ddef6c, EBP=0x13ddef94, ESI=0x01698280, EDI=0x00000280
EIP=0x679d83d6, EFLAGS=0x00010293

Top of Stack: (sp=0x13ddef6c)
0x13ddef6c:   14486130 14486500 016b3400 14486130
0x13ddef7c:   679b998f 000002b4 1617af10 00000000
0x13ddef8c:   1617af14 13ddefb4 13ddefb4 67a0eb6f
0x13ddef9c:   14486130 016b3400 00000008 13ddf080
0x13ddefac:   14486130 14486500 13ddefe0 67a1e94b
0x13ddefbc:   14486130 016b3400 00000008 13ddf080
0x13ddefcc:   14486130 14486130 13ddf10c 14486130
0x13ddefdc:   016b3400 13ddf0a4 67aa74a4 00000008 

Instructions: (pc=0x679d83d6)
0x679d83b6:   08 50 8b ce e8 01 aa 09 00 8b 06 8b 56 10 8d 48
0x679d83c6:   01 89 0e 8b 4d e4 89 0c 82 eb 05 8b 4d e4 33 db
0x679d83d6:   39 0f 75 0d 0f b7 47 04 c6 45 ff 01 3b 45 10 74
0x679d83e6:   04 c6 45 ff 00 85 c9 74 39 8b 8b c8 00 00 00 8b 


Register to memory mapping:

EAX=0x00000004 is an unknown value
EBX=0x016b3400 is an unknown value
ECX={method} {0x14486134} 'addValidTarget' '(Ljavax/swing/GroupLayout$ComponentSpring;Ljavax/swing/GroupLayout$ComponentSpring;)V' in 'javax/swing/GroupLayout$AutoPreferredGapSpring'
EDX=0x016b39b0 is an unknown value
ESP=0x13ddef6c is an unknown value
EBP=0x13ddef94 is an unknown value
ESI=0x01698280 is an unknown value
EDI=0x00000280 is an unknown value


Stack: [0x13d90000,0x13de0000],  sp=0x13ddef6c,  free space=315k
Native frames: (J=compiled Java code, j=interpreted, Vv=VM code, C=native code)
V  [jvm.dll+0x883d6]
V  [jvm.dll+0xbeb6f]
V  [jvm.dll+0xce94b]
V  [jvm.dll+0x1574a4]
V  [jvm.dll+0x157596]
V  [jvm.dll+0x17c1e2]
V  [jvm.dll+0x17abfa]
V  [jvm.dll+0x99970]
V  [jvm.dll+0x9ac61]
V  [jvm.dll+0x9c9a0]
V  [jvm.dll+0x9ce09]
V  [jvm.dll+0x9bc2f]
V  [jvm.dll+0xa7f42]
V  [jvm.dll+0x9a833]
V  [jvm.dll+0x947f5]
V  [jvm.dll+0x1bb716]
V  [jvm.dll+0x184b5b]
V  [jvm.dll+0x183f71]
V  [jvm.dll+0x184387]
V  [jvm.dll+0x184582]
V  [jvm.dll+0x1c5416]
C  [msvcr100.dll+0x5c556]
C  [msvcr100.dll+0x5c600]
C  [kernel32.dll+0x51174]
C  [ntdll.dll+0x5b3f5]
C  [ntdll.dll+0x5b3c8]

JavaThread 0x154d4400 (nid = 4212) was being processed
Java frames: (J=compiled Java code, j=interpreted, Vv=VM code)
j  javax.swing.GroupLayout$AutoPreferredGapSpring.addValidTarget(Ljavax/swing/GroupLayout$ComponentSpring;Ljavax/swing/GroupLayout$ComponentSpring;)V+8
j  javax.swing.GroupLayout$AutoPreferredGapSpring.addTarget(Ljavax/swing/GroupLayout$ComponentSpring;I)V+113
j  javax.swing.GroupLayout$SequentialGroup.insertAutopadding(ILjava/util/List;Ljava/util/List;Ljava/util/List;Ljava/util/List;Z)V+287
j  javax.swing.GroupLayout$ParallelGroup.insertAutopadding(ILjava/util/List;Ljava/util/List;Ljava/util/List;Ljava/util/List;Z)V+134
j  javax.swing.GroupLayout$SequentialGroup.insertAutopadding(ILjava/util/List;Ljava/util/List;Ljava/util/List;Ljava/util/List;Z)V+414
j  javax.swing.GroupLayout$ParallelGroup.insertAutopadding(ILjava/util/List;Ljava/util/List;Ljava/util/List;Ljava/util/List;Z)V+134
j  javax.swing.GroupLayout$SequentialGroup.insertAutopadding(ILjava/util/List;Ljava/util/List;Ljava/util/List;Ljava/util/List;Z)V+414
j  javax.swing.GroupLayout.insertAutopadding(Z)V+79
j  javax.swing.GroupLayout.prepare(I)V+176
j  javax.swing.GroupLayout.minimumLayoutSize(Ljava/awt/Container;)Ljava/awt/Dimension;+7
j  java.awt.Container.minimumSize()Ljava/awt/Dimension;+43
j  java.awt.Container.getMinimumSize()Ljava/awt/Dimension;+1
j  javax.swing.JComponent.getMinimumSize()Ljava/awt/Dimension;+39
j  javax.swing.GroupLayout$ComponentSpring.calculateNonlinkedMinimumSize(I)I+64
j  javax.swing.GroupLayout$ComponentSpring.calculateMinimumSize(I)I+17
J 373 C1 javax.swing.GroupLayout$Spring.getMinimumSize(I)I (27 bytes) @ 0x01c6e18c [0x01c6e150+0x3c]
j  javax.swing.GroupLayout$ComponentSpring.calculatePreferredSize(I)I+17
J 327 C1 javax.swing.GroupLayout$Group.getSpringSize(Ljavax/swing/GroupLayout$Spring;II)I (62 bytes) @ 0x01c5da3c [0x01c5d970+0xcc]
J 328 C1 javax.swing.GroupLayout$Group.calculateSize(II)I (107 bytes) @ 0x01c5debc [0x01c5de20+0x9c]
J 632 C1 javax.swing.GroupLayout$Group.calculatePreferredSize(I)I (7 bytes) @ 0x01ccf2fc [0x01ccf2d0+0x2c]
J 327 C1 javax.swing.GroupLayout$Group.getSpringSize(Ljavax/swing/GroupLayout$Spring;II)I (62 bytes) @ 0x01c5da3c [0x01c5d970+0xcc]
J 328 C1 javax.swing.GroupLayout$Group.calculateSize(II)I (107 bytes) @ 0x01c5df10 [0x01c5de20+0xf0]
J 632 C1 javax.swing.GroupLayout$Group.calculatePreferredSize(I)I (7 bytes) @ 0x01ccf2fc [0x01ccf2d0+0x2c]
J 327 C1 javax.swing.GroupLayout$Group.getSpringSize(Ljavax/swing/GroupLayout$Spring;II)I (62 bytes) @ 0x01c5da3c [0x01c5d970+0xcc]
J 328 C1 javax.swing.GroupLayout$Group.calculateSize(II)I (107 bytes) @ 0x01c5e034 [0x01c5de20+0x214]
J 632 C1 javax.swing.GroupLayout$Group.calculatePreferredSize(I)I (7 bytes) @ 0x01ccf2fc [0x01ccf2d0+0x2c]
J 327 C1 javax.swing.GroupLayout$Group.getSpringSize(Ljavax/swing/GroupLayout$Spring;II)I (62 bytes) @ 0x01c5da3c [0x01c5d970+0xcc]
J 328 C1 javax.swing.GroupLayout$Group.calculateSize(II)I (107 bytes) @ 0x01c5e034 [0x01c5de20+0x214]
J 632 C1 javax.swing.GroupLayout$Group.calculatePreferredSize(I)I (7 bytes) @ 0x01ccf2fc [0x01ccf2d0+0x2c]
J 363 C1 javax.swing.GroupLayout$Spring.getPreferredSize(I)I (27 bytes) @ 0x01c6bbcc [0x01c6bb90+0x3c]
j  javax.swing.GroupLayout.calculateAutopadding(Ljavax/swing/GroupLayout$Group;IIII)V+44
j  javax.swing.GroupLayout.prepare(I)V+219
j  javax.swing.GroupLayout.preferredLayoutSize(Ljava/awt/Container;)Ljava/awt/Dimension;+7
j  java.awt.Container.preferredSize()Ljava/awt/Dimension;+43
j  java.awt.Container.getPreferredSize()Ljava/awt/Dimension;+1
j  javax.swing.JComponent.getPreferredSize()Ljava/awt/Dimension;+39
j  javax.swing.JRootPane$RootLayout.preferredLayoutSize(Ljava/awt/Container;)Ljava/awt/Dimension;+26
j  java.awt.Container.preferredSize()Ljava/awt/Dimension;+43
j  java.awt.Container.getPreferredSize()Ljava/awt/Dimension;+1
j  javax.swing.JComponent.getPreferredSize()Ljava/awt/Dimension;+39
j  java.awt.BorderLayout.preferredLayoutSize(Ljava/awt/Container;)Ljava/awt/Dimension;+157
j  java.awt.Container.preferredSize()Ljava/awt/Dimension;+43
j  java.awt.Container.getPreferredSize()Ljava/awt/Dimension;+1
j  java.awt.Window.pack()V+32
j  fingerprintcorev2.Views.RescanUI.initComponents()V+1627
j  fingerprintcorev2.Views.RescanUI.<init>()V+93
j  fingerprintcorev2.Views.SessionTimeout.jButton1ActionPerformed(Ljava/awt/event/ActionEvent;)V+15
j  fingerprintcorev2.Views.SessionTimeout.access$100(Lfingerprintcorev2/Views/SessionTimeout;Ljava/awt/event/ActionEvent;)V+2
j  fingerprintcorev2.Views.SessionTimeout$3.actionPerformed(Ljava/awt/event/ActionEvent;)V+5
j  javax.swing.AbstractButton.fireActionPerformed(Ljava/awt/event/ActionEvent;)V+83
j  javax.swing.AbstractButton$Handler.actionPerformed(Ljava/awt/event/ActionEvent;)V+5
j  javax.swing.DefaultButtonModel.fireActionPerformed(Ljava/awt/event/ActionEvent;)V+34
j  javax.swing.DefaultButtonModel.setPressed(Z)V+117
j  javax.swing.plaf.basic.BasicButtonListener.mouseReleased(Ljava/awt/event/MouseEvent;)V+35
j  java.awt.Component.processMouseEvent(Ljava/awt/event/MouseEvent;)V+64
j  javax.swing.JComponent.processMouseEvent(Ljava/awt/event/MouseEvent;)V+23
j  java.awt.Component.processEvent(Ljava/awt/AWTEvent;)V+81
j  java.awt.Container.processEvent(Ljava/awt/AWTEvent;)V+18
j  java.awt.Component.dispatchEventImpl(Ljava/awt/AWTEvent;)V+589
j  java.awt.Container.dispatchEventImpl(Ljava/awt/AWTEvent;)V+42
j  java.awt.Component.dispatchEvent(Ljava/awt/AWTEvent;)V+2
j  java.awt.LightweightDispatcher.retargetMouseEvent(Ljava/awt/Component;ILjava/awt/event/MouseEvent;)V+349
j  java.awt.LightweightDispatcher.processMouseEvent(Ljava/awt/event/MouseEvent;)Z+155
j  java.awt.LightweightDispatcher.dispatchEvent(Ljava/awt/AWTEvent;)Z+50
j  java.awt.Container.dispatchEventImpl(Ljava/awt/AWTEvent;)V+12
j  java.awt.Window.dispatchEventImpl(Ljava/awt/AWTEvent;)V+19
j  java.awt.Component.dispatchEvent(Ljava/awt/AWTEvent;)V+2
j  java.awt.EventQueue.dispatchEventImpl(Ljava/awt/AWTEvent;Ljava/lang/Object;)V+41
j  java.awt.EventQueue.access$500(Ljava/awt/EventQueue;Ljava/awt/AWTEvent;Ljava/lang/Object;)V+3
j  java.awt.EventQueue$3.run()Ljava/lang/Void;+32
j  java.awt.EventQueue$3.run()Ljava/lang/Object;+1
v  ~StubRoutines::call_stub
J 798  java.security.AccessController.doPrivileged(Ljava/security/PrivilegedAction;Ljava/security/AccessControlContext;)Ljava/lang/Object; (0 bytes) @ 0x01d0a9c7 [0x01d0a960+0x67]
j  java.security.ProtectionDomain$JavaSecurityAccessImpl.doIntersectionPrivilege(Ljava/security/PrivilegedAction;Ljava/security/AccessControlContext;Ljava/security/AccessControlContext;)Ljava/lang/Object;+18
j  java.security.ProtectionDomain$JavaSecurityAccessImpl.doIntersectionPrivilege(Ljava/security/PrivilegedAction;Ljava/security/AccessControlContext;)Ljava/lang/Object;+6
j  java.awt.EventQueue$4.run()Ljava/lang/Void;+11
j  java.awt.EventQueue$4.run()Ljava/lang/Object;+1
v  ~StubRoutines::call_stub
J 798  java.security.AccessController.doPrivileged(Ljava/security/PrivilegedAction;Ljava/security/AccessControlContext;)Ljava/lang/Object; (0 bytes) @ 0x01d0a9c7 [0x01d0a960+0x67]
j  java.security.ProtectionDomain$JavaSecurityAccessImpl.doIntersectionPrivilege(Ljava/security/PrivilegedAction;Ljava/security/AccessControlContext;Ljava/security/AccessControlContext;)Ljava/lang/Object;+18
j  java.awt.EventQueue.dispatchEvent(Ljava/awt/AWTEvent;)V+73
j  java.awt.EventDispatchThread.pumpOneEventForFilters(I)V+140
j  java.awt.EventDispatchThread.pumpEventsForFilter(ILjava/awt/Conditional;Ljava/awt/EventFilter;)V+35
j  java.awt.EventDispatchThread.pumpEventsForHierarchy(ILjava/awt/Conditional;Ljava/awt/Component;)V+11
j  java.awt.EventDispatchThread.pumpEvents(ILjava/awt/Conditional;)V+4
j  java.awt.EventDispatchThread.pumpEvents(Ljava/awt/Conditional;)V+3
j  java.awt.EventDispatchThread.run()V+9
v  ~StubRoutines::call_stub
VM_Operation (0x159ed850): GenCollectForAllocation, mode: safepoint, requested by thread 0x154d4400


---------------  P R O C E S S  ---------------

Java Threads: ( => current thread )
  0x153e9c00 JavaThread "Timer-15" [_thread_blocked, id=4300, stack(0x16790000,0x167e0000)]
  0x153ea800 JavaThread "Timer-14" [_thread_blocked, id=4612, stack(0x16b70000,0x16bc0000)]
  0x153e8c00 JavaThread "Timer-12" [_thread_blocked, id=4128, stack(0x165d0000,0x16620000)]
  0x153e9400 JavaThread "Timer-9" [_thread_blocked, id=1248, stack(0x16550000,0x165a0000)]
  0x153e8800 JavaThread "Timer-6" [_thread_blocked, id=4660, stack(0x167e0000,0x16830000)]
  0x16099400 JavaThread "Thread-9" daemon [_thread_blocked, id=6088, stack(0x16930000,0x16980000)]
  0x01765400 JavaThread "TimerQueue" daemon [_thread_blocked, id=4548, stack(0x16830000,0x16880000)]
  0x0126c800 JavaThread "DestroyJavaVM" [_thread_blocked, id=1708, stack(0x01130000,0x01180000)]
  0x154d4400 JavaThread "AWT-EventQueue-0" [_thread_blocked, id=4212, stack(0x159a0000,0x159f0000)]
  0x154d2800 JavaThread "AWT-Windows" daemon [_thread_in_native, id=2144, stack(0x15700000,0x15750000)]
  0x154d1c00 JavaThread "AWT-Shutdown" [_thread_blocked, id=3252, stack(0x15820000,0x15870000)]
  0x154cf000 JavaThread "Java2D Disposer" daemon [_thread_blocked, id=4340, stack(0x15270000,0x152c0000)]
  0x01724c00 JavaThread "Service Thread" daemon [_thread_blocked, id=2316, stack(0x152d0000,0x15320000)]
  0x01722400 JavaThread "C1 CompilerThread0" daemon [_thread_blocked, id=2836, stack(0x15000000,0x15050000)]
  0x01721800 JavaThread "Attach Listener" daemon [_thread_blocked, id=4216, stack(0x15190000,0x151e0000)]
  0x0171e400 JavaThread "Signal Dispatcher" daemon [_thread_blocked, id=4868, stack(0x15140000,0x15190000)]
  0x01714400 JavaThread "Finalizer" daemon [_thread_blocked, id=5192, stack(0x13cb0000,0x13d00000)]
  0x016b5c00 JavaThread "Reference Handler" daemon [_thread_blocked, id=5712, stack(0x148c0000,0x14910000)]

Other Threads:
=>0x016b3400 VMThread [stack: 0x13d90000,0x13de0000] [id=3364]
  0x0174e000 WatcherThread [stack: 0x15360000,0x153b0000] [id=3264]

VM state:at safepoint (normal execution)

VM Mutex/Monitor currently owned by a thread:  ([mutex/lock_event])
[0x0126ad68] Threads_lock - owner thread: 0x016b3400
[0x0126b178] Heap_lock - owner thread: 0x154d4400

Heap:
 def new generation   total 5440K, used 49K [0x03c00000, 0x041e0000, 0x09150000)
  eden space 4864K,   0% used [0x03c00000, 0x03c00000, 0x040c0000)
  from space 576K,   8% used [0x04150000, 0x0415c560, 0x041e0000)
  to   space 576K,   0% used [0x040c0000, 0x040c0000, 0x04150000)
 tenured generation   total 16068K, used 15792K [0x09150000, 0x0a101000, 0x13c00000)
   the space 16068K,  98% used [0x09150000, 0x0a0bc090, 0x0a0bc200, 0x0a101000)
 Metaspace       used 3764K, capacity 4146K, committed 4288K, reserved 4480K

Card table byte_map: [0x13c00000,0x13c90000] byte_map_base: 0x13be2000

Polling page: 0x001e0000

CodeCache: size=32768Kb used=1770Kb max_used=1770Kb free=30997Kb
 bounds [0x01b50000, 0x01d10000, 0x03b50000]
 total_blobs=1037 nmethods=786 adapters=181
 compilation: enabled

Compilation events (10 events):
Event: 151.354 Thread 0x01722400  794             sun.font.FileFontStrike::getSlot0GlyphImagePtrs (129 bytes)
Event: 151.356 Thread 0x01722400 nmethod 794 0x01d08888 code [0x01d08aa0, 0x01d09538]
Event: 151.374 Thread 0x01722400  795             java.util.Formatter$Flags::valueOf (5 bytes)
Event: 151.375 Thread 0x01722400 nmethod 795 0x01d0a248 code [0x01d0a340, 0x01d0a3c0]
Event: 154.935 Thread 0x01722400  796             java.lang.CharacterDataLatin1::getType (11 bytes)
Event: 154.935 Thread 0x01722400 nmethod 796 0x01d0a408 code [0x01d0a500, 0x01d0a5b0]
Event: 155.773 Thread 0x01722400  797             sun.awt.EventQueueItem::<init> (10 bytes)
Event: 155.774 Thread 0x01722400 nmethod 797 0x01d0a688 code [0x01d0a780, 0x01d0a810]
Event: 156.217 Thread 0x01722400  799             java.beans.PropertyChangeSupport::fire (39 bytes)
Event: 156.224 Thread 0x01722400 nmethod 799 0x01d0ab08 code [0x01d0ac10, 0x01d0acec]

GC Heap History (10 events):
Event: 17.443 GC heap after
Heap after GC invocations=11 (full 1):
 def new generation   total 5440K, used 576K [0x03c00000, 0x041e0000, 0x09150000)
  eden space 4864K,   0% used [0x03c00000, 0x03c00000, 0x040c0000)
  from space 576K, 100% used [0x040c0000, 0x04150000, 0x04150000)
  to   space 576K,   0% used [0x04150000, 0x04150000, 0x041e0000)
 tenured generation   total 11968K, used 10622K [0x09150000, 0x09d00000, 0x13c00000)
   the space 11968K,  88% used [0x09150000, 0x09bafaa0, 0x09bafc00, 0x09d00000)
 Metaspace       used 3608K, capacity 4077K, committed 4160K, reserved 4480K
}
Event: 28.738 GC heap before
{Heap before GC invocations=11 (full 1):
 def new generation   total 5440K, used 3819K [0x03c00000, 0x041e0000, 0x09150000)
  eden space 4864K,  66% used [0x03c00000, 0x03f2ad40, 0x040c0000)
  from space 576K, 100% used [0x040c0000, 0x04150000, 0x04150000)
  to   space 576K,   0% used [0x04150000, 0x04150000, 0x041e0000)
 tenured generation   total 11968K, used 10622K [0x09150000, 0x09d00000, 0x13c00000)
   the space 11968K,  88% used [0x09150000, 0x09bafaa0, 0x09bafc00, 0x09d00000)
 Metaspace       used 3780K, capacity 4183K, committed 4288K, reserved 4480K
Event: 28.744 GC heap after
Heap after GC invocations=12 (full 1):
 def new generation   total 5440K, used 561K [0x03c00000, 0x041e0000, 0x09150000)
  eden space 4864K,   0% used [0x03c00000, 0x03c00000, 0x040c0000)
  from space 576K,  97% used [0x04150000, 0x041dc550, 0x041e0000)
  to   space 576K,   0% used [0x040c0000, 0x040c0000, 0x04150000)
 tenured generation   total 11968K, used 11044K [0x09150000, 0x09d00000, 0x13c00000)
   the space 11968K,  92% used [0x09150000, 0x09c19388, 0x09c19400, 0x09d00000)
 Metaspace       used 3780K, capacity 4183K, committed 4288K, reserved 4480K
}
Event: 30.515 GC heap before
{Heap before GC invocations=12 (full 1):
 def new generation   total 5440K, used 5178K [0x03c00000, 0x041e0000, 0x09150000)
  eden space 4864K,  94% used [0x03c00000, 0x040823d8, 0x040c0000)
  from space 576K,  97% used [0x04150000, 0x041dc550, 0x041e0000)
  to   space 576K,   0% used [0x040c0000, 0x040c0000, 0x04150000)
 tenured generation   total 11968K, used 11044K [0x09150000, 0x09d00000, 0x13c00000)
   the space 11968K,  92% used [0x09150000, 0x09c19388, 0x09c19400, 0x09d00000)
 Metaspace       used 3780K, capacity 4183K, committed 4288K, reserved 4480K
Event: 30.564 GC heap after
Heap after GC invocations=13 (full 2):
 def new generation   total 5440K, used 0K [0x03c00000, 0x041e0000, 0x09150000)
  eden space 4864K,   0% used [0x03c00000, 0x03c00000, 0x040c0000)
  from space 576K,   0% used [0x040c0000, 0x040c0000, 0x04150000)
  to   space 576K,   0% used [0x04150000, 0x04150000, 0x041e0000)
 tenured generation   total 11968K, used 6945K [0x09150000, 0x09d00000, 0x13c00000)
   the space 11968K,  58% used [0x09150000, 0x098186e0, 0x09818800, 0x09d00000)
 Metaspace       used 3756K, capacity 4146K, committed 4288K, reserved 4480K
}
Event: 133.619 GC heap before
{Heap before GC invocations=13 (full 2):
 def new generation   total 5440K, used 4771K [0x03c00000, 0x041e0000, 0x09150000)
  eden space 4864K,  98% used [0x03c00000, 0x040a8ea0, 0x040c0000)
  from space 576K,   0% used [0x040c0000, 0x040c0000, 0x04150000)
  to   space 576K,   0% used [0x04150000, 0x04150000, 0x041e0000)
 tenured generation   total 11968K, used 6945K [0x09150000, 0x09d00000, 0x13c00000)
   the space 11968K,  58% used [0x09150000, 0x098186e0, 0x09818800, 0x09d00000)
 Metaspace       used 3762K, capacity 4146K, committed 4288K, reserved 4480K
Event: 133.623 GC heap after
Heap after GC invocations=14 (full 2):
 def new generation   total 5440K, used 138K [0x03c00000, 0x041e0000, 0x09150000)
  eden space 4864K,   0% used [0x03c00000, 0x03c00000, 0x040c0000)
  from space 576K,  24% used [0x04150000, 0x04172b60, 0x041e0000)
  to   space 576K,   0% used [0x040c0000, 0x040c0000, 0x04150000)
 tenured generation   total 11968K, used 11043K [0x09150000, 0x09d00000, 0x13c00000)
   the space 11968K,  92% used [0x09150000, 0x09c18ef0, 0x09c19000, 0x09d00000)
 Metaspace       used 3762K, capacity 4146K, committed 4288K, reserved 4480K
}
Event: 151.342 GC heap before
{Heap before GC invocations=14 (full 2):
 def new generation   total 5440K, used 3377K [0x03c00000, 0x041e0000, 0x09150000)
  eden space 4864K,  66% used [0x03c00000, 0x03f299d8, 0x040c0000)
  from space 576K,  24% used [0x04150000, 0x04172b60, 0x041e0000)
  to   space 576K,   0% used [0x040c0000, 0x040c0000, 0x04150000)
 tenured generation   total 11968K, used 11043K [0x09150000, 0x09d00000, 0x13c00000)
   the space 11968K,  92% used [0x09150000, 0x09c18ef0, 0x09c19000, 0x09d00000)
 Metaspace       used 3764K, capacity 4146K, committed 4288K, reserved 4480K
Event: 151.344 GC heap after
Heap after GC invocations=15 (full 2):
 def new generation   total 5440K, used 395K [0x03c00000, 0x041e0000, 0x09150000)
  eden space 4864K,   0% used [0x03c00000, 0x03c00000, 0x040c0000)
  from space 576K,  68% used [0x040c0000, 0x04122c50, 0x04150000)
  to   space 576K,   0% used [0x04150000, 0x04150000, 0x041e0000)
 tenured generation   total 11968K, used 11331K [0x09150000, 0x09d00000, 0x13c00000)
   the space 11968K,  94% used [0x09150000, 0x09c60f00, 0x09c61000, 0x09d00000)
 Metaspace       used 3764K, capacity 4146K, committed 4288K, reserved 4480K
}
Event: 156.233 GC heap before
{Heap before GC invocations=15 (full 2):
 def new generation   total 5440K, used 5259K [0x03c00000, 0x041e0000, 0x09150000)
  eden space 4864K, 100% used [0x03c00000, 0x040c0000, 0x040c0000)
  from space 576K,  68% used [0x040c0000, 0x04122c50, 0x04150000)
  to   space 576K,   0% used [0x04150000, 0x04150000, 0x041e0000)
 tenured generation   total 11968K, used 11331K [0x09150000, 0x09d00000, 0x13c00000)
   the space 11968K,  94% used [0x09150000, 0x09c60f00, 0x09c61000, 0x09d00000)
 Metaspace       used 3764K, capacity 4146K, committed 4288K, reserved 4480K

Deoptimization events (0 events):
No events

Classes redefined (0 events):
No events

Internal exceptions (10 events):
Event: 0.566 Thread 0x0126c800 Exception <a 'java/io/FileNotFoundException'> (0x03cd28c0) thrown at [C:\workspace\8-2-build-windows-i586-cygwin\jdk8u181\11358\hotspot\src\share\vm\prims\jni.cpp, line 709]
Event: 0.690 Thread 0x0126c800 Exception <a 'java/lang/NoSuchFieldError': method resolution failed> (0x03d90ee8) thrown at [C:\workspace\8-2-build-windows-i586-cygwin\jdk8u181\11358\hotspot\src\share\vm\prims\methodHandles.cpp, line 1167]
Event: 0.693 Thread 0x0126c800 Exception <a 'java/lang/NoSuchFieldError': method resolution failed> (0x03d9d088) thrown at [C:\workspace\8-2-build-windows-i586-cygwin\jdk8u181\11358\hotspot\src\share\vm\prims\methodHandles.cpp, line 1167]
Event: 0.830 Thread 0x154d4400 Exception <a 'java/io/FileNotFoundException'> (0x03e746e0) thrown at [C:\workspace\8-2-build-windows-i586-cygwin\jdk8u181\11358\hotspot\src\share\vm\prims\jni.cpp, line 709]
Event: 16.224 Thread 0x154d4400 Exception <a 'java/lang/NoClassDefFoundError': org/apache/log4j/Category> (0x03d79f20) thrown at [C:\workspace\8-2-build-windows-i586-cygwin\jdk8u181\11358\hotspot\src\share\vm\classfile\systemDictionary.cpp, line 199]
Event: 22.437 Thread 0x1617c000 Exception <a 'java/io/IOException': CreateProcess error=2, The system cannot find the file specified> (0x03eda108) thrown at [C:\workspace\8-2-build-windows-i586-cygwin\jdk8u181\11358\hotspot\src\share\vm\prims\jni.cpp, line 735]
Event: 33.728 Thread 0x153e8800 Exception <a 'java/io/IOException': CreateProcess error=2, The system cannot find the file specified> (0x040385e8) thrown at [C:\workspace\8-2-build-windows-i586-cygwin\jdk8u181\11358\hotspot\src\share\vm\prims\jni.cpp, line 735]
Event: 137.668 Thread 0x154d4400 Exception <a 'java/net/SocketTimeoutException': Read timed out> (0x03c9edc8) thrown at [C:\workspace\8-2-build-windows-i586-cygwin\jdk8u181\11358\hotspot\src\share\vm\prims\jni.cpp, line 735]
Event: 141.835 Thread 0x153e8c00 Exception <a 'java/net/SocketTimeoutException': Read timed out> (0x03d69f78) thrown at [C:\workspace\8-2-build-windows-i586-cygwin\jdk8u181\11358\hotspot\src\share\vm\prims\jni.cpp, line 735]
Event: 145.192 Thread 0x153e9c00 Exception <a 'java/io/IOException': CreateProcess error=2, The system cannot find the file specified> (0x03efb2f8) thrown at [C:\workspace\8-2-build-windows-i586-cygwin\jdk8u181\11358\hotspot\src\share\vm\prims\jni.cpp, line 735]

Events (10 events):
Event: 156.207 Executing VM operation: RevokeBias done
Event: 156.210 Thread 0x153ea800 Thread added: 0x153ea800
Event: 156.213 Thread 0x153e9c00 Thread added: 0x153e9c00
Event: 156.217 Executing VM operation: BulkRevokeBias
Event: 156.223 Executing VM operation: BulkRevokeBias done
Event: 156.225 Executing VM operation: BulkRevokeBias
Event: 156.225 Executing VM operation: BulkRevokeBias done
Event: 156.229 Executing VM operation: RevokeBias
Event: 156.229 Executing VM operation: RevokeBias done
Event: 156.233 Executing VM operation: GenCollectForAllocation


Dynamic libraries:
0x00100000 - 0x00133000 	C:\Program Files\Java\jdk1.8.0_181\jre\bin\java.exe
0x77540000 - 0x7767c000 	C:\Windows\SYSTEM32\ntdll.dll
0x75a50000 - 0x75b24000 	C:\Windows\system32\kernel32.dll
0x75880000 - 0x758ca000 	C:\Windows\system32\KERNELBASE.dll
0x770d0000 - 0x77170000 	C:\Windows\system32\ADVAPI32.dll
0x776c0000 - 0x7776c000 	C:\Windows\system32\msvcrt.dll
0x75990000 - 0x759a9000 	C:\Windows\SYSTEM32\sechost.dll
0x77020000 - 0x770c1000 	C:\Windows\system32\RPCRT4.dll
0x75d10000 - 0x75dd9000 	C:\Windows\system32\USER32.dll
0x761c0000 - 0x7620e000 	C:\Windows\system32\GDI32.dll
0x76210000 - 0x7621a000 	C:\Windows\system32\LPK.dll
0x759b0000 - 0x75a4d000 	C:\Windows\system32\USP10.dll
0x74620000 - 0x747be000 	C:\Windows\WinSxS\x86_microsoft.windows.common-controls_6595b64144ccf1df_6.0.7600.16385_none_421189da2b7fabfc\COMCTL32.dll
0x77170000 - 0x771c7000 	C:\Windows\system32\SHLWAPI.dll
0x75cf0000 - 0x75d0f000 	C:\Windows\system32\IMM32.DLL
0x75c20000 - 0x75cec000 	C:\Windows\system32\MSCTF.dll
0x68050000 - 0x6810f000 	C:\Program Files\Java\jdk1.8.0_181\jre\bin\msvcr100.dll
0x67950000 - 0x67d23000 	C:\Program Files\Java\jdk1.8.0_181\jre\bin\client\jvm.dll
0x6c5c0000 - 0x6c5c7000 	C:\Windows\system32\WSOCK32.dll
0x75f40000 - 0x75f75000 	C:\Windows\system32\WS2_32.dll
0x75c10000 - 0x75c16000 	C:\Windows\system32\NSI.dll
0x70530000 - 0x70562000 	C:\Windows\system32\WINMM.dll
0x74b90000 - 0x74b99000 	C:\Windows\system32\VERSION.dll
0x76220000 - 0x76225000 	C:\Windows\system32\PSAPI.DLL
0x6be90000 - 0x6be9c000 	C:\Program Files\Java\jdk1.8.0_181\jre\bin\verify.dll
0x6a890000 - 0x6a8b2000 	C:\Program Files\Java\jdk1.8.0_181\jre\bin\java.dll
0x6a870000 - 0x6a884000 	C:\Program Files\Java\jdk1.8.0_181\jre\bin\zip.dll
0x76230000 - 0x76e79000 	C:\Windows\system32\SHELL32.dll
0x75de0000 - 0x75f3c000 	C:\Windows\system32\ole32.dll
0x75690000 - 0x7569b000 	C:\Windows\system32\profapi.dll
0x67f00000 - 0x68047000 	C:\Program Files\Java\jdk1.8.0_181\jre\bin\awt.dll
0x774b0000 - 0x7753f000 	C:\Windows\system32\OLEAUT32.dll
0x74470000 - 0x744b0000 	C:\Windows\system32\uxtheme.dll
0x74170000 - 0x74183000 	C:\Windows\system32\dwmapi.dll
0x755e0000 - 0x755ec000 	C:\Windows\system32\CRYPTBASE.dll
0x6c6c0000 - 0x6c788000 	C:\Windows\system32\opengl32.dll
0x6c690000 - 0x6c6b2000 	C:\Windows\system32\GLU32.dll
0x6b860000 - 0x6b947000 	C:\Windows\system32\DDRAW.dll
0x6c680000 - 0x6c686000 	C:\Windows\system32\DCIMAN32.dll
0x76e80000 - 0x7701d000 	C:\Windows\system32\SETUPAPI.dll
0x758d0000 - 0x758f7000 	C:\Windows\system32\CFGMGR32.dll
0x75710000 - 0x75722000 	C:\Windows\system32\DEVOBJ.dll
0x6a800000 - 0x6a839000 	C:\Program Files\Java\jdk1.8.0_181\jre\bin\fontmanager.dll
0x77220000 - 0x772a3000 	C:\Windows\system32\CLBCatQ.DLL
0x73f30000 - 0x7402b000 	C:\Windows\system32\WindowsCodecs.dll
0x75590000 - 0x755db000 	C:\Windows\system32\apphelp.dll
0x715f0000 - 0x71621000 	C:\Windows\system32\EhStorShell.dll
0x744b0000 - 0x745a5000 	C:\Windows\system32\PROPSYS.dll
0x661c0000 - 0x663dd000 	C:\PROGRA~1\MICROS~1\Office12\GR469A~1.DLL
0x68ef0000 - 0x68fe1000 	C:\PROGRA~1\MICROS~1\Office12\GrooveUtil.DLL
0x760c0000 - 0x761b4000 	C:\Windows\system32\WININET.dll
0x776b0000 - 0x776b3000 	C:\Windows\system32\Normaliz.dll
0x75f80000 - 0x760b5000 	C:\Windows\system32\urlmon.dll
0x75760000 - 0x7587c000 	C:\Windows\system32\CRYPT32.dll
0x75700000 - 0x7570c000 	C:\Windows\system32\MSASN1.dll
0x772b0000 - 0x774a9000 	C:\Windows\system32\iertutil.dll
0x70e70000 - 0x70f0b000 	C:\Windows\WinSxS\x86_microsoft.vc80.crt_1fc8b3b9a1e18e3b_8.0.50727.4927_none_d08a205e442db5b5\MSVCR80.dll
0x68ff0000 - 0x68ff7000 	C:\PROGRA~1\MICROS~1\Office12\GrooveNew.DLL
0x7c630000 - 0x7c64b000 	C:\Windows\WinSxS\x86_microsoft.vc80.atl_1fc8b3b9a1e18e3b_8.0.50727.42_none_dc990e4797f81af1\ATL80.DLL
0x75110000 - 0x75126000 	C:\Windows\system32\CRYPTSP.dll
0x74eb0000 - 0x74eeb000 	C:\Windows\system32\rsaenh.dll
0x73cf0000 - 0x73cf5000 	C:\Windows\system32\MSImg32.dll
0x70ac0000 - 0x70b2a000 	C:\Windows\System32\cscui.dll
0x70ab0000 - 0x70ab9000 	C:\Windows\System32\CSCDLL.dll
0x70aa0000 - 0x70aab000 	C:\Windows\system32\CSCAPI.dll
0x70a30000 - 0x70a9f000 	C:\Windows\system32\ntshrui.dll
0x754c0000 - 0x754d9000 	C:\Windows\system32\srvcli.dll
0x73ba0000 - 0x73baa000 	C:\Windows\system32\slc.dll
0x6a850000 - 0x6a865000 	C:\Program Files\Java\jdk1.8.0_181\jre\bin\net.dll
0x750d0000 - 0x7510c000 	C:\Windows\system32\mswsock.dll
0x750c0000 - 0x750c6000 	C:\Windows\System32\wship6.dll
0x6a840000 - 0x6a84f000 	C:\Program Files\Java\jdk1.8.0_181\jre\bin\nio.dll
0x68c00000 - 0x68c32000 	C:\Program Files\Java\jdk1.8.0_181\jre\bin\t2k.dll
0x74cf0000 - 0x74d07000 	C:\Windows\system32\USERENV.dll
0x737a0000 - 0x737bc000 	C:\Windows\system32\IPHLPAPI.DLL
0x73790000 - 0x73797000 	C:\Windows\system32\WINNSI.DLL
0x73640000 - 0x73652000 	C:\Windows\system32\dhcpcsvc.DLL
0x73440000 - 0x7344d000 	C:\Windows\system32\dhcpcsvc6.DLL
0x68b90000 - 0x68bc8000 	C:\Users\Admin\AppData\Local\Temp\jna-63116079\jna5857615232270123584.dll
0x745e0000 - 0x745e3000 	C:\Program Files\Java\jdk1.8.0_181\jre\bin\api-ms-win-core-synch-l1-2-0.DLL
0x15950000 - 0x15999000 	C:\Windows\system32\fpengine.dll
0x14880000 - 0x148aa000 	C:\Windows\system32\fpcore32.dll
0x704d0000 - 0x70521000 	C:\Windows\system32\WINSPOOL.DRV
0x73d90000 - 0x73d97000 	C:\Windows\system32\WINUSB.DLL
0x742e0000 - 0x74470000 	C:\Windows\WinSxS\x86_microsoft.windows.gdiplus_6595b64144ccf1df_1.1.7600.16385_none_72fc7cbf861225ca\gdiplus.dll
0x75730000 - 0x7575d000 	C:\Windows\system32\WINTRUST.dll
0x6b500000 - 0x6b520000 	C:\Program Files\Java\jdk1.8.0_181\jre\bin\sunec.dll
0x74c20000 - 0x74c25000 	C:\Windows\System32\wshtcpip.dll
0x74f90000 - 0x74fd4000 	C:\Windows\system32\DNSAPI.dll
0x71b10000 - 0x71b16000 	C:\Windows\system32\rasadhlp.dll
0x73520000 - 0x73558000 	C:\Windows\System32\fwpuclnt.dll
0x673c0000 - 0x674ab000 	C:\Windows\system32\dbghelp.dll

VM Arguments:
jvm_args: -Dfile.encoding=UTF-8 
java_command: fingerprintcorev2.Views.IntroPage
java_class_path (initial): C:\Users\Admin\Downloads\org-apache-commons-codec.jar\org-apache-commons-codec.jar;C:\Users\Admin\Downloads\jna-4.5.2.jar;C:\Users\Admin\Downloads\unirest-java-1.4.9.jar;C:\Users\Admin\Downloads\org.json.jar\org.json.jar;C:\Users\Admin\Downloads\commons-logging-1.1.2.jar;C:\Users\Admin\Downloads\httpclient-4.5.5.jar;C:\Users\Admin\Downloads\httpcore-4.4.9.jar;C:\Users\Admin\Downloads\httpcore-nio-4.4.10.jar;C:\Users\Admin\Downloads\httpmime-4.5.6.jar;C:\Users\Admin\Downloads\httpasyncclient-4.0-beta4.jar\httpasyncclient-4.0-beta4.jar;C:\Users\Admin\Documents\NetBeansProjects\FingerprintCoreV2\build\classes
Launcher Type: SUN_STANDARD

Environment Variables:
PATH=C:\Program Files\Common Files\Oracle\Java\javapath;C:\Windows\system32;C:\Windows;C:\Windows\System32\Wbem;C:\Windows\System32\WindowsPowerShell\v1.0\;C:\Program Files\Git\cmd;C:\Program Files\Neurotechnology\FreeFingerprintVerificationSDK 1.0\bin\Win32_x86;C:\Program Files\nodejs\;C:\Users\Admin\AppData\Roaming\npm
USERNAME=Admin
OS=Windows_NT
PROCESSOR_IDENTIFIER=x86 Family 6 Model 76 Stepping 4, GenuineIntel



---------------  S Y S T E M  ---------------

OS: Windows 7 Build 7600 (6.1.7600.16385)

CPU:total 2 (initial active 2) (2 cores per cpu, 1 threads per core) family 6 model 76 stepping 4, cmov, cx8, fxsr, mmx, sse, sse2, sse3, ssse3, sse4.1, sse4.2, popcnt, aes, clmul, erms, 3dnowpref, tsc, tscinvbit

Memory: 4k page, physical 2008308k(809272k free), swap 4016616k(2233748k free)

vm_info: Java HotSpot(TM) Client VM (25.181-b13) for windows-x86 JRE (1.8.0_181-b13), built on Jul  7 2018 03:18:20 by "java_re" with MS VC++ 10.0 (VS2010)

time: Wed Aug 01 18:18:14 2018
elapsed time: 156 seconds (0d 0h 2m 36s)

