#
# A fatal error has been detected by the Java Runtime Environment:
#
#  EXCEPTION_ACCESS_VIOLATION (0xc0000005) at pc=0x770c1ffe, pid=1612, tid=0x000013c4
#
# JRE version: Java(TM) SE Runtime Environment (8.0_181-b13) (build 1.8.0_181-b13)
# Java VM: Java HotSpot(TM) Client VM (25.181-b13 mixed mode windows-x86 )
# Problematic frame:
# C  [ntdll.dll+0x51ffe]
#
# Failed to write core dump. Minidumps are not enabled by default on client versions of Windows
#
# If you would like to submit a bug report, please visit:
#   http://bugreport.java.com/bugreport/crash.jsp
#

---------------  T H R E A D  ---------------

Current thread (0x14bc1c00):  JavaThread "Timer-2" [_thread_in_vm, id=5060, stack(0x16080000,0x160d0000)]

siginfo: ExceptionCode=0xc0000005, reading address 0x492f2a76

Registers:
EAX=0x5b030c1c, EBX=0x14c60378, ECX=0x00300000, EDX=0x14c60378
ESP=0x160ce678, EBP=0x160ce6ac, ESI=0x492f2a72, EDI=0x14c60370
EIP=0x770c1ffe, EFLAGS=0x00010206

Top of Stack: (sp=0x160ce678)
0x160ce678:   00000000 00300000 14c60378 00000000
0x160ce688:   160cf024 5afe23fa 00000001 00000004
0x160ce698:   14bc1c00 160ce6d4 160ce748 00000005
0x160ce6a8:   14c60370 160ce6c4 770c1faf 14bc1c00
0x160ce6b8:   00000000 14c60378 14c60370 160ce6d8
0x160ce6c8:   7574f1ac 00300000 00000000 14c60378
0x160ce6d8:   160ce6ec 6a75016a 00300000 00000000
0x160ce6e8:   14c60378 160ce6fc 5ae83f33 14c60378 

Instructions: (pc=0x770c1ffe)
0x770c1fde:   7a f8 80 7f 07 05 0f 84 58 df 03 00 8b 07 8b f7
0x770c1fee:   c1 ee 03 33 f0 33 35 dc 71 14 77 89 7d fc 33 f1
0x770c1ffe:   8b 46 04 89 45 f4 c6 47 07 80 c6 47 06 00 8b 5e
0x770c200e:   08 8b 4e 0c 89 5d e0 83 c3 01 89 4d e4 83 d1 01 


Register to memory mapping:

EAX=0x5b030c1c is an unknown value
EBX=0x14c60378 is an unknown value
ECX=0x00300000 is an unknown value
EDX=0x14c60378 is an unknown value
ESP=0x160ce678 is pointing into the stack for thread: 0x14bc1c00
EBP=0x160ce6ac is pointing into the stack for thread: 0x14bc1c00
ESI=0x492f2a72 is an unknown value
EDI=0x14c60370 is an unknown value


Stack: [0x16080000,0x160d0000],  sp=0x160ce678,  free space=313k
Native frames: (J=compiled Java code, j=interpreted, Vv=VM code, C=native code)
C  [ntdll.dll+0x51ffe]
C  [ntdll.dll+0x51faf]
C  [kernel32.dll+0x4f1ac]
C  [msvcr100.dll+0x1016a]
V  [jvm.dll+0x163f33]
V  [jvm.dll+0xe6847]
C  [jna8836778604100909143.dll+0x8ef9]
C  [jna8836778604100909143.dll+0x36d2]
J 694  com.sun.jna.Native.invokeInt(Lcom/sun/jna/Function;JI[Ljava/lang/Object;)I (0 bytes) @ 0x01dc5d1c [0x01dc5c60+0xbc]
J 697 C1 com.sun.jna.Function.invoke([Ljava/lang/Object;Ljava/lang/Class;ZI)Ljava/lang/Object; (769 bytes) @ 0x01dc9354 [0x01dc9120+0x234]
J 696 C1 com.sun.jna.Function.invoke(Ljava/lang/reflect/Method;[Ljava/lang/Class;Ljava/lang/Class;[Ljava/lang/Object;Ljava/util/Map;)Ljava/lang/Object; (548 bytes) @ 0x01dc6974 [0x01dc6340+0x634]
J 693 C1 com.sun.jna.Library$Handler.invoke(Ljava/lang/Object;Ljava/lang/reflect/Method;[Ljava/lang/Object;)Ljava/lang/Object; (348 bytes) @ 0x01dc43a8 [0x01dc3c50+0x758]
j  com.sun.proxy.$Proxy0.GetFpCharByGen([B[I)I+20
j  fingerprintcorev2.RescanUI.fpsmessage()V+119
J 736 C1 fingerprintcorev2.RescanUI$9.run()V (8 bytes) @ 0x01dd8280 [0x01dd8250+0x30]
j  java.util.TimerThread.mainLoop()V+221
j  java.util.TimerThread.run()V+1
v  ~StubRoutines::call_stub
V  [jvm.dll+0x15c065]
V  [jvm.dll+0x223ade]
V  [jvm.dll+0x15c0fe]
V  [jvm.dll+0x15c286]
V  [jvm.dll+0x15c2f7]
V  [jvm.dll+0x10016f]
V  [jvm.dll+0x17f280]
V  [jvm.dll+0x17fafa]
V  [jvm.dll+0x1c5416]
C  [msvcr100.dll+0x5c556]
C  [msvcr100.dll+0x5c600]
C  [kernel32.dll+0x51174]
C  [ntdll.dll+0x5b3f5]
C  [ntdll.dll+0x5b3c8]
C  0x00000000

Java frames: (J=compiled Java code, j=interpreted, Vv=VM code)
J 694  com.sun.jna.Native.invokeInt(Lcom/sun/jna/Function;JI[Ljava/lang/Object;)I (0 bytes) @ 0x01dc5cd8 [0x01dc5c60+0x78]
J 697 C1 com.sun.jna.Function.invoke([Ljava/lang/Object;Ljava/lang/Class;ZI)Ljava/lang/Object; (769 bytes) @ 0x01dc9354 [0x01dc9120+0x234]
J 696 C1 com.sun.jna.Function.invoke(Ljava/lang/reflect/Method;[Ljava/lang/Class;Ljava/lang/Class;[Ljava/lang/Object;Ljava/util/Map;)Ljava/lang/Object; (548 bytes) @ 0x01dc6974 [0x01dc6340+0x634]
J 693 C1 com.sun.jna.Library$Handler.invoke(Ljava/lang/Object;Ljava/lang/reflect/Method;[Ljava/lang/Object;)Ljava/lang/Object; (348 bytes) @ 0x01dc43a8 [0x01dc3c50+0x758]
j  com.sun.proxy.$Proxy0.GetFpCharByGen([B[I)I+20
j  fingerprintcorev2.RescanUI.fpsmessage()V+119
J 736 C1 fingerprintcorev2.RescanUI$9.run()V (8 bytes) @ 0x01dd8280 [0x01dd8250+0x30]
j  java.util.TimerThread.mainLoop()V+221
j  java.util.TimerThread.run()V+1
v  ~StubRoutines::call_stub

---------------  P R O C E S S  ---------------

Java Threads: ( => current thread )
  0x14cde400 JavaThread "Thread-9" daemon [_thread_blocked, id=4676, stack(0x15680000,0x156d0000)]
  0x14bc2000 JavaThread "Timer-3" [_thread_blocked, id=4544, stack(0x16020000,0x16070000)]
=>0x14bc1c00 JavaThread "Timer-2" [_thread_in_vm, id=5060, stack(0x16080000,0x160d0000)]
  0x14bb6c00 JavaThread "TimerQueue" daemon [_thread_blocked, id=1684, stack(0x15f60000,0x15fb0000)]
  0x1498e000 JavaThread "org.netbeans.modules.debugger.jpda.visual AWT Access Loop" daemon [_thread_blocked, id=4680, stack(0x14f90000,0x14fe0000)]
  0x0030d000 JavaThread "DestroyJavaVM" [_thread_blocked, id=1704, stack(0x017f0000,0x01840000)]
  0x1497f000 JavaThread "AWT-EventQueue-0" [_thread_blocked, id=5704, stack(0x15000000,0x15050000)]
  0x1497a000 JavaThread "AWT-Windows" daemon [_thread_in_native, id=1756, stack(0x14f40000,0x14f90000)]
  0x14978400 JavaThread "AWT-Shutdown" [_thread_blocked, id=1956, stack(0x14de0000,0x14e30000)]
  0x14975400 JavaThread "Java2D Disposer" daemon [_thread_blocked, id=5332, stack(0x14e80000,0x14ed0000)]
  0x142cd400 JavaThread "Service Thread" daemon [_thread_blocked, id=3144, stack(0x14750000,0x147a0000)]
  0x142c8c00 JavaThread "C1 CompilerThread0" daemon [_thread_blocked, id=3820, stack(0x14860000,0x148b0000)]
  0x142c2400 JavaThread "JDWP Command Reader" daemon [_thread_in_native, id=5072, stack(0x018a0000,0x018f0000)]
  0x142c1400 JavaThread "JDWP Event Helper Thread" daemon [_thread_blocked, id=4964, stack(0x147c0000,0x14810000)]
  0x142b8c00 JavaThread "JDWP Transport Listener: dt_shmem" daemon [_thread_blocked, id=4952, stack(0x145f0000,0x14640000)]
  0x142bdc00 JavaThread "Attach Listener" daemon [_thread_blocked, id=4168, stack(0x03d00000,0x03d50000)]
  0x142bac00 JavaThread "Signal Dispatcher" daemon [_thread_blocked, id=3480, stack(0x03da0000,0x03df0000)]
  0x14298400 JavaThread "Finalizer" daemon [_thread_blocked, id=5112, stack(0x03d50000,0x03da0000)]
  0x14276800 JavaThread "Reference Handler" daemon [_thread_blocked, id=4932, stack(0x14480000,0x144d0000)]

Other Threads:
  0x1426dc00 VMThread [stack: 0x03c60000,0x03cb0000] [id=5560]
  0x142f1c00 WatcherThread [stack: 0x148d0000,0x14920000] [id=3676]

VM state:not at safepoint (normal execution)

VM Mutex/Monitor currently owned by a thread: None

Heap:
 def new generation   total 5440K, used 1366K [0x03e00000, 0x043e0000, 0x09350000)
  eden space 4864K,  20% used [0x03e00000, 0x03ef7350, 0x042c0000)
  from space 576K,  65% used [0x04350000, 0x043ae6a8, 0x043e0000)
  to   space 576K,   0% used [0x042c0000, 0x042c0000, 0x04350000)
 tenured generation   total 11904K, used 11577K [0x09350000, 0x09ef0000, 0x13e00000)
   the space 11904K,  97% used [0x09350000, 0x09e9e470, 0x09e9e600, 0x09ef0000)
 Metaspace       used 11241K, capacity 11448K, committed 11520K, reserved 11648K

Card table byte_map: [0x01730000,0x017c0000] byte_map_base: 0x01711000

Polling page: 0x002a0000

CodeCache: size=32768Kb used=1818Kb max_used=1818Kb free=30949Kb
 bounds [0x01c20000, 0x01de8000, 0x03c20000]
 total_blobs=1023 nmethods=783 adapters=178
 compilation: enabled

Compilation events (10 events):
Event: 139.328 Thread 0x142c8c00  792             sun.awt.SunHints$Value::hashCode (5 bytes)
Event: 139.329 Thread 0x142c8c00 nmethod 792 0x01de65c8 code [0x01de66c0, 0x01de675c]
Event: 142.298 Thread 0x142c8c00  793             javax.swing.GroupLayout$ComponentInfo::isLinked (49 bytes)
Event: 142.299 Thread 0x142c8c00 nmethod 793 0x01de67c8 code [0x01de68c0, 0x01de6980]
Event: 142.302 Thread 0x142c8c00  794             java.awt.Component::isEnabledImpl (5 bytes)
Event: 142.303 Thread 0x142c8c00 nmethod 794 0x01de69c8 code [0x01de6ac0, 0x01de6b40]
Event: 142.303 Thread 0x142c8c00  795             java.awt.Component::isEnabled (5 bytes)
Event: 142.304 Thread 0x142c8c00 nmethod 795 0x01de6b88 code [0x01de6c80, 0x01de6d00]
Event: 142.304 Thread 0x142c8c00  796             javax.swing.GroupLayout$ParallelGroup::calculateMinimumSize (19 bytes)
Event: 142.306 Thread 0x142c8c00 nmethod 796 0x01de6d48 code [0x01de6e60, 0x01de6f78]

GC Heap History (10 events):
Event: 12.959 GC heap before
{Heap before GC invocations=7 (full 1):
 def new generation   total 5440K, used 4864K [0x03e00000, 0x043e0000, 0x09350000)
  eden space 4864K, 100% used [0x03e00000, 0x042c0000, 0x042c0000)
  from space 576K,   0% used [0x042c0000, 0x042c0000, 0x04350000)
  to   space 576K,   0% used [0x04350000, 0x04350000, 0x043e0000)
 tenured generation   total 11904K, used 7141K [0x09350000, 0x09ef0000, 0x13e00000)
   the space 11904K,  59% used [0x09350000, 0x09a494a0, 0x09a49600, 0x09ef0000)
 Metaspace       used 9671K, capacity 9862K, committed 9984K, reserved 10624K
Event: 12.968 GC heap after
Heap after GC invocations=8 (full 1):
 def new generation   total 5440K, used 576K [0x03e00000, 0x043e0000, 0x09350000)
  eden space 4864K,   0% used [0x03e00000, 0x03e00000, 0x042c0000)
  from space 576K, 100% used [0x04350000, 0x043e0000, 0x043e0000)
  to   space 576K,   0% used [0x042c0000, 0x042c0000, 0x04350000)
 tenured generation   total 11904K, used 7732K [0x09350000, 0x09ef0000, 0x13e00000)
   the space 11904K,  64% used [0x09350000, 0x09add160, 0x09add200, 0x09ef0000)
 Metaspace       used 9671K, capacity 9862K, committed 9984K, reserved 10624K
}
Event: 13.080 GC heap before
{Heap before GC invocations=8 (full 1):
 def new generation   total 5440K, used 5440K [0x03e00000, 0x043e0000, 0x09350000)
  eden space 4864K, 100% used [0x03e00000, 0x042c0000, 0x042c0000)
  from space 576K, 100% used [0x04350000, 0x043e0000, 0x043e0000)
  to   space 576K,   0% used [0x042c0000, 0x042c0000, 0x04350000)
 tenured generation   total 11904K, used 7732K [0x09350000, 0x09ef0000, 0x13e00000)
   the space 11904K,  64% used [0x09350000, 0x09add160, 0x09add200, 0x09ef0000)
 Metaspace       used 9765K, capacity 9998K, committed 10112K, reserved 10624K
Event: 13.086 GC heap after
Heap after GC invocations=9 (full 1):
 def new generation   total 5440K, used 576K [0x03e00000, 0x043e0000, 0x09350000)
  eden space 4864K,   0% used [0x03e00000, 0x03e00000, 0x042c0000)
  from space 576K, 100% used [0x042c0000, 0x04350000, 0x04350000)
  to   space 576K,   0% used [0x04350000, 0x04350000, 0x043e0000)
 tenured generation   total 11904K, used 8336K [0x09350000, 0x09ef0000, 0x13e00000)
   the space 11904K,  70% used [0x09350000, 0x09b74000, 0x09b74000, 0x09ef0000)
 Metaspace       used 9765K, capacity 9998K, committed 10112K, reserved 10624K
}
Event: 13.312 GC heap before
{Heap before GC invocations=9 (full 1):
 def new generation   total 5440K, used 5432K [0x03e00000, 0x043e0000, 0x09350000)
  eden space 4864K,  99% used [0x03e00000, 0x042be300, 0x042c0000)
  from space 576K, 100% used [0x042c0000, 0x04350000, 0x04350000)
  to   space 576K,   0% used [0x04350000, 0x04350000, 0x043e0000)
 tenured generation   total 11904K, used 8336K [0x09350000, 0x09ef0000, 0x13e00000)
   the space 11904K,  70% used [0x09350000, 0x09b74000, 0x09b74000, 0x09ef0000)
 Metaspace       used 10482K, capacity 10677K, committed 10752K, reserved 11648K
Event: 13.320 GC heap after
Heap after GC invocations=10 (full 1):
 def new generation   total 5440K, used 576K [0x03e00000, 0x043e0000, 0x09350000)
  eden space 4864K,   0% used [0x03e00000, 0x03e00000, 0x042c0000)
  from space 576K, 100% used [0x04350000, 0x043e0000, 0x043e0000)
  to   space 576K,   0% used [0x042c0000, 0x042c0000, 0x04350000)
 tenured generation   total 11904K, used 9685K [0x09350000, 0x09ef0000, 0x13e00000)
   the space 11904K,  81% used [0x09350000, 0x09cc57c8, 0x09cc5800, 0x09ef0000)
 Metaspace       used 10482K, capacity 10677K, committed 10752K, reserved 11648K
}
Event: 18.921 GC heap before
{Heap before GC invocations=10 (full 1):
 def new generation   total 5440K, used 5440K [0x03e00000, 0x043e0000, 0x09350000)
  eden space 4864K, 100% used [0x03e00000, 0x042c0000, 0x042c0000)
  from space 576K, 100% used [0x04350000, 0x043e0000, 0x043e0000)
  to   space 576K,   0% used [0x042c0000, 0x042c0000, 0x04350000)
 tenured generation   total 11904K, used 9685K [0x09350000, 0x09ef0000, 0x13e00000)
   the space 11904K,  81% used [0x09350000, 0x09cc57c8, 0x09cc5800, 0x09ef0000)
 Metaspace       used 11137K, capacity 11349K, committed 11392K, reserved 11648K
Event: 18.943 GC heap after
Heap after GC invocations=11 (full 1):
 def new generation   total 5440K, used 576K [0x03e00000, 0x043e0000, 0x09350000)
  eden space 4864K,   0% used [0x03e00000, 0x03e00000, 0x042c0000)
  from space 576K, 100% used [0x042c0000, 0x04350000, 0x04350000)
  to   space 576K,   0% used [0x04350000, 0x04350000, 0x043e0000)
 tenured generation   total 11904K, used 10566K [0x09350000, 0x09ef0000, 0x13e00000)
   the space 11904K,  88% used [0x09350000, 0x09da1990, 0x09da1a00, 0x09ef0000)
 Metaspace       used 11137K, capacity 11349K, committed 11392K, reserved 11648K
}
Event: 137.345 GC heap before
{Heap before GC invocations=11 (full 1):
 def new generation   total 5440K, used 5440K [0x03e00000, 0x043e0000, 0x09350000)
  eden space 4864K, 100% used [0x03e00000, 0x042c0000, 0x042c0000)
  from space 576K, 100% used [0x042c0000, 0x04350000, 0x04350000)
  to   space 576K,   0% used [0x04350000, 0x04350000, 0x043e0000)
 tenured generation   total 11904K, used 10566K [0x09350000, 0x09ef0000, 0x13e00000)
   the space 11904K,  88% used [0x09350000, 0x09da1990, 0x09da1a00, 0x09ef0000)
 Metaspace       used 11241K, capacity 11448K, committed 11520K, reserved 11648K
Event: 137.350 GC heap after
Heap after GC invocations=12 (full 1):
 def new generation   total 5440K, used 377K [0x03e00000, 0x043e0000, 0x09350000)
  eden space 4864K,   0% used [0x03e00000, 0x03e00000, 0x042c0000)
  from space 576K,  65% used [0x04350000, 0x043ae6a8, 0x043e0000)
  to   space 576K,   0% used [0x042c0000, 0x042c0000, 0x04350000)
 tenured generation   total 11904K, used 11577K [0x09350000, 0x09ef0000, 0x13e00000)
   the space 11904K,  97% used [0x09350000, 0x09e9e470, 0x09e9e600, 0x09ef0000)
 Metaspace       used 11241K, capacity 11448K, committed 11520K, reserved 11648K
}

Deoptimization events (0 events):
No events

Classes redefined (0 events):
No events

Internal exceptions (10 events):
Event: 0.196 Thread 0x0030d000 Exception <a 'java/lang/NoSuchMethodError': Method sun.misc.Unsafe.prefetchRead(Ljava/lang/Object;J)V name or signature does not match> (0x03e07178) thrown at [C:\workspace\8-2-build-windows-i586-cygwin\jdk8u181\11358\hotspot\src\share\vm\prims\jni.cpp, l
Event: 5.479 Thread 0x0030d000 Exception <a 'java/security/PrivilegedActionException'> (0x03ee2cf8) thrown at [C:\workspace\8-2-build-windows-i586-cygwin\jdk8u181\11358\hotspot\src\share\vm\prims\jvm.cpp, line 1435]
Event: 5.479 Thread 0x0030d000 Exception <a 'java/security/PrivilegedActionException'> (0x03ee2ef8) thrown at [C:\workspace\8-2-build-windows-i586-cygwin\jdk8u181\11358\hotspot\src\share\vm\prims\jvm.cpp, line 1435]
Event: 5.481 Thread 0x0030d000 Exception <a 'java/security/PrivilegedActionException'> (0x03ee69a0) thrown at [C:\workspace\8-2-build-windows-i586-cygwin\jdk8u181\11358\hotspot\src\share\vm\prims\jvm.cpp, line 1435]
Event: 5.481 Thread 0x0030d000 Exception <a 'java/security/PrivilegedActionException'> (0x03ee6ba0) thrown at [C:\workspace\8-2-build-windows-i586-cygwin\jdk8u181\11358\hotspot\src\share\vm\prims\jvm.cpp, line 1435]
Event: 5.487 Thread 0x0030d000 Exception <a 'java/io/FileNotFoundException'> (0x03ee8918) thrown at [C:\workspace\8-2-build-windows-i586-cygwin\jdk8u181\11358\hotspot\src\share\vm\prims\jni.cpp, line 709]
Event: 5.623 Thread 0x0030d000 Exception <a 'java/lang/NoSuchFieldError': method resolution failed> (0x03fa6fa8) thrown at [C:\workspace\8-2-build-windows-i586-cygwin\jdk8u181\11358\hotspot\src\share\vm\prims\methodHandles.cpp, line 1167]
Event: 5.627 Thread 0x0030d000 Exception <a 'java/lang/NoSuchFieldError': method resolution failed> (0x03fb3148) thrown at [C:\workspace\8-2-build-windows-i586-cygwin\jdk8u181\11358\hotspot\src\share\vm\prims\methodHandles.cpp, line 1167]
Event: 6.498 Thread 0x1497f000 Exception <a 'java/io/FileNotFoundException'> (0x04065a00) thrown at [C:\workspace\8-2-build-windows-i586-cygwin\jdk8u181\11358\hotspot\src\share\vm\prims\jni.cpp, line 709]
Event: 12.425 Thread 0x1497f000 Exception <a 'java/lang/NoClassDefFoundError': org/apache/log4j/Category> (0x03f4d4d8) thrown at [C:\workspace\8-2-build-windows-i586-cygwin\jdk8u181\11358\hotspot\src\share\vm\classfile\systemDictionary.cpp, line 199]

Events (10 events):
Event: 117.452 Executing VM operation: GetCurrentContendedMonitor
Event: 117.452 Executing VM operation: GetCurrentContendedMonitor done
Event: 117.453 Executing VM operation: GetOwnedMonitorInfo
Event: 117.453 Executing VM operation: GetOwnedMonitorInfo done
Event: 128.606 Executing VM operation: BulkRevokeBias
Event: 128.607 Executing VM operation: BulkRevokeBias done
Event: 135.488 Executing VM operation: ChangeBreakpoints
Event: 135.488 Executing VM operation: ChangeBreakpoints done
Event: 137.345 Executing VM operation: GenCollectForAllocation
Event: 137.350 Executing VM operation: GenCollectForAllocation done


Dynamic libraries:
0x00050000 - 0x00083000 	C:\Program Files\Java\jdk1.8.0_181\jre\bin\java.exe
0x77070000 - 0x771ac000 	C:\Windows\SYSTEM32\ntdll.dll
0x75700000 - 0x757d4000 	C:\Windows\system32\kernel32.dll
0x75450000 - 0x7549a000 	C:\Windows\system32\KERNELBASE.dll
0x75660000 - 0x75700000 	C:\Windows\system32\ADVAPI32.dll
0x757f0000 - 0x7589c000 	C:\Windows\system32\msvcrt.dll
0x77280000 - 0x77299000 	C:\Windows\SYSTEM32\sechost.dll
0x76020000 - 0x760c1000 	C:\Windows\system32\RPCRT4.dll
0x75c90000 - 0x75d59000 	C:\Windows\system32\USER32.dll
0x76130000 - 0x7617e000 	C:\Windows\system32\GDI32.dll
0x75e70000 - 0x75e7a000 	C:\Windows\system32\LPK.dll
0x75f80000 - 0x7601d000 	C:\Windows\system32\USP10.dll
0x74120000 - 0x742be000 	C:\Windows\WinSxS\x86_microsoft.windows.common-controls_6595b64144ccf1df_6.0.7600.16385_none_421189da2b7fabfc\COMCTL32.dll
0x75c00000 - 0x75c57000 	C:\Windows\system32\SHLWAPI.dll
0x75c70000 - 0x75c8f000 	C:\Windows\system32\IMM32.DLL
0x771b0000 - 0x7727c000 	C:\Windows\system32\MSCTF.dll
0x6a740000 - 0x6a7ff000 	C:\Program Files\Java\jdk1.8.0_181\jre\bin\msvcr100.dll
0x5ad20000 - 0x5b0f3000 	C:\Program Files\Java\jdk1.8.0_181\jre\bin\client\jvm.dll
0x73be0000 - 0x73be7000 	C:\Windows\system32\WSOCK32.dll
0x77030000 - 0x77065000 	C:\Windows\system32\WS2_32.dll
0x75c60000 - 0x75c66000 	C:\Windows\system32\NSI.dll
0x706e0000 - 0x70712000 	C:\Windows\system32\WINMM.dll
0x746c0000 - 0x746c9000 	C:\Windows\system32\VERSION.dll
0x757e0000 - 0x757e5000 	C:\Windows\system32\PSAPI.DLL
0x73f90000 - 0x73f9c000 	C:\Program Files\Java\jdk1.8.0_181\jre\bin\verify.dll
0x6f830000 - 0x6f852000 	C:\Program Files\Java\jdk1.8.0_181\jre\bin\java.dll
0x6a6a0000 - 0x6a6cb000 	C:\Program Files\Java\jdk1.8.0_181\jre\bin\jdwp.dll
0x71870000 - 0x71877000 	C:\Program Files\Java\jdk1.8.0_181\jre\bin\npt.dll
0x6f810000 - 0x6f824000 	C:\Program Files\Java\jdk1.8.0_181\jre\bin\zip.dll
0x761e0000 - 0x76e29000 	C:\Windows\system32\SHELL32.dll
0x75930000 - 0x75a8c000 	C:\Windows\system32\ole32.dll
0x751c0000 - 0x751cb000 	C:\Windows\system32\profapi.dll
0x71970000 - 0x71979000 	C:\Program Files\Java\jdk1.8.0_181\jre\bin\dt_shmem.dll
0x675b0000 - 0x676f7000 	C:\Program Files\Java\jdk1.8.0_181\jre\bin\awt.dll
0x758a0000 - 0x7592f000 	C:\Windows\system32\OLEAUT32.dll
0x73fc0000 - 0x74000000 	C:\Windows\system32\uxtheme.dll
0x73c70000 - 0x73c83000 	C:\Windows\system32\dwmapi.dll
0x75140000 - 0x7514c000 	C:\Windows\system32\CRYPTBASE.dll
0x73860000 - 0x73928000 	C:\Windows\system32\opengl32.dll
0x73c00000 - 0x73c22000 	C:\Windows\system32\GLU32.dll
0x72a60000 - 0x72b47000 	C:\Windows\system32\DDRAW.dll
0x73bf0000 - 0x73bf6000 	C:\Windows\system32\DCIMAN32.dll
0x754c0000 - 0x7565d000 	C:\Windows\system32\SETUPAPI.dll
0x75390000 - 0x753b7000 	C:\Windows\system32\CFGMGR32.dll
0x754a0000 - 0x754b2000 	C:\Windows\system32\DEVOBJ.dll
0x6b1f0000 - 0x6b229000 	C:\Program Files\Java\jdk1.8.0_181\jre\bin\fontmanager.dll
0x75d60000 - 0x75de3000 	C:\Windows\system32\CLBCatQ.DLL
0x73a30000 - 0x73b2b000 	C:\Windows\system32\WindowsCodecs.dll
0x750f0000 - 0x7513b000 	C:\Windows\system32\apphelp.dll
0x70be0000 - 0x70c11000 	C:\Windows\system32\EhStorShell.dll
0x74000000 - 0x740f5000 	C:\Windows\system32\PROPSYS.dll
0x661c0000 - 0x663dd000 	C:\PROGRA~1\MICROS~1\Office12\GR469A~1.DLL
0x68ef0000 - 0x68fe1000 	C:\PROGRA~1\MICROS~1\Office12\GrooveUtil.DLL
0x75e80000 - 0x75f74000 	C:\Windows\system32\WININET.dll
0x760d0000 - 0x760d3000 	C:\Windows\system32\Normaliz.dll
0x75a90000 - 0x75bc5000 	C:\Windows\system32\urlmon.dll
0x75270000 - 0x7538c000 	C:\Windows\system32\CRYPT32.dll
0x75230000 - 0x7523c000 	C:\Windows\system32\MSASN1.dll
0x76e30000 - 0x77029000 	C:\Windows\system32\iertutil.dll
0x6fea0000 - 0x6ff3b000 	C:\Windows\WinSxS\x86_microsoft.vc80.crt_1fc8b3b9a1e18e3b_8.0.50727.4927_none_d08a205e442db5b5\MSVCR80.dll
0x68ff0000 - 0x68ff7000 	C:\PROGRA~1\MICROS~1\Office12\GrooveNew.DLL
0x7c630000 - 0x7c64b000 	C:\Windows\WinSxS\x86_microsoft.vc80.atl_1fc8b3b9a1e18e3b_8.0.50727.42_none_dc990e4797f81af1\ATL80.DLL
0x74c50000 - 0x74c66000 	C:\Windows\system32\CRYPTSP.dll
0x749f0000 - 0x74a2b000 	C:\Windows\system32\rsaenh.dll
0x73720000 - 0x73725000 	C:\Windows\system32\MSImg32.dll
0x6fcd0000 - 0x6fd3a000 	C:\Windows\System32\cscui.dll
0x6fcc0000 - 0x6fcc9000 	C:\Windows\System32\CSCDLL.dll
0x70c40000 - 0x70c4b000 	C:\Windows\system32\CSCAPI.dll
0x6fc50000 - 0x6fcbf000 	C:\Windows\system32\ntshrui.dll
0x74e10000 - 0x74e29000 	C:\Windows\system32\srvcli.dll
0x733b0000 - 0x733ba000 	C:\Windows\system32\slc.dll
0x6b550000 - 0x6b565000 	C:\Program Files\Java\jdk1.8.0_181\jre\bin\net.dll
0x74c10000 - 0x74c4c000 	C:\Windows\system32\mswsock.dll
0x74c00000 - 0x74c06000 	C:\Windows\System32\wship6.dll
0x6f8b0000 - 0x6f8bf000 	C:\Program Files\Java\jdk1.8.0_181\jre\bin\nio.dll
0x6b0c0000 - 0x6b0f2000 	C:\Program Files\Java\jdk1.8.0_181\jre\bin\t2k.dll
0x74820000 - 0x74837000 	C:\Windows\system32\USERENV.dll
0x732d0000 - 0x732ec000 	C:\Windows\system32\IPHLPAPI.DLL
0x732c0000 - 0x732c7000 	C:\Windows\system32\WINNSI.DLL
0x730d0000 - 0x730e2000 	C:\Windows\system32\dhcpcsvc.DLL
0x72fe0000 - 0x72fed000 	C:\Windows\system32\dhcpcsvc6.DLL
0x69120000 - 0x69158000 	C:\Users\Admin\AppData\Local\Temp\jna-63116079\jna8836778604100909143.dll
0x6f8c0000 - 0x6f8c3000 	C:\Program Files\Java\jdk1.8.0_181\jre\bin\api-ms-win-core-synch-l1-2-0.DLL
0x14810000 - 0x14857000 	C:\Windows\system32\fpengine.dll
0x03cb0000 - 0x03cda000 	C:\Windows\system32\fpcore32.dll
0x70d50000 - 0x70da1000 	C:\Windows\system32\WINSPOOL.DRV
0x6f1c0000 - 0x6f1c7000 	C:\Windows\system32\WINUSB.DLL
0x73e00000 - 0x73f90000 	C:\Windows\WinSxS\x86_microsoft.windows.gdiplus_6595b64144ccf1df_1.1.7600.16385_none_72fc7cbf861225ca\gdiplus.dll
0x75240000 - 0x7526d000 	C:\Windows\system32\WINTRUST.dll
0x6f790000 - 0x6f7b0000 	C:\Program Files\Java\jdk1.8.0_181\jre\bin\sunec.dll
0x74750000 - 0x74755000 	C:\Windows\System32\wshtcpip.dll
0x74ad0000 - 0x74b14000 	C:\Windows\system32\DNSAPI.dll
0x70ff0000 - 0x70ff6000 	C:\Windows\system32\rasadhlp.dll
0x731a0000 - 0x731d8000 	C:\Windows\System32\fwpuclnt.dll
0x66f30000 - 0x6701b000 	C:\Windows\system32\dbghelp.dll

VM Arguments:
jvm_args: -Xdebug -Xrunjdwp:transport=dt_shmem,address=javadebug -Dfile.encoding=UTF-8 
java_command: fingerprintcorev2.IntroPage
java_class_path (initial): C:\Users\Admin\Downloads\org-apache-commons-codec.jar\org-apache-commons-codec.jar;C:\Users\Admin\Downloads\jna-4.5.2.jar;C:\Users\Admin\Downloads\unirest-java-1.4.9.jar;C:\Users\Admin\Downloads\org.json.jar\org.json.jar;C:\Users\Admin\Downloads\commons-logging-1.1.2.jar;C:\Users\Admin\Downloads\httpclient-4.5.5.jar;C:\Users\Admin\Downloads\httpcore-4.4.9.jar;C:\Users\Admin\Downloads\httpcore-nio-4.4.10.jar;C:\Users\Admin\Downloads\httpmime-4.5.6.jar;C:\Users\Admin\Downloads\httpasyncclient-4.0-beta4.jar\httpasyncclient-4.0-beta4.jar;C:\Users\Admin\Documents\NetBeansProjects\FingerprintCoreV2\build\classes
Launcher Type: SUN_STANDARD

Environment Variables:
PATH=C:\Program Files\Common Files\Oracle\Java\javapath;C:\Windows\system32;C:\Windows;C:\Windows\System32\Wbem;C:\Windows\System32\WindowsPowerShell\v1.0\;C:\Program Files\Git\cmd;C:\Program Files\Neurotechnology\FreeFingerprintVerificationSDK 1.0\bin\Win32_x86;C:\Program Files\nodejs\;C:\Users\Admin\AppData\Roaming\npm
USERNAME=Admin
OS=Windows_NT
PROCESSOR_IDENTIFIER=x86 Family 6 Model 76 Stepping 4, GenuineIntel



---------------  S Y S T E M  ---------------

OS: Windows 7 Build 7600 (6.1.7600.16385)

CPU:total 2 (initial active 2) (2 cores per cpu, 1 threads per core) family 6 model 76 stepping 4, cmov, cx8, fxsr, mmx, sse, sse2, sse3, ssse3, sse4.1, sse4.2, popcnt, aes, clmul, erms, 3dnowpref, tsc, tscinvbit

Memory: 4k page, physical 2008308k(709656k free), swap 4016616k(2105852k free)

vm_info: Java HotSpot(TM) Client VM (25.181-b13) for windows-x86 JRE (1.8.0_181-b13), built on Jul  7 2018 03:18:20 by "java_re" with MS VC++ 10.0 (VS2010)

time: Wed Aug 01 01:24:46 2018
elapsed time: 142 seconds (0d 0h 2m 22s)

