#
# A fatal error has been detected by the Java Runtime Environment:
#
#  EXCEPTION_ACCESS_VIOLATION (0xc0000005) at pc=0x77461ffe, pid=4916, tid=0x00001ee4
#
# JRE version: Java(TM) SE Runtime Environment (8.0_181-b13) (build 1.8.0_181-b13)
# Java VM: Java HotSpot(TM) Client VM (25.181-b13 mixed mode, sharing windows-x86 )
# Problematic frame:
# C  [ntdll.dll+0x51ffe]
#
# Failed to write core dump. Minidumps are not enabled by default on client versions of Windows
#
# If you would like to submit a bug report, please visit:
#   http://bugreport.java.com/bugreport/crash.jsp
#

---------------  T H R E A D  ---------------

Current thread (0x167fd800):  JavaThread "Timer-8" [_thread_in_vm, id=7908, stack(0x16d20000,0x16d70000)]

siginfo: ExceptionCode=0xc0000005, reading address 0x22252179

Registers:
EAX=0x6465646f, EBX=0x16858c78, ECX=0x00170000, EDX=0x16858c78
ESP=0x16d6e8e8, EBP=0x16d6e91c, ESI=0x22252175, EDI=0x16858c70
EIP=0x77461ffe, EFLAGS=0x00010202

Top of Stack: (sp=0x16d6e8e8)
0x16d6e8e8:   00000000 00170000 16858c78 00000000
0x16d6e8f8:   16d6f294 665b23fa 00000001 00000004
0x16d6e908:   167fd800 16d6e944 16d6e9b8 00000005
0x16d6e918:   16858c70 16d6e934 77461faf 167fd800
0x16d6e928:   00000000 16858c78 16858c70 16d6e948
0x16d6e938:   7684f1ac 00170000 00000000 16858c78
0x16d6e948:   16d6e95c 66d0016a 00170000 00000000
0x16d6e958:   16858c78 16d6e96c 66453f33 16858c78 

Instructions: (pc=0x77461ffe)
0x77461fde:   7a f8 80 7f 07 05 0f 84 58 df 03 00 8b 07 8b f7
0x77461fee:   c1 ee 03 33 f0 33 35 dc 71 4e 77 89 7d fc 33 f1
0x77461ffe:   8b 46 04 89 45 f4 c6 47 07 80 c6 47 06 00 8b 5e
0x7746200e:   08 8b 4e 0c 89 5d e0 83 c3 01 89 4d e4 83 d1 01 


Register to memory mapping:

EAX=0x6465646f is an unknown value
EBX=0x16858c78 is an unknown value
ECX=0x00170000 is an unknown value
EDX=0x16858c78 is an unknown value
ESP=0x16d6e8e8 is pointing into the stack for thread: 0x167fd800
EBP=0x16d6e91c is pointing into the stack for thread: 0x167fd800
ESI=0x22252175 is an unknown value
EDI=0x16858c70 is an unknown value


Stack: [0x16d20000,0x16d70000],  sp=0x16d6e8e8,  free space=314k
Native frames: (J=compiled Java code, j=interpreted, Vv=VM code, C=native code)
C  [ntdll.dll+0x51ffe]
C  [ntdll.dll+0x51faf]
C  [kernel32.dll+0x4f1ac]
C  [msvcr100.dll+0x1016a]
V  [jvm.dll+0x163f33]
V  [jvm.dll+0xe6847]
C  [jna7383684155692267156.dll+0x8ef9]
C  [jna7383684155692267156.dll+0x36d2]
J 852  com.sun.jna.Native.invokeInt(Lcom/sun/jna/Function;JI[Ljava/lang/Object;)I (0 bytes) @ 0x01ef6d1c [0x01ef6c60+0xbc]
J 851 C1 com.sun.jna.Function.invoke([Ljava/lang/Object;Ljava/lang/Class;ZI)Ljava/lang/Object; (769 bytes) @ 0x01ef3b4c [0x01ef3940+0x20c]
J 848 C1 com.sun.jna.Function.invoke(Ljava/lang/reflect/Method;[Ljava/lang/Class;Ljava/lang/Class;[Ljava/lang/Object;Ljava/util/Map;)Ljava/lang/Object; (548 bytes) @ 0x01eef42c [0x01eeee30+0x5fc]
J 850 C1 com.sun.jna.Library$Handler.invoke(Ljava/lang/Object;Ljava/lang/reflect/Method;[Ljava/lang/Object;)Ljava/lang/Object; (348 bytes) @ 0x01ef1ff0 [0x01ef18c0+0x730]
j  com.sun.proxy.$Proxy0.GetFpCharByGen([B[I)I+20
J 860 C1 fingerprintcorev2.Views.RescanUI.fpsmessage()V (285 bytes) @ 0x01ef8e64 [0x01ef8bd0+0x294]
J 858 C1 fingerprintcorev2.Views.RescanUI$9.run()V (8 bytes) @ 0x01ef85f8 [0x01ef85d0+0x28]
j  java.util.TimerThread.mainLoop()V+221
j  java.util.TimerThread.run()V+1
v  ~StubRoutines::call_stub
V  [jvm.dll+0x15c065]
V  [jvm.dll+0x223ade]
V  [jvm.dll+0x15c0fe]
V  [jvm.dll+0x15c286]
V  [jvm.dll+0x15c2f7]
V  [jvm.dll+0x10016f]
V  [jvm.dll+0x17f280]
V  [jvm.dll+0x17fafa]
V  [jvm.dll+0x1c5416]
C  [msvcr100.dll+0x5c556]
C  [msvcr100.dll+0x5c600]
C  [kernel32.dll+0x51174]
C  [ntdll.dll+0x5b3f5]
C  [ntdll.dll+0x5b3c8]
C  0x00000000

Java frames: (J=compiled Java code, j=interpreted, Vv=VM code)
J 852  com.sun.jna.Native.invokeInt(Lcom/sun/jna/Function;JI[Ljava/lang/Object;)I (0 bytes) @ 0x01ef6cd8 [0x01ef6c60+0x78]
J 851 C1 com.sun.jna.Function.invoke([Ljava/lang/Object;Ljava/lang/Class;ZI)Ljava/lang/Object; (769 bytes) @ 0x01ef3b4c [0x01ef3940+0x20c]
J 848 C1 com.sun.jna.Function.invoke(Ljava/lang/reflect/Method;[Ljava/lang/Class;Ljava/lang/Class;[Ljava/lang/Object;Ljava/util/Map;)Ljava/lang/Object; (548 bytes) @ 0x01eef42c [0x01eeee30+0x5fc]
J 850 C1 com.sun.jna.Library$Handler.invoke(Ljava/lang/Object;Ljava/lang/reflect/Method;[Ljava/lang/Object;)Ljava/lang/Object; (348 bytes) @ 0x01ef1ff0 [0x01ef18c0+0x730]
j  com.sun.proxy.$Proxy0.GetFpCharByGen([B[I)I+20
J 860 C1 fingerprintcorev2.Views.RescanUI.fpsmessage()V (285 bytes) @ 0x01ef8e64 [0x01ef8bd0+0x294]
J 858 C1 fingerprintcorev2.Views.RescanUI$9.run()V (8 bytes) @ 0x01ef85f8 [0x01ef85d0+0x28]
j  java.util.TimerThread.mainLoop()V+221
j  java.util.TimerThread.run()V+1
v  ~StubRoutines::call_stub

---------------  P R O C E S S  ---------------

Java Threads: ( => current thread )
  0x167ff400 JavaThread "Timer-10" [_thread_blocked, id=6724, stack(0x16d80000,0x16dd0000)]
  0x167ff000 JavaThread "Timer-9" [_thread_blocked, id=2792, stack(0x15da0000,0x15df0000)]
=>0x167fd800 JavaThread "Timer-8" [_thread_in_vm, id=7908, stack(0x16d20000,0x16d70000)]
  0x167fe400 JavaThread "Timer-6" [_thread_blocked, id=4172, stack(0x15c20000,0x15c70000)]
  0x167fdc00 JavaThread "Timer-5" [_thread_blocked, id=3772, stack(0x16640000,0x16690000)]
  0x16885000 JavaThread "Timer-3" [_thread_blocked, id=6748, stack(0x15c70000,0x15cc0000)]
  0x1682d400 JavaThread "Thread-8" daemon [_thread_blocked, id=3136, stack(0x15b10000,0x15b60000)]
  0x16740800 JavaThread "TimerQueue" daemon [_thread_blocked, id=3796, stack(0x15950000,0x159a0000)]
  0x16727400 JavaThread "Timer-2" [_thread_blocked, id=3812, stack(0x16df0000,0x16e40000)]
  0x15492c00 JavaThread "Timer-0" [_thread_blocked, id=6112, stack(0x15790000,0x157e0000)]
  0x0017c800 JavaThread "DestroyJavaVM" [_thread_blocked, id=4624, stack(0x01a10000,0x01a60000)]
  0x15474400 JavaThread "AWT-EventQueue-0" [_thread_blocked, id=3600, stack(0x15900000,0x15950000)]
  0x15472800 JavaThread "AWT-Windows" daemon [_thread_in_native, id=8008, stack(0x15280000,0x152d0000)]
  0x15471c00 JavaThread "AWT-Shutdown" [_thread_blocked, id=2348, stack(0x15700000,0x15750000)]
  0x1546f000 JavaThread "Java2D Disposer" daemon [_thread_blocked, id=5932, stack(0x14fd0000,0x15020000)]
  0x016d8400 JavaThread "Service Thread" daemon [_thread_blocked, id=7144, stack(0x15160000,0x151b0000)]
  0x016d2400 JavaThread "C1 CompilerThread0" daemon [_thread_blocked, id=3820, stack(0x150c0000,0x15110000)]
  0x016d1800 JavaThread "Attach Listener" daemon [_thread_blocked, id=6840, stack(0x15070000,0x150c0000)]
  0x016ce800 JavaThread "Signal Dispatcher" daemon [_thread_blocked, id=3692, stack(0x15020000,0x15070000)]
  0x016c4400 JavaThread "Finalizer" daemon [_thread_blocked, id=7560, stack(0x14900000,0x14950000)]
  0x01665c00 JavaThread "Reference Handler" daemon [_thread_blocked, id=7020, stack(0x148a0000,0x148f0000)]

Other Threads:
  0x01663400 VMThread [stack: 0x14980000,0x149d0000] [id=5424]
  0x016fdc00 WatcherThread [stack: 0x15300000,0x15350000] [id=4588]

VM state:not at safepoint (normal execution)

VM Mutex/Monitor currently owned by a thread: None

Heap:
 def new generation   total 4928K, used 4492K [0x03e00000, 0x04350000, 0x09350000)
  eden space 4416K,  90% used [0x03e00000, 0x041e3038, 0x04250000)
  from space 512K, 100% used [0x04250000, 0x042d0000, 0x042d0000)
  to   space 512K,   0% used [0x042d0000, 0x042d0000, 0x04350000)
 tenured generation   total 10944K, used 10629K [0x09350000, 0x09e00000, 0x13e00000)
   the space 10944K,  97% used [0x09350000, 0x09db1740, 0x09db1800, 0x09e00000)
 Metaspace       used 3987K, capacity 4241K, committed 4288K, reserved 4480K

Card table byte_map: [0x01880000,0x01910000] byte_map_base: 0x01861000

Polling page: 0x00140000

CodeCache: size=32768Kb used=1851Kb max_used=1851Kb free=30916Kb
 bounds [0x01d30000, 0x01f00000, 0x03d30000]
 total_blobs=1133 nmethods=869 adapters=194
 compilation: enabled

Compilation events (10 events):
Event: 946.001 Thread 0x016d2400  876             java.awt.Container$MouseEventTargetFilter::accept (66 bytes)
Event: 946.002 Thread 0x016d2400 nmethod 876 0x01efe208 code [0x01efe300, 0x01efe430]
Event: 946.359 Thread 0x016d2400  877             javax.swing.AbstractButton::getText (5 bytes)
Event: 946.360 Thread 0x016d2400 nmethod 877 0x01efe488 code [0x01efe580, 0x01efe600]
Event: 946.641 Thread 0x016d2400  878             java.awt.Container::countComponents (10 bytes)
Event: 946.641 Thread 0x016d2400 nmethod 878 0x01efe648 code [0x01efe750, 0x01efe7ec]
Event: 946.642 Thread 0x016d2400  879             javax.swing.GroupLayout$ComponentSpring::calculateNonlinkedPreferredSize (65 bytes)
Event: 946.642 Thread 0x016d2400 nmethod 879 0x01efe848 code [0x01efe960, 0x01efea98]
Event: 948.252 Thread 0x016d2400  880             javax.swing.GroupLayout$ParallelGroup::calculateMinimumSize (19 bytes)
Event: 948.254 Thread 0x016d2400 nmethod 880 0x01efec08 code [0x01efed20, 0x01efee28]

GC Heap History (10 events):
Event: 4.533 GC heap before
{Heap before GC invocations=5 (full 0):
 def new generation   total 4928K, used 4493K [0x03e00000, 0x04350000, 0x09350000)
  eden space 4416K,  99% used [0x03e00000, 0x0424e558, 0x04250000)
  from space 512K,  16% used [0x042d0000, 0x042e50e8, 0x04350000)
  to   space 512K,   0% used [0x04250000, 0x04250000, 0x042d0000)
 tenured generation   total 10944K, used 6812K [0x09350000, 0x09e00000, 0x13e00000)
   the space 10944K,  62% used [0x09350000, 0x099f72c8, 0x099f7400, 0x09e00000)
 Metaspace       used 2081K, capacity 3026K, committed 3136K, reserved 4480K
Event: 4.541 GC heap after
Heap after GC invocations=6 (full 0):
 def new generation   total 4928K, used 512K [0x03e00000, 0x04350000, 0x09350000)
  eden space 4416K,   0% used [0x03e00000, 0x03e00000, 0x04250000)
  from space 512K, 100% used [0x04250000, 0x042d0000, 0x042d0000)
  to   space 512K,   0% used [0x042d0000, 0x042d0000, 0x04350000)
 tenured generation   total 10944K, used 7392K [0x09350000, 0x09e00000, 0x13e00000)
   the space 10944K,  67% used [0x09350000, 0x09a88250, 0x09a88400, 0x09e00000)
 Metaspace       used 2081K, capacity 3026K, committed 3136K, reserved 4480K
}
Event: 4.636 GC heap before
{Heap before GC invocations=6 (full 0):
 def new generation   total 4928K, used 4928K [0x03e00000, 0x04350000, 0x09350000)
  eden space 4416K, 100% used [0x03e00000, 0x04250000, 0x04250000)
  from space 512K, 100% used [0x04250000, 0x042d0000, 0x042d0000)
  to   space 512K,   0% used [0x042d0000, 0x042d0000, 0x04350000)
 tenured generation   total 10944K, used 7392K [0x09350000, 0x09e00000, 0x13e00000)
   the space 10944K,  67% used [0x09350000, 0x09a88250, 0x09a88400, 0x09e00000)
 Metaspace       used 2253K, capacity 3043K, committed 3136K, reserved 4480K
Event: 4.645 GC heap after
Heap after GC invocations=7 (full 0):
 def new generation   total 4928K, used 512K [0x03e00000, 0x04350000, 0x09350000)
  eden space 4416K,   0% used [0x03e00000, 0x03e00000, 0x04250000)
  from space 512K, 100% used [0x042d0000, 0x04350000, 0x04350000)
  to   space 512K,   0% used [0x04250000, 0x04250000, 0x042d0000)
 tenured generation   total 10944K, used 8304K [0x09350000, 0x09e00000, 0x13e00000)
   the space 10944K,  75% used [0x09350000, 0x09b6c1c8, 0x09b6c200, 0x09e00000)
 Metaspace       used 2253K, capacity 3043K, committed 3136K, reserved 4480K
}
Event: 4.777 GC heap before
{Heap before GC invocations=7 (full 0):
 def new generation   total 4928K, used 4925K [0x03e00000, 0x04350000, 0x09350000)
  eden space 4416K,  99% used [0x03e00000, 0x0424f6f8, 0x04250000)
  from space 512K, 100% used [0x042d0000, 0x04350000, 0x04350000)
  to   space 512K,   0% used [0x04250000, 0x04250000, 0x042d0000)
 tenured generation   total 10944K, used 8304K [0x09350000, 0x09e00000, 0x13e00000)
   the space 10944K,  75% used [0x09350000, 0x09b6c1c8, 0x09b6c200, 0x09e00000)
 Metaspace       used 2473K, capacity 3238K, committed 3264K, reserved 4480K
Event: 4.785 GC heap after
Heap after GC invocations=8 (full 0):
 def new generation   total 4928K, used 512K [0x03e00000, 0x04350000, 0x09350000)
  eden space 4416K,   0% used [0x03e00000, 0x03e00000, 0x04250000)
  from space 512K, 100% used [0x04250000, 0x042d0000, 0x042d0000)
  to   space 512K,   0% used [0x042d0000, 0x042d0000, 0x04350000)
 tenured generation   total 10944K, used 9179K [0x09350000, 0x09e00000, 0x13e00000)
   the space 10944K,  83% used [0x09350000, 0x09c46ed8, 0x09c47000, 0x09e00000)
 Metaspace       used 2473K, capacity 3238K, committed 3264K, reserved 4480K
}
Event: 4.984 GC heap before
{Heap before GC invocations=8 (full 0):
 def new generation   total 4928K, used 4928K [0x03e00000, 0x04350000, 0x09350000)
  eden space 4416K, 100% used [0x03e00000, 0x04250000, 0x04250000)
  from space 512K, 100% used [0x04250000, 0x042d0000, 0x042d0000)
  to   space 512K,   0% used [0x042d0000, 0x042d0000, 0x04350000)
 tenured generation   total 10944K, used 9179K [0x09350000, 0x09e00000, 0x13e00000)
   the space 10944K,  83% used [0x09350000, 0x09c46ed8, 0x09c47000, 0x09e00000)
 Metaspace       used 3152K, capacity 3693K, committed 3776K, reserved 4480K
Event: 4.991 GC heap after
Heap after GC invocations=9 (full 0):
 def new generation   total 4928K, used 512K [0x03e00000, 0x04350000, 0x09350000)
  eden space 4416K,   0% used [0x03e00000, 0x03e00000, 0x04250000)
  from space 512K, 100% used [0x042d0000, 0x04350000, 0x04350000)
  to   space 512K,   0% used [0x04250000, 0x04250000, 0x042d0000)
 tenured generation   total 10944K, used 9952K [0x09350000, 0x09e00000, 0x13e00000)
   the space 10944K,  90% used [0x09350000, 0x09d08300, 0x09d08400, 0x09e00000)
 Metaspace       used 3152K, capacity 3693K, committed 3776K, reserved 4480K
}
Event: 21.372 GC heap before
{Heap before GC invocations=9 (full 0):
 def new generation   total 4928K, used 4742K [0x03e00000, 0x04350000, 0x09350000)
  eden space 4416K,  95% used [0x03e00000, 0x04221a48, 0x04250000)
  from space 512K, 100% used [0x042d0000, 0x04350000, 0x04350000)
  to   space 512K,   0% used [0x04250000, 0x04250000, 0x042d0000)
 tenured generation   total 10944K, used 9952K [0x09350000, 0x09e00000, 0x13e00000)
   the space 10944K,  90% used [0x09350000, 0x09d08300, 0x09d08400, 0x09e00000)
 Metaspace       used 3845K, capacity 4105K, committed 4160K, reserved 4480K
Event: 21.380 GC heap after
Heap after GC invocations=10 (full 0):
 def new generation   total 4928K, used 512K [0x03e00000, 0x04350000, 0x09350000)
  eden space 4416K,   0% used [0x03e00000, 0x03e00000, 0x04250000)
  from space 512K, 100% used [0x04250000, 0x042d0000, 0x042d0000)
  to   space 512K,   0% used [0x042d0000, 0x042d0000, 0x04350000)
 tenured generation   total 10944K, used 10629K [0x09350000, 0x09e00000, 0x13e00000)
   the space 10944K,  97% used [0x09350000, 0x09db1740, 0x09db1800, 0x09e00000)
 Metaspace       used 3845K, capacity 4105K, committed 4160K, reserved 4480K
}

Deoptimization events (0 events):
No events

Classes redefined (0 events):
No events

Internal exceptions (10 events):
Event: 0.233 Thread 0x0017c800 Exception <a 'java/security/PrivilegedActionException'> (0x03ed08c0) thrown at [C:\workspace\8-2-build-windows-i586-cygwin\jdk8u181\11358\hotspot\src\share\vm\prims\jvm.cpp, line 1435]
Event: 0.234 Thread 0x0017c800 Exception <a 'java/security/PrivilegedActionException'> (0x03ed0ac0) thrown at [C:\workspace\8-2-build-windows-i586-cygwin\jdk8u181\11358\hotspot\src\share\vm\prims\jvm.cpp, line 1435]
Event: 0.247 Thread 0x0017c800 Exception <a 'java/io/FileNotFoundException'> (0x03ed2d80) thrown at [C:\workspace\8-2-build-windows-i586-cygwin\jdk8u181\11358\hotspot\src\share\vm\prims\jni.cpp, line 709]
Event: 0.318 Thread 0x0017c800 Exception <a 'java/lang/NoSuchFieldError': method resolution failed> (0x03f90ff8) thrown at [C:\workspace\8-2-build-windows-i586-cygwin\jdk8u181\11358\hotspot\src\share\vm\prims\methodHandles.cpp, line 1167]
Event: 0.324 Thread 0x0017c800 Exception <a 'java/lang/NoSuchFieldError': method resolution failed> (0x03f9d1e0) thrown at [C:\workspace\8-2-build-windows-i586-cygwin\jdk8u181\11358\hotspot\src\share\vm\prims\methodHandles.cpp, line 1167]
Event: 0.395 Thread 0x15474400 Exception <a 'java/io/FileNotFoundException'> (0x04055ab8) thrown at [C:\workspace\8-2-build-windows-i586-cygwin\jdk8u181\11358\hotspot\src\share\vm\prims\jni.cpp, line 709]
Event: 4.078 Thread 0x16727400 Exception <a 'java/lang/NoClassDefFoundError': org/apache/log4j/Category> (0x03ffd8c8) thrown at [C:\workspace\8-2-build-windows-i586-cygwin\jdk8u181\11358\hotspot\src\share\vm\classfile\systemDictionary.cpp, line 199]
Event: 21.219 Thread 0x15474400 Exception <a 'java/net/SocketTimeoutException': Read timed out> (0x041b4408) thrown at [C:\workspace\8-2-build-windows-i586-cygwin\jdk8u181\11358\hotspot\src\share\vm\prims\jni.cpp, line 735]
Event: 23.337 Thread 0x167fd800 Exception <a 'java/net/SocketTimeoutException': Read timed out> (0x03f99d90) thrown at [C:\workspace\8-2-build-windows-i586-cygwin\jdk8u181\11358\hotspot\src\share\vm\prims\jni.cpp, line 735]
Event: 26.363 Thread 0x167fe400 Exception <a 'java/io/IOException': CreateProcess error=2, The system cannot find the file specified> (0x03fef708) thrown at [C:\workspace\8-2-build-windows-i586-cygwin\jdk8u181\11358\hotspot\src\share\vm\prims\jni.cpp, line 735]

Events (10 events):
Event: 60.136 Executing VM operation: RevokeBias
Event: 60.136 Executing VM operation: RevokeBias done
Event: 854.021 Executing VM operation: RevokeBias
Event: 854.022 Executing VM operation: RevokeBias done
Event: 942.696 Executing VM operation: BulkRevokeBias
Event: 942.696 Executing VM operation: BulkRevokeBias done
Event: 946.560 Executing VM operation: RevokeBias
Event: 946.560 Executing VM operation: RevokeBias done
Event: 948.350 Executing VM operation: RevokeBias
Event: 948.350 Executing VM operation: RevokeBias done


Dynamic libraries:
0x01140000 - 0x01173000 	C:\Program Files\Java\jdk1.8.0_181\jre\bin\java.exe
0x77410000 - 0x7754c000 	C:\Windows\SYSTEM32\ntdll.dll
0x76800000 - 0x768d4000 	C:\Windows\system32\kernel32.dll
0x75640000 - 0x7568a000 	C:\Windows\system32\KERNELBASE.dll
0x775a0000 - 0x77640000 	C:\Windows\system32\ADVAPI32.dll
0x76c90000 - 0x76d3c000 	C:\Windows\system32\msvcrt.dll
0x76640000 - 0x76659000 	C:\Windows\SYSTEM32\sechost.dll
0x77210000 - 0x772b1000 	C:\Windows\system32\RPCRT4.dll
0x76dc0000 - 0x76e89000 	C:\Windows\system32\USER32.dll
0x77320000 - 0x7736e000 	C:\Windows\system32\GDI32.dll
0x77550000 - 0x7755a000 	C:\Windows\system32\LPK.dll
0x77370000 - 0x7740d000 	C:\Windows\system32\USP10.dll
0x744c0000 - 0x7465e000 	C:\Windows\WinSxS\x86_microsoft.windows.common-controls_6595b64144ccf1df_6.0.7600.16385_none_421189da2b7fabfc\COMCTL32.dll
0x772c0000 - 0x77317000 	C:\Windows\system32\SHLWAPI.dll
0x77570000 - 0x7758f000 	C:\Windows\system32\IMM32.DLL
0x77140000 - 0x7720c000 	C:\Windows\system32\MSCTF.dll
0x66cf0000 - 0x66daf000 	C:\Program Files\Java\jdk1.8.0_181\jre\bin\msvcr100.dll
0x662f0000 - 0x666c3000 	C:\Program Files\Java\jdk1.8.0_181\jre\bin\client\jvm.dll
0x71ed0000 - 0x71ed7000 	C:\Windows\system32\WSOCK32.dll
0x75860000 - 0x75895000 	C:\Windows\system32\WS2_32.dll
0x77560000 - 0x77566000 	C:\Windows\system32\NSI.dll
0x6f470000 - 0x6f4a2000 	C:\Windows\system32\WINMM.dll
0x74a60000 - 0x74a69000 	C:\Windows\system32\VERSION.dll
0x77590000 - 0x77595000 	C:\Windows\system32\PSAPI.DLL
0x74770000 - 0x7477c000 	C:\Program Files\Java\jdk1.8.0_181\jre\bin\verify.dll
0x6c2d0000 - 0x6c2f2000 	C:\Program Files\Java\jdk1.8.0_181\jre\bin\java.dll
0x73cb0000 - 0x73cc4000 	C:\Program Files\Java\jdk1.8.0_181\jre\bin\zip.dll
0x759f0000 - 0x76639000 	C:\Windows\system32\SHELL32.dll
0x76a70000 - 0x76bcc000 	C:\Windows\system32\ole32.dll
0x75560000 - 0x7556b000 	C:\Windows\system32\profapi.dll
0x661a0000 - 0x662e7000 	C:\Program Files\Java\jdk1.8.0_181\jre\bin\awt.dll
0x76c00000 - 0x76c8f000 	C:\Windows\system32\OLEAUT32.dll
0x74360000 - 0x743a0000 	C:\Windows\system32\uxtheme.dll
0x74040000 - 0x74053000 	C:\Windows\system32\dwmapi.dll
0x754b0000 - 0x754bc000 	C:\Windows\system32\CRYPTBASE.dll
0x6bd20000 - 0x6bde8000 	C:\Windows\system32\opengl32.dll
0x6c0d0000 - 0x6c0f2000 	C:\Windows\system32\GLU32.dll
0x6bc30000 - 0x6bd17000 	C:\Windows\system32\DDRAW.dll
0x6c0c0000 - 0x6c0c6000 	C:\Windows\system32\DCIMAN32.dll
0x76660000 - 0x767fd000 	C:\Windows\system32\SETUPAPI.dll
0x75610000 - 0x75637000 	C:\Windows\system32\CFGMGR32.dll
0x75690000 - 0x756a2000 	C:\Windows\system32\DEVOBJ.dll
0x6c290000 - 0x6c2c9000 	C:\Program Files\Java\jdk1.8.0_181\jre\bin\fontmanager.dll
0x768e0000 - 0x76963000 	C:\Windows\system32\CLBCatQ.DLL
0x73da0000 - 0x73e9b000 	C:\Windows\system32\WindowsCodecs.dll
0x75460000 - 0x754ab000 	C:\Windows\system32\apphelp.dll
0x70d30000 - 0x70d61000 	C:\Windows\system32\EhStorShell.dll
0x743a0000 - 0x74495000 	C:\Windows\system32\PROPSYS.dll
0x15ff0000 - 0x1620d000 	C:\PROGRA~1\MICROS~1\Office12\GR469A~1.DLL
0x68ef0000 - 0x68fe1000 	C:\PROGRA~1\MICROS~1\Office12\GrooveUtil.DLL
0x76970000 - 0x76a64000 	C:\Windows\system32\WININET.dll
0x759e0000 - 0x759e3000 	C:\Windows\system32\Normaliz.dll
0x758a0000 - 0x759d5000 	C:\Windows\system32\urlmon.dll
0x75740000 - 0x7585c000 	C:\Windows\system32\CRYPT32.dll
0x755d0000 - 0x755dc000 	C:\Windows\system32\MSASN1.dll
0x76ef0000 - 0x770e9000 	C:\Windows\system32\iertutil.dll
0x70c90000 - 0x70d2b000 	C:\Windows\WinSxS\x86_microsoft.vc80.crt_1fc8b3b9a1e18e3b_8.0.50727.4927_none_d08a205e442db5b5\MSVCR80.dll
0x68ff0000 - 0x68ff7000 	C:\PROGRA~1\MICROS~1\Office12\GrooveNew.DLL
0x7c630000 - 0x7c64b000 	C:\Windows\WinSxS\x86_microsoft.vc80.atl_1fc8b3b9a1e18e3b_8.0.50727.42_none_dc990e4797f81af1\ATL80.DLL
0x74fe0000 - 0x74ff6000 	C:\Windows\system32\CRYPTSP.dll
0x74d80000 - 0x74dbb000 	C:\Windows\system32\rsaenh.dll
0x73b90000 - 0x73b95000 	C:\Windows\system32\MSImg32.dll
0x70ba0000 - 0x70c0a000 	C:\Windows\System32\cscui.dll
0x70b90000 - 0x70b99000 	C:\Windows\System32\CSCDLL.dll
0x70b80000 - 0x70b8b000 	C:\Windows\system32\CSCAPI.dll
0x70b10000 - 0x70b7f000 	C:\Windows\system32\ntshrui.dll
0x75390000 - 0x753a9000 	C:\Windows\system32\srvcli.dll
0x737e0000 - 0x737ea000 	C:\Windows\system32\slc.dll
0x720c0000 - 0x720d5000 	C:\Program Files\Java\jdk1.8.0_181\jre\bin\net.dll
0x74fa0000 - 0x74fdc000 	C:\Windows\system32\mswsock.dll
0x74f90000 - 0x74f96000 	C:\Windows\System32\wship6.dll
0x72050000 - 0x7205f000 	C:\Program Files\Java\jdk1.8.0_181\jre\bin\nio.dll
0x682d0000 - 0x68302000 	C:\Program Files\Java\jdk1.8.0_181\jre\bin\t2k.dll
0x74bc0000 - 0x74bd7000 	C:\Windows\system32\USERENV.dll
0x73670000 - 0x7368c000 	C:\Windows\system32\IPHLPAPI.DLL
0x73660000 - 0x73667000 	C:\Windows\system32\WINNSI.DLL
0x734b0000 - 0x734c2000 	C:\Windows\system32\dhcpcsvc.DLL
0x72f40000 - 0x72f4d000 	C:\Windows\system32\dhcpcsvc6.DLL
0x68110000 - 0x68148000 	C:\Users\Admin\AppData\Local\Temp\jna-63116079\jna7383684155692267156.dll
0x6b790000 - 0x6b793000 	C:\Program Files\Java\jdk1.8.0_181\jre\bin\api-ms-win-core-synch-l1-2-0.DLL
0x155a0000 - 0x155e9000 	C:\Windows\system32\fpengine.dll
0x019d0000 - 0x019fa000 	C:\Windows\system32\fpcore32.dll
0x6f4b0000 - 0x6f501000 	C:\Windows\system32\WINSPOOL.DRV
0x73f40000 - 0x73f47000 	C:\Windows\system32\WINUSB.DLL
0x741d0000 - 0x74360000 	C:\Windows\WinSxS\x86_microsoft.windows.gdiplus_6595b64144ccf1df_1.1.7600.16385_none_72fc7cbf861225ca\gdiplus.dll
0x755e0000 - 0x7560d000 	C:\Windows\system32\WINTRUST.dll
0x72020000 - 0x72040000 	C:\Program Files\Java\jdk1.8.0_181\jre\bin\sunec.dll
0x69c30000 - 0x69d1b000 	C:\Windows\system32\dbghelp.dll

VM Arguments:
jvm_args: -Dfile.encoding=UTF-8 
java_command: fingerprintcorev2.Views.IntroPage
java_class_path (initial): C:\Users\Admin\Downloads\org-apache-commons-codec.jar\org-apache-commons-codec.jar;C:\Users\Admin\Downloads\jna-4.5.2.jar;C:\Users\Admin\Downloads\unirest-java-1.4.9.jar;C:\Users\Admin\Downloads\org.json.jar\org.json.jar;C:\Users\Admin\Downloads\commons-logging-1.1.2.jar;C:\Users\Admin\Downloads\httpclient-4.5.5.jar;C:\Users\Admin\Downloads\httpcore-4.4.9.jar;C:\Users\Admin\Downloads\httpcore-nio-4.4.10.jar;C:\Users\Admin\Downloads\httpmime-4.5.6.jar;C:\Users\Admin\Downloads\httpasyncclient-4.0-beta4.jar\httpasyncclient-4.0-beta4.jar;C:\Users\Admin\Documents\NetBeansProjects\FingerprintCoreV2\build\classes
Launcher Type: SUN_STANDARD

Environment Variables:
PATH=C:\Program Files\Common Files\Oracle\Java\javapath;C:\Windows\system32;C:\Windows;C:\Windows\System32\Wbem;C:\Windows\System32\WindowsPowerShell\v1.0\;C:\Program Files\Git\cmd;C:\Program Files\Neurotechnology\FreeFingerprintVerificationSDK 1.0\bin\Win32_x86;C:\Program Files\nodejs\;C:\Users\Admin\AppData\Roaming\npm
USERNAME=Admin
OS=Windows_NT
PROCESSOR_IDENTIFIER=x86 Family 6 Model 76 Stepping 4, GenuineIntel



---------------  S Y S T E M  ---------------

OS: Windows 7 Build 7600 (6.1.7600.16385)

CPU:total 2 (initial active 2) (2 cores per cpu, 1 threads per core) family 6 model 76 stepping 4, cmov, cx8, fxsr, mmx, sse, sse2, sse3, ssse3, sse4.1, sse4.2, popcnt, aes, clmul, erms, 3dnowpref, tsc, tscinvbit

Memory: 4k page, physical 2008308k(509692k free), swap 4016616k(1754956k free)

vm_info: Java HotSpot(TM) Client VM (25.181-b13) for windows-x86 JRE (1.8.0_181-b13), built on Jul  7 2018 03:18:20 by "java_re" with MS VC++ 10.0 (VS2010)

time: Sat Aug 18 13:24:15 2018
elapsed time: 949 seconds (0d 0h 15m 49s)

