#
# A fatal error has been detected by the Java Runtime Environment:
#
#  EXCEPTION_ACCESS_VIOLATION (0xc0000005) at pc=0x7759205b, pid=1392, tid=0x00001f90
#
# JRE version: Java(TM) SE Runtime Environment (8.0_181-b13) (build 1.8.0_181-b13)
# Java VM: Java HotSpot(TM) Client VM (25.181-b13 mixed mode windows-x86 )
# Problematic frame:
# C  [ntdll.dll+0x5205b]
#
# Failed to write core dump. Minidumps are not enabled by default on client versions of Windows
#
# If you would like to submit a bug report, please visit:
#   http://bugreport.java.com/bugreport/crash.jsp
#

---------------  T H R E A D  ---------------

Current thread (0x14862800):  JavaThread "Timer-6" [_thread_in_vm, id=8080, stack(0x16140000,0x16190000)]

siginfo: ExceptionCode=0xc0000005, writing address 0x00210020

Registers:
EAX=0x00210020, EBX=0x0f850025, ECX=0x002702b7, EDX=0x00000027
ESP=0x1618ea58, EBP=0x1618ea8c, ESI=0x751227b0, EDI=0x0f850000
EIP=0x7759205b, EFLAGS=0x00010206

Top of Stack: (sp=0x1618ea58)
0x1618ea58:   00000000 005e0000 14bb7c58 00000000
0x1618ea68:   1618f404 00250024 00270026 00000004
0x1618ea78:   14862800 1618eab4 00230022 00000001
0x1618ea88:   14bb7c50 1618eaa4 77591faf 14862800
0x1618ea98:   00000000 14bb7c58 14bb7c50 1618eab8
0x1618eaa8:   75a9f1ac 005e0000 00000000 14bb7c58
0x1618eab8:   1618eacc 6806016a 005e0000 00000000
0x1618eac8:   14bb7c58 1618eadc 67ab3f33 14bb7c58 

Instructions: (pc=0x7759205b)
0x7759203b:   08 2b 7d f4 33 c0 c1 ef 03 0f a4 f8 10 c1 e7 10
0x7759204b:   c1 ea 10 0b df 0b c8 8b 06 c7 45 f8 01 00 00 00
0x7759205b:   89 30 8b 45 e0 8b 55 e4 8d 7e 08 f0 0f c7 0f 3b
0x7759206b:   45 e0 0f 85 fc 0f fd ff 3b 55 e4 0f 85 f3 0f fd 


Register to memory mapping:

EAX=0x00210020 is an unknown value
EBX=0x0f850025 is an unallocated location in the heap
ECX=0x002702b7 is an unknown value
EDX=0x00000027 is an unknown value
ESP=0x1618ea58 is pointing into the stack for thread: 0x14862800
EBP=0x1618ea8c is pointing into the stack for thread: 0x14862800
ESI=0x751227b0 is an unknown value
EDI=0x0f850000 is an unallocated location in the heap


Stack: [0x16140000,0x16190000],  sp=0x1618ea58,  free space=314k
Native frames: (J=compiled Java code, j=interpreted, Vv=VM code, C=native code)
C  [ntdll.dll+0x5205b]
C  [ntdll.dll+0x51faf]
C  [kernel32.dll+0x4f1ac]
C  [msvcr100.dll+0x1016a]
V  [jvm.dll+0x163f33]
V  [jvm.dll+0xe6847]
C  [jna6474608699044828738.dll+0x8ef9]
C  [jna6474608699044828738.dll+0x36d2]
J 674  com.sun.jna.Native.invokeInt(Lcom/sun/jna/Function;JI[Ljava/lang/Object;)I (0 bytes) @ 0x0202aadc [0x0202aa20+0xbc]
J 673 C1 com.sun.jna.Function.invoke([Ljava/lang/Object;Ljava/lang/Class;ZI)Ljava/lang/Object; (769 bytes) @ 0x0202790c [0x02027700+0x20c]
J 670 C1 com.sun.jna.Function.invoke(Ljava/lang/reflect/Method;[Ljava/lang/Class;Ljava/lang/Class;[Ljava/lang/Object;Ljava/util/Map;)Ljava/lang/Object; (548 bytes) @ 0x020230ec [0x02022af0+0x5fc]
J 672 C1 com.sun.jna.Library$Handler.invoke(Ljava/lang/Object;Ljava/lang/reflect/Method;[Ljava/lang/Object;)Ljava/lang/Object; (348 bytes) @ 0x02025db0 [0x02025680+0x730]
j  com.sun.proxy.$Proxy0.GetFpCharByGen([B[I)I+20
J 680 C1 fingerprintcorev2.Views.RescanUI.fpsmessage()V (285 bytes) @ 0x0202bce4 [0x0202ba50+0x294]
J 678 C1 fingerprintcorev2.Views.RescanUI$9.run()V (8 bytes) @ 0x0201f7f8 [0x0201f7d0+0x28]
J 726 C1 java.util.TimerThread.mainLoop()V (232 bytes) @ 0x0203e974 [0x0203e550+0x424]
j  java.util.TimerThread.run()V+1
v  ~StubRoutines::call_stub
V  [jvm.dll+0x15c065]
V  [jvm.dll+0x223ade]
V  [jvm.dll+0x15c0fe]
V  [jvm.dll+0x15c286]
V  [jvm.dll+0x15c2f7]
V  [jvm.dll+0x10016f]
V  [jvm.dll+0x17f280]
V  [jvm.dll+0x17fafa]
V  [jvm.dll+0x1c5416]
C  [msvcr100.dll+0x5c556]
C  [msvcr100.dll+0x5c600]
C  [kernel32.dll+0x51174]
C  [ntdll.dll+0x5b3f5]
C  [ntdll.dll+0x5b3c8]
C  0x00000000

Java frames: (J=compiled Java code, j=interpreted, Vv=VM code)
J 674  com.sun.jna.Native.invokeInt(Lcom/sun/jna/Function;JI[Ljava/lang/Object;)I (0 bytes) @ 0x0202aa98 [0x0202aa20+0x78]
J 673 C1 com.sun.jna.Function.invoke([Ljava/lang/Object;Ljava/lang/Class;ZI)Ljava/lang/Object; (769 bytes) @ 0x0202790c [0x02027700+0x20c]
J 670 C1 com.sun.jna.Function.invoke(Ljava/lang/reflect/Method;[Ljava/lang/Class;Ljava/lang/Class;[Ljava/lang/Object;Ljava/util/Map;)Ljava/lang/Object; (548 bytes) @ 0x020230ec [0x02022af0+0x5fc]
J 672 C1 com.sun.jna.Library$Handler.invoke(Ljava/lang/Object;Ljava/lang/reflect/Method;[Ljava/lang/Object;)Ljava/lang/Object; (348 bytes) @ 0x02025db0 [0x02025680+0x730]
j  com.sun.proxy.$Proxy0.GetFpCharByGen([B[I)I+20
J 680 C1 fingerprintcorev2.Views.RescanUI.fpsmessage()V (285 bytes) @ 0x0202bce4 [0x0202ba50+0x294]
J 678 C1 fingerprintcorev2.Views.RescanUI$9.run()V (8 bytes) @ 0x0201f7f8 [0x0201f7d0+0x28]
J 726 C1 java.util.TimerThread.mainLoop()V (232 bytes) @ 0x0203e974 [0x0203e550+0x424]
j  java.util.TimerThread.run()V+1
v  ~StubRoutines::call_stub

---------------  P R O C E S S  ---------------

Java Threads: ( => current thread )
  0x14863400 JavaThread "Timer-7" [_thread_blocked, id=6628, stack(0x153a0000,0x153f0000)]
=>0x14862800 JavaThread "Timer-6" [_thread_in_vm, id=8080, stack(0x16140000,0x16190000)]
  0x14862c00 JavaThread "Timer-5" [_thread_blocked, id=3360, stack(0x14e90000,0x14ee0000)]
  0x14860800 JavaThread "Timer-4" [_thread_blocked, id=1912, stack(0x14d60000,0x14db0000)]
  0x14862000 JavaThread "Thread-9" daemon [_thread_blocked, id=6892, stack(0x164b0000,0x16500000)]
  0x14861c00 JavaThread "Timer-3" [_thread_blocked, id=7832, stack(0x16360000,0x163b0000)]
  0x14861400 JavaThread "Timer-2" [_thread_blocked, id=6812, stack(0x161e0000,0x16230000)]
  0x14861000 JavaThread "TimerQueue" daemon [_thread_blocked, id=4760, stack(0x15cc0000,0x15d10000)]
  0x14860000 JavaThread "DestroyJavaVM" [_thread_blocked, id=7676, stack(0x00d20000,0x00d70000)]
  0x1485fc00 JavaThread "AWT-EventQueue-0" [_thread_blocked, id=5440, stack(0x15050000,0x150a0000)]
  0x1485f400 JavaThread "AWT-Windows" daemon [_thread_in_native, id=4416, stack(0x14cc0000,0x14d10000)]
  0x1485f000 JavaThread "AWT-Shutdown" [_thread_blocked, id=4796, stack(0x14de0000,0x14e30000)]
  0x1485e800 JavaThread "Java2D Disposer" daemon [_thread_blocked, id=4540, stack(0x14560000,0x145b0000)]
  0x00dc2400 JavaThread "Service Thread" daemon [_thread_blocked, id=6348, stack(0x14730000,0x14780000)]
  0x00dce400 JavaThread "C1 CompilerThread0" daemon [_thread_blocked, id=6320, stack(0x14630000,0x14680000)]
  0x00dcd000 JavaThread "Attach Listener" daemon [_thread_blocked, id=7812, stack(0x03f70000,0x03fc0000)]
  0x00dca000 JavaThread "Signal Dispatcher" daemon [_thread_blocked, id=7128, stack(0x145c0000,0x14610000)]
  0x00da9800 JavaThread "Finalizer" daemon [_thread_blocked, id=6004, stack(0x00bf0000,0x00c40000)]
  0x00d83c00 JavaThread "Reference Handler" daemon [_thread_blocked, id=7524, stack(0x03ea0000,0x03ef0000)]

Other Threads:
  0x00d7d000 VMThread [stack: 0x03f20000,0x03f70000] [id=5072]
  0x00dc5400 WatcherThread [stack: 0x14680000,0x146d0000] [id=4108]

VM state:not at safepoint (normal execution)

VM Mutex/Monitor currently owned by a thread: None

Heap:
 def new generation   total 8320K, used 3684K [0x04000000, 0x04900000, 0x09550000)
  eden space 7424K,  49% used [0x04000000, 0x043990d8, 0x04740000)
  from space 896K,   0% used [0x04740000, 0x04740000, 0x04820000)
  to   space 896K,   0% used [0x04820000, 0x04820000, 0x04900000)
 tenured generation   total 18276K, used 10963K [0x09550000, 0x0a729000, 0x14000000)
   the space 18276K,  59% used [0x09550000, 0x0a004e70, 0x0a005000, 0x0a729000)
 Metaspace       used 11513K, capacity 11721K, committed 11904K, reserved 12672K

Card table byte_map: [0x00c90000,0x00d20000] byte_map_base: 0x00c70000

Polling page: 0x00260000

CodeCache: size=32768Kb used=1823Kb max_used=1823Kb free=30944Kb
 bounds [0x01ea0000, 0x02070000, 0x03ea0000]
 total_blobs=1097 nmethods=834 adapters=193
 compilation: enabled

Compilation events (10 events):
Event: 159.589 Thread 0x00dce400  843             org.apache.commons.codec.binary.Hex::decodeHex (87 bytes)
Event: 159.590 Thread 0x00dce400 nmethod 843 0x02066c08 code [0x02066d30, 0x02066f84]
Event: 159.755 Thread 0x00dce400  844   !         sun.awt.image.SurfaceManager::getManager (47 bytes)
Event: 159.756 Thread 0x00dce400 nmethod 844 0x02067188 code [0x020672c0, 0x020674c0]
Event: 162.141 Thread 0x00dce400  845             javax.swing.plaf.metal.MetalLookAndFeel::getLayoutStyle (4 bytes)
Event: 162.142 Thread 0x00dce400 nmethod 845 0x02067688 code [0x02067780, 0x02067800]
Event: 162.251 Thread 0x00dce400  846   !         java.awt.Font::equals (132 bytes)
Event: 162.252 Thread 0x00dce400 nmethod 846 0x02067848 code [0x02067990, 0x02067bcc]
Event: 162.253 Thread 0x00dce400  847             javax.swing.SwingUtilities::computeIntersection (189 bytes)
Event: 162.254 Thread 0x00dce400 nmethod 847 0x02067e48 code [0x02067f40, 0x02068050]

GC Heap History (10 events):
Event: 12.413 GC heap before
{Heap before GC invocations=5 (full 0):
 def new generation   total 4928K, used 4506K [0x04000000, 0x04550000, 0x09550000)
  eden space 4416K, 100% used [0x04000000, 0x04450000, 0x04450000)
  from space 512K,  17% used [0x044d0000, 0x044e69e8, 0x04550000)
  to   space 512K,   0% used [0x04450000, 0x04450000, 0x044d0000)
 tenured generation   total 10944K, used 6934K [0x09550000, 0x0a000000, 0x14000000)
   the space 10944K,  63% used [0x09550000, 0x09c159e0, 0x09c15a00, 0x0a000000)
 Metaspace       used 9346K, capacity 9560K, committed 9600K, reserved 9600K
Event: 12.423 GC heap after
Heap after GC invocations=6 (full 0):
 def new generation   total 4928K, used 512K [0x04000000, 0x04550000, 0x09550000)
  eden space 4416K,   0% used [0x04000000, 0x04000000, 0x04450000)
  from space 512K, 100% used [0x04450000, 0x044d0000, 0x044d0000)
  to   space 512K,   0% used [0x044d0000, 0x044d0000, 0x04550000)
 tenured generation   total 10944K, used 7534K [0x09550000, 0x0a000000, 0x14000000)
   the space 10944K,  68% used [0x09550000, 0x09cabac8, 0x09cabc00, 0x0a000000)
 Metaspace       used 9346K, capacity 9560K, committed 9600K, reserved 9600K
}
Event: 12.518 GC heap before
{Heap before GC invocations=6 (full 0):
 def new generation   total 4928K, used 4928K [0x04000000, 0x04550000, 0x09550000)
  eden space 4416K, 100% used [0x04000000, 0x04450000, 0x04450000)
  from space 512K, 100% used [0x04450000, 0x044d0000, 0x044d0000)
  to   space 512K,   0% used [0x044d0000, 0x044d0000, 0x04550000)
 tenured generation   total 10944K, used 7534K [0x09550000, 0x0a000000, 0x14000000)
   the space 10944K,  68% used [0x09550000, 0x09cabac8, 0x09cabc00, 0x0a000000)
 Metaspace       used 9519K, capacity 9705K, committed 9856K, reserved 10624K
Event: 12.527 GC heap after
Heap after GC invocations=7 (full 0):
 def new generation   total 4928K, used 512K [0x04000000, 0x04550000, 0x09550000)
  eden space 4416K,   0% used [0x04000000, 0x04000000, 0x04450000)
  from space 512K, 100% used [0x044d0000, 0x04550000, 0x04550000)
  to   space 512K,   0% used [0x04450000, 0x04450000, 0x044d0000)
 tenured generation   total 10944K, used 8419K [0x09550000, 0x0a000000, 0x14000000)
   the space 10944K,  76% used [0x09550000, 0x09d88c10, 0x09d88e00, 0x0a000000)
 Metaspace       used 9519K, capacity 9705K, committed 9856K, reserved 10624K
}
Event: 12.651 GC heap before
{Heap before GC invocations=7 (full 0):
 def new generation   total 4928K, used 4928K [0x04000000, 0x04550000, 0x09550000)
  eden space 4416K, 100% used [0x04000000, 0x04450000, 0x04450000)
  from space 512K, 100% used [0x044d0000, 0x04550000, 0x04550000)
  to   space 512K,   0% used [0x04450000, 0x04450000, 0x044d0000)
 tenured generation   total 10944K, used 8419K [0x09550000, 0x0a000000, 0x14000000)
   the space 10944K,  76% used [0x09550000, 0x09d88c10, 0x09d88e00, 0x0a000000)
 Metaspace       used 9730K, capacity 9932K, committed 9984K, reserved 10624K
Event: 12.660 GC heap after
Heap after GC invocations=8 (full 0):
 def new generation   total 4928K, used 512K [0x04000000, 0x04550000, 0x09550000)
  eden space 4416K,   0% used [0x04000000, 0x04000000, 0x04450000)
  from space 512K, 100% used [0x04450000, 0x044d0000, 0x044d0000)
  to   space 512K,   0% used [0x044d0000, 0x044d0000, 0x04550000)
 tenured generation   total 10944K, used 9259K [0x09550000, 0x0a000000, 0x14000000)
   the space 10944K,  84% used [0x09550000, 0x09e5ac68, 0x09e5ae00, 0x0a000000)
 Metaspace       used 9730K, capacity 9932K, committed 9984K, reserved 10624K
}
Event: 12.829 GC heap before
{Heap before GC invocations=8 (full 0):
 def new generation   total 4928K, used 4928K [0x04000000, 0x04550000, 0x09550000)
  eden space 4416K, 100% used [0x04000000, 0x04450000, 0x04450000)
  from space 512K, 100% used [0x04450000, 0x044d0000, 0x044d0000)
  to   space 512K,   0% used [0x044d0000, 0x044d0000, 0x04550000)
 tenured generation   total 10944K, used 9259K [0x09550000, 0x0a000000, 0x14000000)
   the space 10944K,  84% used [0x09550000, 0x09e5ac68, 0x09e5ae00, 0x0a000000)
 Metaspace       used 10433K, capacity 10643K, committed 10752K, reserved 11648K
Event: 12.835 GC heap after
Heap after GC invocations=9 (full 0):
 def new generation   total 4928K, used 512K [0x04000000, 0x04550000, 0x09550000)
  eden space 4416K,   0% used [0x04000000, 0x04000000, 0x04450000)
  from space 512K, 100% used [0x044d0000, 0x04550000, 0x04550000)
  to   space 512K,   0% used [0x04450000, 0x04450000, 0x044d0000)
 tenured generation   total 10944K, used 10040K [0x09550000, 0x0a000000, 0x14000000)
   the space 10944K,  91% used [0x09550000, 0x09f1e068, 0x09f1e200, 0x0a000000)
 Metaspace       used 10433K, capacity 10643K, committed 10752K, reserved 11648K
}
Event: 137.359 GC heap before
{Heap before GC invocations=9 (full 0):
 def new generation   total 4928K, used 4918K [0x04000000, 0x04550000, 0x09550000)
  eden space 4416K,  99% used [0x04000000, 0x0444d870, 0x04450000)
  from space 512K, 100% used [0x044d0000, 0x04550000, 0x04550000)
  to   space 512K,   0% used [0x04450000, 0x04450000, 0x044d0000)
 tenured generation   total 10944K, used 10040K [0x09550000, 0x0a000000, 0x14000000)
   the space 10944K,  91% used [0x09550000, 0x09f1e068, 0x09f1e200, 0x0a000000)
 Metaspace       used 11533K, capacity 11759K, committed 11904K, reserved 12672K
Event: 137.419 GC heap after
Heap after GC invocations=10 (full 1):
 def new generation   total 8320K, used 301K [0x04000000, 0x04900000, 0x09550000)
  eden space 7424K,   4% used [0x04000000, 0x0404b538, 0x04740000)
  from space 896K,   0% used [0x04740000, 0x04740000, 0x04820000)
  to   space 896K,   0% used [0x04820000, 0x04820000, 0x04900000)
 tenured generation   total 18276K, used 10963K [0x09550000, 0x0a729000, 0x14000000)
   the space 18276K,  59% used [0x09550000, 0x0a004e70, 0x0a005000, 0x0a729000)
 Metaspace       used 11509K, capacity 11719K, committed 11904K, reserved 12672K
}

Deoptimization events (0 events):
No events

Classes redefined (0 events):
No events

Internal exceptions (10 events):
Event: 0.498 Thread 0x005ec800 Exception <a 'java/security/PrivilegedActionException'> (0x040d01b0) thrown at [C:\workspace\8-2-build-windows-i586-cygwin\jdk8u181\11358\hotspot\src\share\vm\prims\jvm.cpp, line 1435]
Event: 0.505 Thread 0x005ec800 Exception <a 'java/io/FileNotFoundException'> (0x040d1f28) thrown at [C:\workspace\8-2-build-windows-i586-cygwin\jdk8u181\11358\hotspot\src\share\vm\prims\jni.cpp, line 709]
Event: 0.589 Thread 0x005ec800 Exception <a 'java/lang/NoSuchFieldError': method resolution failed> (0x04190960) thrown at [C:\workspace\8-2-build-windows-i586-cygwin\jdk8u181\11358\hotspot\src\share\vm\prims\methodHandles.cpp, line 1167]
Event: 0.592 Thread 0x005ec800 Exception <a 'java/lang/NoSuchFieldError': method resolution failed> (0x0419cbc8) thrown at [C:\workspace\8-2-build-windows-i586-cygwin\jdk8u181\11358\hotspot\src\share\vm\prims\methodHandles.cpp, line 1167]
Event: 0.741 Thread 0x1485fc00 Exception <a 'java/io/FileNotFoundException'> (0x04263ba0) thrown at [C:\workspace\8-2-build-windows-i586-cygwin\jdk8u181\11358\hotspot\src\share\vm\prims\jni.cpp, line 709]
Event: 11.791 Thread 0x1485fc00 Exception <a 'java/lang/NoClassDefFoundError': org/apache/log4j/Category> (0x04213f50) thrown at [C:\workspace\8-2-build-windows-i586-cygwin\jdk8u181\11358\hotspot\src\share\vm\classfile\systemDictionary.cpp, line 199]
Event: 15.151 Thread 0x14861400 Exception <a 'java/net/SocketTimeoutException': Read timed out> (0x0438abb0) thrown at [C:\workspace\8-2-build-windows-i586-cygwin\jdk8u181\11358\hotspot\src\share\vm\prims\jni.cpp, line 735]
Event: 134.872 Thread 0x1485fc00 Exception <a 'java/net/ConnectException': Connection refused: connect> (0x043d2560) thrown at [C:\workspace\8-2-build-windows-i586-cygwin\jdk8u181\11358\hotspot\src\share\vm\prims\jni.cpp, line 735]
Event: 135.868 Thread 0x1485fc00 Exception <a 'java/net/ConnectException': Connection refused: connect> (0x043d2f08) thrown at [C:\workspace\8-2-build-windows-i586-cygwin\jdk8u181\11358\hotspot\src\share\vm\prims\jni.cpp, line 735]
Event: 158.691 Thread 0x1485fc00 Exception <a 'java/net/SocketTimeoutException': Read timed out> (0x04281bc8) thrown at [C:\workspace\8-2-build-windows-i586-cygwin\jdk8u181\11358\hotspot\src\share\vm\prims\jni.cpp, line 735]

Events (10 events):
Event: 160.022 Executing VM operation: RevokeBias
Event: 160.022 Executing VM operation: RevokeBias done
Event: 162.130 Executing VM operation: RevokeBias
Event: 162.131 Executing VM operation: RevokeBias done
Event: 162.131 Executing VM operation: RevokeBias
Event: 162.131 Executing VM operation: RevokeBias done
Event: 162.247 Executing VM operation: RevokeBias
Event: 162.247 Executing VM operation: RevokeBias done
Event: 162.247 Executing VM operation: RevokeBias
Event: 162.248 Executing VM operation: RevokeBias done


Dynamic libraries:
0x00f90000 - 0x00fc3000 	C:\Program Files\Java\jdk1.8.0_181\jre\bin\java.exe
0x77540000 - 0x7767c000 	C:\Windows\SYSTEM32\ntdll.dll
0x75a50000 - 0x75b24000 	C:\Windows\system32\kernel32.dll
0x75880000 - 0x758ca000 	C:\Windows\system32\KERNELBASE.dll
0x770d0000 - 0x77170000 	C:\Windows\system32\ADVAPI32.dll
0x776c0000 - 0x7776c000 	C:\Windows\system32\msvcrt.dll
0x75990000 - 0x759a9000 	C:\Windows\SYSTEM32\sechost.dll
0x77020000 - 0x770c1000 	C:\Windows\system32\RPCRT4.dll
0x75d10000 - 0x75dd9000 	C:\Windows\system32\USER32.dll
0x761c0000 - 0x7620e000 	C:\Windows\system32\GDI32.dll
0x76210000 - 0x7621a000 	C:\Windows\system32\LPK.dll
0x759b0000 - 0x75a4d000 	C:\Windows\system32\USP10.dll
0x74620000 - 0x747be000 	C:\Windows\WinSxS\x86_microsoft.windows.common-controls_6595b64144ccf1df_6.0.7600.16385_none_421189da2b7fabfc\COMCTL32.dll
0x77170000 - 0x771c7000 	C:\Windows\system32\SHLWAPI.dll
0x75cf0000 - 0x75d0f000 	C:\Windows\system32\IMM32.DLL
0x75c20000 - 0x75cec000 	C:\Windows\system32\MSCTF.dll
0x68050000 - 0x6810f000 	C:\Program Files\Java\jdk1.8.0_181\jre\bin\msvcr100.dll
0x67950000 - 0x67d23000 	C:\Program Files\Java\jdk1.8.0_181\jre\bin\client\jvm.dll
0x6c5c0000 - 0x6c5c7000 	C:\Windows\system32\WSOCK32.dll
0x75f40000 - 0x75f75000 	C:\Windows\system32\WS2_32.dll
0x75c10000 - 0x75c16000 	C:\Windows\system32\NSI.dll
0x70530000 - 0x70562000 	C:\Windows\system32\WINMM.dll
0x74b90000 - 0x74b99000 	C:\Windows\system32\VERSION.dll
0x76220000 - 0x76225000 	C:\Windows\system32\PSAPI.DLL
0x6be90000 - 0x6be9c000 	C:\Program Files\Java\jdk1.8.0_181\jre\bin\verify.dll
0x6a890000 - 0x6a8b2000 	C:\Program Files\Java\jdk1.8.0_181\jre\bin\java.dll
0x6a870000 - 0x6a884000 	C:\Program Files\Java\jdk1.8.0_181\jre\bin\zip.dll
0x76230000 - 0x76e79000 	C:\Windows\system32\SHELL32.dll
0x75de0000 - 0x75f3c000 	C:\Windows\system32\ole32.dll
0x75690000 - 0x7569b000 	C:\Windows\system32\profapi.dll
0x67f00000 - 0x68047000 	C:\Program Files\Java\jdk1.8.0_181\jre\bin\awt.dll
0x774b0000 - 0x7753f000 	C:\Windows\system32\OLEAUT32.dll
0x74470000 - 0x744b0000 	C:\Windows\system32\uxtheme.dll
0x74170000 - 0x74183000 	C:\Windows\system32\dwmapi.dll
0x755e0000 - 0x755ec000 	C:\Windows\system32\CRYPTBASE.dll
0x6c6c0000 - 0x6c788000 	C:\Windows\system32\opengl32.dll
0x6c690000 - 0x6c6b2000 	C:\Windows\system32\GLU32.dll
0x6b860000 - 0x6b947000 	C:\Windows\system32\DDRAW.dll
0x6c680000 - 0x6c686000 	C:\Windows\system32\DCIMAN32.dll
0x76e80000 - 0x7701d000 	C:\Windows\system32\SETUPAPI.dll
0x758d0000 - 0x758f7000 	C:\Windows\system32\CFGMGR32.dll
0x75710000 - 0x75722000 	C:\Windows\system32\DEVOBJ.dll
0x6a800000 - 0x6a839000 	C:\Program Files\Java\jdk1.8.0_181\jre\bin\fontmanager.dll
0x77220000 - 0x772a3000 	C:\Windows\system32\CLBCatQ.DLL
0x73f30000 - 0x7402b000 	C:\Windows\system32\WindowsCodecs.dll
0x75590000 - 0x755db000 	C:\Windows\system32\apphelp.dll
0x715f0000 - 0x71621000 	C:\Windows\system32\EhStorShell.dll
0x744b0000 - 0x745a5000 	C:\Windows\system32\PROPSYS.dll
0x661c0000 - 0x663dd000 	C:\PROGRA~1\MICROS~1\Office12\GR469A~1.DLL
0x68ef0000 - 0x68fe1000 	C:\PROGRA~1\MICROS~1\Office12\GrooveUtil.DLL
0x760c0000 - 0x761b4000 	C:\Windows\system32\WININET.dll
0x776b0000 - 0x776b3000 	C:\Windows\system32\Normaliz.dll
0x75f80000 - 0x760b5000 	C:\Windows\system32\urlmon.dll
0x75760000 - 0x7587c000 	C:\Windows\system32\CRYPT32.dll
0x75700000 - 0x7570c000 	C:\Windows\system32\MSASN1.dll
0x772b0000 - 0x774a9000 	C:\Windows\system32\iertutil.dll
0x70e70000 - 0x70f0b000 	C:\Windows\WinSxS\x86_microsoft.vc80.crt_1fc8b3b9a1e18e3b_8.0.50727.4927_none_d08a205e442db5b5\MSVCR80.dll
0x68ff0000 - 0x68ff7000 	C:\PROGRA~1\MICROS~1\Office12\GrooveNew.DLL
0x7c630000 - 0x7c64b000 	C:\Windows\WinSxS\x86_microsoft.vc80.atl_1fc8b3b9a1e18e3b_8.0.50727.42_none_dc990e4797f81af1\ATL80.DLL
0x75110000 - 0x75126000 	C:\Windows\system32\CRYPTSP.dll
0x74eb0000 - 0x74eeb000 	C:\Windows\system32\rsaenh.dll
0x73cf0000 - 0x73cf5000 	C:\Windows\system32\MSImg32.dll
0x70ac0000 - 0x70b2a000 	C:\Windows\System32\cscui.dll
0x70ab0000 - 0x70ab9000 	C:\Windows\System32\CSCDLL.dll
0x70aa0000 - 0x70aab000 	C:\Windows\system32\CSCAPI.dll
0x70a30000 - 0x70a9f000 	C:\Windows\system32\ntshrui.dll
0x754c0000 - 0x754d9000 	C:\Windows\system32\srvcli.dll
0x73ba0000 - 0x73baa000 	C:\Windows\system32\slc.dll
0x6a850000 - 0x6a865000 	C:\Program Files\Java\jdk1.8.0_181\jre\bin\net.dll
0x750d0000 - 0x7510c000 	C:\Windows\system32\mswsock.dll
0x750c0000 - 0x750c6000 	C:\Windows\System32\wship6.dll
0x6a840000 - 0x6a84f000 	C:\Program Files\Java\jdk1.8.0_181\jre\bin\nio.dll
0x68c00000 - 0x68c32000 	C:\Program Files\Java\jdk1.8.0_181\jre\bin\t2k.dll
0x74cf0000 - 0x74d07000 	C:\Windows\system32\USERENV.dll
0x737a0000 - 0x737bc000 	C:\Windows\system32\IPHLPAPI.DLL
0x73790000 - 0x73797000 	C:\Windows\system32\WINNSI.DLL
0x73640000 - 0x73652000 	C:\Windows\system32\dhcpcsvc.DLL
0x73440000 - 0x7344d000 	C:\Windows\system32\dhcpcsvc6.DLL
0x67d30000 - 0x67d68000 	C:\Users\Admin\AppData\Local\Temp\jna-63116079\jna6474608699044828738.dll
0x70420000 - 0x70423000 	C:\Program Files\Java\jdk1.8.0_181\jre\bin\api-ms-win-core-synch-l1-2-0.DLL
0x14d10000 - 0x14d59000 	C:\Windows\system32\fpengine.dll
0x14c90000 - 0x14cba000 	C:\Windows\system32\fpcore32.dll
0x704d0000 - 0x70521000 	C:\Windows\system32\WINSPOOL.DRV
0x73d90000 - 0x73d97000 	C:\Windows\system32\WINUSB.DLL
0x742e0000 - 0x74470000 	C:\Windows\WinSxS\x86_microsoft.windows.gdiplus_6595b64144ccf1df_1.1.7600.16385_none_72fc7cbf861225ca\gdiplus.dll
0x75730000 - 0x7575d000 	C:\Windows\system32\WINTRUST.dll
0x6b500000 - 0x6b520000 	C:\Program Files\Java\jdk1.8.0_181\jre\bin\sunec.dll
0x74c20000 - 0x74c25000 	C:\Windows\System32\wshtcpip.dll
0x74f90000 - 0x74fd4000 	C:\Windows\system32\DNSAPI.dll
0x71b10000 - 0x71b16000 	C:\Windows\system32\rasadhlp.dll
0x73520000 - 0x73558000 	C:\Windows\System32\fwpuclnt.dll
0x673c0000 - 0x674ab000 	C:\Windows\system32\dbghelp.dll

VM Arguments:
jvm_args: -Dfile.encoding=UTF-8 
java_command: fingerprintcorev2.Views.IntroPage
java_class_path (initial): C:\Users\Admin\Downloads\org-apache-commons-codec.jar\org-apache-commons-codec.jar;C:\Users\Admin\Downloads\jna-4.5.2.jar;C:\Users\Admin\Downloads\unirest-java-1.4.9.jar;C:\Users\Admin\Downloads\org.json.jar\org.json.jar;C:\Users\Admin\Downloads\commons-logging-1.1.2.jar;C:\Users\Admin\Downloads\httpclient-4.5.5.jar;C:\Users\Admin\Downloads\httpcore-4.4.9.jar;C:\Users\Admin\Downloads\httpcore-nio-4.4.10.jar;C:\Users\Admin\Downloads\httpmime-4.5.6.jar;C:\Users\Admin\Downloads\httpasyncclient-4.0-beta4.jar\httpasyncclient-4.0-beta4.jar;C:\Users\Admin\Documents\NetBeansProjects\FingerprintCoreV2\build\classes
Launcher Type: SUN_STANDARD

Environment Variables:
PATH=C:\Program Files\Common Files\Oracle\Java\javapath;C:\Windows\system32;C:\Windows;C:\Windows\System32\Wbem;C:\Windows\System32\WindowsPowerShell\v1.0\;C:\Program Files\Git\cmd;C:\Program Files\Neurotechnology\FreeFingerprintVerificationSDK 1.0\bin\Win32_x86;C:\Program Files\nodejs\;C:\Users\Admin\AppData\Roaming\npm
USERNAME=Admin
OS=Windows_NT
PROCESSOR_IDENTIFIER=x86 Family 6 Model 76 Stepping 4, GenuineIntel



---------------  S Y S T E M  ---------------

OS: Windows 7 Build 7600 (6.1.7600.16385)

CPU:total 2 (initial active 2) (2 cores per cpu, 1 threads per core) family 6 model 76 stepping 4, cmov, cx8, fxsr, mmx, sse, sse2, sse3, ssse3, sse4.1, sse4.2, popcnt, aes, clmul, erms, 3dnowpref, tsc, tscinvbit

Memory: 4k page, physical 2008308k(433572k free), swap 4016616k(1144956k free)

vm_info: Java HotSpot(TM) Client VM (25.181-b13) for windows-x86 JRE (1.8.0_181-b13), built on Jul  7 2018 03:18:20 by "java_re" with MS VC++ 10.0 (VS2010)

time: Sat Aug 04 10:56:40 2018
elapsed time: 162 seconds (0d 0h 2m 42s)

