#
# A fatal error has been detected by the Java Runtime Environment:
#
#  EXCEPTION_ACCESS_VIOLATION (0xc0000005) at pc=0x77461ffe, pid=5916, tid=0x00001364
#
# JRE version: Java(TM) SE Runtime Environment (8.0_181-b13) (build 1.8.0_181-b13)
# Java VM: Java HotSpot(TM) Client VM (25.181-b13 mixed mode, sharing windows-x86 )
# Problematic frame:
# C  [ntdll.dll+0x51ffe]
#
# Failed to write core dump. Minidumps are not enabled by default on client versions of Windows
#
# If you would like to submit a bug report, please visit:
#   http://bugreport.java.com/bugreport/crash.jsp
#

---------------  T H R E A D  ---------------

Current thread (0x16913000):  JavaThread "Timer-9" [_thread_in_vm, id=4964, stack(0x15fa0000,0x15ff0000)]

siginfo: ExceptionCode=0xc0000005, reading address 0x9e7445d5

Registers:
EAX=0x9fdabf47, EBX=0x169cb3d0, ECX=0x00210000, EDX=0x169cb3d0
ESP=0x15feeb78, EBP=0x15feebac, ESI=0x9e7445d1, EDI=0x169cb3c8
EIP=0x77461ffe, EFLAGS=0x00010286

Top of Stack: (sp=0x15feeb78)
0x15feeb78:   00000000 00210000 169cb3d0 00000100
0x15feeb88:   00000000 15feebbc 157c320c 169cb3d0
0x15feeb98:   157e0c40 00000100 15feec48 00000000
0x15feeba8:   169cb3c8 15feebc4 77461faf 16913000
0x15feebb8:   00000000 169cb3d0 169cb3c8 15feebd8
0x15feebc8:   7684f1ac 00210000 00000000 169cb3d0
0x15feebd8:   15feebec 66d0016a 00210000 00000000
0x15feebe8:   169cb3d0 15feebfc 66453f33 169cb3d0 

Instructions: (pc=0x77461ffe)
0x77461fde:   7a f8 80 7f 07 05 0f 84 58 df 03 00 8b 07 8b f7
0x77461fee:   c1 ee 03 33 f0 33 35 dc 71 4e 77 89 7d fc 33 f1
0x77461ffe:   8b 46 04 89 45 f4 c6 47 07 80 c6 47 06 00 8b 5e
0x7746200e:   08 8b 4e 0c 89 5d e0 83 c3 01 89 4d e4 83 d1 01 


Register to memory mapping:

EAX=0x9fdabf47 is an unknown value
EBX=0x169cb3d0 is an unknown value
ECX=0x00210000 is an unknown value
EDX=0x169cb3d0 is an unknown value
ESP=0x15feeb78 is pointing into the stack for thread: 0x16913000
EBP=0x15feebac is pointing into the stack for thread: 0x16913000
ESI=0x9e7445d1 is an unknown value
EDI=0x169cb3c8 is an unknown value


Stack: [0x15fa0000,0x15ff0000],  sp=0x15feeb78,  free space=314k
Native frames: (J=compiled Java code, j=interpreted, Vv=VM code, C=native code)
C  [ntdll.dll+0x51ffe]
C  [ntdll.dll+0x51faf]
C  [kernel32.dll+0x4f1ac]
C  [msvcr100.dll+0x1016a]
V  [jvm.dll+0x163f33]
V  [jvm.dll+0xe6847]
C  [jna7482498843374855193.dll+0x8ef9]
C  [jna7482498843374855193.dll+0x36d2]
j  com.sun.jna.Native.invokeInt(Lcom/sun/jna/Function;JI[Ljava/lang/Object;)I+0
j  com.sun.jna.Function.invoke([Ljava/lang/Object;Ljava/lang/Class;ZI)Ljava/lang/Object;+211
j  com.sun.jna.Function.invoke(Ljava/lang/reflect/Method;[Ljava/lang/Class;Ljava/lang/Class;[Ljava/lang/Object;Ljava/util/Map;)Ljava/lang/Object;+271
j  com.sun.jna.Library$Handler.invoke(Ljava/lang/Object;Ljava/lang/reflect/Method;[Ljava/lang/Object;)Ljava/lang/Object;+344
j  com.sun.proxy.$Proxy0.GetFpCharByGen([B[I)I+20
j  fingerprintcorev2.Views.RescanUI.fpsmessage()V+119
j  fingerprintcorev2.Views.RescanUI.access$900(Lfingerprintcorev2/Views/RescanUI;)V+1
j  fingerprintcorev2.Views.RescanUI$9.run()V+4
j  java.util.TimerThread.mainLoop()V+221
j  java.util.TimerThread.run()V+1
v  ~StubRoutines::call_stub
V  [jvm.dll+0x15c065]
V  [jvm.dll+0x223ade]
V  [jvm.dll+0x15c0fe]
V  [jvm.dll+0x15c286]
V  [jvm.dll+0x15c2f7]
V  [jvm.dll+0x10016f]
V  [jvm.dll+0x17f280]
V  [jvm.dll+0x17fafa]
V  [jvm.dll+0x1c5416]
C  [msvcr100.dll+0x5c556]
C  [msvcr100.dll+0x5c600]
C  [kernel32.dll+0x51174]
C  [ntdll.dll+0x5b3f5]
C  [ntdll.dll+0x5b3c8]
C  0x00000000

Java frames: (J=compiled Java code, j=interpreted, Vv=VM code)
j  com.sun.jna.Native.invokeInt(Lcom/sun/jna/Function;JI[Ljava/lang/Object;)I+0
j  com.sun.jna.Function.invoke([Ljava/lang/Object;Ljava/lang/Class;ZI)Ljava/lang/Object;+211
j  com.sun.jna.Function.invoke(Ljava/lang/reflect/Method;[Ljava/lang/Class;Ljava/lang/Class;[Ljava/lang/Object;Ljava/util/Map;)Ljava/lang/Object;+271
j  com.sun.jna.Library$Handler.invoke(Ljava/lang/Object;Ljava/lang/reflect/Method;[Ljava/lang/Object;)Ljava/lang/Object;+344
j  com.sun.proxy.$Proxy0.GetFpCharByGen([B[I)I+20
j  fingerprintcorev2.Views.RescanUI.fpsmessage()V+119
j  fingerprintcorev2.Views.RescanUI.access$900(Lfingerprintcorev2/Views/RescanUI;)V+1
j  fingerprintcorev2.Views.RescanUI$9.run()V+4
j  java.util.TimerThread.mainLoop()V+221
j  java.util.TimerThread.run()V+1
v  ~StubRoutines::call_stub

---------------  P R O C E S S  ---------------

Java Threads: ( => current thread )
  0x16913800 JavaThread "Timer-10" [_thread_blocked, id=5720, stack(0x15ff0000,0x16040000)]
=>0x16913000 JavaThread "Timer-9" [_thread_in_vm, id=4964, stack(0x15fa0000,0x15ff0000)]
  0x16911c00 JavaThread "Timer-8" [_thread_blocked, id=6824, stack(0x15ed0000,0x15f20000)]
  0x16912c00 JavaThread "Timer-7" [_thread_blocked, id=5476, stack(0x15dd0000,0x15e20000)]
  0x16912400 JavaThread "Timer-6" [_thread_blocked, id=228, stack(0x16e60000,0x16eb0000)]
  0x15383400 JavaThread "Timer-3" [_thread_blocked, id=1688, stack(0x164f0000,0x16540000)]
  0x1528dc00 JavaThread "Thread-8" daemon [_thread_blocked, id=2608, stack(0x16720000,0x16770000)]
  0x16867800 JavaThread "Timer-2" [_thread_blocked, id=5928, stack(0x15d80000,0x15dd0000)]
  0x16861000 JavaThread "TimerQueue" daemon [_thread_blocked, id=6792, stack(0x15920000,0x15970000)]
  0x0021c800 JavaThread "DestroyJavaVM" [_thread_blocked, id=6580, stack(0x017c0000,0x01810000)]
  0x15364000 JavaThread "AWT-EventQueue-0" [_thread_blocked, id=1448, stack(0x15a30000,0x15a80000)]
  0x15362800 JavaThread "AWT-Windows" daemon [_thread_in_native, id=5344, stack(0x15890000,0x158e0000)]
  0x15361c00 JavaThread "AWT-Shutdown" [_thread_blocked, id=6564, stack(0x15760000,0x157b0000)]
  0x1535f000 JavaThread "Java2D Disposer" daemon [_thread_blocked, id=6168, stack(0x156d0000,0x15720000)]
  0x01714c00 JavaThread "Service Thread" daemon [_thread_blocked, id=4324, stack(0x15190000,0x151e0000)]
  0x01712400 JavaThread "C1 CompilerThread0" daemon [_thread_blocked, id=7048, stack(0x151f0000,0x15240000)]
  0x01711400 JavaThread "Attach Listener" daemon [_thread_blocked, id=5080, stack(0x15020000,0x15070000)]
  0x0170e400 JavaThread "Signal Dispatcher" daemon [_thread_blocked, id=5824, stack(0x150a0000,0x150f0000)]
  0x01704400 JavaThread "Finalizer" daemon [_thread_blocked, id=6516, stack(0x03d90000,0x03de0000)]
  0x016a5c00 JavaThread "Reference Handler" daemon [_thread_blocked, id=6032, stack(0x148f0000,0x14940000)]

Other Threads:
  0x016a3400 VMThread [stack: 0x03d40000,0x03d90000] [id=5908]
  0x0173dc00 WatcherThread [stack: 0x15110000,0x15160000] [id=3536]

VM state:not at safepoint (normal execution)

VM Mutex/Monitor currently owned by a thread: None

Heap:
 def new generation   total 8512K, used 7366K [0x03e00000, 0x04730000, 0x09350000)
  eden space 7616K,  96% used [0x03e00000, 0x04531858, 0x04570000)
  from space 896K,   0% used [0x04570000, 0x04570000, 0x04650000)
  to   space 896K,   0% used [0x04650000, 0x04650000, 0x04730000)
 tenured generation   total 18668K, used 11199K [0x09350000, 0x0a58b000, 0x13e00000)
   the space 18668K,  59% used [0x09350000, 0x09e3ffb8, 0x09e40000, 0x0a58b000)
 Metaspace       used 3987K, capacity 4223K, committed 4288K, reserved 4480K

Card table byte_map: [0x03c40000,0x03cd0000] byte_map_base: 0x03c21000

Polling page: 0x00140000

CodeCache: size=32768Kb used=1858Kb max_used=1858Kb free=30909Kb
 bounds [0x01c40000, 0x01e18000, 0x03c40000]
 total_blobs=1165 nmethods=901 adapters=194
 compilation: enabled

Compilation events (10 events):
Event: 105.006 Thread 0x01712400  908             javax.swing.SwingUtilities::layoutCompoundLabel (163 bytes)
Event: 105.009 Thread 0x01712400 nmethod 908 0x01e0e848 code [0x01e0e950, 0x01e0eafc]
Event: 105.009 Thread 0x01712400  909             javax.swing.SwingUtilities::layoutCompoundLabelImpl (758 bytes)
Event: 105.023 Thread 0x01712400 nmethod 909 0x01e0ec08 code [0x01e0ede0, 0x01e0f690]
Event: 105.023 Thread 0x01712400  910             sun.swing.DefaultLayoutStyle::getPreferredGap (78 bytes)
Event: 105.025 Thread 0x01712400 nmethod 910 0x01e103c8 code [0x01e104f0, 0x01e106f4]
Event: 105.025 Thread 0x01712400  911             sun.swing.DefaultLayoutStyle::isLabelAndNonlabel (48 bytes)
Event: 105.026 Thread 0x01712400 nmethod 911 0x01e10848 code [0x01e10940, 0x01e10a60]
Event: 105.026 Thread 0x01712400  912             sun.swing.DefaultLayoutStyle::getButtonGap (41 bytes)
Event: 105.027 Thread 0x01712400 nmethod 912 0x01e10ac8 code [0x01e10be0, 0x01e10cf4]

GC Heap History (10 events):
Event: 30.795 GC heap before
{Heap before GC invocations=5 (full 0):
 def new generation   total 4928K, used 4503K [0x03e00000, 0x04350000, 0x09350000)
  eden space 4416K, 100% used [0x03e00000, 0x04250000, 0x04250000)
  from space 512K,  17% used [0x042d0000, 0x042e5d28, 0x04350000)
  to   space 512K,   0% used [0x04250000, 0x04250000, 0x042d0000)
 tenured generation   total 10944K, used 6834K [0x09350000, 0x09e00000, 0x13e00000)
   the space 10944K,  62% used [0x09350000, 0x099fc998, 0x099fca00, 0x09e00000)
 Metaspace       used 2109K, capacity 3051K, committed 3136K, reserved 4480K
Event: 30.803 GC heap after
Heap after GC invocations=6 (full 0):
 def new generation   total 4928K, used 512K [0x03e00000, 0x04350000, 0x09350000)
  eden space 4416K,   0% used [0x03e00000, 0x03e00000, 0x04250000)
  from space 512K, 100% used [0x04250000, 0x042d0000, 0x042d0000)
  to   space 512K,   0% used [0x042d0000, 0x042d0000, 0x04350000)
 tenured generation   total 10944K, used 7317K [0x09350000, 0x09e00000, 0x13e00000)
   the space 10944K,  66% used [0x09350000, 0x09a756f0, 0x09a75800, 0x09e00000)
 Metaspace       used 2109K, capacity 3051K, committed 3136K, reserved 4480K
}
Event: 31.183 GC heap before
{Heap before GC invocations=6 (full 0):
 def new generation   total 4928K, used 4928K [0x03e00000, 0x04350000, 0x09350000)
  eden space 4416K, 100% used [0x03e00000, 0x04250000, 0x04250000)
  from space 512K, 100% used [0x04250000, 0x042d0000, 0x042d0000)
  to   space 512K,   0% used [0x042d0000, 0x042d0000, 0x04350000)
 tenured generation   total 10944K, used 7317K [0x09350000, 0x09e00000, 0x13e00000)
   the space 10944K,  66% used [0x09350000, 0x09a756f0, 0x09a75800, 0x09e00000)
 Metaspace       used 2508K, capacity 3071K, committed 3136K, reserved 4480K
Event: 31.193 GC heap after
Heap after GC invocations=7 (full 0):
 def new generation   total 4928K, used 512K [0x03e00000, 0x04350000, 0x09350000)
  eden space 4416K,   0% used [0x03e00000, 0x03e00000, 0x04250000)
  from space 512K, 100% used [0x042d0000, 0x04350000, 0x04350000)
  to   space 512K,   0% used [0x04250000, 0x04250000, 0x042d0000)
 tenured generation   total 10944K, used 8229K [0x09350000, 0x09e00000, 0x13e00000)
   the space 10944K,  75% used [0x09350000, 0x09b59738, 0x09b59800, 0x09e00000)
 Metaspace       used 2508K, capacity 3071K, committed 3136K, reserved 4480K
}
Event: 31.292 GC heap before
{Heap before GC invocations=7 (full 0):
 def new generation   total 4928K, used 4928K [0x03e00000, 0x04350000, 0x09350000)
  eden space 4416K, 100% used [0x03e00000, 0x04250000, 0x04250000)
  from space 512K, 100% used [0x042d0000, 0x04350000, 0x04350000)
  to   space 512K,   0% used [0x04250000, 0x04250000, 0x042d0000)
 tenured generation   total 10944K, used 8229K [0x09350000, 0x09e00000, 0x13e00000)
   the space 10944K,  75% used [0x09350000, 0x09b59738, 0x09b59800, 0x09e00000)
 Metaspace       used 2625K, capacity 3137K, committed 3264K, reserved 4480K
Event: 31.300 GC heap after
Heap after GC invocations=8 (full 0):
 def new generation   total 4928K, used 512K [0x03e00000, 0x04350000, 0x09350000)
  eden space 4416K,   0% used [0x03e00000, 0x03e00000, 0x04250000)
  from space 512K, 100% used [0x04250000, 0x042d0000, 0x042d0000)
  to   space 512K,   0% used [0x042d0000, 0x042d0000, 0x04350000)
 tenured generation   total 10944K, used 8996K [0x09350000, 0x09e00000, 0x13e00000)
   the space 10944K,  82% used [0x09350000, 0x09c19008, 0x09c19200, 0x09e00000)
 Metaspace       used 2625K, capacity 3137K, committed 3264K, reserved 4480K
}
Event: 31.476 GC heap before
{Heap before GC invocations=8 (full 0):
 def new generation   total 4928K, used 4927K [0x03e00000, 0x04350000, 0x09350000)
  eden space 4416K,  99% used [0x03e00000, 0x0424fd08, 0x04250000)
  from space 512K, 100% used [0x04250000, 0x042d0000, 0x042d0000)
  to   space 512K,   0% used [0x042d0000, 0x042d0000, 0x04350000)
 tenured generation   total 10944K, used 8996K [0x09350000, 0x09e00000, 0x13e00000)
   the space 10944K,  82% used [0x09350000, 0x09c19008, 0x09c19200, 0x09e00000)
 Metaspace       used 3272K, capacity 3561K, committed 3648K, reserved 4480K
Event: 31.483 GC heap after
Heap after GC invocations=9 (full 0):
 def new generation   total 4928K, used 512K [0x03e00000, 0x04350000, 0x09350000)
  eden space 4416K,   0% used [0x03e00000, 0x03e00000, 0x04250000)
  from space 512K, 100% used [0x042d0000, 0x04350000, 0x04350000)
  to   space 512K,   0% used [0x04250000, 0x04250000, 0x042d0000)
 tenured generation   total 10944K, used 9843K [0x09350000, 0x09e00000, 0x13e00000)
   the space 10944K,  89% used [0x09350000, 0x09cecca8, 0x09cece00, 0x09e00000)
 Metaspace       used 3272K, capacity 3561K, committed 3648K, reserved 4480K
}
Event: 38.608 GC heap before
{Heap before GC invocations=9 (full 0):
 def new generation   total 4928K, used 4927K [0x03e00000, 0x04350000, 0x09350000)
  eden space 4416K,  99% used [0x03e00000, 0x0424fef0, 0x04250000)
  from space 512K, 100% used [0x042d0000, 0x04350000, 0x04350000)
  to   space 512K,   0% used [0x04250000, 0x04250000, 0x042d0000)
 tenured generation   total 10944K, used 9843K [0x09350000, 0x09e00000, 0x13e00000)
   the space 10944K,  89% used [0x09350000, 0x09cecca8, 0x09cece00, 0x09e00000)
 Metaspace       used 3869K, capacity 4105K, committed 4160K, reserved 4480K
Event: 38.666 GC heap after
Heap after GC invocations=10 (full 1):
 def new generation   total 8512K, used 36K [0x03e00000, 0x04730000, 0x09350000)
  eden space 7616K,   0% used [0x03e00000, 0x03e09118, 0x04570000)
  from space 896K,   0% used [0x04570000, 0x04570000, 0x04650000)
  to   space 896K,   0% used [0x04650000, 0x04650000, 0x04730000)
 tenured generation   total 18668K, used 11199K [0x09350000, 0x0a58b000, 0x13e00000)
   the space 18668K,  59% used [0x09350000, 0x09e3ffb8, 0x09e40000, 0x0a58b000)
 Metaspace       used 3862K, capacity 4087K, committed 4160K, reserved 4480K
}

Deoptimization events (0 events):
No events

Classes redefined (0 events):
No events

Internal exceptions (10 events):
Event: 0.315 Thread 0x0021c800 Exception <a 'java/lang/NoSuchFieldError': method resolution failed> (0x03f90ff8) thrown at [C:\workspace\8-2-build-windows-i586-cygwin\jdk8u181\11358\hotspot\src\share\vm\prims\methodHandles.cpp, line 1167]
Event: 0.318 Thread 0x0021c800 Exception <a 'java/lang/NoSuchFieldError': method resolution failed> (0x03f9d1c0) thrown at [C:\workspace\8-2-build-windows-i586-cygwin\jdk8u181\11358\hotspot\src\share\vm\prims\methodHandles.cpp, line 1167]
Event: 0.386 Thread 0x15364000 Exception <a 'java/io/FileNotFoundException'> (0x04056490) thrown at [C:\workspace\8-2-build-windows-i586-cygwin\jdk8u181\11358\hotspot\src\share\vm\prims\jni.cpp, line 709]
Event: 30.690 Thread 0x15364000 Exception <a 'java/lang/NoClassDefFoundError': org/apache/log4j/Category> (0x04109c10) thrown at [C:\workspace\8-2-build-windows-i586-cygwin\jdk8u181\11358\hotspot\src\share\vm\classfile\systemDictionary.cpp, line 199]
Event: 41.794 Thread 0x15383400 Exception <a 'java/io/IOException': CreateProcess error=2, The system cannot find the file specified> (0x03ee5d50) thrown at [C:\workspace\8-2-build-windows-i586-cygwin\jdk8u181\11358\hotspot\src\share\vm\prims\jni.cpp, line 735]
Event: 91.840 Thread 0x15364000 Exception <a 'java/net/SocketTimeoutException': Read timed out> (0x04168878) thrown at [C:\workspace\8-2-build-windows-i586-cygwin\jdk8u181\11358\hotspot\src\share\vm\prims\jni.cpp, line 735]
Event: 94.125 Thread 0x15364000 Exception <a 'java/net/SocketTimeoutException': Read timed out> (0x04184408) thrown at [C:\workspace\8-2-build-windows-i586-cygwin\jdk8u181\11358\hotspot\src\share\vm\prims\jni.cpp, line 735]
Event: 97.250 Thread 0x15364000 Exception <a 'java/net/SocketTimeoutException': Read timed out> (0x042493d8) thrown at [C:\workspace\8-2-build-windows-i586-cygwin\jdk8u181\11358\hotspot\src\share\vm\prims\jni.cpp, line 735]
Event: 100.303 Thread 0x15364000 Exception <a 'java/net/SocketTimeoutException': Read timed out> (0x04304be0) thrown at [C:\workspace\8-2-build-windows-i586-cygwin\jdk8u181\11358\hotspot\src\share\vm\prims\jni.cpp, line 735]
Event: 104.636 Thread 0x15364000 Exception <a 'java/net/SocketTimeoutException': Read timed out> (0x04465db0) thrown at [C:\workspace\8-2-build-windows-i586-cygwin\jdk8u181\11358\hotspot\src\share\vm\prims\jni.cpp, line 735]

Events (10 events):
Event: 88.701 Executing VM operation: RevokeBias
Event: 88.702 Executing VM operation: RevokeBias done
Event: 88.703 Executing VM operation: RevokeBias
Event: 88.703 Executing VM operation: RevokeBias done
Event: 91.840 loading class sun/net/ConnectionResetException
Event: 91.840 loading class sun/net/ConnectionResetException done
Event: 91.962 Executing VM operation: RevokeBias
Event: 91.963 Executing VM operation: RevokeBias done
Event: 92.370 Executing VM operation: RevokeBias
Event: 92.370 Executing VM operation: RevokeBias done


Dynamic libraries:
0x00260000 - 0x00293000 	C:\Program Files\Java\jdk1.8.0_181\jre\bin\java.exe
0x77410000 - 0x7754c000 	C:\Windows\SYSTEM32\ntdll.dll
0x76800000 - 0x768d4000 	C:\Windows\system32\kernel32.dll
0x75640000 - 0x7568a000 	C:\Windows\system32\KERNELBASE.dll
0x775a0000 - 0x77640000 	C:\Windows\system32\ADVAPI32.dll
0x76c90000 - 0x76d3c000 	C:\Windows\system32\msvcrt.dll
0x76640000 - 0x76659000 	C:\Windows\SYSTEM32\sechost.dll
0x77210000 - 0x772b1000 	C:\Windows\system32\RPCRT4.dll
0x76dc0000 - 0x76e89000 	C:\Windows\system32\USER32.dll
0x77320000 - 0x7736e000 	C:\Windows\system32\GDI32.dll
0x77550000 - 0x7755a000 	C:\Windows\system32\LPK.dll
0x77370000 - 0x7740d000 	C:\Windows\system32\USP10.dll
0x744c0000 - 0x7465e000 	C:\Windows\WinSxS\x86_microsoft.windows.common-controls_6595b64144ccf1df_6.0.7600.16385_none_421189da2b7fabfc\COMCTL32.dll
0x772c0000 - 0x77317000 	C:\Windows\system32\SHLWAPI.dll
0x77570000 - 0x7758f000 	C:\Windows\system32\IMM32.DLL
0x77140000 - 0x7720c000 	C:\Windows\system32\MSCTF.dll
0x66cf0000 - 0x66daf000 	C:\Program Files\Java\jdk1.8.0_181\jre\bin\msvcr100.dll
0x662f0000 - 0x666c3000 	C:\Program Files\Java\jdk1.8.0_181\jre\bin\client\jvm.dll
0x71ed0000 - 0x71ed7000 	C:\Windows\system32\WSOCK32.dll
0x75860000 - 0x75895000 	C:\Windows\system32\WS2_32.dll
0x77560000 - 0x77566000 	C:\Windows\system32\NSI.dll
0x6f470000 - 0x6f4a2000 	C:\Windows\system32\WINMM.dll
0x74a60000 - 0x74a69000 	C:\Windows\system32\VERSION.dll
0x77590000 - 0x77595000 	C:\Windows\system32\PSAPI.DLL
0x74770000 - 0x7477c000 	C:\Program Files\Java\jdk1.8.0_181\jre\bin\verify.dll
0x6c2d0000 - 0x6c2f2000 	C:\Program Files\Java\jdk1.8.0_181\jre\bin\java.dll
0x73cb0000 - 0x73cc4000 	C:\Program Files\Java\jdk1.8.0_181\jre\bin\zip.dll
0x759f0000 - 0x76639000 	C:\Windows\system32\SHELL32.dll
0x76a70000 - 0x76bcc000 	C:\Windows\system32\ole32.dll
0x75560000 - 0x7556b000 	C:\Windows\system32\profapi.dll
0x661a0000 - 0x662e7000 	C:\Program Files\Java\jdk1.8.0_181\jre\bin\awt.dll
0x76c00000 - 0x76c8f000 	C:\Windows\system32\OLEAUT32.dll
0x74360000 - 0x743a0000 	C:\Windows\system32\uxtheme.dll
0x74040000 - 0x74053000 	C:\Windows\system32\dwmapi.dll
0x754b0000 - 0x754bc000 	C:\Windows\system32\CRYPTBASE.dll
0x6bd20000 - 0x6bde8000 	C:\Windows\system32\opengl32.dll
0x6c0d0000 - 0x6c0f2000 	C:\Windows\system32\GLU32.dll
0x6bc30000 - 0x6bd17000 	C:\Windows\system32\DDRAW.dll
0x6c0c0000 - 0x6c0c6000 	C:\Windows\system32\DCIMAN32.dll
0x76660000 - 0x767fd000 	C:\Windows\system32\SETUPAPI.dll
0x75610000 - 0x75637000 	C:\Windows\system32\CFGMGR32.dll
0x75690000 - 0x756a2000 	C:\Windows\system32\DEVOBJ.dll
0x6c290000 - 0x6c2c9000 	C:\Program Files\Java\jdk1.8.0_181\jre\bin\fontmanager.dll
0x768e0000 - 0x76963000 	C:\Windows\system32\CLBCatQ.DLL
0x73da0000 - 0x73e9b000 	C:\Windows\system32\WindowsCodecs.dll
0x75460000 - 0x754ab000 	C:\Windows\system32\apphelp.dll
0x70d30000 - 0x70d61000 	C:\Windows\system32\EhStorShell.dll
0x743a0000 - 0x74495000 	C:\Windows\system32\PROPSYS.dll
0x16180000 - 0x1639d000 	C:\PROGRA~1\MICROS~1\Office12\GR469A~1.DLL
0x68ef0000 - 0x68fe1000 	C:\PROGRA~1\MICROS~1\Office12\GrooveUtil.DLL
0x76970000 - 0x76a64000 	C:\Windows\system32\WININET.dll
0x759e0000 - 0x759e3000 	C:\Windows\system32\Normaliz.dll
0x758a0000 - 0x759d5000 	C:\Windows\system32\urlmon.dll
0x75740000 - 0x7585c000 	C:\Windows\system32\CRYPT32.dll
0x755d0000 - 0x755dc000 	C:\Windows\system32\MSASN1.dll
0x76ef0000 - 0x770e9000 	C:\Windows\system32\iertutil.dll
0x70c90000 - 0x70d2b000 	C:\Windows\WinSxS\x86_microsoft.vc80.crt_1fc8b3b9a1e18e3b_8.0.50727.4927_none_d08a205e442db5b5\MSVCR80.dll
0x68ff0000 - 0x68ff7000 	C:\PROGRA~1\MICROS~1\Office12\GrooveNew.DLL
0x7c630000 - 0x7c64b000 	C:\Windows\WinSxS\x86_microsoft.vc80.atl_1fc8b3b9a1e18e3b_8.0.50727.42_none_dc990e4797f81af1\ATL80.DLL
0x74fe0000 - 0x74ff6000 	C:\Windows\system32\CRYPTSP.dll
0x74d80000 - 0x74dbb000 	C:\Windows\system32\rsaenh.dll
0x73b90000 - 0x73b95000 	C:\Windows\system32\MSImg32.dll
0x70ba0000 - 0x70c0a000 	C:\Windows\System32\cscui.dll
0x70b90000 - 0x70b99000 	C:\Windows\System32\CSCDLL.dll
0x70b80000 - 0x70b8b000 	C:\Windows\system32\CSCAPI.dll
0x70b10000 - 0x70b7f000 	C:\Windows\system32\ntshrui.dll
0x75390000 - 0x753a9000 	C:\Windows\system32\srvcli.dll
0x737e0000 - 0x737ea000 	C:\Windows\system32\slc.dll
0x720c0000 - 0x720d5000 	C:\Program Files\Java\jdk1.8.0_181\jre\bin\net.dll
0x74fa0000 - 0x74fdc000 	C:\Windows\system32\mswsock.dll
0x74f90000 - 0x74f96000 	C:\Windows\System32\wship6.dll
0x72050000 - 0x7205f000 	C:\Program Files\Java\jdk1.8.0_181\jre\bin\nio.dll
0x682d0000 - 0x68302000 	C:\Program Files\Java\jdk1.8.0_181\jre\bin\t2k.dll
0x74bc0000 - 0x74bd7000 	C:\Windows\system32\USERENV.dll
0x73670000 - 0x7368c000 	C:\Windows\system32\IPHLPAPI.DLL
0x73660000 - 0x73667000 	C:\Windows\system32\WINNSI.DLL
0x734b0000 - 0x734c2000 	C:\Windows\system32\dhcpcsvc.DLL
0x72f40000 - 0x72f4d000 	C:\Windows\system32\dhcpcsvc6.DLL
0x68290000 - 0x682c8000 	C:\Users\Admin\AppData\Local\Temp\jna-63116079\jna7482498843374855193.dll
0x69d60000 - 0x69d63000 	C:\Program Files\Java\jdk1.8.0_181\jre\bin\api-ms-win-core-synch-l1-2-0.DLL
0x157b0000 - 0x157f9000 	C:\Windows\system32\fpengine.dll
0x15070000 - 0x1509a000 	C:\Windows\system32\fpcore32.dll
0x6f4b0000 - 0x6f501000 	C:\Windows\system32\WINSPOOL.DRV
0x73f40000 - 0x73f47000 	C:\Windows\system32\WINUSB.DLL
0x741d0000 - 0x74360000 	C:\Windows\WinSxS\x86_microsoft.windows.gdiplus_6595b64144ccf1df_1.1.7600.16385_none_72fc7cbf861225ca\gdiplus.dll
0x755e0000 - 0x7560d000 	C:\Windows\system32\WINTRUST.dll
0x72020000 - 0x72040000 	C:\Program Files\Java\jdk1.8.0_181\jre\bin\sunec.dll
0x69c30000 - 0x69d1b000 	C:\Windows\system32\dbghelp.dll

VM Arguments:
jvm_args: -Dfile.encoding=UTF-8 
java_command: fingerprintcorev2.Views.IntroPage
java_class_path (initial): C:\Users\Admin\Downloads\org-apache-commons-codec.jar\org-apache-commons-codec.jar;C:\Users\Admin\Downloads\jna-4.5.2.jar;C:\Users\Admin\Downloads\unirest-java-1.4.9.jar;C:\Users\Admin\Downloads\org.json.jar\org.json.jar;C:\Users\Admin\Downloads\commons-logging-1.1.2.jar;C:\Users\Admin\Downloads\httpclient-4.5.5.jar;C:\Users\Admin\Downloads\httpcore-4.4.9.jar;C:\Users\Admin\Downloads\httpcore-nio-4.4.10.jar;C:\Users\Admin\Downloads\httpmime-4.5.6.jar;C:\Users\Admin\Downloads\httpasyncclient-4.0-beta4.jar\httpasyncclient-4.0-beta4.jar;C:\Users\Admin\Documents\NetBeansProjects\FingerprintCoreV2\build\classes
Launcher Type: SUN_STANDARD

Environment Variables:
PATH=C:\Program Files\Common Files\Oracle\Java\javapath;C:\Windows\system32;C:\Windows;C:\Windows\System32\Wbem;C:\Windows\System32\WindowsPowerShell\v1.0\;C:\Program Files\Git\cmd;C:\Program Files\Neurotechnology\FreeFingerprintVerificationSDK 1.0\bin\Win32_x86;C:\Program Files\nodejs\;C:\Users\Admin\AppData\Roaming\npm
USERNAME=Admin
OS=Windows_NT
PROCESSOR_IDENTIFIER=x86 Family 6 Model 76 Stepping 4, GenuineIntel



---------------  S Y S T E M  ---------------

OS: Windows 7 Build 7600 (6.1.7600.16385)

CPU:total 2 (initial active 2) (2 cores per cpu, 1 threads per core) family 6 model 76 stepping 4, cmov, cx8, fxsr, mmx, sse, sse2, sse3, ssse3, sse4.1, sse4.2, popcnt, aes, clmul, erms, 3dnowpref, tsc, tscinvbit

Memory: 4k page, physical 2008308k(544220k free), swap 4016616k(1817424k free)

vm_info: Java HotSpot(TM) Client VM (25.181-b13) for windows-x86 JRE (1.8.0_181-b13), built on Jul  7 2018 03:18:20 by "java_re" with MS VC++ 10.0 (VS2010)

time: Sat Aug 18 13:06:42 2018
elapsed time: 105 seconds (0d 0h 1m 45s)

