#
# A fatal error has been detected by the Java Runtime Environment:
#
#  EXCEPTION_ACCESS_VIOLATION (0xc0000005) at pc=0x66387158, pid=7824, tid=0x00001f48
#
# JRE version: Java(TM) SE Runtime Environment (8.0_181-b13) (build 1.8.0_181-b13)
# Java VM: Java HotSpot(TM) Client VM (25.181-b13 mixed mode, sharing windows-x86 )
# Problematic frame:
# V  [jvm.dll+0x97158]
#
# Failed to write core dump. Minidumps are not enabled by default on client versions of Windows
#
# If you would like to submit a bug report, please visit:
#   http://bugreport.java.com/bugreport/crash.jsp
#

---------------  T H R E A D  ---------------

Current thread (0x01743400):  VMThread [stack: 0x14880000,0x148d0000] [id=8008]

siginfo: ExceptionCode=0xc0000005, reading address 0x614d7076

Registers:
EAX=0x614d7076, EBX=0x0000001e, ECX=0x148cf2b0, EDX=0x66387370
ESP=0x148cf0c8, EBP=0x148cf0d0, ESI=0x614d706e, EDI=0x614d7076
EIP=0x66387158, EFLAGS=0x00010202

Top of Stack: (sp=0x148cf0c8)
0x148cf0c8:   148cf2b0 614d706e 148cf0e8 6633d700
0x148cf0d8:   614d7076 01722480 148cf2b0 00000000
0x148cf0e8:   148cf0fc 6633d7b6 148cf2b0 00000000
0x148cf0f8:   000003f1 148cf11c 66389a4c 148cf2b0
0x148cf108:   01722480 148cf2b0 00000000 00000001
0x148cf118:   01722480 148cf160 6638ac61 00000001
0x148cf128:   00000010 148cf2b0 148cf2b0 148cf250
0x148cf138:   148cf250 148cf14c 01722480 01722600 

Instructions: (pc=0x66387158)
0x66387138:   10 8b 4e 18 8b 51 0c 8b 42 4c c1 ef 09 c6 04 07
0x66387148:   11 5f 5e 5d c2 04 00 cc 55 8b ec 56 57 8b 7d 08
0x66387158:   8b 07 8b f1 85 c0 74 64 3b 46 24 73 5f 8b 08 83
0x66387168:   e1 03 80 f9 03 75 1e 8b 00 80 3d d4 e5 64 66 00 


Register to memory mapping:

EAX=0x614d7076 is an unknown value
EBX=0x0000001e is an unknown value
ECX=0x148cf2b0 is an unknown value
EDX=0x66387370 is an unknown value
ESP=0x148cf0c8 is an unknown value
EBP=0x148cf0d0 is an unknown value
ESI=0x614d706e is an unknown value
EDI=0x614d7076 is an unknown value


Stack: [0x14880000,0x148d0000],  sp=0x148cf0c8,  free space=316k
Native frames: (J=compiled Java code, j=interpreted, Vv=VM code, C=native code)
V  [jvm.dll+0x97158]
V  [jvm.dll+0x4d700]
V  [jvm.dll+0x4d7b6]
V  [jvm.dll+0x99a4c]
V  [jvm.dll+0x9ac61]
V  [jvm.dll+0x96b39]
V  [jvm.dll+0x9a833]
V  [jvm.dll+0x947f5]
V  [jvm.dll+0x1bb716]
V  [jvm.dll+0x184b5b]
V  [jvm.dll+0x183f71]
V  [jvm.dll+0x184387]
V  [jvm.dll+0x184582]
V  [jvm.dll+0x1c5416]
C  [msvcr100.dll+0x5c556]
C  [msvcr100.dll+0x5c600]
C  [kernel32.dll+0x51174]
C  [ntdll.dll+0x5b3f5]
C  [ntdll.dll+0x5b3c8]

VM_Operation (0x1597dec8): GenCollectForAllocation, mode: safepoint, requested by thread 0x153b5400


---------------  P R O C E S S  ---------------

Java Threads: ( => current thread )
  0x152cf400 JavaThread "Timer-10" [_thread_blocked, id=5988, stack(0x15e30000,0x15e80000)]
  0x152cf000 JavaThread "Timer-9" [_thread_blocked, id=7952, stack(0x15dd0000,0x15e20000)]
  0x152cd400 JavaThread "Timer-8" [_thread_blocked, id=7996, stack(0x15c30000,0x15c80000)]
  0x152ce000 JavaThread "Timer-6" [_thread_blocked, id=1480, stack(0x15be0000,0x15c30000)]
  0x152cdc00 JavaThread "Timer-5" [_thread_blocked, id=8084, stack(0x16ef0000,0x16f40000)]
  0x1693b800 JavaThread "Thread-8" daemon [_thread_blocked, id=8096, stack(0x16c60000,0x16cb0000)]
  0x16882c00 JavaThread "Timer-2" [_thread_blocked, id=8068, stack(0x16d20000,0x16d70000)]
  0x16877800 JavaThread "TimerQueue" daemon [_thread_blocked, id=7276, stack(0x167d0000,0x16820000)]
  0x153d1000 JavaThread "Timer-0" [_thread_blocked, id=7024, stack(0x15f00000,0x15f50000)]
  0x0170c800 JavaThread "DestroyJavaVM" [_thread_blocked, id=8016, stack(0x019f0000,0x01a40000)]
  0x153b5400 JavaThread "AWT-EventQueue-0" [_thread_blocked, id=4620, stack(0x15930000,0x15980000)]
  0x153b3c00 JavaThread "AWT-Windows" daemon [_thread_blocked, id=5188, stack(0x15850000,0x158a0000)]
  0x153b2c00 JavaThread "AWT-Shutdown" [_thread_blocked, id=8032, stack(0x156d0000,0x15720000)]
  0x153b0400 JavaThread "Java2D Disposer" daemon [_thread_blocked, id=1288, stack(0x154d0000,0x15520000)]
  0x017d7800 JavaThread "Service Thread" daemon [_thread_blocked, id=7712, stack(0x148d0000,0x14920000)]
  0x017b2800 JavaThread "C1 CompilerThread0" daemon [_thread_blocked, id=1468, stack(0x151a0000,0x151f0000)]
  0x017b1800 JavaThread "Attach Listener" daemon [_thread_blocked, id=8036, stack(0x15110000,0x15160000)]
  0x017ae800 JavaThread "Signal Dispatcher" daemon [_thread_blocked, id=8040, stack(0x15000000,0x15050000)]
  0x017a4400 JavaThread "Finalizer" daemon [_thread_blocked, id=8044, stack(0x019a0000,0x019f0000)]
  0x01745c00 JavaThread "Reference Handler" daemon [_thread_blocked, id=7980, stack(0x14970000,0x149c0000)]

Other Threads:
=>0x01743400 VMThread [stack: 0x14880000,0x148d0000] [id=8008]
  0x017da400 WatcherThread [stack: 0x15240000,0x15290000] [id=4492]

VM state:at safepoint (normal execution)

VM Mutex/Monitor currently owned by a thread:  ([mutex/lock_event])
[0x0170ad68] Threads_lock - owner thread: 0x01743400
[0x0170b178] Heap_lock - owner thread: 0x153b5400

Heap:
 def new generation   total 4928K, used 4928K [0x03e00000, 0x04350000, 0x09350000)
  eden space 4416K, 100% used [0x03e00000, 0x04250000, 0x04250000)
  from space 512K, 100% used [0x04250000, 0x042d0000, 0x042d0000)
  to   space 512K,   4% used [0x042d0000, 0x042d6060, 0x04350000)
 tenured generation   total 10944K, used 10465K [0x09350000, 0x09e00000, 0x13e00000)
   the space 10944K,  95% used [0x09350000, 0x09d88680, 0x09d88800, 0x09e00000)
 Metaspace       used 4006K, capacity 4241K, committed 4288K, reserved 4480K

Card table byte_map: [0x01640000,0x016d0000] byte_map_base: 0x01621000

Polling page: 0x00190000

CodeCache: size=32768Kb used=1867Kb max_used=1867Kb free=30900Kb
 bounds [0x01d10000, 0x01ee8000, 0x03d10000]
 total_blobs=1148 nmethods=884 adapters=194
 compilation: enabled

Compilation events (10 events):
Event: 862.145 Thread 0x017b2800  891             java.awt.Container::getComponentCount (5 bytes)
Event: 862.146 Thread 0x017b2800 nmethod 891 0x01ee2388 code [0x01ee2490, 0x01ee252c]
Event: 862.149 Thread 0x017b2800  892             javax.swing.text.GapContent::length (17 bytes)
Event: 862.150 Thread 0x017b2800 nmethod 892 0x01ee2588 code [0x01ee2680, 0x01ee2740]
Event: 862.154 Thread 0x017b2800  893             javax.swing.SwingUtilities::computeIntersection (189 bytes)
Event: 862.156 Thread 0x017b2800 nmethod 893 0x01ee2808 code [0x01ee2900, 0x01ee2a10]
Event: 862.810 Thread 0x017b2800  894             javax.swing.GroupLayout$ParallelGroup::calculateMaximumSize (19 bytes)
Event: 862.812 Thread 0x017b2800 nmethod 894 0x01ee2a88 code [0x01ee2ba0, 0x01ee2ca8]
Event: 862.813 Thread 0x017b2800  895             javax.swing.SwingUtilities::getWindowAncestor (31 bytes)
Event: 862.815 Thread 0x017b2800 nmethod 895 0x01ee2d88 code [0x01ee2ea0, 0x01ee2fb8]

GC Heap History (10 events):
Event: 4.960 GC heap after
Heap after GC invocations=6 (full 0):
 def new generation   total 4928K, used 512K [0x03e00000, 0x04350000, 0x09350000)
  eden space 4416K,   0% used [0x03e00000, 0x03e00000, 0x04250000)
  from space 512K, 100% used [0x04250000, 0x042d0000, 0x042d0000)
  to   space 512K,   0% used [0x042d0000, 0x042d0000, 0x04350000)
 tenured generation   total 10944K, used 7420K [0x09350000, 0x09e00000, 0x13e00000)
   the space 10944K,  67% used [0x09350000, 0x09a8f070, 0x09a8f200, 0x09e00000)
 Metaspace       used 2088K, capacity 3058K, committed 3136K, reserved 4480K
}
Event: 5.059 GC heap before
{Heap before GC invocations=6 (full 0):
 def new generation   total 4928K, used 4928K [0x03e00000, 0x04350000, 0x09350000)
  eden space 4416K, 100% used [0x03e00000, 0x04250000, 0x04250000)
  from space 512K, 100% used [0x04250000, 0x042d0000, 0x042d0000)
  to   space 512K,   0% used [0x042d0000, 0x042d0000, 0x04350000)
 tenured generation   total 10944K, used 7420K [0x09350000, 0x09e00000, 0x13e00000)
   the space 10944K,  67% used [0x09350000, 0x09a8f070, 0x09a8f200, 0x09e00000)
 Metaspace       used 2260K, capacity 3075K, committed 3136K, reserved 4480K
Event: 5.068 GC heap after
Heap after GC invocations=7 (full 0):
 def new generation   total 4928K, used 512K [0x03e00000, 0x04350000, 0x09350000)
  eden space 4416K,   0% used [0x03e00000, 0x03e00000, 0x04250000)
  from space 512K, 100% used [0x042d0000, 0x04350000, 0x04350000)
  to   space 512K,   0% used [0x04250000, 0x04250000, 0x042d0000)
 tenured generation   total 10944K, used 8316K [0x09350000, 0x09e00000, 0x13e00000)
   the space 10944K,  75% used [0x09350000, 0x09b6f028, 0x09b6f200, 0x09e00000)
 Metaspace       used 2260K, capacity 3075K, committed 3136K, reserved 4480K
}
Event: 5.223 GC heap before
{Heap before GC invocations=7 (full 0):
 def new generation   total 4928K, used 4921K [0x03e00000, 0x04350000, 0x09350000)
  eden space 4416K,  99% used [0x03e00000, 0x0424e480, 0x04250000)
  from space 512K, 100% used [0x042d0000, 0x04350000, 0x04350000)
  to   space 512K,   0% used [0x04250000, 0x04250000, 0x042d0000)
 tenured generation   total 10944K, used 8316K [0x09350000, 0x09e00000, 0x13e00000)
   the space 10944K,  75% used [0x09350000, 0x09b6f028, 0x09b6f200, 0x09e00000)
 Metaspace       used 2478K, capacity 3238K, committed 3264K, reserved 4480K
Event: 5.231 GC heap after
Heap after GC invocations=8 (full 0):
 def new generation   total 4928K, used 512K [0x03e00000, 0x04350000, 0x09350000)
  eden space 4416K,   0% used [0x03e00000, 0x03e00000, 0x04250000)
  from space 512K, 100% used [0x04250000, 0x042d0000, 0x042d0000)
  to   space 512K,   0% used [0x042d0000, 0x042d0000, 0x04350000)
 tenured generation   total 10944K, used 9188K [0x09350000, 0x09e00000, 0x13e00000)
   the space 10944K,  83% used [0x09350000, 0x09c49328, 0x09c49400, 0x09e00000)
 Metaspace       used 2478K, capacity 3238K, committed 3264K, reserved 4480K
}
Event: 5.421 GC heap before
{Heap before GC invocations=8 (full 0):
 def new generation   total 4928K, used 4928K [0x03e00000, 0x04350000, 0x09350000)
  eden space 4416K, 100% used [0x03e00000, 0x04250000, 0x04250000)
  from space 512K, 100% used [0x04250000, 0x042d0000, 0x042d0000)
  to   space 512K,   0% used [0x042d0000, 0x042d0000, 0x04350000)
 tenured generation   total 10944K, used 9188K [0x09350000, 0x09e00000, 0x13e00000)
   the space 10944K,  83% used [0x09350000, 0x09c49328, 0x09c49400, 0x09e00000)
 Metaspace       used 3158K, capacity 3693K, committed 3776K, reserved 4480K
Event: 5.427 GC heap after
Heap after GC invocations=9 (full 0):
 def new generation   total 4928K, used 512K [0x03e00000, 0x04350000, 0x09350000)
  eden space 4416K,   0% used [0x03e00000, 0x03e00000, 0x04250000)
  from space 512K, 100% used [0x042d0000, 0x04350000, 0x04350000)
  to   space 512K,   0% used [0x04250000, 0x04250000, 0x042d0000)
 tenured generation   total 10944K, used 9961K [0x09350000, 0x09e00000, 0x13e00000)
   the space 10944K,  91% used [0x09350000, 0x09d0a418, 0x09d0a600, 0x09e00000)
 Metaspace       used 3158K, capacity 3693K, committed 3776K, reserved 4480K
}
Event: 44.869 GC heap before
{Heap before GC invocations=9 (full 0):
 def new generation   total 4928K, used 4914K [0x03e00000, 0x04350000, 0x09350000)
  eden space 4416K,  99% used [0x03e00000, 0x0424cbe8, 0x04250000)
  from space 512K, 100% used [0x042d0000, 0x04350000, 0x04350000)
  to   space 512K,   0% used [0x04250000, 0x04250000, 0x042d0000)
 tenured generation   total 10944K, used 9961K [0x09350000, 0x09e00000, 0x13e00000)
   the space 10944K,  91% used [0x09350000, 0x09d0a418, 0x09d0a600, 0x09e00000)
 Metaspace       used 3859K, capacity 4105K, committed 4160K, reserved 4480K
Event: 44.881 GC heap after
Heap after GC invocations=10 (full 0):
 def new generation   total 4928K, used 512K [0x03e00000, 0x04350000, 0x09350000)
  eden space 4416K,   0% used [0x03e00000, 0x03e00000, 0x04250000)
  from space 512K, 100% used [0x04250000, 0x042d0000, 0x042d0000)
  to   space 512K,   0% used [0x042d0000, 0x042d0000, 0x04350000)
 tenured generation   total 10944K, used 10431K [0x09350000, 0x09e00000, 0x13e00000)
   the space 10944K,  95% used [0x09350000, 0x09d7fd00, 0x09d7fe00, 0x09e00000)
 Metaspace       used 3859K, capacity 4105K, committed 4160K, reserved 4480K
}
Event: 864.623 GC heap before
{Heap before GC invocations=10 (full 0):
 def new generation   total 4928K, used 4928K [0x03e00000, 0x04350000, 0x09350000)
  eden space 4416K, 100% used [0x03e00000, 0x04250000, 0x04250000)
  from space 512K, 100% used [0x04250000, 0x042d0000, 0x042d0000)
  to   space 512K,   0% used [0x042d0000, 0x042d0000, 0x04350000)
 tenured generation   total 10944K, used 10431K [0x09350000, 0x09e00000, 0x13e00000)
   the space 10944K,  95% used [0x09350000, 0x09d7fd00, 0x09d7fe00, 0x09e00000)
 Metaspace       used 4006K, capacity 4241K, committed 4288K, reserved 4480K

Deoptimization events (0 events):
No events

Classes redefined (0 events):
No events

Internal exceptions (10 events):
Event: 0.209 Thread 0x0170c800 Exception <a 'java/security/PrivilegedActionException'> (0x03ecce28) thrown at [C:\workspace\8-2-build-windows-i586-cygwin\jdk8u181\11358\hotspot\src\share\vm\prims\jvm.cpp, line 1435]
Event: 0.210 Thread 0x0170c800 Exception <a 'java/security/PrivilegedActionException'> (0x03ed08d0) thrown at [C:\workspace\8-2-build-windows-i586-cygwin\jdk8u181\11358\hotspot\src\share\vm\prims\jvm.cpp, line 1435]
Event: 0.210 Thread 0x0170c800 Exception <a 'java/security/PrivilegedActionException'> (0x03ed0ad0) thrown at [C:\workspace\8-2-build-windows-i586-cygwin\jdk8u181\11358\hotspot\src\share\vm\prims\jvm.cpp, line 1435]
Event: 0.214 Thread 0x0170c800 Exception <a 'java/io/FileNotFoundException'> (0x03ed2848) thrown at [C:\workspace\8-2-build-windows-i586-cygwin\jdk8u181\11358\hotspot\src\share\vm\prims\jni.cpp, line 709]
Event: 0.278 Thread 0x0170c800 Exception <a 'java/lang/NoSuchFieldError': method resolution failed> (0x03f90e78) thrown at [C:\workspace\8-2-build-windows-i586-cygwin\jdk8u181\11358\hotspot\src\share\vm\prims\methodHandles.cpp, line 1167]
Event: 0.282 Thread 0x0170c800 Exception <a 'java/lang/NoSuchFieldError': method resolution failed> (0x03f9d018) thrown at [C:\workspace\8-2-build-windows-i586-cygwin\jdk8u181\11358\hotspot\src\share\vm\prims\methodHandles.cpp, line 1167]
Event: 0.365 Thread 0x153b5400 Exception <a 'java/io/FileNotFoundException'> (0x0405e310) thrown at [C:\workspace\8-2-build-windows-i586-cygwin\jdk8u181\11358\hotspot\src\share\vm\prims\jni.cpp, line 709]
Event: 4.488 Thread 0x16882c00 Exception <a 'java/lang/NoClassDefFoundError': org/apache/log4j/Category> (0x03fe99f8) thrown at [C:\workspace\8-2-build-windows-i586-cygwin\jdk8u181\11358\hotspot\src\share\vm\classfile\systemDictionary.cpp, line 199]
Event: 44.744 Thread 0x153b5400 Exception <a 'java/net/SocketTimeoutException': Read timed out> (0x04227980) thrown at [C:\workspace\8-2-build-windows-i586-cygwin\jdk8u181\11358\hotspot\src\share\vm\prims\jni.cpp, line 735]
Event: 49.058 Thread 0x152ce000 Exception <a 'java/io/IOException': CreateProcess error=2, The system cannot find the file specified> (0x0403e3d0) thrown at [C:\workspace\8-2-build-windows-i586-cygwin\jdk8u181\11358\hotspot\src\share\vm\prims\jni.cpp, line 735]

Events (10 events):
Event: 552.209 Executing VM operation: RevokeBias done
Event: 721.193 Executing VM operation: BulkRevokeBias
Event: 721.193 Executing VM operation: BulkRevokeBias done
Event: 858.863 Executing VM operation: RevokeBias
Event: 858.866 Executing VM operation: RevokeBias done
Event: 862.250 Executing VM operation: RevokeBias
Event: 862.250 Executing VM operation: RevokeBias done
Event: 862.250 Executing VM operation: RevokeBias
Event: 862.250 Executing VM operation: RevokeBias done
Event: 864.623 Executing VM operation: GenCollectForAllocation


Dynamic libraries:
0x01200000 - 0x01233000 	C:\Program Files\Java\jdk1.8.0_181\jre\bin\java.exe
0x77410000 - 0x7754c000 	C:\Windows\SYSTEM32\ntdll.dll
0x76800000 - 0x768d4000 	C:\Windows\system32\kernel32.dll
0x75640000 - 0x7568a000 	C:\Windows\system32\KERNELBASE.dll
0x775a0000 - 0x77640000 	C:\Windows\system32\ADVAPI32.dll
0x76c90000 - 0x76d3c000 	C:\Windows\system32\msvcrt.dll
0x76640000 - 0x76659000 	C:\Windows\SYSTEM32\sechost.dll
0x77210000 - 0x772b1000 	C:\Windows\system32\RPCRT4.dll
0x76dc0000 - 0x76e89000 	C:\Windows\system32\USER32.dll
0x77320000 - 0x7736e000 	C:\Windows\system32\GDI32.dll
0x77550000 - 0x7755a000 	C:\Windows\system32\LPK.dll
0x77370000 - 0x7740d000 	C:\Windows\system32\USP10.dll
0x744c0000 - 0x7465e000 	C:\Windows\WinSxS\x86_microsoft.windows.common-controls_6595b64144ccf1df_6.0.7600.16385_none_421189da2b7fabfc\COMCTL32.dll
0x772c0000 - 0x77317000 	C:\Windows\system32\SHLWAPI.dll
0x77570000 - 0x7758f000 	C:\Windows\system32\IMM32.DLL
0x77140000 - 0x7720c000 	C:\Windows\system32\MSCTF.dll
0x66cf0000 - 0x66daf000 	C:\Program Files\Java\jdk1.8.0_181\jre\bin\msvcr100.dll
0x662f0000 - 0x666c3000 	C:\Program Files\Java\jdk1.8.0_181\jre\bin\client\jvm.dll
0x71ed0000 - 0x71ed7000 	C:\Windows\system32\WSOCK32.dll
0x75860000 - 0x75895000 	C:\Windows\system32\WS2_32.dll
0x77560000 - 0x77566000 	C:\Windows\system32\NSI.dll
0x6f470000 - 0x6f4a2000 	C:\Windows\system32\WINMM.dll
0x74a60000 - 0x74a69000 	C:\Windows\system32\VERSION.dll
0x77590000 - 0x77595000 	C:\Windows\system32\PSAPI.DLL
0x74770000 - 0x7477c000 	C:\Program Files\Java\jdk1.8.0_181\jre\bin\verify.dll
0x6c2d0000 - 0x6c2f2000 	C:\Program Files\Java\jdk1.8.0_181\jre\bin\java.dll
0x73cb0000 - 0x73cc4000 	C:\Program Files\Java\jdk1.8.0_181\jre\bin\zip.dll
0x759f0000 - 0x76639000 	C:\Windows\system32\SHELL32.dll
0x76a70000 - 0x76bcc000 	C:\Windows\system32\ole32.dll
0x75560000 - 0x7556b000 	C:\Windows\system32\profapi.dll
0x661a0000 - 0x662e7000 	C:\Program Files\Java\jdk1.8.0_181\jre\bin\awt.dll
0x76c00000 - 0x76c8f000 	C:\Windows\system32\OLEAUT32.dll
0x74360000 - 0x743a0000 	C:\Windows\system32\uxtheme.dll
0x74040000 - 0x74053000 	C:\Windows\system32\dwmapi.dll
0x754b0000 - 0x754bc000 	C:\Windows\system32\CRYPTBASE.dll
0x6bd20000 - 0x6bde8000 	C:\Windows\system32\opengl32.dll
0x6c0d0000 - 0x6c0f2000 	C:\Windows\system32\GLU32.dll
0x6bc30000 - 0x6bd17000 	C:\Windows\system32\DDRAW.dll
0x6c0c0000 - 0x6c0c6000 	C:\Windows\system32\DCIMAN32.dll
0x76660000 - 0x767fd000 	C:\Windows\system32\SETUPAPI.dll
0x75610000 - 0x75637000 	C:\Windows\system32\CFGMGR32.dll
0x75690000 - 0x756a2000 	C:\Windows\system32\DEVOBJ.dll
0x6c290000 - 0x6c2c9000 	C:\Program Files\Java\jdk1.8.0_181\jre\bin\fontmanager.dll
0x768e0000 - 0x76963000 	C:\Windows\system32\CLBCatQ.DLL
0x73da0000 - 0x73e9b000 	C:\Windows\system32\WindowsCodecs.dll
0x75460000 - 0x754ab000 	C:\Windows\system32\apphelp.dll
0x70d30000 - 0x70d61000 	C:\Windows\system32\EhStorShell.dll
0x743a0000 - 0x74495000 	C:\Windows\system32\PROPSYS.dll
0x16050000 - 0x1626d000 	C:\PROGRA~1\MICROS~1\Office12\GR469A~1.DLL
0x68ef0000 - 0x68fe1000 	C:\PROGRA~1\MICROS~1\Office12\GrooveUtil.DLL
0x76970000 - 0x76a64000 	C:\Windows\system32\WININET.dll
0x759e0000 - 0x759e3000 	C:\Windows\system32\Normaliz.dll
0x758a0000 - 0x759d5000 	C:\Windows\system32\urlmon.dll
0x75740000 - 0x7585c000 	C:\Windows\system32\CRYPT32.dll
0x755d0000 - 0x755dc000 	C:\Windows\system32\MSASN1.dll
0x76ef0000 - 0x770e9000 	C:\Windows\system32\iertutil.dll
0x70c90000 - 0x70d2b000 	C:\Windows\WinSxS\x86_microsoft.vc80.crt_1fc8b3b9a1e18e3b_8.0.50727.4927_none_d08a205e442db5b5\MSVCR80.dll
0x68ff0000 - 0x68ff7000 	C:\PROGRA~1\MICROS~1\Office12\GrooveNew.DLL
0x7c630000 - 0x7c64b000 	C:\Windows\WinSxS\x86_microsoft.vc80.atl_1fc8b3b9a1e18e3b_8.0.50727.42_none_dc990e4797f81af1\ATL80.DLL
0x74fe0000 - 0x74ff6000 	C:\Windows\system32\CRYPTSP.dll
0x74d80000 - 0x74dbb000 	C:\Windows\system32\rsaenh.dll
0x73b90000 - 0x73b95000 	C:\Windows\system32\MSImg32.dll
0x70ba0000 - 0x70c0a000 	C:\Windows\System32\cscui.dll
0x70b90000 - 0x70b99000 	C:\Windows\System32\CSCDLL.dll
0x70b80000 - 0x70b8b000 	C:\Windows\system32\CSCAPI.dll
0x70b10000 - 0x70b7f000 	C:\Windows\system32\ntshrui.dll
0x75390000 - 0x753a9000 	C:\Windows\system32\srvcli.dll
0x737e0000 - 0x737ea000 	C:\Windows\system32\slc.dll
0x720c0000 - 0x720d5000 	C:\Program Files\Java\jdk1.8.0_181\jre\bin\net.dll
0x74fa0000 - 0x74fdc000 	C:\Windows\system32\mswsock.dll
0x74f90000 - 0x74f96000 	C:\Windows\System32\wship6.dll
0x72050000 - 0x7205f000 	C:\Program Files\Java\jdk1.8.0_181\jre\bin\nio.dll
0x682d0000 - 0x68302000 	C:\Program Files\Java\jdk1.8.0_181\jre\bin\t2k.dll
0x74bc0000 - 0x74bd7000 	C:\Windows\system32\USERENV.dll
0x73670000 - 0x7368c000 	C:\Windows\system32\IPHLPAPI.DLL
0x73660000 - 0x73667000 	C:\Windows\system32\WINNSI.DLL
0x734b0000 - 0x734c2000 	C:\Windows\system32\dhcpcsvc.DLL
0x72f40000 - 0x72f4d000 	C:\Windows\system32\dhcpcsvc6.DLL
0x68110000 - 0x68148000 	C:\Users\Admin\AppData\Local\Temp\jna-63116079\jna6962771177437273320.dll
0x69a20000 - 0x69a23000 	C:\Program Files\Java\jdk1.8.0_181\jre\bin\api-ms-win-core-synch-l1-2-0.DLL
0x15520000 - 0x15569000 	C:\Windows\system32\fpengine.dll
0x149c0000 - 0x149ea000 	C:\Windows\system32\fpcore32.dll
0x6f4b0000 - 0x6f501000 	C:\Windows\system32\WINSPOOL.DRV
0x73f40000 - 0x73f47000 	C:\Windows\system32\WINUSB.DLL
0x741d0000 - 0x74360000 	C:\Windows\WinSxS\x86_microsoft.windows.gdiplus_6595b64144ccf1df_1.1.7600.16385_none_72fc7cbf861225ca\gdiplus.dll
0x755e0000 - 0x7560d000 	C:\Windows\system32\WINTRUST.dll
0x72020000 - 0x72040000 	C:\Program Files\Java\jdk1.8.0_181\jre\bin\sunec.dll
0x69c30000 - 0x69d1b000 	C:\Windows\system32\dbghelp.dll

VM Arguments:
jvm_args: -Dfile.encoding=UTF-8 
java_command: fingerprintcorev2.Views.IntroPage
java_class_path (initial): C:\Users\Admin\Downloads\org-apache-commons-codec.jar\org-apache-commons-codec.jar;C:\Users\Admin\Downloads\jna-4.5.2.jar;C:\Users\Admin\Downloads\unirest-java-1.4.9.jar;C:\Users\Admin\Downloads\org.json.jar\org.json.jar;C:\Users\Admin\Downloads\commons-logging-1.1.2.jar;C:\Users\Admin\Downloads\httpclient-4.5.5.jar;C:\Users\Admin\Downloads\httpcore-4.4.9.jar;C:\Users\Admin\Downloads\httpcore-nio-4.4.10.jar;C:\Users\Admin\Downloads\httpmime-4.5.6.jar;C:\Users\Admin\Downloads\httpasyncclient-4.0-beta4.jar\httpasyncclient-4.0-beta4.jar;C:\Users\Admin\Documents\NetBeansProjects\FingerprintCoreV2\build\classes
Launcher Type: SUN_STANDARD

Environment Variables:
PATH=C:\Program Files\Common Files\Oracle\Java\javapath;C:\Windows\system32;C:\Windows;C:\Windows\System32\Wbem;C:\Windows\System32\WindowsPowerShell\v1.0\;C:\Program Files\Git\cmd;C:\Program Files\Neurotechnology\FreeFingerprintVerificationSDK 1.0\bin\Win32_x86;C:\Program Files\nodejs\;C:\Users\Admin\AppData\Roaming\npm
USERNAME=Admin
OS=Windows_NT
PROCESSOR_IDENTIFIER=x86 Family 6 Model 76 Stepping 4, GenuineIntel



---------------  S Y S T E M  ---------------

OS: Windows 7 Build 7600 (6.1.7600.16385)

CPU:total 2 (initial active 2) (2 cores per cpu, 1 threads per core) family 6 model 76 stepping 4, cmov, cx8, fxsr, mmx, sse, sse2, sse3, ssse3, sse4.1, sse4.2, popcnt, aes, clmul, erms, 3dnowpref, tsc, tscinvbit

Memory: 4k page, physical 2008308k(465632k free), swap 4016616k(1758944k free)

vm_info: Java HotSpot(TM) Client VM (25.181-b13) for windows-x86 JRE (1.8.0_181-b13), built on Jul  7 2018 03:18:20 by "java_re" with MS VC++ 10.0 (VS2010)

time: Sat Aug 18 12:44:37 2018
elapsed time: 864 seconds (0d 0h 14m 24s)

