#
# A fatal error has been detected by the Java Runtime Environment:
#
#  EXCEPTION_ACCESS_VIOLATION (0xc0000005) at pc=0x77461ffe, pid=5532, tid=0x00000ee8
#
# JRE version: Java(TM) SE Runtime Environment (8.0_181-b13) (build 1.8.0_181-b13)
# Java VM: Java HotSpot(TM) Client VM (25.181-b13 mixed mode, sharing windows-x86 )
# Problematic frame:
# C  [ntdll.dll+0x51ffe]
#
# Failed to write core dump. Minidumps are not enabled by default on client versions of Windows
#
# If you would like to submit a bug report, please visit:
#   http://bugreport.java.com/bugreport/crash.jsp
#

---------------  T H R E A D  ---------------

Current thread (0x00b41000):  JavaThread "Timer-4" [_thread_in_vm, id=3816, stack(0x15d40000,0x15d90000)]

siginfo: ExceptionCode=0xc0000005, reading address 0x1d750963

Registers:
EAX=0x3f2bbd4e, EBX=0x166b8640, ECX=0x00a40000, EDX=0x166b8640
ESP=0x15d8ea78, EBP=0x15d8eaac, ESI=0x1d75095f, EDI=0x166b8638
EIP=0x77461ffe, EFLAGS=0x00010206

Top of Stack: (sp=0x15d8ea78)
0x15d8ea78:   00000000 00a40000 166b8640 00000100
0x15d8ea88:   00000000 15d8eabc 1620320c 166b8640
0x15d8ea98:   16220c40 00000100 15d8eb48 00000000
0x15d8eaa8:   166b8638 15d8eac4 77461faf 00b41000
0x15d8eab8:   00000000 166b8640 166b8638 15d8ead8
0x15d8eac8:   7684f1ac 00a40000 00000000 166b8640
0x15d8ead8:   15d8eaec 66d0016a 00a40000 00000000
0x15d8eae8:   166b8640 15d8eafc 66453f33 166b8640 

Instructions: (pc=0x77461ffe)
0x77461fde:   7a f8 80 7f 07 05 0f 84 58 df 03 00 8b 07 8b f7
0x77461fee:   c1 ee 03 33 f0 33 35 dc 71 4e 77 89 7d fc 33 f1
0x77461ffe:   8b 46 04 89 45 f4 c6 47 07 80 c6 47 06 00 8b 5e
0x7746200e:   08 8b 4e 0c 89 5d e0 83 c3 01 89 4d e4 83 d1 01 


Register to memory mapping:

EAX=0x3f2bbd4e is an unknown value
EBX=0x166b8640 is an unknown value
ECX=0x00a40000 is pointing into the stack for thread: 0x15407000
EDX=0x166b8640 is an unknown value
ESP=0x15d8ea78 is pointing into the stack for thread: 0x00b41000
EBP=0x15d8eaac is pointing into the stack for thread: 0x00b41000
ESI=0x1d75095f is an unknown value
EDI=0x166b8638 is an unknown value


Stack: [0x15d40000,0x15d90000],  sp=0x15d8ea78,  free space=314k
Native frames: (J=compiled Java code, j=interpreted, Vv=VM code, C=native code)
C  [ntdll.dll+0x51ffe]
C  [ntdll.dll+0x51faf]
C  [kernel32.dll+0x4f1ac]
C  [msvcr100.dll+0x1016a]
V  [jvm.dll+0x163f33]
V  [jvm.dll+0xe6847]
C  [jna8239710995803871389.dll+0x8ef9]
C  [jna8239710995803871389.dll+0x36d2]
J 846  com.sun.jna.Native.invokeInt(Lcom/sun/jna/Function;JI[Ljava/lang/Object;)I (0 bytes) @ 0x01f4249c [0x01f423e0+0xbc]
J 847 C1 com.sun.jna.Function.invoke([Ljava/lang/Object;Ljava/lang/Class;ZI)Ljava/lang/Object; (769 bytes) @ 0x01f42c0c [0x01f42a00+0x20c]
J 844 C1 com.sun.jna.Function.invoke(Ljava/lang/reflect/Method;[Ljava/lang/Class;Ljava/lang/Class;[Ljava/lang/Object;Ljava/util/Map;)Ljava/lang/Object; (548 bytes) @ 0x01f3e46c [0x01f3de70+0x5fc]
J 845 C1 com.sun.jna.Library$Handler.invoke(Ljava/lang/Object;Ljava/lang/reflect/Method;[Ljava/lang/Object;)Ljava/lang/Object; (348 bytes) @ 0x01f40df0 [0x01f406c0+0x730]
j  com.sun.proxy.$Proxy0.GetFpCharByGen([B[I)I+20
j  fingerprintcorev2.Views.RescanUI.fpsmessage()V+119
j  fingerprintcorev2.Views.RescanUI.access$900(Lfingerprintcorev2/Views/RescanUI;)V+1
j  fingerprintcorev2.Views.RescanUI$9.run()V+4
j  java.util.TimerThread.mainLoop()V+221
j  java.util.TimerThread.run()V+1
v  ~StubRoutines::call_stub
V  [jvm.dll+0x15c065]
V  [jvm.dll+0x223ade]
V  [jvm.dll+0x15c0fe]
V  [jvm.dll+0x15c286]
V  [jvm.dll+0x15c2f7]
V  [jvm.dll+0x10016f]
V  [jvm.dll+0x17f280]
V  [jvm.dll+0x17fafa]
V  [jvm.dll+0x1c5416]
C  [msvcr100.dll+0x5c556]
C  [msvcr100.dll+0x5c600]
C  [kernel32.dll+0x51174]
C  [ntdll.dll+0x5b3f5]
C  [ntdll.dll+0x5b3c8]
C  0x00000000

Java frames: (J=compiled Java code, j=interpreted, Vv=VM code)
J 846  com.sun.jna.Native.invokeInt(Lcom/sun/jna/Function;JI[Ljava/lang/Object;)I (0 bytes) @ 0x01f42458 [0x01f423e0+0x78]
J 847 C1 com.sun.jna.Function.invoke([Ljava/lang/Object;Ljava/lang/Class;ZI)Ljava/lang/Object; (769 bytes) @ 0x01f42c0c [0x01f42a00+0x20c]
J 844 C1 com.sun.jna.Function.invoke(Ljava/lang/reflect/Method;[Ljava/lang/Class;Ljava/lang/Class;[Ljava/lang/Object;Ljava/util/Map;)Ljava/lang/Object; (548 bytes) @ 0x01f3e46c [0x01f3de70+0x5fc]
J 845 C1 com.sun.jna.Library$Handler.invoke(Ljava/lang/Object;Ljava/lang/reflect/Method;[Ljava/lang/Object;)Ljava/lang/Object; (348 bytes) @ 0x01f40df0 [0x01f406c0+0x730]
j  com.sun.proxy.$Proxy0.GetFpCharByGen([B[I)I+20
j  fingerprintcorev2.Views.RescanUI.fpsmessage()V+119
j  fingerprintcorev2.Views.RescanUI.access$900(Lfingerprintcorev2/Views/RescanUI;)V+1
j  fingerprintcorev2.Views.RescanUI$9.run()V+4
j  java.util.TimerThread.mainLoop()V+221
j  java.util.TimerThread.run()V+1
v  ~StubRoutines::call_stub

---------------  P R O C E S S  ---------------

Java Threads: ( => current thread )
  0x00b41400 JavaThread "Timer-5" [_thread_blocked, id=7276, stack(0x15e70000,0x15ec0000)]
=>0x00b41000 JavaThread "Timer-4" [_thread_in_vm, id=3816, stack(0x15d40000,0x15d90000)]
  0x16668000 JavaThread "Thread-8" daemon [_thread_blocked, id=6484, stack(0x15bc0000,0x15c10000)]
  0x1657e000 JavaThread "TimerQueue" daemon [_thread_blocked, id=3736, stack(0x16d30000,0x16d80000)]
  0x00a4c800 JavaThread "DestroyJavaVM" [_thread_blocked, id=7712, stack(0x00260000,0x002b0000)]
  0x15407000 JavaThread "AWT-EventQueue-0" [_thread_blocked, id=4728, stack(0x009f0000,0x00a40000)]
  0x15405400 JavaThread "AWT-Windows" daemon [_thread_in_native, id=3268, stack(0x155a0000,0x155f0000)]
  0x15404800 JavaThread "AWT-Shutdown" [_thread_blocked, id=7996, stack(0x14990000,0x149e0000)]
  0x15402000 JavaThread "Java2D Disposer" daemon [_thread_blocked, id=3584, stack(0x15720000,0x15770000)]
  0x00b07800 JavaThread "Service Thread" daemon [_thread_blocked, id=4500, stack(0x03da0000,0x03df0000)]
  0x00af2400 JavaThread "C1 CompilerThread0" daemon [_thread_blocked, id=7980, stack(0x15150000,0x151a0000)]
  0x00af1400 JavaThread "Attach Listener" daemon [_thread_blocked, id=8016, stack(0x01070000,0x010c0000)]
  0x00aee400 JavaThread "Signal Dispatcher" daemon [_thread_blocked, id=8044, stack(0x150b0000,0x15100000)]
  0x00ae4400 JavaThread "Finalizer" daemon [_thread_blocked, id=8040, stack(0x14910000,0x14960000)]
  0x00a85c00 JavaThread "Reference Handler" daemon [_thread_blocked, id=1468, stack(0x010e0000,0x01130000)]

Other Threads:
  0x00a83400 VMThread [stack: 0x148a0000,0x148f0000] [id=8036]
  0x00b25800 WatcherThread [stack: 0x15290000,0x152e0000] [id=8032]

VM state:not at safepoint (normal execution)

VM Mutex/Monitor currently owned by a thread: None

Heap:
 def new generation   total 8448K, used 2196K [0x03e00000, 0x04720000, 0x09350000)
  eden space 7552K,  29% used [0x03e00000, 0x04025078, 0x04560000)
  from space 896K,   0% used [0x04560000, 0x04560000, 0x04640000)
  to   space 896K,   0% used [0x04640000, 0x04640000, 0x04720000)
 tenured generation   total 18576K, used 11145K [0x09350000, 0x0a574000, 0x13e00000)
   the space 18576K,  59% used [0x09350000, 0x09e325d0, 0x09e32600, 0x0a574000)
 Metaspace       used 3838K, capacity 4065K, committed 4160K, reserved 4480K

Card table byte_map: [0x00fd0000,0x01060000] byte_map_base: 0x00fb1000

Polling page: 0x002b0000

CodeCache: size=32768Kb used=1817Kb max_used=1817Kb free=30950Kb
 bounds [0x01d80000, 0x01f48000, 0x03d80000]
 total_blobs=1103 nmethods=841 adapters=192
 compilation: enabled

Compilation events (10 events):
Event: 45.505 Thread 0x00af2400  848             javax.swing.SwingUtilities::computeIntersection (189 bytes)
Event: 45.508 Thread 0x00af2400 nmethod 848 0x01f45c08 code [0x01f45d00, 0x01f45e10]
Event: 45.612 Thread 0x00af2400  849             java.util.TaskQueue::getMin (7 bytes)
Event: 45.613 Thread 0x00af2400 nmethod 849 0x01f45e88 code [0x01f45f80, 0x01f46020]
Event: 48.633 Thread 0x00af2400  850             java.lang.reflect.Method::hashCode (19 bytes)
Event: 48.635 Thread 0x00af2400 nmethod 850 0x01f460c8 code [0x01f461e0, 0x01f462e4]
Event: 48.722 Thread 0x00af2400  851             javax.swing.JLabel::getUIClassID (3 bytes)
Event: 48.723 Thread 0x00af2400 nmethod 851 0x01f46408 code [0x01f46500, 0x01f46580]
Event: 48.724 Thread 0x00af2400  852             java.awt.Insets::set (22 bytes)
Event: 48.725 Thread 0x00af2400 nmethod 852 0x01f465c8 code [0x01f466c0, 0x01f46750]

GC Heap History (10 events):
Event: 4.461 GC heap before
{Heap before GC invocations=6 (full 0):
 def new generation   total 4928K, used 4928K [0x03e00000, 0x04350000, 0x09350000)
  eden space 4416K, 100% used [0x03e00000, 0x04250000, 0x04250000)
  from space 512K, 100% used [0x04250000, 0x042d0000, 0x042d0000)
  to   space 512K,   0% used [0x042d0000, 0x042d0000, 0x04350000)
 tenured generation   total 10944K, used 7419K [0x09350000, 0x09e00000, 0x13e00000)
   the space 10944K,  67% used [0x09350000, 0x09a8ec38, 0x09a8ee00, 0x09e00000)
 Metaspace       used 2258K, capacity 3046K, committed 3136K, reserved 4480K
Event: 4.469 GC heap after
Heap after GC invocations=7 (full 0):
 def new generation   total 4928K, used 512K [0x03e00000, 0x04350000, 0x09350000)
  eden space 4416K,   0% used [0x03e00000, 0x03e00000, 0x04250000)
  from space 512K, 100% used [0x042d0000, 0x04350000, 0x04350000)
  to   space 512K,   0% used [0x04250000, 0x04250000, 0x042d0000)
 tenured generation   total 10944K, used 8193K [0x09350000, 0x09e00000, 0x13e00000)
   the space 10944K,  74% used [0x09350000, 0x09b50750, 0x09b50800, 0x09e00000)
 Metaspace       used 2258K, capacity 3046K, committed 3136K, reserved 4480K
}
Event: 4.603 GC heap before
{Heap before GC invocations=7 (full 0):
 def new generation   total 4928K, used 4928K [0x03e00000, 0x04350000, 0x09350000)
  eden space 4416K, 100% used [0x03e00000, 0x04250000, 0x04250000)
  from space 512K, 100% used [0x042d0000, 0x04350000, 0x04350000)
  to   space 512K,   0% used [0x04250000, 0x04250000, 0x042d0000)
 tenured generation   total 10944K, used 8193K [0x09350000, 0x09e00000, 0x13e00000)
   the space 10944K,  74% used [0x09350000, 0x09b50750, 0x09b50800, 0x09e00000)
 Metaspace       used 2492K, capacity 3238K, committed 3264K, reserved 4480K
Event: 4.612 GC heap after
Heap after GC invocations=8 (full 0):
 def new generation   total 4928K, used 512K [0x03e00000, 0x04350000, 0x09350000)
  eden space 4416K,   0% used [0x03e00000, 0x03e00000, 0x04250000)
  from space 512K, 100% used [0x04250000, 0x042d0000, 0x042d0000)
  to   space 512K,   0% used [0x042d0000, 0x042d0000, 0x04350000)
 tenured generation   total 10944K, used 9181K [0x09350000, 0x09e00000, 0x13e00000)
   the space 10944K,  83% used [0x09350000, 0x09c47798, 0x09c47800, 0x09e00000)
 Metaspace       used 2492K, capacity 3238K, committed 3264K, reserved 4480K
}
Event: 4.787 GC heap before
{Heap before GC invocations=8 (full 0):
 def new generation   total 4928K, used 4928K [0x03e00000, 0x04350000, 0x09350000)
  eden space 4416K, 100% used [0x03e00000, 0x04250000, 0x04250000)
  from space 512K, 100% used [0x04250000, 0x042d0000, 0x042d0000)
  to   space 512K,   0% used [0x042d0000, 0x042d0000, 0x04350000)
 tenured generation   total 10944K, used 9181K [0x09350000, 0x09e00000, 0x13e00000)
   the space 10944K,  83% used [0x09350000, 0x09c47798, 0x09c47800, 0x09e00000)
 Metaspace       used 3162K, capacity 3693K, committed 3776K, reserved 4480K
Event: 4.793 GC heap after
Heap after GC invocations=9 (full 0):
 def new generation   total 4928K, used 512K [0x03e00000, 0x04350000, 0x09350000)
  eden space 4416K,   0% used [0x03e00000, 0x03e00000, 0x04250000)
  from space 512K, 100% used [0x042d0000, 0x04350000, 0x04350000)
  to   space 512K,   0% used [0x04250000, 0x04250000, 0x042d0000)
 tenured generation   total 10944K, used 9967K [0x09350000, 0x09e00000, 0x13e00000)
   the space 10944K,  91% used [0x09350000, 0x09d0bd40, 0x09d0be00, 0x09e00000)
 Metaspace       used 3162K, capacity 3693K, committed 3776K, reserved 4480K
}
Event: 25.472 GC heap before
{Heap before GC invocations=9 (full 0):
 def new generation   total 4928K, used 4833K [0x03e00000, 0x04350000, 0x09350000)
  eden space 4416K,  97% used [0x03e00000, 0x042385d0, 0x04250000)
  from space 512K, 100% used [0x042d0000, 0x04350000, 0x04350000)
  to   space 512K,   0% used [0x04250000, 0x04250000, 0x042d0000)
 tenured generation   total 10944K, used 9967K [0x09350000, 0x09e00000, 0x13e00000)
   the space 10944K,  91% used [0x09350000, 0x09d0bd40, 0x09d0be00, 0x09e00000)
 Metaspace       used 3862K, capacity 4105K, committed 4160K, reserved 4480K
Event: 25.482 GC heap after
Heap after GC invocations=10 (full 0):
 def new generation   total 4928K, used 512K [0x03e00000, 0x04350000, 0x09350000)
  eden space 4416K,   0% used [0x03e00000, 0x03e00000, 0x04250000)
  from space 512K, 100% used [0x04250000, 0x042d0000, 0x042d0000)
  to   space 512K,   0% used [0x042d0000, 0x042d0000, 0x04350000)
 tenured generation   total 10944K, used 10644K [0x09350000, 0x09e00000, 0x13e00000)
   the space 10944K,  97% used [0x09350000, 0x09db5000, 0x09db5000, 0x09e00000)
 Metaspace       used 3862K, capacity 4105K, committed 4160K, reserved 4480K
}
Event: 41.921 GC heap before
{Heap before GC invocations=10 (full 0):
 def new generation   total 4928K, used 4762K [0x03e00000, 0x04350000, 0x09350000)
  eden space 4416K,  96% used [0x03e00000, 0x042269e8, 0x04250000)
  from space 512K, 100% used [0x04250000, 0x042d0000, 0x042d0000)
  to   space 512K,   0% used [0x042d0000, 0x042d0000, 0x04350000)
 tenured generation   total 10944K, used 10644K [0x09350000, 0x09e00000, 0x13e00000)
   the space 10944K,  97% used [0x09350000, 0x09db5000, 0x09db5000, 0x09e00000)
 Metaspace       used 3862K, capacity 4105K, committed 4160K, reserved 4480K
Event: 41.962 GC heap after
Heap after GC invocations=11 (full 1):
 def new generation   total 8448K, used 0K [0x03e00000, 0x04720000, 0x09350000)
  eden space 7552K,   0% used [0x03e00000, 0x03e00000, 0x04560000)
  from space 896K,   0% used [0x04560000, 0x04560000, 0x04640000)
  to   space 896K,   0% used [0x04640000, 0x04640000, 0x04720000)
 tenured generation   total 18576K, used 11145K [0x09350000, 0x0a574000, 0x13e00000)
   the space 18576K,  59% used [0x09350000, 0x09e325d0, 0x09e32600, 0x0a574000)
 Metaspace       used 3838K, capacity 4065K, committed 4160K, reserved 4480K
}

Deoptimization events (0 events):
No events

Classes redefined (0 events):
No events

Internal exceptions (10 events):
Event: 0.318 Thread 0x15407000 Exception <a 'java/io/FileNotFoundException'> (0x0405e310) thrown at [C:\workspace\8-2-build-windows-i586-cygwin\jdk8u181\11358\hotspot\src\share\vm\prims\jni.cpp, line 709]
Event: 3.911 Thread 0x1657b400 Exception <a 'java/lang/NoClassDefFoundError': org/apache/log4j/Category> (0x03fe8f38) thrown at [C:\workspace\8-2-build-windows-i586-cygwin\jdk8u181\11358\hotspot\src\share\vm\classfile\systemDictionary.cpp, line 199]
Event: 25.332 Thread 0x15407000 Exception <a 'java/net/SocketTimeoutException': Read timed out> (0x041c8890) thrown at [C:\workspace\8-2-build-windows-i586-cygwin\jdk8u181\11358\hotspot\src\share\vm\prims\jni.cpp, line 735]
Event: 28.109 Thread 0x15407000 Exception <a 'java/net/SocketTimeoutException': Read timed out> (0x03f07cb0) thrown at [C:\workspace\8-2-build-windows-i586-cygwin\jdk8u181\11358\hotspot\src\share\vm\prims\jni.cpp, line 735]
Event: 31.942 Thread 0x15407000 Exception <a 'java/net/SocketTimeoutException': Read timed out> (0x03fc78a0) thrown at [C:\workspace\8-2-build-windows-i586-cygwin\jdk8u181\11358\hotspot\src\share\vm\prims\jni.cpp, line 735]
Event: 34.258 Thread 0x15407000 Exception <a 'java/net/SocketTimeoutException': Read timed out> (0x040830a8) thrown at [C:\workspace\8-2-build-windows-i586-cygwin\jdk8u181\11358\hotspot\src\share\vm\prims\jni.cpp, line 735]
Event: 38.421 Thread 0x15407000 Exception <a 'java/net/SocketTimeoutException': Read timed out> (0x04143010) thrown at [C:\workspace\8-2-build-windows-i586-cygwin\jdk8u181\11358\hotspot\src\share\vm\prims\jni.cpp, line 735]
Event: 40.980 Thread 0x15407000 Exception <a 'java/net/SocketTimeoutException': Read timed out> (0x04202318) thrown at [C:\workspace\8-2-build-windows-i586-cygwin\jdk8u181\11358\hotspot\src\share\vm\prims\jni.cpp, line 735]
Event: 43.376 Thread 0x15407000 Exception <a 'java/net/SocketTimeoutException': Read timed out> (0x03ea9ce0) thrown at [C:\workspace\8-2-build-windows-i586-cygwin\jdk8u181\11358\hotspot\src\share\vm\prims\jni.cpp, line 735]
Event: 45.613 Thread 0x15407000 Exception <a 'java/net/SocketTimeoutException': Read timed out> (0x03f6b0f8) thrown at [C:\workspace\8-2-build-windows-i586-cygwin\jdk8u181\11358\hotspot\src\share\vm\prims\jni.cpp, line 735]

Events (10 events):
Event: 41.001 Executing VM operation: RevokeBias done
Event: 41.920 Executing VM operation: GenCollectForAllocation
Event: 41.962 Executing VM operation: GenCollectForAllocation done
Event: 41.966 Thread 0x00b40800 Thread exited: 0x00b40800
Event: 41.967 Thread 0x1657b400 Thread exited: 0x1657b400
Event: 41.967 Thread 0x15422c00 Thread exited: 0x15422c00
Event: 43.400 Executing VM operation: RevokeBias
Event: 43.400 Executing VM operation: RevokeBias done
Event: 45.644 Executing VM operation: RevokeBias
Event: 45.645 Executing VM operation: RevokeBias done


Dynamic libraries:
0x01140000 - 0x01173000 	C:\Program Files\Java\jdk1.8.0_181\jre\bin\java.exe
0x77410000 - 0x7754c000 	C:\Windows\SYSTEM32\ntdll.dll
0x76800000 - 0x768d4000 	C:\Windows\system32\kernel32.dll
0x75640000 - 0x7568a000 	C:\Windows\system32\KERNELBASE.dll
0x775a0000 - 0x77640000 	C:\Windows\system32\ADVAPI32.dll
0x76c90000 - 0x76d3c000 	C:\Windows\system32\msvcrt.dll
0x76640000 - 0x76659000 	C:\Windows\SYSTEM32\sechost.dll
0x77210000 - 0x772b1000 	C:\Windows\system32\RPCRT4.dll
0x76dc0000 - 0x76e89000 	C:\Windows\system32\USER32.dll
0x77320000 - 0x7736e000 	C:\Windows\system32\GDI32.dll
0x77550000 - 0x7755a000 	C:\Windows\system32\LPK.dll
0x77370000 - 0x7740d000 	C:\Windows\system32\USP10.dll
0x744c0000 - 0x7465e000 	C:\Windows\WinSxS\x86_microsoft.windows.common-controls_6595b64144ccf1df_6.0.7600.16385_none_421189da2b7fabfc\COMCTL32.dll
0x772c0000 - 0x77317000 	C:\Windows\system32\SHLWAPI.dll
0x77570000 - 0x7758f000 	C:\Windows\system32\IMM32.DLL
0x77140000 - 0x7720c000 	C:\Windows\system32\MSCTF.dll
0x66cf0000 - 0x66daf000 	C:\Program Files\Java\jdk1.8.0_181\jre\bin\msvcr100.dll
0x662f0000 - 0x666c3000 	C:\Program Files\Java\jdk1.8.0_181\jre\bin\client\jvm.dll
0x71ed0000 - 0x71ed7000 	C:\Windows\system32\WSOCK32.dll
0x75860000 - 0x75895000 	C:\Windows\system32\WS2_32.dll
0x77560000 - 0x77566000 	C:\Windows\system32\NSI.dll
0x6f470000 - 0x6f4a2000 	C:\Windows\system32\WINMM.dll
0x74a60000 - 0x74a69000 	C:\Windows\system32\VERSION.dll
0x77590000 - 0x77595000 	C:\Windows\system32\PSAPI.DLL
0x74770000 - 0x7477c000 	C:\Program Files\Java\jdk1.8.0_181\jre\bin\verify.dll
0x6c2d0000 - 0x6c2f2000 	C:\Program Files\Java\jdk1.8.0_181\jre\bin\java.dll
0x73cb0000 - 0x73cc4000 	C:\Program Files\Java\jdk1.8.0_181\jre\bin\zip.dll
0x759f0000 - 0x76639000 	C:\Windows\system32\SHELL32.dll
0x76a70000 - 0x76bcc000 	C:\Windows\system32\ole32.dll
0x75560000 - 0x7556b000 	C:\Windows\system32\profapi.dll
0x661a0000 - 0x662e7000 	C:\Program Files\Java\jdk1.8.0_181\jre\bin\awt.dll
0x76c00000 - 0x76c8f000 	C:\Windows\system32\OLEAUT32.dll
0x74360000 - 0x743a0000 	C:\Windows\system32\uxtheme.dll
0x74040000 - 0x74053000 	C:\Windows\system32\dwmapi.dll
0x754b0000 - 0x754bc000 	C:\Windows\system32\CRYPTBASE.dll
0x6bd20000 - 0x6bde8000 	C:\Windows\system32\opengl32.dll
0x6c0d0000 - 0x6c0f2000 	C:\Windows\system32\GLU32.dll
0x6bc30000 - 0x6bd17000 	C:\Windows\system32\DDRAW.dll
0x6c0c0000 - 0x6c0c6000 	C:\Windows\system32\DCIMAN32.dll
0x76660000 - 0x767fd000 	C:\Windows\system32\SETUPAPI.dll
0x75610000 - 0x75637000 	C:\Windows\system32\CFGMGR32.dll
0x75690000 - 0x756a2000 	C:\Windows\system32\DEVOBJ.dll
0x6c290000 - 0x6c2c9000 	C:\Program Files\Java\jdk1.8.0_181\jre\bin\fontmanager.dll
0x768e0000 - 0x76963000 	C:\Windows\system32\CLBCatQ.DLL
0x73da0000 - 0x73e9b000 	C:\Windows\system32\WindowsCodecs.dll
0x75460000 - 0x754ab000 	C:\Windows\system32\apphelp.dll
0x70d30000 - 0x70d61000 	C:\Windows\system32\EhStorShell.dll
0x743a0000 - 0x74495000 	C:\Windows\system32\PROPSYS.dll
0x15fd0000 - 0x161ed000 	C:\PROGRA~1\MICROS~1\Office12\GR469A~1.DLL
0x68ef0000 - 0x68fe1000 	C:\PROGRA~1\MICROS~1\Office12\GrooveUtil.DLL
0x76970000 - 0x76a64000 	C:\Windows\system32\WININET.dll
0x759e0000 - 0x759e3000 	C:\Windows\system32\Normaliz.dll
0x758a0000 - 0x759d5000 	C:\Windows\system32\urlmon.dll
0x75740000 - 0x7585c000 	C:\Windows\system32\CRYPT32.dll
0x755d0000 - 0x755dc000 	C:\Windows\system32\MSASN1.dll
0x76ef0000 - 0x770e9000 	C:\Windows\system32\iertutil.dll
0x70c90000 - 0x70d2b000 	C:\Windows\WinSxS\x86_microsoft.vc80.crt_1fc8b3b9a1e18e3b_8.0.50727.4927_none_d08a205e442db5b5\MSVCR80.dll
0x68ff0000 - 0x68ff7000 	C:\PROGRA~1\MICROS~1\Office12\GrooveNew.DLL
0x7c630000 - 0x7c64b000 	C:\Windows\WinSxS\x86_microsoft.vc80.atl_1fc8b3b9a1e18e3b_8.0.50727.42_none_dc990e4797f81af1\ATL80.DLL
0x74fe0000 - 0x74ff6000 	C:\Windows\system32\CRYPTSP.dll
0x74d80000 - 0x74dbb000 	C:\Windows\system32\rsaenh.dll
0x73b90000 - 0x73b95000 	C:\Windows\system32\MSImg32.dll
0x70ba0000 - 0x70c0a000 	C:\Windows\System32\cscui.dll
0x70b90000 - 0x70b99000 	C:\Windows\System32\CSCDLL.dll
0x70b80000 - 0x70b8b000 	C:\Windows\system32\CSCAPI.dll
0x70b10000 - 0x70b7f000 	C:\Windows\system32\ntshrui.dll
0x75390000 - 0x753a9000 	C:\Windows\system32\srvcli.dll
0x737e0000 - 0x737ea000 	C:\Windows\system32\slc.dll
0x720c0000 - 0x720d5000 	C:\Program Files\Java\jdk1.8.0_181\jre\bin\net.dll
0x74fa0000 - 0x74fdc000 	C:\Windows\system32\mswsock.dll
0x74f90000 - 0x74f96000 	C:\Windows\System32\wship6.dll
0x72050000 - 0x7205f000 	C:\Program Files\Java\jdk1.8.0_181\jre\bin\nio.dll
0x682d0000 - 0x68302000 	C:\Program Files\Java\jdk1.8.0_181\jre\bin\t2k.dll
0x74bc0000 - 0x74bd7000 	C:\Windows\system32\USERENV.dll
0x73670000 - 0x7368c000 	C:\Windows\system32\IPHLPAPI.DLL
0x73660000 - 0x73667000 	C:\Windows\system32\WINNSI.DLL
0x734b0000 - 0x734c2000 	C:\Windows\system32\dhcpcsvc.DLL
0x72f40000 - 0x72f4d000 	C:\Windows\system32\dhcpcsvc6.DLL
0x68110000 - 0x68148000 	C:\Users\Admin\AppData\Local\Temp\jna-63116079\jna8239710995803871389.dll
0x69d80000 - 0x69d83000 	C:\Program Files\Java\jdk1.8.0_181\jre\bin\api-ms-win-core-synch-l1-2-0.DLL
0x161f0000 - 0x16239000 	C:\Windows\system32\fpengine.dll
0x14960000 - 0x1498a000 	C:\Windows\system32\fpcore32.dll
0x6f4b0000 - 0x6f501000 	C:\Windows\system32\WINSPOOL.DRV
0x73f40000 - 0x73f47000 	C:\Windows\system32\WINUSB.DLL
0x741d0000 - 0x74360000 	C:\Windows\WinSxS\x86_microsoft.windows.gdiplus_6595b64144ccf1df_1.1.7600.16385_none_72fc7cbf861225ca\gdiplus.dll
0x755e0000 - 0x7560d000 	C:\Windows\system32\WINTRUST.dll
0x72020000 - 0x72040000 	C:\Program Files\Java\jdk1.8.0_181\jre\bin\sunec.dll
0x69c30000 - 0x69d1b000 	C:\Windows\system32\dbghelp.dll

VM Arguments:
jvm_args: -Dfile.encoding=UTF-8 
java_command: fingerprintcorev2.Views.IntroPage
java_class_path (initial): C:\Users\Admin\Downloads\org-apache-commons-codec.jar\org-apache-commons-codec.jar;C:\Users\Admin\Downloads\jna-4.5.2.jar;C:\Users\Admin\Downloads\unirest-java-1.4.9.jar;C:\Users\Admin\Downloads\org.json.jar\org.json.jar;C:\Users\Admin\Downloads\commons-logging-1.1.2.jar;C:\Users\Admin\Downloads\httpclient-4.5.5.jar;C:\Users\Admin\Downloads\httpcore-4.4.9.jar;C:\Users\Admin\Downloads\httpcore-nio-4.4.10.jar;C:\Users\Admin\Downloads\httpmime-4.5.6.jar;C:\Users\Admin\Downloads\httpasyncclient-4.0-beta4.jar\httpasyncclient-4.0-beta4.jar;C:\Users\Admin\Documents\NetBeansProjects\FingerprintCoreV2\build\classes
Launcher Type: SUN_STANDARD

Environment Variables:
PATH=C:\Program Files\Common Files\Oracle\Java\javapath;C:\Windows\system32;C:\Windows;C:\Windows\System32\Wbem;C:\Windows\System32\WindowsPowerShell\v1.0\;C:\Program Files\Git\cmd;C:\Program Files\Neurotechnology\FreeFingerprintVerificationSDK 1.0\bin\Win32_x86;C:\Program Files\nodejs\;C:\Users\Admin\AppData\Roaming\npm
USERNAME=Admin
OS=Windows_NT
PROCESSOR_IDENTIFIER=x86 Family 6 Model 76 Stepping 4, GenuineIntel



---------------  S Y S T E M  ---------------

OS: Windows 7 Build 7600 (6.1.7600.16385)

CPU:total 2 (initial active 2) (2 cores per cpu, 1 threads per core) family 6 model 76 stepping 4, cmov, cx8, fxsr, mmx, sse, sse2, sse3, ssse3, sse4.1, sse4.2, popcnt, aes, clmul, erms, 3dnowpref, tsc, tscinvbit

Memory: 4k page, physical 2008308k(544068k free), swap 4016616k(1814724k free)

vm_info: Java HotSpot(TM) Client VM (25.181-b13) for windows-x86 JRE (1.8.0_181-b13), built on Jul  7 2018 03:18:20 by "java_re" with MS VC++ 10.0 (VS2010)

time: Sat Aug 18 13:08:12 2018
elapsed time: 49 seconds (0d 0h 0m 49s)

