#
# A fatal error has been detected by the Java Runtime Environment:
#
#  EXCEPTION_ACCESS_VIOLATION (0xc0000005) at pc=0x770c1ffe, pid=4744, tid=0x0000087c
#
# JRE version: Java(TM) SE Runtime Environment (8.0_181-b13) (build 1.8.0_181-b13)
# Java VM: Java HotSpot(TM) Client VM (25.181-b13 mixed mode, sharing windows-x86 )
# Problematic frame:
# C  [ntdll.dll+0x51ffe]
#
# Failed to write core dump. Minidumps are not enabled by default on client versions of Windows
#
# If you would like to submit a bug report, please visit:
#   http://bugreport.java.com/bugreport/crash.jsp
#

---------------  T H R E A D  ---------------

Current thread (0x15ef7c00):  JavaThread "Timer-2" [_thread_in_vm, id=2172, stack(0x16510000,0x16560000)]

siginfo: ExceptionCode=0xc0000005, reading address 0x6cd7f8f1

Registers:
EAX=0x00000000, EBX=0x15ff6a78, ECX=0x01380000, EDX=0x15ff6a78
ESP=0x1655e698, EBP=0x1655e6cc, ESI=0x6cd7f8ed, EDI=0x15ff6a70
EIP=0x770c1ffe, EFLAGS=0x00010206

Top of Stack: (sp=0x1655e698)
0x1655e698:   00000000 01380000 15ff6a78 00000000
0x1655e6a8:   1655f044 5afe23fa 00000001 00000004
0x1655e6b8:   15ef7c00 1655e6f4 1655e768 00000005
0x1655e6c8:   15ff6a70 1655e6e4 770c1faf 15ef7c00
0x1655e6d8:   00000000 15ff6a78 15ff6a70 1655e6f8
0x1655e6e8:   7574f1ac 01380000 00000000 15ff6a78
0x1655e6f8:   1655e70c 6a75016a 01380000 00000000
0x1655e708:   15ff6a78 1655e71c 5ae83f33 15ff6a78 

Instructions: (pc=0x770c1ffe)
0x770c1fde:   7a f8 80 7f 07 05 0f 84 58 df 03 00 8b 07 8b f7
0x770c1fee:   c1 ee 03 33 f0 33 35 dc 71 14 77 89 7d fc 33 f1
0x770c1ffe:   8b 46 04 89 45 f4 c6 47 07 80 c6 47 06 00 8b 5e
0x770c200e:   08 8b 4e 0c 89 5d e0 83 c3 01 89 4d e4 83 d1 01 


Register to memory mapping:

EAX=0x00000000 is an unknown value
EBX=0x15ff6a78 is an unknown value
ECX=0x01380000 is pointing into the stack for thread: 0x0138cc00
EDX=0x15ff6a78 is an unknown value
ESP=0x1655e698 is pointing into the stack for thread: 0x15ef7c00
EBP=0x1655e6cc is pointing into the stack for thread: 0x15ef7c00
ESI=0x6cd7f8ed is an unknown value
EDI=0x15ff6a70 is an unknown value


Stack: [0x16510000,0x16560000],  sp=0x1655e698,  free space=313k
Native frames: (J=compiled Java code, j=interpreted, Vv=VM code, C=native code)
C  [ntdll.dll+0x51ffe]
C  [ntdll.dll+0x51faf]
C  [kernel32.dll+0x4f1ac]
C  [msvcr100.dll+0x1016a]
V  [jvm.dll+0x163f33]
V  [jvm.dll+0xe6847]
C  [jna7593486237581672981.dll+0x8ef9]
C  [jna7593486237581672981.dll+0x36d2]
J 735  com.sun.jna.Native.invokeInt(Lcom/sun/jna/Function;JI[Ljava/lang/Object;)I (0 bytes) @ 0x01e1fbdc [0x01e1fb20+0xbc]
J 734 C1 com.sun.jna.Function.invoke([Ljava/lang/Object;Ljava/lang/Class;ZI)Ljava/lang/Object; (769 bytes) @ 0x01e3304c [0x01e32e40+0x20c]
J 730 C1 com.sun.jna.Function.invoke(Ljava/lang/reflect/Method;[Ljava/lang/Class;Ljava/lang/Class;[Ljava/lang/Object;Ljava/util/Map;)Ljava/lang/Object; (548 bytes) @ 0x01e2e9ac [0x01e2e3b0+0x5fc]
J 733 C1 com.sun.jna.Library$Handler.invoke(Ljava/lang/Object;Ljava/lang/reflect/Method;[Ljava/lang/Object;)Ljava/lang/Object; (348 bytes) @ 0x01e314f0 [0x01e30dc0+0x730]
j  com.sun.proxy.$Proxy0.GetFpCharByGen([B[I)I+20
j  fingerprintcorev2.RescanUI.fpsmessage()V+119
j  fingerprintcorev2.RescanUI.access$800(Lfingerprintcorev2/RescanUI;)V+1
j  fingerprintcorev2.RescanUI$9.run()V+4
j  java.util.TimerThread.mainLoop()V+221
j  java.util.TimerThread.run()V+1
v  ~StubRoutines::call_stub
V  [jvm.dll+0x15c065]
V  [jvm.dll+0x223ade]
V  [jvm.dll+0x15c0fe]
V  [jvm.dll+0x15c286]
V  [jvm.dll+0x15c2f7]
V  [jvm.dll+0x10016f]
V  [jvm.dll+0x17f280]
V  [jvm.dll+0x17fafa]
V  [jvm.dll+0x1c5416]
C  [msvcr100.dll+0x5c556]
C  [msvcr100.dll+0x5c600]
C  [kernel32.dll+0x51174]
C  [ntdll.dll+0x5b3f5]
C  [ntdll.dll+0x5b3c8]
C  0x00000000

Java frames: (J=compiled Java code, j=interpreted, Vv=VM code)
J 735  com.sun.jna.Native.invokeInt(Lcom/sun/jna/Function;JI[Ljava/lang/Object;)I (0 bytes) @ 0x01e1fb98 [0x01e1fb20+0x78]
J 734 C1 com.sun.jna.Function.invoke([Ljava/lang/Object;Ljava/lang/Class;ZI)Ljava/lang/Object; (769 bytes) @ 0x01e3304c [0x01e32e40+0x20c]
J 730 C1 com.sun.jna.Function.invoke(Ljava/lang/reflect/Method;[Ljava/lang/Class;Ljava/lang/Class;[Ljava/lang/Object;Ljava/util/Map;)Ljava/lang/Object; (548 bytes) @ 0x01e2e9ac [0x01e2e3b0+0x5fc]
J 733 C1 com.sun.jna.Library$Handler.invoke(Ljava/lang/Object;Ljava/lang/reflect/Method;[Ljava/lang/Object;)Ljava/lang/Object; (348 bytes) @ 0x01e314f0 [0x01e30dc0+0x730]
j  com.sun.proxy.$Proxy0.GetFpCharByGen([B[I)I+20
j  fingerprintcorev2.RescanUI.fpsmessage()V+119
j  fingerprintcorev2.RescanUI.access$800(Lfingerprintcorev2/RescanUI;)V+1
j  fingerprintcorev2.RescanUI$9.run()V+4
j  java.util.TimerThread.mainLoop()V+221
j  java.util.TimerThread.run()V+1
v  ~StubRoutines::call_stub

---------------  P R O C E S S  ---------------

Java Threads: ( => current thread )
  0x15fbac00 JavaThread "Thread-9" daemon [_thread_blocked, id=4876, stack(0x16880000,0x168d0000)]
  0x15ef8400 JavaThread "Timer-3" [_thread_blocked, id=332, stack(0x166c0000,0x16710000)]
=>0x15ef7c00 JavaThread "Timer-2" [_thread_in_vm, id=2172, stack(0x16510000,0x16560000)]
  0x15ee7000 JavaThread "TimerQueue" daemon [_thread_blocked, id=924, stack(0x16760000,0x167b0000)]
  0x0138cc00 JavaThread "DestroyJavaVM" [_thread_blocked, id=1344, stack(0x01330000,0x01380000)]
  0x153d3400 JavaThread "AWT-EventQueue-0" [_thread_blocked, id=3732, stack(0x15120000,0x15170000)]
  0x153d2000 JavaThread "AWT-Windows" daemon [_thread_in_native, id=3340, stack(0x15540000,0x15590000)]
  0x153d1800 JavaThread "AWT-Shutdown" [_thread_blocked, id=3200, stack(0x15790000,0x157e0000)]
  0x153cec00 JavaThread "Java2D Disposer" daemon [_thread_blocked, id=3516, stack(0x155a0000,0x155f0000)]
  0x01888c00 JavaThread "Service Thread" daemon [_thread_blocked, id=1988, stack(0x15260000,0x152b0000)]
  0x01863c00 JavaThread "C1 CompilerThread0" daemon [_thread_blocked, id=5076, stack(0x151d0000,0x15220000)]
  0x01862c00 JavaThread "Attach Listener" daemon [_thread_blocked, id=4520, stack(0x150c0000,0x15110000)]
  0x0185f800 JavaThread "Signal Dispatcher" daemon [_thread_blocked, id=5668, stack(0x03cf0000,0x03d40000)]
  0x01854400 JavaThread "Finalizer" daemon [_thread_blocked, id=5140, stack(0x03d40000,0x03d90000)]
  0x017f5c00 JavaThread "Reference Handler" daemon [_thread_blocked, id=1612, stack(0x03ca0000,0x03cf0000)]

Other Threads:
  0x017f3800 VMThread [stack: 0x148a0000,0x148f0000] [id=4068]
  0x0188b800 WatcherThread [stack: 0x15170000,0x151c0000] [id=4108]

VM state:not at safepoint (normal execution)

VM Mutex/Monitor currently owned by a thread: None

Heap:
 def new generation   total 5440K, used 4011K [0x03e00000, 0x043e0000, 0x09350000)
  eden space 4864K,  70% used [0x03e00000, 0x0415ade0, 0x042c0000)
  from space 576K, 100% used [0x042c0000, 0x04350000, 0x04350000)
  to   space 576K,   0% used [0x04350000, 0x04350000, 0x043e0000)
 tenured generation   total 11976K, used 10637K [0x09350000, 0x09f02000, 0x13e00000)
   the space 11976K,  88% used [0x09350000, 0x09db36f8, 0x09db3800, 0x09f02000)
 Metaspace       used 3620K, capacity 4080K, committed 4160K, reserved 4480K

Card table byte_map: [0x011e0000,0x01270000] byte_map_base: 0x011c1000

Polling page: 0x00120000

CodeCache: size=32768Kb used=1696Kb max_used=1696Kb free=31071Kb
 bounds [0x01c90000, 0x01e40000, 0x03c90000]
 total_blobs=989 nmethods=740 adapters=179
 compilation: enabled

Compilation events (10 events):
Event: 26.424 Thread 0x01863c00  749             javax.swing.GroupLayout$ComponentInfo::isLinked (49 bytes)
Event: 26.425 Thread 0x01863c00 nmethod 749 0x01e37d88 code [0x01e37e80, 0x01e37f40]
Event: 26.430 Thread 0x01863c00  750             javax.swing.JComponent::getWidth (5 bytes)
Event: 26.430 Thread 0x01863c00 nmethod 750 0x01e37f88 code [0x01e38080, 0x01e38100]
Event: 26.431 Thread 0x01863c00  751             javax.swing.JComponent::getHeight (5 bytes)
Event: 26.431 Thread 0x01863c00 nmethod 751 0x01e38148 code [0x01e38240, 0x01e382c0]
Event: 26.525 Thread 0x01863c00  752             java.util.IdentityHashMap::maskNull (12 bytes)
Event: 26.526 Thread 0x01863c00 nmethod 752 0x01e38308 code [0x01e38400, 0x01e38480]
Event: 26.526 Thread 0x01863c00  753             java.util.IdentityHashMap::hash (18 bytes)
Event: 26.527 Thread 0x01863c00 nmethod 753 0x01e384c8 code [0x01e385c0, 0x01e3865c]

GC Heap History (10 events):
Event: 6.065 GC heap before
{Heap before GC invocations=6 (full 0):
 def new generation   total 4928K, used 4602K [0x03e00000, 0x04350000, 0x09350000)
  eden space 4416K, 100% used [0x03e00000, 0x04250000, 0x04250000)
  from space 512K,  36% used [0x04250000, 0x0427e800, 0x042d0000)
  to   space 512K,   0% used [0x042d0000, 0x042d0000, 0x04350000)
 tenured generation   total 10944K, used 7002K [0x09350000, 0x09e00000, 0x13e00000)
   the space 10944K,  63% used [0x09350000, 0x09a26a28, 0x09a26c00, 0x09e00000)
 Metaspace       used 1252K, capacity 2791K, committed 2880K, reserved 4480K
Event: 6.094 GC heap after
Heap after GC invocations=7 (full 1):
 def new generation   total 5440K, used 0K [0x03e00000, 0x043e0000, 0x09350000)
  eden space 4864K,   0% used [0x03e00000, 0x03e00000, 0x042c0000)
  from space 576K,   0% used [0x042c0000, 0x042c0000, 0x04350000)
  to   space 576K,   0% used [0x04350000, 0x04350000, 0x043e0000)
 tenured generation   total 11976K, used 7185K [0x09350000, 0x09f02000, 0x13e00000)
   the space 11976K,  59% used [0x09350000, 0x09a54568, 0x09a54600, 0x09f02000)
 Metaspace       used 1252K, capacity 2791K, committed 2880K, reserved 4480K
}
Event: 7.497 GC heap before
{Heap before GC invocations=7 (full 1):
 def new generation   total 5440K, used 4864K [0x03e00000, 0x043e0000, 0x09350000)
  eden space 4864K, 100% used [0x03e00000, 0x042c0000, 0x042c0000)
  from space 576K,   0% used [0x042c0000, 0x042c0000, 0x04350000)
  to   space 576K,   0% used [0x04350000, 0x04350000, 0x043e0000)
 tenured generation   total 11976K, used 7185K [0x09350000, 0x09f02000, 0x13e00000)
   the space 11976K,  59% used [0x09350000, 0x09a54568, 0x09a54600, 0x09f02000)
 Metaspace       used 2280K, capacity 3070K, committed 3136K, reserved 4480K
Event: 7.506 GC heap after
Heap after GC invocations=8 (full 1):
 def new generation   total 5440K, used 576K [0x03e00000, 0x043e0000, 0x09350000)
  eden space 4864K,   0% used [0x03e00000, 0x03e00000, 0x042c0000)
  from space 576K, 100% used [0x04350000, 0x043e0000, 0x043e0000)
  to   space 576K,   0% used [0x042c0000, 0x042c0000, 0x04350000)
 tenured generation   total 11976K, used 7772K [0x09350000, 0x09f02000, 0x13e00000)
   the space 11976K,  64% used [0x09350000, 0x09ae7198, 0x09ae7200, 0x09f02000)
 Metaspace       used 2280K, capacity 3070K, committed 3136K, reserved 4480K
}
Event: 7.602 GC heap before
{Heap before GC invocations=8 (full 1):
 def new generation   total 5440K, used 5440K [0x03e00000, 0x043e0000, 0x09350000)
  eden space 4864K, 100% used [0x03e00000, 0x042c0000, 0x042c0000)
  from space 576K, 100% used [0x04350000, 0x043e0000, 0x043e0000)
  to   space 576K,   0% used [0x042c0000, 0x042c0000, 0x04350000)
 tenured generation   total 11976K, used 7772K [0x09350000, 0x09f02000, 0x13e00000)
   the space 11976K,  64% used [0x09350000, 0x09ae7198, 0x09ae7200, 0x09f02000)
 Metaspace       used 2373K, capacity 3110K, committed 3136K, reserved 4480K
Event: 7.609 GC heap after
Heap after GC invocations=9 (full 1):
 def new generation   total 5440K, used 576K [0x03e00000, 0x043e0000, 0x09350000)
  eden space 4864K,   0% used [0x03e00000, 0x03e00000, 0x042c0000)
  from space 576K, 100% used [0x042c0000, 0x04350000, 0x04350000)
  to   space 576K,   0% used [0x04350000, 0x04350000, 0x043e0000)
 tenured generation   total 11976K, used 8389K [0x09350000, 0x09f02000, 0x13e00000)
   the space 11976K,  70% used [0x09350000, 0x09b817a8, 0x09b81800, 0x09f02000)
 Metaspace       used 2373K, capacity 3110K, committed 3136K, reserved 4480K
}
Event: 7.800 GC heap before
{Heap before GC invocations=9 (full 1):
 def new generation   total 5440K, used 5440K [0x03e00000, 0x043e0000, 0x09350000)
  eden space 4864K, 100% used [0x03e00000, 0x042c0000, 0x042c0000)
  from space 576K, 100% used [0x042c0000, 0x04350000, 0x04350000)
  to   space 576K,   0% used [0x04350000, 0x04350000, 0x043e0000)
 tenured generation   total 11976K, used 8389K [0x09350000, 0x09f02000, 0x13e00000)
   the space 11976K,  70% used [0x09350000, 0x09b817a8, 0x09b81800, 0x09f02000)
 Metaspace       used 2978K, capacity 3501K, committed 3520K, reserved 4480K
Event: 7.808 GC heap after
Heap after GC invocations=10 (full 1):
 def new generation   total 5440K, used 576K [0x03e00000, 0x043e0000, 0x09350000)
  eden space 4864K,   0% used [0x03e00000, 0x03e00000, 0x042c0000)
  from space 576K, 100% used [0x04350000, 0x043e0000, 0x043e0000)
  to   space 576K,   0% used [0x042c0000, 0x042c0000, 0x04350000)
 tenured generation   total 11976K, used 9734K [0x09350000, 0x09f02000, 0x13e00000)
   the space 11976K,  81% used [0x09350000, 0x09cd18d0, 0x09cd1a00, 0x09f02000)
 Metaspace       used 2978K, capacity 3501K, committed 3520K, reserved 4480K
}
Event: 9.955 GC heap before
{Heap before GC invocations=10 (full 1):
 def new generation   total 5440K, used 5440K [0x03e00000, 0x043e0000, 0x09350000)
  eden space 4864K, 100% used [0x03e00000, 0x042c0000, 0x042c0000)
  from space 576K, 100% used [0x04350000, 0x043e0000, 0x043e0000)
  to   space 576K,   0% used [0x042c0000, 0x042c0000, 0x04350000)
 tenured generation   total 11976K, used 9734K [0x09350000, 0x09f02000, 0x13e00000)
   the space 11976K,  81% used [0x09350000, 0x09cd18d0, 0x09cd1a00, 0x09f02000)
 Metaspace       used 3604K, capacity 4077K, committed 4160K, reserved 4480K
Event: 9.968 GC heap after
Heap after GC invocations=11 (full 1):
 def new generation   total 5440K, used 576K [0x03e00000, 0x043e0000, 0x09350000)
  eden space 4864K,   0% used [0x03e00000, 0x03e00000, 0x042c0000)
  from space 576K, 100% used [0x042c0000, 0x04350000, 0x04350000)
  to   space 576K,   0% used [0x04350000, 0x04350000, 0x043e0000)
 tenured generation   total 11976K, used 10637K [0x09350000, 0x09f02000, 0x13e00000)
   the space 11976K,  88% used [0x09350000, 0x09db36f8, 0x09db3800, 0x09f02000)
 Metaspace       used 3604K, capacity 4077K, committed 4160K, reserved 4480K
}

Deoptimization events (0 events):
No events

Classes redefined (0 events):
No events

Internal exceptions (10 events):
Event: 0.363 Thread 0x0138cc00 Exception <a 'java/security/PrivilegedActionException'> (0x03ecc340) thrown at [C:\workspace\8-2-build-windows-i586-cygwin\jdk8u181\11358\hotspot\src\share\vm\prims\jvm.cpp, line 1435]
Event: 0.364 Thread 0x0138cc00 Exception <a 'java/security/PrivilegedActionException'> (0x03ecfde8) thrown at [C:\workspace\8-2-build-windows-i586-cygwin\jdk8u181\11358\hotspot\src\share\vm\prims\jvm.cpp, line 1435]
Event: 0.364 Thread 0x0138cc00 Exception <a 'java/security/PrivilegedActionException'> (0x03ecffe8) thrown at [C:\workspace\8-2-build-windows-i586-cygwin\jdk8u181\11358\hotspot\src\share\vm\prims\jvm.cpp, line 1435]
Event: 0.367 Thread 0x0138cc00 Exception <a 'java/io/FileNotFoundException'> (0x03ed1d60) thrown at [C:\workspace\8-2-build-windows-i586-cygwin\jdk8u181\11358\hotspot\src\share\vm\prims\jni.cpp, line 709]
Event: 0.440 Thread 0x0138cc00 Exception <a 'java/lang/NoSuchFieldError': method resolution failed> (0x03f90238) thrown at [C:\workspace\8-2-build-windows-i586-cygwin\jdk8u181\11358\hotspot\src\share\vm\prims\methodHandles.cpp, line 1167]
Event: 0.444 Thread 0x0138cc00 Exception <a 'java/lang/NoSuchFieldError': method resolution failed> (0x03f9c3d8) thrown at [C:\workspace\8-2-build-windows-i586-cygwin\jdk8u181\11358\hotspot\src\share\vm\prims\methodHandles.cpp, line 1167]
Event: 0.536 Thread 0x153d3400 Exception <a 'java/io/FileNotFoundException'> (0x04072a68) thrown at [C:\workspace\8-2-build-windows-i586-cygwin\jdk8u181\11358\hotspot\src\share\vm\prims\jni.cpp, line 709]
Event: 7.013 Thread 0x153d3400 Exception <a 'java/lang/NoClassDefFoundError': org/apache/log4j/Category> (0x03f661c8) thrown at [C:\workspace\8-2-build-windows-i586-cygwin\jdk8u181\11358\hotspot\src\share\vm\classfile\systemDictionary.cpp, line 199]
Event: 16.879 Thread 0x153d3400 Exception <a 'java/net/SocketTimeoutException': Read timed out> (0x03f14688) thrown at [C:\workspace\8-2-build-windows-i586-cygwin\jdk8u181\11358\hotspot\src\share\vm\prims\jni.cpp, line 735]
Event: 19.567 Thread 0x153d3400 Exception <a 'java/net/SocketTimeoutException': Read timed out> (0x03f2f288) thrown at [C:\workspace\8-2-build-windows-i586-cygwin\jdk8u181\11358\hotspot\src\share\vm\prims\jni.cpp, line 735]

Events (10 events):
Event: 16.952 Executing VM operation: RevokeBias done
Event: 19.566 Executing VM operation: RevokeBias
Event: 19.566 Executing VM operation: RevokeBias done
Event: 19.594 Executing VM operation: RevokeBias
Event: 19.594 Executing VM operation: RevokeBias done
Event: 21.407 Thread 0x01863c00 flushing nmethod 0x01e1f348
Event: 25.308 Executing VM operation: RevokeBias
Event: 25.309 Executing VM operation: RevokeBias done
Event: 25.348 Executing VM operation: RevokeBias
Event: 25.349 Executing VM operation: RevokeBias done


Dynamic libraries:
0x00280000 - 0x002b3000 	C:\Program Files\Java\jdk1.8.0_181\jre\bin\java.exe
0x77070000 - 0x771ac000 	C:\Windows\SYSTEM32\ntdll.dll
0x75700000 - 0x757d4000 	C:\Windows\system32\kernel32.dll
0x75450000 - 0x7549a000 	C:\Windows\system32\KERNELBASE.dll
0x75660000 - 0x75700000 	C:\Windows\system32\ADVAPI32.dll
0x757f0000 - 0x7589c000 	C:\Windows\system32\msvcrt.dll
0x77280000 - 0x77299000 	C:\Windows\SYSTEM32\sechost.dll
0x76020000 - 0x760c1000 	C:\Windows\system32\RPCRT4.dll
0x75c90000 - 0x75d59000 	C:\Windows\system32\USER32.dll
0x76130000 - 0x7617e000 	C:\Windows\system32\GDI32.dll
0x75e70000 - 0x75e7a000 	C:\Windows\system32\LPK.dll
0x75f80000 - 0x7601d000 	C:\Windows\system32\USP10.dll
0x74120000 - 0x742be000 	C:\Windows\WinSxS\x86_microsoft.windows.common-controls_6595b64144ccf1df_6.0.7600.16385_none_421189da2b7fabfc\COMCTL32.dll
0x75c00000 - 0x75c57000 	C:\Windows\system32\SHLWAPI.dll
0x75c70000 - 0x75c8f000 	C:\Windows\system32\IMM32.DLL
0x771b0000 - 0x7727c000 	C:\Windows\system32\MSCTF.dll
0x6a740000 - 0x6a7ff000 	C:\Program Files\Java\jdk1.8.0_181\jre\bin\msvcr100.dll
0x5ad20000 - 0x5b0f3000 	C:\Program Files\Java\jdk1.8.0_181\jre\bin\client\jvm.dll
0x73be0000 - 0x73be7000 	C:\Windows\system32\WSOCK32.dll
0x77030000 - 0x77065000 	C:\Windows\system32\WS2_32.dll
0x75c60000 - 0x75c66000 	C:\Windows\system32\NSI.dll
0x706e0000 - 0x70712000 	C:\Windows\system32\WINMM.dll
0x746c0000 - 0x746c9000 	C:\Windows\system32\VERSION.dll
0x757e0000 - 0x757e5000 	C:\Windows\system32\PSAPI.DLL
0x73f90000 - 0x73f9c000 	C:\Program Files\Java\jdk1.8.0_181\jre\bin\verify.dll
0x6f830000 - 0x6f852000 	C:\Program Files\Java\jdk1.8.0_181\jre\bin\java.dll
0x6f810000 - 0x6f824000 	C:\Program Files\Java\jdk1.8.0_181\jre\bin\zip.dll
0x761e0000 - 0x76e29000 	C:\Windows\system32\SHELL32.dll
0x75930000 - 0x75a8c000 	C:\Windows\system32\ole32.dll
0x751c0000 - 0x751cb000 	C:\Windows\system32\profapi.dll
0x675b0000 - 0x676f7000 	C:\Program Files\Java\jdk1.8.0_181\jre\bin\awt.dll
0x758a0000 - 0x7592f000 	C:\Windows\system32\OLEAUT32.dll
0x73fc0000 - 0x74000000 	C:\Windows\system32\uxtheme.dll
0x73c70000 - 0x73c83000 	C:\Windows\system32\dwmapi.dll
0x75140000 - 0x7514c000 	C:\Windows\system32\CRYPTBASE.dll
0x73860000 - 0x73928000 	C:\Windows\system32\opengl32.dll
0x73c00000 - 0x73c22000 	C:\Windows\system32\GLU32.dll
0x72a60000 - 0x72b47000 	C:\Windows\system32\DDRAW.dll
0x73bf0000 - 0x73bf6000 	C:\Windows\system32\DCIMAN32.dll
0x754c0000 - 0x7565d000 	C:\Windows\system32\SETUPAPI.dll
0x75390000 - 0x753b7000 	C:\Windows\system32\CFGMGR32.dll
0x754a0000 - 0x754b2000 	C:\Windows\system32\DEVOBJ.dll
0x6b1f0000 - 0x6b229000 	C:\Program Files\Java\jdk1.8.0_181\jre\bin\fontmanager.dll
0x75d60000 - 0x75de3000 	C:\Windows\system32\CLBCatQ.DLL
0x73a30000 - 0x73b2b000 	C:\Windows\system32\WindowsCodecs.dll
0x750f0000 - 0x7513b000 	C:\Windows\system32\apphelp.dll
0x70be0000 - 0x70c11000 	C:\Windows\system32\EhStorShell.dll
0x74000000 - 0x740f5000 	C:\Windows\system32\PROPSYS.dll
0x661c0000 - 0x663dd000 	C:\PROGRA~1\MICROS~1\Office12\GR469A~1.DLL
0x68ef0000 - 0x68fe1000 	C:\PROGRA~1\MICROS~1\Office12\GrooveUtil.DLL
0x75e80000 - 0x75f74000 	C:\Windows\system32\WININET.dll
0x760d0000 - 0x760d3000 	C:\Windows\system32\Normaliz.dll
0x75a90000 - 0x75bc5000 	C:\Windows\system32\urlmon.dll
0x75270000 - 0x7538c000 	C:\Windows\system32\CRYPT32.dll
0x75230000 - 0x7523c000 	C:\Windows\system32\MSASN1.dll
0x76e30000 - 0x77029000 	C:\Windows\system32\iertutil.dll
0x6fea0000 - 0x6ff3b000 	C:\Windows\WinSxS\x86_microsoft.vc80.crt_1fc8b3b9a1e18e3b_8.0.50727.4927_none_d08a205e442db5b5\MSVCR80.dll
0x68ff0000 - 0x68ff7000 	C:\PROGRA~1\MICROS~1\Office12\GrooveNew.DLL
0x7c630000 - 0x7c64b000 	C:\Windows\WinSxS\x86_microsoft.vc80.atl_1fc8b3b9a1e18e3b_8.0.50727.42_none_dc990e4797f81af1\ATL80.DLL
0x74c50000 - 0x74c66000 	C:\Windows\system32\CRYPTSP.dll
0x749f0000 - 0x74a2b000 	C:\Windows\system32\rsaenh.dll
0x73720000 - 0x73725000 	C:\Windows\system32\MSImg32.dll
0x6fcd0000 - 0x6fd3a000 	C:\Windows\System32\cscui.dll
0x6fcc0000 - 0x6fcc9000 	C:\Windows\System32\CSCDLL.dll
0x70c40000 - 0x70c4b000 	C:\Windows\system32\CSCAPI.dll
0x6fc50000 - 0x6fcbf000 	C:\Windows\system32\ntshrui.dll
0x74e10000 - 0x74e29000 	C:\Windows\system32\srvcli.dll
0x733b0000 - 0x733ba000 	C:\Windows\system32\slc.dll
0x6b550000 - 0x6b565000 	C:\Program Files\Java\jdk1.8.0_181\jre\bin\net.dll
0x74c10000 - 0x74c4c000 	C:\Windows\system32\mswsock.dll
0x74c00000 - 0x74c06000 	C:\Windows\System32\wship6.dll
0x6f8b0000 - 0x6f8bf000 	C:\Program Files\Java\jdk1.8.0_181\jre\bin\nio.dll
0x6b0c0000 - 0x6b0f2000 	C:\Program Files\Java\jdk1.8.0_181\jre\bin\t2k.dll
0x74820000 - 0x74837000 	C:\Windows\system32\USERENV.dll
0x732d0000 - 0x732ec000 	C:\Windows\system32\IPHLPAPI.DLL
0x732c0000 - 0x732c7000 	C:\Windows\system32\WINNSI.DLL
0x730d0000 - 0x730e2000 	C:\Windows\system32\dhcpcsvc.DLL
0x72fe0000 - 0x72fed000 	C:\Windows\system32\dhcpcsvc6.DLL
0x6a700000 - 0x6a738000 	C:\Users\Admin\AppData\Local\Temp\jna-63116079\jna7593486237581672981.dll
0x6f890000 - 0x6f893000 	C:\Program Files\Java\jdk1.8.0_181\jre\bin\api-ms-win-core-synch-l1-2-0.DLL
0x149b0000 - 0x149f7000 	C:\Windows\system32\fpengine.dll
0x15080000 - 0x150aa000 	C:\Windows\system32\fpcore32.dll
0x70d50000 - 0x70da1000 	C:\Windows\system32\WINSPOOL.DRV
0x6f1c0000 - 0x6f1c7000 	C:\Windows\system32\WINUSB.DLL
0x73e00000 - 0x73f90000 	C:\Windows\WinSxS\x86_microsoft.windows.gdiplus_6595b64144ccf1df_1.1.7600.16385_none_72fc7cbf861225ca\gdiplus.dll
0x75240000 - 0x7526d000 	C:\Windows\system32\WINTRUST.dll
0x6b1d0000 - 0x6b1f0000 	C:\Program Files\Java\jdk1.8.0_181\jre\bin\sunec.dll
0x74750000 - 0x74755000 	C:\Windows\System32\wshtcpip.dll
0x74ad0000 - 0x74b14000 	C:\Windows\system32\DNSAPI.dll
0x70ff0000 - 0x70ff6000 	C:\Windows\system32\rasadhlp.dll
0x731a0000 - 0x731d8000 	C:\Windows\System32\fwpuclnt.dll
0x66f30000 - 0x6701b000 	C:\Windows\system32\dbghelp.dll

VM Arguments:
jvm_args: -Dfile.encoding=UTF-8 
java_command: fingerprintcorev2.IntroPage
java_class_path (initial): C:\Users\Admin\Downloads\org-apache-commons-codec.jar\org-apache-commons-codec.jar;C:\Users\Admin\Downloads\jna-4.5.2.jar;C:\Users\Admin\Downloads\unirest-java-1.4.9.jar;C:\Users\Admin\Downloads\org.json.jar\org.json.jar;C:\Users\Admin\Downloads\commons-logging-1.1.2.jar;C:\Users\Admin\Downloads\httpclient-4.5.5.jar;C:\Users\Admin\Downloads\httpcore-4.4.9.jar;C:\Users\Admin\Downloads\httpcore-nio-4.4.10.jar;C:\Users\Admin\Downloads\httpmime-4.5.6.jar;C:\Users\Admin\Downloads\httpasyncclient-4.0-beta4.jar\httpasyncclient-4.0-beta4.jar;C:\Users\Admin\Documents\NetBeansProjects\FingerprintCoreV2\build\classes
Launcher Type: SUN_STANDARD

Environment Variables:
PATH=C:\Program Files\Common Files\Oracle\Java\javapath;C:\Windows\system32;C:\Windows;C:\Windows\System32\Wbem;C:\Windows\System32\WindowsPowerShell\v1.0\;C:\Program Files\Git\cmd;C:\Program Files\Neurotechnology\FreeFingerprintVerificationSDK 1.0\bin\Win32_x86;C:\Program Files\nodejs\;C:\Users\Admin\AppData\Roaming\npm
USERNAME=Admin
OS=Windows_NT
PROCESSOR_IDENTIFIER=x86 Family 6 Model 76 Stepping 4, GenuineIntel



---------------  S Y S T E M  ---------------

OS: Windows 7 Build 7600 (6.1.7600.16385)

CPU:total 2 (initial active 2) (2 cores per cpu, 1 threads per core) family 6 model 76 stepping 4, cmov, cx8, fxsr, mmx, sse, sse2, sse3, ssse3, sse4.1, sse4.2, popcnt, aes, clmul, erms, 3dnowpref, tsc, tscinvbit

Memory: 4k page, physical 2008308k(598724k free), swap 4016616k(1624580k free)

vm_info: Java HotSpot(TM) Client VM (25.181-b13) for windows-x86 JRE (1.8.0_181-b13), built on Jul  7 2018 03:18:20 by "java_re" with MS VC++ 10.0 (VS2010)

time: Wed Aug 01 00:45:59 2018
elapsed time: 27 seconds (0d 0h 0m 27s)

