#
# A fatal error has been detected by the Java Runtime Environment:
#
#  EXCEPTION_ACCESS_VIOLATION (0xc0000005) at pc=0x77461ffe, pid=7400, tid=0x00001d4c
#
# JRE version: Java(TM) SE Runtime Environment (8.0_181-b13) (build 1.8.0_181-b13)
# Java VM: Java HotSpot(TM) Client VM (25.181-b13 mixed mode, sharing windows-x86 )
# Problematic frame:
# C  [ntdll.dll+0x51ffe]
#
# Failed to write core dump. Minidumps are not enabled by default on client versions of Windows
#
# If you would like to submit a bug report, please visit:
#   http://bugreport.java.com/bugreport/crash.jsp
#

---------------  T H R E A D  ---------------

Current thread (0x16672800):  JavaThread "Timer-1" [_thread_in_vm, id=7500, stack(0x15920000,0x15970000)]

siginfo: ExceptionCode=0xc0000005, reading address 0x4a05c34b

Registers:
EAX=0x20726573, EBX=0x16799a20, ECX=0x004e0000, EDX=0x16799a20
ESP=0x1596ea58, EBP=0x1596ea8c, ESI=0x4a05c347, EDI=0x16799a18
EIP=0x77461ffe, EFLAGS=0x00010206

Top of Stack: (sp=0x1596ea58)
0x1596ea58:   00000000 004e0000 16799a20 00000100
0x1596ea68:   00000000 1596ea9c 155c320c 16799a20
0x1596ea78:   155e0c40 00000100 1596eb28 00000000
0x1596ea88:   16799a18 1596eaa4 77461faf 16672800
0x1596ea98:   00000000 16799a20 16799a18 1596eab8
0x1596eaa8:   7684f1ac 004e0000 00000000 16799a20
0x1596eab8:   1596eacc 66d0016a 004e0000 00000000
0x1596eac8:   16799a20 1596eadc 66453f33 16799a20 

Instructions: (pc=0x77461ffe)
0x77461fde:   7a f8 80 7f 07 05 0f 84 58 df 03 00 8b 07 8b f7
0x77461fee:   c1 ee 03 33 f0 33 35 dc 71 4e 77 89 7d fc 33 f1
0x77461ffe:   8b 46 04 89 45 f4 c6 47 07 80 c6 47 06 00 8b 5e
0x7746200e:   08 8b 4e 0c 89 5d e0 83 c3 01 89 4d e4 83 d1 01 


Register to memory mapping:

EAX=0x20726573 is an unknown value
EBX=0x16799a20 is an unknown value
ECX=0x004e0000 is an unknown value
EDX=0x16799a20 is an unknown value
ESP=0x1596ea58 is pointing into the stack for thread: 0x16672800
EBP=0x1596ea8c is pointing into the stack for thread: 0x16672800
ESI=0x4a05c347 is an unknown value
EDI=0x16799a18 is an unknown value


Stack: [0x15920000,0x15970000],  sp=0x1596ea58,  free space=314k
Native frames: (J=compiled Java code, j=interpreted, Vv=VM code, C=native code)
C  [ntdll.dll+0x51ffe]
C  [ntdll.dll+0x51faf]
C  [kernel32.dll+0x4f1ac]
C  [msvcr100.dll+0x1016a]
V  [jvm.dll+0x163f33]
V  [jvm.dll+0xe6847]
C  [jna6038796371889585138.dll+0x8ef9]
C  [jna6038796371889585138.dll+0x36d2]
j  com.sun.jna.Native.invokeInt(Lcom/sun/jna/Function;JI[Ljava/lang/Object;)I+0
j  com.sun.jna.Function.invoke([Ljava/lang/Object;Ljava/lang/Class;ZI)Ljava/lang/Object;+211
j  com.sun.jna.Function.invoke(Ljava/lang/reflect/Method;[Ljava/lang/Class;Ljava/lang/Class;[Ljava/lang/Object;Ljava/util/Map;)Ljava/lang/Object;+271
j  com.sun.jna.Library$Handler.invoke(Ljava/lang/Object;Ljava/lang/reflect/Method;[Ljava/lang/Object;)Ljava/lang/Object;+344
j  com.sun.proxy.$Proxy0.GetFpCharByGen([B[I)I+20
j  fingerprintcorev2.Views.RescanUI.fpsmessage()V+119
j  fingerprintcorev2.Views.RescanUI.access$900(Lfingerprintcorev2/Views/RescanUI;)V+1
j  fingerprintcorev2.Views.RescanUI$9.run()V+4
j  java.util.TimerThread.mainLoop()V+221
j  java.util.TimerThread.run()V+1
v  ~StubRoutines::call_stub
V  [jvm.dll+0x15c065]
V  [jvm.dll+0x223ade]
V  [jvm.dll+0x15c0fe]
V  [jvm.dll+0x15c286]
V  [jvm.dll+0x15c2f7]
V  [jvm.dll+0x10016f]
V  [jvm.dll+0x17f280]
V  [jvm.dll+0x17fafa]
V  [jvm.dll+0x1c5416]
C  [msvcr100.dll+0x5c556]
C  [msvcr100.dll+0x5c600]
C  [kernel32.dll+0x51174]
C  [ntdll.dll+0x5b3f5]
C  [ntdll.dll+0x5b3c8]
C  0x00000000

Java frames: (J=compiled Java code, j=interpreted, Vv=VM code)
j  com.sun.jna.Native.invokeInt(Lcom/sun/jna/Function;JI[Ljava/lang/Object;)I+0
j  com.sun.jna.Function.invoke([Ljava/lang/Object;Ljava/lang/Class;ZI)Ljava/lang/Object;+211
j  com.sun.jna.Function.invoke(Ljava/lang/reflect/Method;[Ljava/lang/Class;Ljava/lang/Class;[Ljava/lang/Object;Ljava/util/Map;)Ljava/lang/Object;+271
j  com.sun.jna.Library$Handler.invoke(Ljava/lang/Object;Ljava/lang/reflect/Method;[Ljava/lang/Object;)Ljava/lang/Object;+344
j  com.sun.proxy.$Proxy0.GetFpCharByGen([B[I)I+20
j  fingerprintcorev2.Views.RescanUI.fpsmessage()V+119
j  fingerprintcorev2.Views.RescanUI.access$900(Lfingerprintcorev2/Views/RescanUI;)V+1
j  fingerprintcorev2.Views.RescanUI$9.run()V+4
j  java.util.TimerThread.mainLoop()V+221
j  java.util.TimerThread.run()V+1
v  ~StubRoutines::call_stub

---------------  P R O C E S S  ---------------

Java Threads: ( => current thread )
  0x16751800 JavaThread "Thread-8" daemon [_thread_blocked, id=3840, stack(0x16ea0000,0x16ef0000)]
  0x16673000 JavaThread "Timer-2" [_thread_blocked, id=1292, stack(0x16be0000,0x16c30000)]
=>0x16672800 JavaThread "Timer-1" [_thread_in_vm, id=7500, stack(0x15920000,0x15970000)]
  0x16664000 JavaThread "TimerQueue" daemon [_thread_blocked, id=5004, stack(0x16d20000,0x16d70000)]
  0x15394c00 JavaThread "Timer-0" [_thread_blocked, id=7028, stack(0x004f0000,0x00540000)]
  0x004ec800 JavaThread "DestroyJavaVM" [_thread_blocked, id=5532, stack(0x00200000,0x00250000)]
  0x15377000 JavaThread "AWT-EventQueue-0" [_thread_blocked, id=6180, stack(0x151a0000,0x151f0000)]
  0x15375400 JavaThread "AWT-Windows" daemon [_thread_in_native, id=6368, stack(0x157a0000,0x157f0000)]
  0x15374c00 JavaThread "AWT-Shutdown" [_thread_blocked, id=1924, stack(0x15100000,0x15150000)]
  0x15372000 JavaThread "Java2D Disposer" daemon [_thread_blocked, id=5624, stack(0x15560000,0x155b0000)]
  0x01304c00 JavaThread "Service Thread" daemon [_thread_blocked, id=7032, stack(0x13db0000,0x13e00000)]
  0x01302800 JavaThread "C1 CompilerThread0" daemon [_thread_blocked, id=3976, stack(0x15150000,0x151a0000)]
  0x01301800 JavaThread "Attach Listener" daemon [_thread_blocked, id=2040, stack(0x15200000,0x15250000)]
  0x012fe800 JavaThread "Signal Dispatcher" daemon [_thread_blocked, id=2992, stack(0x15090000,0x150e0000)]
  0x012f4400 JavaThread "Finalizer" daemon [_thread_blocked, id=5440, stack(0x15020000,0x15070000)]
  0x01295c00 JavaThread "Reference Handler" daemon [_thread_blocked, id=4300, stack(0x14900000,0x14950000)]

Other Threads:
  0x01293400 VMThread [stack: 0x148a0000,0x148f0000] [id=6040]
  0x01336000 WatcherThread [stack: 0x149a0000,0x149f0000] [id=7156]

VM state:not at safepoint (normal execution)

VM Mutex/Monitor currently owned by a thread: None

Heap:
 def new generation   total 4928K, used 4327K [0x03c00000, 0x04150000, 0x09150000)
  eden space 4416K,  86% used [0x03c00000, 0x03fb9ed8, 0x04050000)
  from space 512K, 100% used [0x040d0000, 0x04150000, 0x04150000)
  to   space 512K,   0% used [0x04050000, 0x04050000, 0x040d0000)
 tenured generation   total 10944K, used 9992K [0x09150000, 0x09c00000, 0x13c00000)
   the space 10944K,  91% used [0x09150000, 0x09b12380, 0x09b12400, 0x09c00000)
 Metaspace       used 3606K, capacity 4080K, committed 4160K, reserved 4480K

Card table byte_map: [0x13c00000,0x13c90000] byte_map_base: 0x13be2000

Polling page: 0x001d0000

CodeCache: size=32768Kb used=1587Kb max_used=1587Kb free=31180Kb
 bounds [0x01bd0000, 0x01d60000, 0x03bd0000]
 total_blobs=911 nmethods=662 adapters=179
 compilation: enabled

Compilation events (10 events):
Event: 12.126 Thread 0x01302800  670             fingerprintcorev2.Configs.Configs::DrawImage (151 bytes)
Event: 12.134 Thread 0x01302800 nmethod 670 0x01d570c8 code [0x01d572d0, 0x01d57c64]
Event: 12.141 Thread 0x01302800  671   !         sun.awt.image.ImageRepresentation::getOpaqueRGBImage (164 bytes)
Event: 12.143 Thread 0x01302800 nmethod 671 0x01d58588 code [0x01d586e0, 0x01d58ab0]
Event: 12.144 Thread 0x01302800  672 % !         sun.awt.image.ImageRepresentation::getOpaqueRGBImage @ 54 (164 bytes)
Event: 12.147 Thread 0x01302800 nmethod 672% 0x01d59088 code [0x01d591f0, 0x01d596a0]
Event: 12.147 Thread 0x01302800  673             java.awt.image.SinglePixelPackedSampleModel::<init> (277 bytes)
Event: 12.150 Thread 0x01302800 nmethod 673 0x01d59d88 code [0x01d59f60, 0x01d5a720]
Event: 12.151 Thread 0x01302800  674             sun.nio.cs.UTF_8$Encoder::encodeArrayLoop (489 bytes)
Event: 12.157 Thread 0x01302800 nmethod 674 0x01d5afc8 code [0x01d5b310, 0x01d5c00c]

GC Heap History (10 events):
Event: 3.365 GC heap before
{Heap before GC invocations=4 (full 0):
 def new generation   total 4928K, used 4531K [0x03c00000, 0x04150000, 0x09150000)
  eden space 4416K, 100% used [0x03c00000, 0x04050000, 0x04050000)
  from space 512K,  22% used [0x04050000, 0x0406cef8, 0x040d0000)
  to   space 512K,   0% used [0x040d0000, 0x040d0000, 0x04150000)
 tenured generation   total 10944K, used 2721K [0x09150000, 0x09c00000, 0x13c00000)
   the space 10944K,  24% used [0x09150000, 0x093f8788, 0x093f8800, 0x09c00000)
 Metaspace       used 1136K, capacity 2759K, committed 2880K, reserved 4480K
Event: 3.370 GC heap after
Heap after GC invocations=5 (full 0):
 def new generation   total 4928K, used 87K [0x03c00000, 0x04150000, 0x09150000)
  eden space 4416K,   0% used [0x03c00000, 0x03c00000, 0x04050000)
  from space 512K,  17% used [0x040d0000, 0x040e5c38, 0x04150000)
  to   space 512K,   0% used [0x04050000, 0x04050000, 0x040d0000)
 tenured generation   total 10944K, used 6819K [0x09150000, 0x09c00000, 0x13c00000)
   the space 10944K,  62% used [0x09150000, 0x097f8f98, 0x097f9000, 0x09c00000)
 Metaspace       used 1136K, capacity 2759K, committed 2880K, reserved 4480K
}
Event: 4.653 GC heap before
{Heap before GC invocations=5 (full 0):
 def new generation   total 4928K, used 4503K [0x03c00000, 0x04150000, 0x09150000)
  eden space 4416K, 100% used [0x03c00000, 0x04050000, 0x04050000)
  from space 512K,  17% used [0x040d0000, 0x040e5c38, 0x04150000)
  to   space 512K,   0% used [0x04050000, 0x04050000, 0x040d0000)
 tenured generation   total 10944K, used 6819K [0x09150000, 0x09c00000, 0x13c00000)
   the space 10944K,  62% used [0x09150000, 0x097f8f98, 0x097f9000, 0x09c00000)
 Metaspace       used 2083K, capacity 3026K, committed 3136K, reserved 4480K
Event: 4.661 GC heap after
Heap after GC invocations=6 (full 0):
 def new generation   total 4928K, used 512K [0x03c00000, 0x04150000, 0x09150000)
  eden space 4416K,   0% used [0x03c00000, 0x03c00000, 0x04050000)
  from space 512K, 100% used [0x04050000, 0x040d0000, 0x040d0000)
  to   space 512K,   0% used [0x040d0000, 0x040d0000, 0x04150000)
 tenured generation   total 10944K, used 7419K [0x09150000, 0x09c00000, 0x13c00000)
   the space 10944K,  67% used [0x09150000, 0x0988ef68, 0x0988f000, 0x09c00000)
 Metaspace       used 2083K, capacity 3026K, committed 3136K, reserved 4480K
}
Event: 4.755 GC heap before
{Heap before GC invocations=6 (full 0):
 def new generation   total 4928K, used 4928K [0x03c00000, 0x04150000, 0x09150000)
  eden space 4416K, 100% used [0x03c00000, 0x04050000, 0x04050000)
  from space 512K, 100% used [0x04050000, 0x040d0000, 0x040d0000)
  to   space 512K,   0% used [0x040d0000, 0x040d0000, 0x04150000)
 tenured generation   total 10944K, used 7419K [0x09150000, 0x09c00000, 0x13c00000)
   the space 10944K,  67% used [0x09150000, 0x0988ef68, 0x0988f000, 0x09c00000)
 Metaspace       used 2258K, capacity 3046K, committed 3136K, reserved 4480K
Event: 4.764 GC heap after
Heap after GC invocations=7 (full 0):
 def new generation   total 4928K, used 512K [0x03c00000, 0x04150000, 0x09150000)
  eden space 4416K,   0% used [0x03c00000, 0x03c00000, 0x04050000)
  from space 512K, 100% used [0x040d0000, 0x04150000, 0x04150000)
  to   space 512K,   0% used [0x04050000, 0x04050000, 0x040d0000)
 tenured generation   total 10944K, used 8194K [0x09150000, 0x09c00000, 0x13c00000)
   the space 10944K,  74% used [0x09150000, 0x099508e8, 0x09950a00, 0x09c00000)
 Metaspace       used 2258K, capacity 3046K, committed 3136K, reserved 4480K
}
Event: 4.897 GC heap before
{Heap before GC invocations=7 (full 0):
 def new generation   total 4928K, used 4927K [0x03c00000, 0x04150000, 0x09150000)
  eden space 4416K,  99% used [0x03c00000, 0x0404feb0, 0x04050000)
  from space 512K, 100% used [0x040d0000, 0x04150000, 0x04150000)
  to   space 512K,   0% used [0x04050000, 0x04050000, 0x040d0000)
 tenured generation   total 10944K, used 8194K [0x09150000, 0x09c00000, 0x13c00000)
   the space 10944K,  74% used [0x09150000, 0x099508e8, 0x09950a00, 0x09c00000)
 Metaspace       used 2496K, capacity 3238K, committed 3264K, reserved 4480K
Event: 4.906 GC heap after
Heap after GC invocations=8 (full 0):
 def new generation   total 4928K, used 512K [0x03c00000, 0x04150000, 0x09150000)
  eden space 4416K,   0% used [0x03c00000, 0x03c00000, 0x04050000)
  from space 512K, 100% used [0x04050000, 0x040d0000, 0x040d0000)
  to   space 512K,   0% used [0x040d0000, 0x040d0000, 0x04150000)
 tenured generation   total 10944K, used 9193K [0x09150000, 0x09c00000, 0x13c00000)
   the space 10944K,  84% used [0x09150000, 0x09a4a588, 0x09a4a600, 0x09c00000)
 Metaspace       used 2496K, capacity 3238K, committed 3264K, reserved 4480K
}
Event: 5.077 GC heap before
{Heap before GC invocations=8 (full 0):
 def new generation   total 4928K, used 4928K [0x03c00000, 0x04150000, 0x09150000)
  eden space 4416K, 100% used [0x03c00000, 0x04050000, 0x04050000)
  from space 512K, 100% used [0x04050000, 0x040d0000, 0x040d0000)
  to   space 512K,   0% used [0x040d0000, 0x040d0000, 0x04150000)
 tenured generation   total 10944K, used 9193K [0x09150000, 0x09c00000, 0x13c00000)
   the space 10944K,  84% used [0x09150000, 0x09a4a588, 0x09a4a600, 0x09c00000)
 Metaspace       used 3177K, capacity 3693K, committed 3776K, reserved 4480K
Event: 5.084 GC heap after
Heap after GC invocations=9 (full 0):
 def new generation   total 4928K, used 512K [0x03c00000, 0x04150000, 0x09150000)
  eden space 4416K,   0% used [0x03c00000, 0x03c00000, 0x04050000)
  from space 512K, 100% used [0x040d0000, 0x04150000, 0x04150000)
  to   space 512K,   0% used [0x04050000, 0x04050000, 0x040d0000)
 tenured generation   total 10944K, used 9992K [0x09150000, 0x09c00000, 0x13c00000)
   the space 10944K,  91% used [0x09150000, 0x09b12380, 0x09b12400, 0x09c00000)
 Metaspace       used 3177K, capacity 3693K, committed 3776K, reserved 4480K
}

Deoptimization events (0 events):
No events

Classes redefined (0 events):
No events

Internal exceptions (10 events):
Event: 0.038 Thread 0x004ec800 Exception <a 'java/lang/NoSuchMethodError': Method sun.misc.Unsafe.prefetchRead(Ljava/lang/Object;J)V name or signature does not match> (0x03c07ca0) thrown at [C:\workspace\8-2-build-windows-i586-cygwin\jdk8u181\11358\hotspot\src\share\vm\prims\jni.cpp, l
Event: 0.176 Thread 0x004ec800 Exception <a 'java/security/PrivilegedActionException'> (0x03cccc28) thrown at [C:\workspace\8-2-build-windows-i586-cygwin\jdk8u181\11358\hotspot\src\share\vm\prims\jvm.cpp, line 1435]
Event: 0.176 Thread 0x004ec800 Exception <a 'java/security/PrivilegedActionException'> (0x03ccce28) thrown at [C:\workspace\8-2-build-windows-i586-cygwin\jdk8u181\11358\hotspot\src\share\vm\prims\jvm.cpp, line 1435]
Event: 0.177 Thread 0x004ec800 Exception <a 'java/security/PrivilegedActionException'> (0x03cd08d0) thrown at [C:\workspace\8-2-build-windows-i586-cygwin\jdk8u181\11358\hotspot\src\share\vm\prims\jvm.cpp, line 1435]
Event: 0.177 Thread 0x004ec800 Exception <a 'java/security/PrivilegedActionException'> (0x03cd0ad0) thrown at [C:\workspace\8-2-build-windows-i586-cygwin\jdk8u181\11358\hotspot\src\share\vm\prims\jvm.cpp, line 1435]
Event: 0.181 Thread 0x004ec800 Exception <a 'java/io/FileNotFoundException'> (0x03cd2848) thrown at [C:\workspace\8-2-build-windows-i586-cygwin\jdk8u181\11358\hotspot\src\share\vm\prims\jni.cpp, line 709]
Event: 0.250 Thread 0x004ec800 Exception <a 'java/lang/NoSuchFieldError': method resolution failed> (0x03d90e78) thrown at [C:\workspace\8-2-build-windows-i586-cygwin\jdk8u181\11358\hotspot\src\share\vm\prims\methodHandles.cpp, line 1167]
Event: 0.254 Thread 0x004ec800 Exception <a 'java/lang/NoSuchFieldError': method resolution failed> (0x03d9d018) thrown at [C:\workspace\8-2-build-windows-i586-cygwin\jdk8u181\11358\hotspot\src\share\vm\prims\methodHandles.cpp, line 1167]
Event: 0.323 Thread 0x15377000 Exception <a 'java/io/FileNotFoundException'> (0x03e5e310) thrown at [C:\workspace\8-2-build-windows-i586-cygwin\jdk8u181\11358\hotspot\src\share\vm\prims\jni.cpp, line 709]
Event: 4.196 Thread 0x16673000 Exception <a 'java/lang/NoClassDefFoundError': org/apache/log4j/Category> (0x03de9e40) thrown at [C:\workspace\8-2-build-windows-i586-cygwin\jdk8u181\11358\hotspot\src\share\vm\classfile\systemDictionary.cpp, line 199]

Events (10 events):
Event: 10.681 Executing VM operation: RevokeBias done
Event: 10.683 Executing VM operation: RevokeBias
Event: 10.684 Executing VM operation: RevokeBias done
Event: 10.684 Executing VM operation: RevokeBias
Event: 10.684 Executing VM operation: RevokeBias done
Event: 10.685 Executing VM operation: RevokeBias
Event: 10.686 Executing VM operation: RevokeBias done
Event: 10.714 Executing VM operation: RevokeBias
Event: 10.714 Executing VM operation: RevokeBias done
Event: 10.773 Thread 0x01302800 flushing nmethod 0x01d49288


Dynamic libraries:
0x00010000 - 0x00043000 	C:\Program Files\Java\jdk1.8.0_181\jre\bin\java.exe
0x77410000 - 0x7754c000 	C:\Windows\SYSTEM32\ntdll.dll
0x76800000 - 0x768d4000 	C:\Windows\system32\kernel32.dll
0x75640000 - 0x7568a000 	C:\Windows\system32\KERNELBASE.dll
0x775a0000 - 0x77640000 	C:\Windows\system32\ADVAPI32.dll
0x76c90000 - 0x76d3c000 	C:\Windows\system32\msvcrt.dll
0x76640000 - 0x76659000 	C:\Windows\SYSTEM32\sechost.dll
0x77210000 - 0x772b1000 	C:\Windows\system32\RPCRT4.dll
0x76dc0000 - 0x76e89000 	C:\Windows\system32\USER32.dll
0x77320000 - 0x7736e000 	C:\Windows\system32\GDI32.dll
0x77550000 - 0x7755a000 	C:\Windows\system32\LPK.dll
0x77370000 - 0x7740d000 	C:\Windows\system32\USP10.dll
0x744c0000 - 0x7465e000 	C:\Windows\WinSxS\x86_microsoft.windows.common-controls_6595b64144ccf1df_6.0.7600.16385_none_421189da2b7fabfc\COMCTL32.dll
0x772c0000 - 0x77317000 	C:\Windows\system32\SHLWAPI.dll
0x77570000 - 0x7758f000 	C:\Windows\system32\IMM32.DLL
0x77140000 - 0x7720c000 	C:\Windows\system32\MSCTF.dll
0x66cf0000 - 0x66daf000 	C:\Program Files\Java\jdk1.8.0_181\jre\bin\msvcr100.dll
0x662f0000 - 0x666c3000 	C:\Program Files\Java\jdk1.8.0_181\jre\bin\client\jvm.dll
0x71ed0000 - 0x71ed7000 	C:\Windows\system32\WSOCK32.dll
0x75860000 - 0x75895000 	C:\Windows\system32\WS2_32.dll
0x77560000 - 0x77566000 	C:\Windows\system32\NSI.dll
0x6f470000 - 0x6f4a2000 	C:\Windows\system32\WINMM.dll
0x74a60000 - 0x74a69000 	C:\Windows\system32\VERSION.dll
0x77590000 - 0x77595000 	C:\Windows\system32\PSAPI.DLL
0x74770000 - 0x7477c000 	C:\Program Files\Java\jdk1.8.0_181\jre\bin\verify.dll
0x6c2d0000 - 0x6c2f2000 	C:\Program Files\Java\jdk1.8.0_181\jre\bin\java.dll
0x73cb0000 - 0x73cc4000 	C:\Program Files\Java\jdk1.8.0_181\jre\bin\zip.dll
0x759f0000 - 0x76639000 	C:\Windows\system32\SHELL32.dll
0x76a70000 - 0x76bcc000 	C:\Windows\system32\ole32.dll
0x75560000 - 0x7556b000 	C:\Windows\system32\profapi.dll
0x661a0000 - 0x662e7000 	C:\Program Files\Java\jdk1.8.0_181\jre\bin\awt.dll
0x76c00000 - 0x76c8f000 	C:\Windows\system32\OLEAUT32.dll
0x74360000 - 0x743a0000 	C:\Windows\system32\uxtheme.dll
0x74040000 - 0x74053000 	C:\Windows\system32\dwmapi.dll
0x754b0000 - 0x754bc000 	C:\Windows\system32\CRYPTBASE.dll
0x6bd20000 - 0x6bde8000 	C:\Windows\system32\opengl32.dll
0x6c0d0000 - 0x6c0f2000 	C:\Windows\system32\GLU32.dll
0x6bc30000 - 0x6bd17000 	C:\Windows\system32\DDRAW.dll
0x6c0c0000 - 0x6c0c6000 	C:\Windows\system32\DCIMAN32.dll
0x76660000 - 0x767fd000 	C:\Windows\system32\SETUPAPI.dll
0x75610000 - 0x75637000 	C:\Windows\system32\CFGMGR32.dll
0x75690000 - 0x756a2000 	C:\Windows\system32\DEVOBJ.dll
0x6c290000 - 0x6c2c9000 	C:\Program Files\Java\jdk1.8.0_181\jre\bin\fontmanager.dll
0x768e0000 - 0x76963000 	C:\Windows\system32\CLBCatQ.DLL
0x73da0000 - 0x73e9b000 	C:\Windows\system32\WindowsCodecs.dll
0x75460000 - 0x754ab000 	C:\Windows\system32\apphelp.dll
0x70d30000 - 0x70d61000 	C:\Windows\system32\EhStorShell.dll
0x743a0000 - 0x74495000 	C:\Windows\system32\PROPSYS.dll
0x16020000 - 0x1623d000 	C:\PROGRA~1\MICROS~1\Office12\GR469A~1.DLL
0x68ef0000 - 0x68fe1000 	C:\PROGRA~1\MICROS~1\Office12\GrooveUtil.DLL
0x76970000 - 0x76a64000 	C:\Windows\system32\WININET.dll
0x759e0000 - 0x759e3000 	C:\Windows\system32\Normaliz.dll
0x758a0000 - 0x759d5000 	C:\Windows\system32\urlmon.dll
0x75740000 - 0x7585c000 	C:\Windows\system32\CRYPT32.dll
0x755d0000 - 0x755dc000 	C:\Windows\system32\MSASN1.dll
0x76ef0000 - 0x770e9000 	C:\Windows\system32\iertutil.dll
0x70c90000 - 0x70d2b000 	C:\Windows\WinSxS\x86_microsoft.vc80.crt_1fc8b3b9a1e18e3b_8.0.50727.4927_none_d08a205e442db5b5\MSVCR80.dll
0x68ff0000 - 0x68ff7000 	C:\PROGRA~1\MICROS~1\Office12\GrooveNew.DLL
0x7c630000 - 0x7c64b000 	C:\Windows\WinSxS\x86_microsoft.vc80.atl_1fc8b3b9a1e18e3b_8.0.50727.42_none_dc990e4797f81af1\ATL80.DLL
0x74fe0000 - 0x74ff6000 	C:\Windows\system32\CRYPTSP.dll
0x74d80000 - 0x74dbb000 	C:\Windows\system32\rsaenh.dll
0x73b90000 - 0x73b95000 	C:\Windows\system32\MSImg32.dll
0x70ba0000 - 0x70c0a000 	C:\Windows\System32\cscui.dll
0x70b90000 - 0x70b99000 	C:\Windows\System32\CSCDLL.dll
0x70b80000 - 0x70b8b000 	C:\Windows\system32\CSCAPI.dll
0x70b10000 - 0x70b7f000 	C:\Windows\system32\ntshrui.dll
0x75390000 - 0x753a9000 	C:\Windows\system32\srvcli.dll
0x737e0000 - 0x737ea000 	C:\Windows\system32\slc.dll
0x720c0000 - 0x720d5000 	C:\Program Files\Java\jdk1.8.0_181\jre\bin\net.dll
0x74fa0000 - 0x74fdc000 	C:\Windows\system32\mswsock.dll
0x74f90000 - 0x74f96000 	C:\Windows\System32\wship6.dll
0x72050000 - 0x7205f000 	C:\Program Files\Java\jdk1.8.0_181\jre\bin\nio.dll
0x682d0000 - 0x68302000 	C:\Program Files\Java\jdk1.8.0_181\jre\bin\t2k.dll
0x74bc0000 - 0x74bd7000 	C:\Windows\system32\USERENV.dll
0x73670000 - 0x7368c000 	C:\Windows\system32\IPHLPAPI.DLL
0x73660000 - 0x73667000 	C:\Windows\system32\WINNSI.DLL
0x734b0000 - 0x734c2000 	C:\Windows\system32\dhcpcsvc.DLL
0x72f40000 - 0x72f4d000 	C:\Windows\system32\dhcpcsvc6.DLL
0x69540000 - 0x69578000 	C:\Users\Admin\AppData\Local\Temp\jna-63116079\jna6038796371889585138.dll
0x69a20000 - 0x69a23000 	C:\Program Files\Java\jdk1.8.0_181\jre\bin\api-ms-win-core-synch-l1-2-0.DLL
0x155b0000 - 0x155f9000 	C:\Windows\system32\fpengine.dll
0x14970000 - 0x1499a000 	C:\Windows\system32\fpcore32.dll
0x6f4b0000 - 0x6f501000 	C:\Windows\system32\WINSPOOL.DRV
0x73f40000 - 0x73f47000 	C:\Windows\system32\WINUSB.DLL
0x741d0000 - 0x74360000 	C:\Windows\WinSxS\x86_microsoft.windows.gdiplus_6595b64144ccf1df_1.1.7600.16385_none_72fc7cbf861225ca\gdiplus.dll
0x755e0000 - 0x7560d000 	C:\Windows\system32\WINTRUST.dll
0x72020000 - 0x72040000 	C:\Program Files\Java\jdk1.8.0_181\jre\bin\sunec.dll
0x69c30000 - 0x69d1b000 	C:\Windows\system32\dbghelp.dll

VM Arguments:
jvm_args: -Dfile.encoding=UTF-8 
java_command: fingerprintcorev2.Views.IntroPage
java_class_path (initial): C:\Users\Admin\Downloads\org-apache-commons-codec.jar\org-apache-commons-codec.jar;C:\Users\Admin\Downloads\jna-4.5.2.jar;C:\Users\Admin\Downloads\unirest-java-1.4.9.jar;C:\Users\Admin\Downloads\org.json.jar\org.json.jar;C:\Users\Admin\Downloads\commons-logging-1.1.2.jar;C:\Users\Admin\Downloads\httpclient-4.5.5.jar;C:\Users\Admin\Downloads\httpcore-4.4.9.jar;C:\Users\Admin\Downloads\httpcore-nio-4.4.10.jar;C:\Users\Admin\Downloads\httpmime-4.5.6.jar;C:\Users\Admin\Downloads\httpasyncclient-4.0-beta4.jar\httpasyncclient-4.0-beta4.jar;C:\Users\Admin\Documents\NetBeansProjects\FingerprintCoreV2\build\classes
Launcher Type: SUN_STANDARD

Environment Variables:
PATH=C:\Program Files\Common Files\Oracle\Java\javapath;C:\Windows\system32;C:\Windows;C:\Windows\System32\Wbem;C:\Windows\System32\WindowsPowerShell\v1.0\;C:\Program Files\Git\cmd;C:\Program Files\Neurotechnology\FreeFingerprintVerificationSDK 1.0\bin\Win32_x86;C:\Program Files\nodejs\;C:\Users\Admin\AppData\Roaming\npm
USERNAME=Admin
OS=Windows_NT
PROCESSOR_IDENTIFIER=x86 Family 6 Model 76 Stepping 4, GenuineIntel



---------------  S Y S T E M  ---------------

OS: Windows 7 Build 7600 (6.1.7600.16385)

CPU:total 2 (initial active 2) (2 cores per cpu, 1 threads per core) family 6 model 76 stepping 4, cmov, cx8, fxsr, mmx, sse, sse2, sse3, ssse3, sse4.1, sse4.2, popcnt, aes, clmul, erms, 3dnowpref, tsc, tscinvbit

Memory: 4k page, physical 2008308k(455808k free), swap 4016616k(1665476k free)

vm_info: Java HotSpot(TM) Client VM (25.181-b13) for windows-x86 JRE (1.8.0_181-b13), built on Jul  7 2018 03:18:20 by "java_re" with MS VC++ 10.0 (VS2010)

time: Sat Aug 18 14:07:29 2018
elapsed time: 12 seconds (0d 0h 0m 12s)

