#
# A fatal error has been detected by the Java Runtime Environment:
#
#  EXCEPTION_ACCESS_VIOLATION (0xc0000005) at pc=0x77461ffe, pid=6468, tid=0x000017f4
#
# JRE version: Java(TM) SE Runtime Environment (8.0_181-b13) (build 1.8.0_181-b13)
# Java VM: Java HotSpot(TM) Client VM (25.181-b13 mixed mode, sharing windows-x86 )
# Problematic frame:
# C  [ntdll.dll+0x51ffe]
#
# Failed to write core dump. Minidumps are not enabled by default on client versions of Windows
#
# If you would like to submit a bug report, please visit:
#   http://bugreport.java.com/bugreport/crash.jsp
#

---------------  T H R E A D  ---------------

Current thread (0x1548f400):  JavaThread "Timer-1" [_thread_in_vm, id=6132, stack(0x16c60000,0x16cb0000)]

siginfo: ExceptionCode=0xc0000005, reading address 0xc9dfa58d

Registers:
EAX=0xffc19035, EBX=0x15471c48, ECX=0x006b0000, EDX=0x15471c48
ESP=0x16cae988, EBP=0x16cae9bc, ESI=0xc9dfa589, EDI=0x15471c40
EIP=0x77461ffe, EFLAGS=0x00010282

Top of Stack: (sp=0x16cae988)
0x16cae988:   00000000 006b0000 15471c48 00000000
0x16cae998:   16caf334 665b23fa 00000001 00000004
0x16cae9a8:   1548f400 16cae9e4 16caea58 00000005
0x16cae9b8:   15471c40 16cae9d4 77461faf 1548f400
0x16cae9c8:   00000000 15471c48 15471c40 16cae9e8
0x16cae9d8:   7684f1ac 006b0000 00000000 15471c48
0x16cae9e8:   16cae9fc 66d0016a 006b0000 00000000
0x16cae9f8:   15471c48 16caea0c 66453f33 15471c48 

Instructions: (pc=0x77461ffe)
0x77461fde:   7a f8 80 7f 07 05 0f 84 58 df 03 00 8b 07 8b f7
0x77461fee:   c1 ee 03 33 f0 33 35 dc 71 4e 77 89 7d fc 33 f1
0x77461ffe:   8b 46 04 89 45 f4 c6 47 07 80 c6 47 06 00 8b 5e
0x7746200e:   08 8b 4e 0c 89 5d e0 83 c3 01 89 4d e4 83 d1 01 


Register to memory mapping:

EAX=0xffc19035 is an unknown value
EBX=0x15471c48 is an unknown value
ECX=0x006b0000 is an unknown value
EDX=0x15471c48 is an unknown value
ESP=0x16cae988 is pointing into the stack for thread: 0x1548f400
EBP=0x16cae9bc is pointing into the stack for thread: 0x1548f400
ESI=0xc9dfa589 is an unknown value
EDI=0x15471c40 is an unknown value


Stack: [0x16c60000,0x16cb0000],  sp=0x16cae988,  free space=314k
Native frames: (J=compiled Java code, j=interpreted, Vv=VM code, C=native code)
C  [ntdll.dll+0x51ffe]
C  [ntdll.dll+0x51faf]
C  [kernel32.dll+0x4f1ac]
C  [msvcr100.dll+0x1016a]
V  [jvm.dll+0x163f33]
V  [jvm.dll+0xe6847]
C  [jna4934714007593383517.dll+0x8ef9]
C  [jna4934714007593383517.dll+0x36d2]
j  com.sun.jna.Native.invokeInt(Lcom/sun/jna/Function;JI[Ljava/lang/Object;)I+0
j  com.sun.jna.Function.invoke([Ljava/lang/Object;Ljava/lang/Class;ZI)Ljava/lang/Object;+211
j  com.sun.jna.Function.invoke(Ljava/lang/reflect/Method;[Ljava/lang/Class;Ljava/lang/Class;[Ljava/lang/Object;Ljava/util/Map;)Ljava/lang/Object;+271
j  com.sun.jna.Library$Handler.invoke(Ljava/lang/Object;Ljava/lang/reflect/Method;[Ljava/lang/Object;)Ljava/lang/Object;+344
j  com.sun.proxy.$Proxy0.GetFpCharByGen([B[I)I+20
j  fingerprintcorev2.Views.RescanUI.fpsmessage()V+119
j  fingerprintcorev2.Views.RescanUI.access$900(Lfingerprintcorev2/Views/RescanUI;)V+1
j  fingerprintcorev2.Views.RescanUI$9.run()V+4
j  java.util.TimerThread.mainLoop()V+221
j  java.util.TimerThread.run()V+1
v  ~StubRoutines::call_stub
V  [jvm.dll+0x15c065]
V  [jvm.dll+0x223ade]
V  [jvm.dll+0x15c0fe]
V  [jvm.dll+0x15c286]
V  [jvm.dll+0x15c2f7]
V  [jvm.dll+0x10016f]
V  [jvm.dll+0x17f280]
V  [jvm.dll+0x17fafa]
V  [jvm.dll+0x1c5416]
C  [msvcr100.dll+0x5c556]
C  [msvcr100.dll+0x5c600]
C  [kernel32.dll+0x51174]
C  [ntdll.dll+0x5b3f5]
C  [ntdll.dll+0x5b3c8]
C  0x00000000

Java frames: (J=compiled Java code, j=interpreted, Vv=VM code)
j  com.sun.jna.Native.invokeInt(Lcom/sun/jna/Function;JI[Ljava/lang/Object;)I+0
j  com.sun.jna.Function.invoke([Ljava/lang/Object;Ljava/lang/Class;ZI)Ljava/lang/Object;+211
j  com.sun.jna.Function.invoke(Ljava/lang/reflect/Method;[Ljava/lang/Class;Ljava/lang/Class;[Ljava/lang/Object;Ljava/util/Map;)Ljava/lang/Object;+271
j  com.sun.jna.Library$Handler.invoke(Ljava/lang/Object;Ljava/lang/reflect/Method;[Ljava/lang/Object;)Ljava/lang/Object;+344
j  com.sun.proxy.$Proxy0.GetFpCharByGen([B[I)I+20
j  fingerprintcorev2.Views.RescanUI.fpsmessage()V+119
j  fingerprintcorev2.Views.RescanUI.access$900(Lfingerprintcorev2/Views/RescanUI;)V+1
j  fingerprintcorev2.Views.RescanUI$9.run()V+4
j  java.util.TimerThread.mainLoop()V+221
j  java.util.TimerThread.run()V+1
v  ~StubRoutines::call_stub

---------------  P R O C E S S  ---------------

Java Threads: ( => current thread )
  0x167c1400 JavaThread "Thread-8" daemon [_thread_blocked, id=4316, stack(0x16e30000,0x16e80000)]
  0x1548fc00 JavaThread "Timer-2" [_thread_blocked, id=4024, stack(0x165d0000,0x16620000)]
=>0x1548f400 JavaThread "Timer-1" [_thread_in_vm, id=6132, stack(0x16c60000,0x16cb0000)]
  0x1548a800 JavaThread "TimerQueue" daemon [_thread_blocked, id=4784, stack(0x16d00000,0x16d50000)]
  0x153d2800 JavaThread "Timer-0" [_thread_blocked, id=2304, stack(0x15f20000,0x15f70000)]
  0x006bc800 JavaThread "DestroyJavaVM" [_thread_blocked, id=1468, stack(0x00870000,0x008c0000)]
  0x153b5c00 JavaThread "AWT-EventQueue-0" [_thread_blocked, id=5332, stack(0x15840000,0x15890000)]
  0x153b4000 JavaThread "AWT-Windows" daemon [_thread_in_native, id=4972, stack(0x15510000,0x15560000)]
  0x153b3800 JavaThread "AWT-Shutdown" [_thread_blocked, id=4840, stack(0x14960000,0x149b0000)]
  0x153b0c00 JavaThread "Java2D Disposer" daemon [_thread_blocked, id=5220, stack(0x15490000,0x154e0000)]
  0x005d5000 JavaThread "Service Thread" daemon [_thread_blocked, id=8128, stack(0x150e0000,0x15130000)]
  0x005d2400 JavaThread "C1 CompilerThread0" daemon [_thread_blocked, id=7792, stack(0x151f0000,0x15240000)]
  0x005d1400 JavaThread "Attach Listener" daemon [_thread_blocked, id=8012, stack(0x00950000,0x009a0000)]
  0x005ce400 JavaThread "Signal Dispatcher" daemon [_thread_blocked, id=8056, stack(0x14880000,0x148d0000)]
  0x005c4400 JavaThread "Finalizer" daemon [_thread_blocked, id=7840, stack(0x03d90000,0x03de0000)]
  0x00565c00 JavaThread "Reference Handler" daemon [_thread_blocked, id=4004, stack(0x14910000,0x14960000)]

Other Threads:
  0x00563400 VMThread [stack: 0x03d20000,0x03d70000] [id=1968]
  0x005fdc00 WatcherThread [stack: 0x15240000,0x15290000] [id=7292]

VM state:not at safepoint (normal execution)

VM Mutex/Monitor currently owned by a thread: None

Heap:
 def new generation   total 4928K, used 4223K [0x03e00000, 0x04350000, 0x09350000)
  eden space 4416K,  84% used [0x03e00000, 0x0419fe30, 0x04250000)
  from space 512K, 100% used [0x042d0000, 0x04350000, 0x04350000)
  to   space 512K,   0% used [0x04250000, 0x04250000, 0x042d0000)
 tenured generation   total 10944K, used 9993K [0x09350000, 0x09e00000, 0x13e00000)
   the space 10944K,  91% used [0x09350000, 0x09d124b8, 0x09d12600, 0x09e00000)
 Metaspace       used 3606K, capacity 4080K, committed 4160K, reserved 4480K

Card table byte_map: [0x007d0000,0x00860000] byte_map_base: 0x007b1000

Polling page: 0x00360000

CodeCache: size=32768Kb used=1577Kb max_used=1577Kb free=31190Kb
 bounds [0x01cc0000, 0x01e50000, 0x03cc0000]
 total_blobs=902 nmethods=653 adapters=179
 compilation: enabled

Compilation events (10 events):
Event: 11.217 Thread 0x005d2400  660             fingerprintcorev2.Configs.Configs::DrawImage (151 bytes)
Event: 11.227 Thread 0x005d2400 nmethod 660 0x01e44448 code [0x01e44650, 0x01e44fe4]
Event: 11.230 Thread 0x005d2400  661   !         sun.awt.image.ImageRepresentation::getOpaqueRGBImage (164 bytes)
Event: 11.235 Thread 0x005d2400 nmethod 661 0x01e45908 code [0x01e45a60, 0x01e45e30]
Event: 11.239 Thread 0x005d2400  662 % !         sun.awt.image.ImageRepresentation::getOpaqueRGBImage @ 54 (164 bytes)
Event: 11.244 Thread 0x005d2400 nmethod 662% 0x01e46408 code [0x01e46570, 0x01e46a20]
Event: 11.246 Thread 0x005d2400  663             java.awt.image.SinglePixelPackedSampleModel::<init> (277 bytes)
Event: 11.250 Thread 0x005d2400 nmethod 663 0x01e47108 code [0x01e472e0, 0x01e47aa0]
Event: 11.251 Thread 0x005d2400  664             sun.nio.cs.UTF_8$Encoder::encodeArrayLoop (489 bytes)
Event: 11.258 Thread 0x005d2400 nmethod 664 0x01e48348 code [0x01e48690, 0x01e4938c]

GC Heap History (10 events):
Event: 3.379 GC heap before
{Heap before GC invocations=4 (full 0):
 def new generation   total 4928K, used 4536K [0x03e00000, 0x04350000, 0x09350000)
  eden space 4416K, 100% used [0x03e00000, 0x04250000, 0x04250000)
  from space 512K,  23% used [0x04250000, 0x0426e090, 0x042d0000)
  to   space 512K,   0% used [0x042d0000, 0x042d0000, 0x04350000)
 tenured generation   total 10944K, used 2716K [0x09350000, 0x09e00000, 0x13e00000)
   the space 10944K,  24% used [0x09350000, 0x095f73f8, 0x095f7400, 0x09e00000)
 Metaspace       used 1137K, capacity 2759K, committed 2880K, reserved 4480K
Event: 3.384 GC heap after
Heap after GC invocations=5 (full 0):
 def new generation   total 4928K, used 90K [0x03e00000, 0x04350000, 0x09350000)
  eden space 4416K,   0% used [0x03e00000, 0x03e00000, 0x04250000)
  from space 512K,  17% used [0x042d0000, 0x042e69e8, 0x04350000)
  to   space 512K,   0% used [0x04250000, 0x04250000, 0x042d0000)
 tenured generation   total 10944K, used 6815K [0x09350000, 0x09e00000, 0x13e00000)
   the space 10944K,  62% used [0x09350000, 0x099f7c08, 0x099f7e00, 0x09e00000)
 Metaspace       used 1137K, capacity 2759K, committed 2880K, reserved 4480K
}
Event: 4.698 GC heap before
{Heap before GC invocations=5 (full 0):
 def new generation   total 4928K, used 4506K [0x03e00000, 0x04350000, 0x09350000)
  eden space 4416K, 100% used [0x03e00000, 0x04250000, 0x04250000)
  from space 512K,  17% used [0x042d0000, 0x042e69e8, 0x04350000)
  to   space 512K,   0% used [0x04250000, 0x04250000, 0x042d0000)
 tenured generation   total 10944K, used 6815K [0x09350000, 0x09e00000, 0x13e00000)
   the space 10944K,  62% used [0x09350000, 0x099f7c08, 0x099f7e00, 0x09e00000)
 Metaspace       used 2084K, capacity 3026K, committed 3136K, reserved 4480K
Event: 4.706 GC heap after
Heap after GC invocations=6 (full 0):
 def new generation   total 4928K, used 512K [0x03e00000, 0x04350000, 0x09350000)
  eden space 4416K,   0% used [0x03e00000, 0x03e00000, 0x04250000)
  from space 512K, 100% used [0x04250000, 0x042d0000, 0x042d0000)
  to   space 512K,   0% used [0x042d0000, 0x042d0000, 0x04350000)
 tenured generation   total 10944K, used 7418K [0x09350000, 0x09e00000, 0x13e00000)
   the space 10944K,  67% used [0x09350000, 0x09a8eb70, 0x09a8ec00, 0x09e00000)
 Metaspace       used 2084K, capacity 3026K, committed 3136K, reserved 4480K
}
Event: 4.800 GC heap before
{Heap before GC invocations=6 (full 0):
 def new generation   total 4928K, used 4928K [0x03e00000, 0x04350000, 0x09350000)
  eden space 4416K, 100% used [0x03e00000, 0x04250000, 0x04250000)
  from space 512K, 100% used [0x04250000, 0x042d0000, 0x042d0000)
  to   space 512K,   0% used [0x042d0000, 0x042d0000, 0x04350000)
 tenured generation   total 10944K, used 7418K [0x09350000, 0x09e00000, 0x13e00000)
   the space 10944K,  67% used [0x09350000, 0x09a8eb70, 0x09a8ec00, 0x09e00000)
 Metaspace       used 2256K, capacity 3043K, committed 3136K, reserved 4480K
Event: 4.808 GC heap after
Heap after GC invocations=7 (full 0):
 def new generation   total 4928K, used 512K [0x03e00000, 0x04350000, 0x09350000)
  eden space 4416K,   0% used [0x03e00000, 0x03e00000, 0x04250000)
  from space 512K, 100% used [0x042d0000, 0x04350000, 0x04350000)
  to   space 512K,   0% used [0x04250000, 0x04250000, 0x042d0000)
 tenured generation   total 10944K, used 8193K [0x09350000, 0x09e00000, 0x13e00000)
   the space 10944K,  74% used [0x09350000, 0x09b504e8, 0x09b50600, 0x09e00000)
 Metaspace       used 2256K, capacity 3043K, committed 3136K, reserved 4480K
}
Event: 4.940 GC heap before
{Heap before GC invocations=7 (full 0):
 def new generation   total 4928K, used 4928K [0x03e00000, 0x04350000, 0x09350000)
  eden space 4416K, 100% used [0x03e00000, 0x04250000, 0x04250000)
  from space 512K, 100% used [0x042d0000, 0x04350000, 0x04350000)
  to   space 512K,   0% used [0x04250000, 0x04250000, 0x042d0000)
 tenured generation   total 10944K, used 8193K [0x09350000, 0x09e00000, 0x13e00000)
   the space 10944K,  74% used [0x09350000, 0x09b504e8, 0x09b50600, 0x09e00000)
 Metaspace       used 2496K, capacity 3238K, committed 3264K, reserved 4480K
Event: 4.948 GC heap after
Heap after GC invocations=8 (full 0):
 def new generation   total 4928K, used 512K [0x03e00000, 0x04350000, 0x09350000)
  eden space 4416K,   0% used [0x03e00000, 0x03e00000, 0x04250000)
  from space 512K, 100% used [0x04250000, 0x042d0000, 0x042d0000)
  to   space 512K,   0% used [0x042d0000, 0x042d0000, 0x04350000)
 tenured generation   total 10944K, used 9192K [0x09350000, 0x09e00000, 0x13e00000)
   the space 10944K,  83% used [0x09350000, 0x09c4a250, 0x09c4a400, 0x09e00000)
 Metaspace       used 2496K, capacity 3238K, committed 3264K, reserved 4480K
}
Event: 5.125 GC heap before
{Heap before GC invocations=8 (full 0):
 def new generation   total 4928K, used 4928K [0x03e00000, 0x04350000, 0x09350000)
  eden space 4416K, 100% used [0x03e00000, 0x04250000, 0x04250000)
  from space 512K, 100% used [0x04250000, 0x042d0000, 0x042d0000)
  to   space 512K,   0% used [0x042d0000, 0x042d0000, 0x04350000)
 tenured generation   total 10944K, used 9192K [0x09350000, 0x09e00000, 0x13e00000)
   the space 10944K,  83% used [0x09350000, 0x09c4a250, 0x09c4a400, 0x09e00000)
 Metaspace       used 3175K, capacity 3693K, committed 3776K, reserved 4480K
Event: 5.131 GC heap after
Heap after GC invocations=9 (full 0):
 def new generation   total 4928K, used 512K [0x03e00000, 0x04350000, 0x09350000)
  eden space 4416K,   0% used [0x03e00000, 0x03e00000, 0x04250000)
  from space 512K, 100% used [0x042d0000, 0x04350000, 0x04350000)
  to   space 512K,   0% used [0x04250000, 0x04250000, 0x042d0000)
 tenured generation   total 10944K, used 9993K [0x09350000, 0x09e00000, 0x13e00000)
   the space 10944K,  91% used [0x09350000, 0x09d124b8, 0x09d12600, 0x09e00000)
 Metaspace       used 3175K, capacity 3693K, committed 3776K, reserved 4480K
}

Deoptimization events (0 events):
No events

Classes redefined (0 events):
No events

Internal exceptions (10 events):
Event: 0.172 Thread 0x006bc800 Exception <a 'java/security/PrivilegedActionException'> (0x03eccc28) thrown at [C:\workspace\8-2-build-windows-i586-cygwin\jdk8u181\11358\hotspot\src\share\vm\prims\jvm.cpp, line 1435]
Event: 0.173 Thread 0x006bc800 Exception <a 'java/security/PrivilegedActionException'> (0x03ecce28) thrown at [C:\workspace\8-2-build-windows-i586-cygwin\jdk8u181\11358\hotspot\src\share\vm\prims\jvm.cpp, line 1435]
Event: 0.174 Thread 0x006bc800 Exception <a 'java/security/PrivilegedActionException'> (0x03ed08d0) thrown at [C:\workspace\8-2-build-windows-i586-cygwin\jdk8u181\11358\hotspot\src\share\vm\prims\jvm.cpp, line 1435]
Event: 0.174 Thread 0x006bc800 Exception <a 'java/security/PrivilegedActionException'> (0x03ed0ad0) thrown at [C:\workspace\8-2-build-windows-i586-cygwin\jdk8u181\11358\hotspot\src\share\vm\prims\jvm.cpp, line 1435]
Event: 0.177 Thread 0x006bc800 Exception <a 'java/io/FileNotFoundException'> (0x03ed2848) thrown at [C:\workspace\8-2-build-windows-i586-cygwin\jdk8u181\11358\hotspot\src\share\vm\prims\jni.cpp, line 709]
Event: 0.237 Thread 0x006bc800 Exception <a 'java/lang/NoSuchFieldError': method resolution failed> (0x03f90e78) thrown at [C:\workspace\8-2-build-windows-i586-cygwin\jdk8u181\11358\hotspot\src\share\vm\prims\methodHandles.cpp, line 1167]
Event: 0.240 Thread 0x006bc800 Exception <a 'java/lang/NoSuchFieldError': method resolution failed> (0x03f9d018) thrown at [C:\workspace\8-2-build-windows-i586-cygwin\jdk8u181\11358\hotspot\src\share\vm\prims\methodHandles.cpp, line 1167]
Event: 0.307 Thread 0x153b5c00 Exception <a 'java/io/FileNotFoundException'> (0x0405e310) thrown at [C:\workspace\8-2-build-windows-i586-cygwin\jdk8u181\11358\hotspot\src\share\vm\prims\jni.cpp, line 709]
Event: 4.249 Thread 0x1548fc00 Exception <a 'java/lang/NoClassDefFoundError': org/apache/log4j/Category> (0x03fe9f18) thrown at [C:\workspace\8-2-build-windows-i586-cygwin\jdk8u181\11358\hotspot\src\share\vm\classfile\systemDictionary.cpp, line 199]
Event: 9.824 Thread 0x153b5c00 Exception <a 'java/net/SocketTimeoutException': Read timed out> (0x040e1d60) thrown at [C:\workspace\8-2-build-windows-i586-cygwin\jdk8u181\11358\hotspot\src\share\vm\prims\jni.cpp, line 735]

Events (10 events):
Event: 9.845 Executing VM operation: RevokeBias
Event: 9.845 Executing VM operation: RevokeBias done
Event: 10.019 loading class org/apache/http/pool/AbstractConnPool$4
Event: 10.019 loading class org/apache/http/pool/AbstractConnPool$4 done
Event: 10.021 Executing VM operation: RevokeBias
Event: 10.021 Executing VM operation: RevokeBias done
Event: 10.024 Executing VM operation: RevokeBias
Event: 10.025 Executing VM operation: RevokeBias done
Event: 10.025 loading class org/apache/http/pool/AbstractConnPool$3
Event: 10.025 loading class org/apache/http/pool/AbstractConnPool$3 done


Dynamic libraries:
0x009b0000 - 0x009e3000 	C:\Program Files\Java\jdk1.8.0_181\jre\bin\java.exe
0x77410000 - 0x7754c000 	C:\Windows\SYSTEM32\ntdll.dll
0x76800000 - 0x768d4000 	C:\Windows\system32\kernel32.dll
0x75640000 - 0x7568a000 	C:\Windows\system32\KERNELBASE.dll
0x775a0000 - 0x77640000 	C:\Windows\system32\ADVAPI32.dll
0x76c90000 - 0x76d3c000 	C:\Windows\system32\msvcrt.dll
0x76640000 - 0x76659000 	C:\Windows\SYSTEM32\sechost.dll
0x77210000 - 0x772b1000 	C:\Windows\system32\RPCRT4.dll
0x76dc0000 - 0x76e89000 	C:\Windows\system32\USER32.dll
0x77320000 - 0x7736e000 	C:\Windows\system32\GDI32.dll
0x77550000 - 0x7755a000 	C:\Windows\system32\LPK.dll
0x77370000 - 0x7740d000 	C:\Windows\system32\USP10.dll
0x744c0000 - 0x7465e000 	C:\Windows\WinSxS\x86_microsoft.windows.common-controls_6595b64144ccf1df_6.0.7600.16385_none_421189da2b7fabfc\COMCTL32.dll
0x772c0000 - 0x77317000 	C:\Windows\system32\SHLWAPI.dll
0x77570000 - 0x7758f000 	C:\Windows\system32\IMM32.DLL
0x77140000 - 0x7720c000 	C:\Windows\system32\MSCTF.dll
0x66cf0000 - 0x66daf000 	C:\Program Files\Java\jdk1.8.0_181\jre\bin\msvcr100.dll
0x662f0000 - 0x666c3000 	C:\Program Files\Java\jdk1.8.0_181\jre\bin\client\jvm.dll
0x71ed0000 - 0x71ed7000 	C:\Windows\system32\WSOCK32.dll
0x75860000 - 0x75895000 	C:\Windows\system32\WS2_32.dll
0x77560000 - 0x77566000 	C:\Windows\system32\NSI.dll
0x6f470000 - 0x6f4a2000 	C:\Windows\system32\WINMM.dll
0x74a60000 - 0x74a69000 	C:\Windows\system32\VERSION.dll
0x77590000 - 0x77595000 	C:\Windows\system32\PSAPI.DLL
0x74770000 - 0x7477c000 	C:\Program Files\Java\jdk1.8.0_181\jre\bin\verify.dll
0x6c2d0000 - 0x6c2f2000 	C:\Program Files\Java\jdk1.8.0_181\jre\bin\java.dll
0x73cb0000 - 0x73cc4000 	C:\Program Files\Java\jdk1.8.0_181\jre\bin\zip.dll
0x759f0000 - 0x76639000 	C:\Windows\system32\SHELL32.dll
0x76a70000 - 0x76bcc000 	C:\Windows\system32\ole32.dll
0x75560000 - 0x7556b000 	C:\Windows\system32\profapi.dll
0x661a0000 - 0x662e7000 	C:\Program Files\Java\jdk1.8.0_181\jre\bin\awt.dll
0x76c00000 - 0x76c8f000 	C:\Windows\system32\OLEAUT32.dll
0x74360000 - 0x743a0000 	C:\Windows\system32\uxtheme.dll
0x74040000 - 0x74053000 	C:\Windows\system32\dwmapi.dll
0x754b0000 - 0x754bc000 	C:\Windows\system32\CRYPTBASE.dll
0x6bd20000 - 0x6bde8000 	C:\Windows\system32\opengl32.dll
0x6c0d0000 - 0x6c0f2000 	C:\Windows\system32\GLU32.dll
0x6bc30000 - 0x6bd17000 	C:\Windows\system32\DDRAW.dll
0x6c0c0000 - 0x6c0c6000 	C:\Windows\system32\DCIMAN32.dll
0x76660000 - 0x767fd000 	C:\Windows\system32\SETUPAPI.dll
0x75610000 - 0x75637000 	C:\Windows\system32\CFGMGR32.dll
0x75690000 - 0x756a2000 	C:\Windows\system32\DEVOBJ.dll
0x6c290000 - 0x6c2c9000 	C:\Program Files\Java\jdk1.8.0_181\jre\bin\fontmanager.dll
0x768e0000 - 0x76963000 	C:\Windows\system32\CLBCatQ.DLL
0x73da0000 - 0x73e9b000 	C:\Windows\system32\WindowsCodecs.dll
0x75460000 - 0x754ab000 	C:\Windows\system32\apphelp.dll
0x70d30000 - 0x70d61000 	C:\Windows\system32\EhStorShell.dll
0x743a0000 - 0x74495000 	C:\Windows\system32\PROPSYS.dll
0x16070000 - 0x1628d000 	C:\PROGRA~1\MICROS~1\Office12\GR469A~1.DLL
0x68ef0000 - 0x68fe1000 	C:\PROGRA~1\MICROS~1\Office12\GrooveUtil.DLL
0x76970000 - 0x76a64000 	C:\Windows\system32\WININET.dll
0x759e0000 - 0x759e3000 	C:\Windows\system32\Normaliz.dll
0x758a0000 - 0x759d5000 	C:\Windows\system32\urlmon.dll
0x75740000 - 0x7585c000 	C:\Windows\system32\CRYPT32.dll
0x755d0000 - 0x755dc000 	C:\Windows\system32\MSASN1.dll
0x76ef0000 - 0x770e9000 	C:\Windows\system32\iertutil.dll
0x70c90000 - 0x70d2b000 	C:\Windows\WinSxS\x86_microsoft.vc80.crt_1fc8b3b9a1e18e3b_8.0.50727.4927_none_d08a205e442db5b5\MSVCR80.dll
0x68ff0000 - 0x68ff7000 	C:\PROGRA~1\MICROS~1\Office12\GrooveNew.DLL
0x7c630000 - 0x7c64b000 	C:\Windows\WinSxS\x86_microsoft.vc80.atl_1fc8b3b9a1e18e3b_8.0.50727.42_none_dc990e4797f81af1\ATL80.DLL
0x74fe0000 - 0x74ff6000 	C:\Windows\system32\CRYPTSP.dll
0x74d80000 - 0x74dbb000 	C:\Windows\system32\rsaenh.dll
0x73b90000 - 0x73b95000 	C:\Windows\system32\MSImg32.dll
0x70ba0000 - 0x70c0a000 	C:\Windows\System32\cscui.dll
0x70b90000 - 0x70b99000 	C:\Windows\System32\CSCDLL.dll
0x70b80000 - 0x70b8b000 	C:\Windows\system32\CSCAPI.dll
0x70b10000 - 0x70b7f000 	C:\Windows\system32\ntshrui.dll
0x75390000 - 0x753a9000 	C:\Windows\system32\srvcli.dll
0x737e0000 - 0x737ea000 	C:\Windows\system32\slc.dll
0x720c0000 - 0x720d5000 	C:\Program Files\Java\jdk1.8.0_181\jre\bin\net.dll
0x74fa0000 - 0x74fdc000 	C:\Windows\system32\mswsock.dll
0x74f90000 - 0x74f96000 	C:\Windows\System32\wship6.dll
0x72050000 - 0x7205f000 	C:\Program Files\Java\jdk1.8.0_181\jre\bin\nio.dll
0x682d0000 - 0x68302000 	C:\Program Files\Java\jdk1.8.0_181\jre\bin\t2k.dll
0x74bc0000 - 0x74bd7000 	C:\Windows\system32\USERENV.dll
0x73670000 - 0x7368c000 	C:\Windows\system32\IPHLPAPI.DLL
0x73660000 - 0x73667000 	C:\Windows\system32\WINNSI.DLL
0x734b0000 - 0x734c2000 	C:\Windows\system32\dhcpcsvc.DLL
0x72f40000 - 0x72f4d000 	C:\Windows\system32\dhcpcsvc6.DLL
0x69540000 - 0x69578000 	C:\Users\Admin\AppData\Local\Temp\jna-63116079\jna4934714007593383517.dll
0x6b790000 - 0x6b793000 	C:\Program Files\Java\jdk1.8.0_181\jre\bin\api-ms-win-core-synch-l1-2-0.DLL
0x157b0000 - 0x157f9000 	C:\Windows\system32\fpengine.dll
0x148d0000 - 0x148fa000 	C:\Windows\system32\fpcore32.dll
0x6f4b0000 - 0x6f501000 	C:\Windows\system32\WINSPOOL.DRV
0x73f40000 - 0x73f47000 	C:\Windows\system32\WINUSB.DLL
0x741d0000 - 0x74360000 	C:\Windows\WinSxS\x86_microsoft.windows.gdiplus_6595b64144ccf1df_1.1.7600.16385_none_72fc7cbf861225ca\gdiplus.dll
0x755e0000 - 0x7560d000 	C:\Windows\system32\WINTRUST.dll
0x72020000 - 0x72040000 	C:\Program Files\Java\jdk1.8.0_181\jre\bin\sunec.dll
0x69c30000 - 0x69d1b000 	C:\Windows\system32\dbghelp.dll

VM Arguments:
jvm_args: -Dfile.encoding=UTF-8 
java_command: fingerprintcorev2.Views.IntroPage
java_class_path (initial): C:\Users\Admin\Downloads\org-apache-commons-codec.jar\org-apache-commons-codec.jar;C:\Users\Admin\Downloads\jna-4.5.2.jar;C:\Users\Admin\Downloads\unirest-java-1.4.9.jar;C:\Users\Admin\Downloads\org.json.jar\org.json.jar;C:\Users\Admin\Downloads\commons-logging-1.1.2.jar;C:\Users\Admin\Downloads\httpclient-4.5.5.jar;C:\Users\Admin\Downloads\httpcore-4.4.9.jar;C:\Users\Admin\Downloads\httpcore-nio-4.4.10.jar;C:\Users\Admin\Downloads\httpmime-4.5.6.jar;C:\Users\Admin\Downloads\httpasyncclient-4.0-beta4.jar\httpasyncclient-4.0-beta4.jar;C:\Users\Admin\Documents\NetBeansProjects\FingerprintCoreV2\build\classes
Launcher Type: SUN_STANDARD

Environment Variables:
PATH=C:\Program Files\Common Files\Oracle\Java\javapath;C:\Windows\system32;C:\Windows;C:\Windows\System32\Wbem;C:\Windows\System32\WindowsPowerShell\v1.0\;C:\Program Files\Git\cmd;C:\Program Files\Neurotechnology\FreeFingerprintVerificationSDK 1.0\bin\Win32_x86;C:\Program Files\nodejs\;C:\Users\Admin\AppData\Roaming\npm
USERNAME=Admin
OS=Windows_NT
PROCESSOR_IDENTIFIER=x86 Family 6 Model 76 Stepping 4, GenuineIntel



---------------  S Y S T E M  ---------------

OS: Windows 7 Build 7600 (6.1.7600.16385)

CPU:total 2 (initial active 2) (2 cores per cpu, 1 threads per core) family 6 model 76 stepping 4, cmov, cx8, fxsr, mmx, sse, sse2, sse3, ssse3, sse4.1, sse4.2, popcnt, aes, clmul, erms, 3dnowpref, tsc, tscinvbit

Memory: 4k page, physical 2008308k(461328k free), swap 4016616k(1675484k free)

vm_info: Java HotSpot(TM) Client VM (25.181-b13) for windows-x86 JRE (1.8.0_181-b13), built on Jul  7 2018 03:18:20 by "java_re" with MS VC++ 10.0 (VS2010)

time: Sat Aug 18 14:07:46 2018
elapsed time: 11 seconds (0d 0h 0m 11s)

