#
# A fatal error has been detected by the Java Runtime Environment:
#
#  Internal Error (synchronizer.cpp:1552), pid=5960, tid=0x00000fec
#  guarantee(!mid->is_busy()) failed: invariant
#
# JRE version: Java(TM) SE Runtime Environment (8.0_181-b13) (build 1.8.0_181-b13)
# Java VM: Java HotSpot(TM) Client VM (25.181-b13 mixed mode, sharing windows-x86 )
# Failed to write core dump. Minidumps are not enabled by default on client versions of Windows
#
# If you would like to submit a bug report, please visit:
#   http://bugreport.java.com/bugreport/crash.jsp
#

---------------  T H R E A D  ---------------

Current thread (0x01723400):  VMThread [stack: 0x03cd0000,0x03d20000] [id=4076]

Stack: [0x03cd0000,0x03d20000],  sp=0x03d1fa58,  free space=318k
Native frames: (J=compiled Java code, j=interpreted, Vv=VM code, C=native code)
V  [jvm.dll+0x1accfb]
V  [jvm.dll+0x1a5345]
V  [jvm.dll+0x17889b]
V  [jvm.dll+0x16b840]
V  [jvm.dll+0x16cbdd]
V  [jvm.dll+0x184221]
V  [jvm.dll+0x184582]
V  [jvm.dll+0x1c5416]
C  [msvcr100.dll+0x5c556]
C  [msvcr100.dll+0x5c600]
C  [kernel32.dll+0x51174]
C  [ntdll.dll+0x5b3f5]
C  [ntdll.dll+0x5b3c8]


---------------  P R O C E S S  ---------------

Java Threads: ( => current thread )
  0x16461c00 JavaThread "Timer-11" [_thread_blocked, id=5920, stack(0x16de0000,0x16e30000)]
  0x16460400 JavaThread "Timer-10" [_thread_blocked, id=2536, stack(0x16770000,0x167c0000)]
  0x1645fc00 JavaThread "Timer-8" [_thread_blocked, id=3756, stack(0x16110000,0x16160000)]
  0x16461000 JavaThread "Timer-7" [_thread_blocked, id=3720, stack(0x16cf0000,0x16d40000)]
  0x16460800 JavaThread "Timer-6" [_thread_blocked, id=3768, stack(0x16d90000,0x16de0000)]
  0x163f4800 JavaThread "Thread-8" daemon [_thread_blocked, id=4296, stack(0x16260000,0x162b0000)]
  0x16322400 JavaThread "TimerQueue" daemon [_thread_blocked, id=5476, stack(0x16b20000,0x16b70000)]
  0x0188c800 JavaThread "DestroyJavaVM" [_thread_blocked, id=5176, stack(0x01130000,0x01180000)]
  0x152e4000 JavaThread "AWT-EventQueue-0" [_thread_blocked, id=4940, stack(0x150d0000,0x15120000)]
  0x152e2800 JavaThread "AWT-Windows" daemon [_thread_in_native, id=5452, stack(0x15490000,0x154e0000)]
  0x152e1c00 JavaThread "AWT-Shutdown" [_thread_blocked, id=228, stack(0x154f0000,0x15540000)]
  0x152df000 JavaThread "Java2D Disposer" daemon [_thread_blocked, id=1996, stack(0x15400000,0x15450000)]
  0x017bac00 JavaThread "Service Thread" daemon [_thread_blocked, id=5044, stack(0x03c60000,0x03cb0000)]
  0x01792400 JavaThread "C1 CompilerThread0" daemon [_thread_blocked, id=1352, stack(0x15170000,0x151c0000)]
  0x01791800 JavaThread "Attach Listener" daemon [_thread_blocked, id=3064, stack(0x15120000,0x15170000)]
  0x0178e400 JavaThread "Signal Dispatcher" daemon [_thread_blocked, id=4060, stack(0x15040000,0x15090000)]
  0x01784400 JavaThread "Finalizer" daemon [_thread_blocked, id=4392, stack(0x14fc0000,0x15010000)]
  0x01725c00 JavaThread "Reference Handler" daemon [_thread_blocked, id=4732, stack(0x14960000,0x149b0000)]

Other Threads:
=>0x01723400 VMThread [stack: 0x03cd0000,0x03d20000] [id=4076]
  0x017bd800 WatcherThread [stack: 0x149b0000,0x14a00000] [id=4868]

VM state:at safepoint (normal execution)

VM Mutex/Monitor currently owned by a thread:  ([mutex/lock_event])
[0x0188ad00] Safepoint_lock - owner thread: 0x01723400
[0x0188ad68] Threads_lock - owner thread: 0x01723400

Heap:
 def new generation   total 8640K, used 4649K [0x03e00000, 0x04750000, 0x09350000)
  eden space 7744K,  60% used [0x03e00000, 0x0428a510, 0x04590000)
  from space 896K,   0% used [0x04590000, 0x04590000, 0x04670000)
  to   space 896K,   0% used [0x04670000, 0x04670000, 0x04750000)
 tenured generation   total 18880K, used 11327K [0x09350000, 0x0a5c0000, 0x13e00000)
   the space 18880K,  59% used [0x09350000, 0x09e5ffb0, 0x09e60000, 0x0a5c0000)
 Metaspace       used 3766K, capacity 4171K, committed 4288K, reserved 4480K

Card table byte_map: [0x011d0000,0x01260000] byte_map_base: 0x011b1000

Polling page: 0x00270000

CodeCache: size=32768Kb used=1868Kb max_used=1868Kb free=30899Kb
 bounds [0x01c60000, 0x01e38000, 0x03c60000]
 total_blobs=1114 nmethods=863 adapters=181
 compilation: enabled

Compilation events (10 events):
Event: 50.675 Thread 0x01792400  871             java.util.regex.Pattern$BitClass::isSatisfiedBy (22 bytes)
Event: 50.676 Thread 0x01792400 nmethod 871 0x01e30308 code [0x01e30400, 0x01e304d0]
Event: 51.571 Thread 0x01792400  872             java.util.regex.Pattern$7::isSatisfiedBy (28 bytes)
Event: 51.572 Thread 0x01792400 nmethod 872 0x01e30588 code [0x01e30690, 0x01e30788]
Event: 51.753 Thread 0x01792400  873             org.apache.http.protocol.ImmutableHttpProcessor::process (41 bytes)
Event: 51.753 Thread 0x01792400 nmethod 873 0x01e30808 code [0x01e30910, 0x01e309fc]
Event: 51.753 Thread 0x01792400  874             java.util.concurrent.atomic.AtomicReference::get (5 bytes)
Event: 51.754 Thread 0x01792400 nmethod 874 0x01e30ac8 code [0x01e30bc0, 0x01e30c40]
Event: 51.953 Thread 0x01792400  875             com.sun.jna.Function::invoke (548 bytes)
Event: 51.964 Thread 0x01792400 nmethod 875 0x01e30c88 code [0x01e30f70, 0x01e31e90]

GC Heap History (10 events):
Event: 5.881 GC heap before
{Heap before GC invocations=5 (full 0):
 def new generation   total 4928K, used 4508K [0x03e00000, 0x04350000, 0x09350000)
  eden space 4416K, 100% used [0x03e00000, 0x04250000, 0x04250000)
  from space 512K,  17% used [0x042d0000, 0x042e7060, 0x04350000)
  to   space 512K,   0% used [0x04250000, 0x04250000, 0x042d0000)
 tenured generation   total 10944K, used 6818K [0x09350000, 0x09e00000, 0x13e00000)
   the space 10944K,  62% used [0x09350000, 0x099f8a90, 0x099f8c00, 0x09e00000)
 Metaspace       used 2110K, capacity 3058K, committed 3136K, reserved 4480K
Event: 5.890 GC heap after
Heap after GC invocations=6 (full 0):
 def new generation   total 4928K, used 512K [0x03e00000, 0x04350000, 0x09350000)
  eden space 4416K,   0% used [0x03e00000, 0x03e00000, 0x04250000)
  from space 512K, 100% used [0x04250000, 0x042d0000, 0x042d0000)
  to   space 512K,   0% used [0x042d0000, 0x042d0000, 0x04350000)
 tenured generation   total 10944K, used 7453K [0x09350000, 0x09e00000, 0x13e00000)
   the space 10944K,  68% used [0x09350000, 0x09a97518, 0x09a97600, 0x09e00000)
 Metaspace       used 2110K, capacity 3058K, committed 3136K, reserved 4480K
}
Event: 5.988 GC heap before
{Heap before GC invocations=6 (full 0):
 def new generation   total 4928K, used 4928K [0x03e00000, 0x04350000, 0x09350000)
  eden space 4416K, 100% used [0x03e00000, 0x04250000, 0x04250000)
  from space 512K, 100% used [0x04250000, 0x042d0000, 0x042d0000)
  to   space 512K,   0% used [0x042d0000, 0x042d0000, 0x04350000)
 tenured generation   total 10944K, used 7453K [0x09350000, 0x09e00000, 0x13e00000)
   the space 10944K,  68% used [0x09350000, 0x09a97518, 0x09a97600, 0x09e00000)
 Metaspace       used 2282K, capacity 3075K, committed 3136K, reserved 4480K
Event: 5.997 GC heap after
Heap after GC invocations=7 (full 0):
 def new generation   total 4928K, used 512K [0x03e00000, 0x04350000, 0x09350000)
  eden space 4416K,   0% used [0x03e00000, 0x03e00000, 0x04250000)
  from space 512K, 100% used [0x042d0000, 0x04350000, 0x04350000)
  to   space 512K,   0% used [0x04250000, 0x04250000, 0x042d0000)
 tenured generation   total 10944K, used 8351K [0x09350000, 0x09e00000, 0x13e00000)
   the space 10944K,  76% used [0x09350000, 0x09b77e10, 0x09b78000, 0x09e00000)
 Metaspace       used 2282K, capacity 3075K, committed 3136K, reserved 4480K
}
Event: 6.118 GC heap before
{Heap before GC invocations=7 (full 0):
 def new generation   total 4928K, used 4928K [0x03e00000, 0x04350000, 0x09350000)
  eden space 4416K, 100% used [0x03e00000, 0x04250000, 0x04250000)
  from space 512K, 100% used [0x042d0000, 0x04350000, 0x04350000)
  to   space 512K,   0% used [0x04250000, 0x04250000, 0x042d0000)
 tenured generation   total 10944K, used 8351K [0x09350000, 0x09e00000, 0x13e00000)
   the space 10944K,  76% used [0x09350000, 0x09b77e10, 0x09b78000, 0x09e00000)
 Metaspace       used 2498K, capacity 3238K, committed 3264K, reserved 4480K
Event: 6.126 GC heap after
Heap after GC invocations=8 (full 0):
 def new generation   total 4928K, used 512K [0x03e00000, 0x04350000, 0x09350000)
  eden space 4416K,   0% used [0x03e00000, 0x03e00000, 0x04250000)
  from space 512K, 100% used [0x04250000, 0x042d0000, 0x042d0000)
  to   space 512K,   0% used [0x042d0000, 0x042d0000, 0x04350000)
 tenured generation   total 10944K, used 9194K [0x09350000, 0x09e00000, 0x13e00000)
   the space 10944K,  84% used [0x09350000, 0x09c4a988, 0x09c4aa00, 0x09e00000)
 Metaspace       used 2498K, capacity 3238K, committed 3264K, reserved 4480K
}
Event: 6.293 GC heap before
{Heap before GC invocations=8 (full 0):
 def new generation   total 4928K, used 4928K [0x03e00000, 0x04350000, 0x09350000)
  eden space 4416K, 100% used [0x03e00000, 0x04250000, 0x04250000)
  from space 512K, 100% used [0x04250000, 0x042d0000, 0x042d0000)
  to   space 512K,   0% used [0x042d0000, 0x042d0000, 0x04350000)
 tenured generation   total 10944K, used 9194K [0x09350000, 0x09e00000, 0x13e00000)
   the space 10944K,  84% used [0x09350000, 0x09c4a988, 0x09c4aa00, 0x09e00000)
 Metaspace       used 3175K, capacity 3693K, committed 3776K, reserved 4480K
Event: 6.299 GC heap after
Heap after GC invocations=9 (full 0):
 def new generation   total 4928K, used 512K [0x03e00000, 0x04350000, 0x09350000)
  eden space 4416K,   0% used [0x03e00000, 0x03e00000, 0x04250000)
  from space 512K, 100% used [0x042d0000, 0x04350000, 0x04350000)
  to   space 512K,   0% used [0x04250000, 0x04250000, 0x042d0000)
 tenured generation   total 10944K, used 9985K [0x09350000, 0x09e00000, 0x13e00000)
   the space 10944K,  91% used [0x09350000, 0x09d10710, 0x09d10800, 0x09e00000)
 Metaspace       used 3175K, capacity 3693K, committed 3776K, reserved 4480K
}
Event: 15.648 GC heap before
{Heap before GC invocations=9 (full 0):
 def new generation   total 4928K, used 4928K [0x03e00000, 0x04350000, 0x09350000)
  eden space 4416K, 100% used [0x03e00000, 0x04250000, 0x04250000)
  from space 512K, 100% used [0x042d0000, 0x04350000, 0x04350000)
  to   space 512K,   0% used [0x04250000, 0x04250000, 0x042d0000)
 tenured generation   total 10944K, used 9985K [0x09350000, 0x09e00000, 0x13e00000)
   the space 10944K,  91% used [0x09350000, 0x09d10710, 0x09d10800, 0x09e00000)
 Metaspace       used 3770K, capacity 4183K, committed 4288K, reserved 4480K
Event: 15.696 GC heap after
Heap after GC invocations=10 (full 1):
 def new generation   total 8640K, used 127K [0x03e00000, 0x04750000, 0x09350000)
  eden space 7744K,   1% used [0x03e00000, 0x03e1fd70, 0x04590000)
  from space 896K,   0% used [0x04590000, 0x04590000, 0x04670000)
  to   space 896K,   0% used [0x04670000, 0x04670000, 0x04750000)
 tenured generation   total 18880K, used 11327K [0x09350000, 0x0a5c0000, 0x13e00000)
   the space 18880K,  59% used [0x09350000, 0x09e5ffb0, 0x09e60000, 0x0a5c0000)
 Metaspace       used 3766K, capacity 4171K, committed 4288K, reserved 4480K
}

Deoptimization events (0 events):
No events

Classes redefined (0 events):
No events

Internal exceptions (10 events):
Event: 0.204 Thread 0x0188c800 Exception <a 'java/security/PrivilegedActionException'> (0x03ed0ad0) thrown at [C:\workspace\8-2-build-windows-i586-cygwin\jdk8u181\11358\hotspot\src\share\vm\prims\jvm.cpp, line 1435]
Event: 0.211 Thread 0x0188c800 Exception <a 'java/io/FileNotFoundException'> (0x03ed2848) thrown at [C:\workspace\8-2-build-windows-i586-cygwin\jdk8u181\11358\hotspot\src\share\vm\prims\jni.cpp, line 709]
Event: 0.267 Thread 0x0188c800 Exception <a 'java/lang/NoSuchFieldError': method resolution failed> (0x03f90e78) thrown at [C:\workspace\8-2-build-windows-i586-cygwin\jdk8u181\11358\hotspot\src\share\vm\prims\methodHandles.cpp, line 1167]
Event: 0.270 Thread 0x0188c800 Exception <a 'java/lang/NoSuchFieldError': method resolution failed> (0x03f9d018) thrown at [C:\workspace\8-2-build-windows-i586-cygwin\jdk8u181\11358\hotspot\src\share\vm\prims\methodHandles.cpp, line 1167]
Event: 0.337 Thread 0x152e4000 Exception <a 'java/io/FileNotFoundException'> (0x0405e310) thrown at [C:\workspace\8-2-build-windows-i586-cygwin\jdk8u181\11358\hotspot\src\share\vm\prims\jni.cpp, line 709]
Event: 5.479 Thread 0x1631bc00 Exception <a 'java/lang/NoClassDefFoundError': org/apache/log4j/Category> (0x040193b0) thrown at [C:\workspace\8-2-build-windows-i586-cygwin\jdk8u181\11358\hotspot\src\share\vm\classfile\systemDictionary.cpp, line 199]
Event: 11.537 Thread 0x16319400 Exception <a 'java/net/SocketTimeoutException': Read timed out> (0x0419a528) thrown at [C:\workspace\8-2-build-windows-i586-cygwin\jdk8u181\11358\hotspot\src\share\vm\prims\jni.cpp, line 735]
Event: 14.568 Thread 0x16456c00 Exception <a 'java/io/IOException': CreateProcess error=2, The system cannot find the file specified> (0x041fc7e0) thrown at [C:\workspace\8-2-build-windows-i586-cygwin\jdk8u181\11358\hotspot\src\share\vm\prims\jni.cpp, line 735]
Event: 15.261 Thread 0x1645fc00 Exception <a 'java/net/SocketTimeoutException': Read timed out> (0x04216c00) thrown at [C:\workspace\8-2-build-windows-i586-cygwin\jdk8u181\11358\hotspot\src\share\vm\prims\jni.cpp, line 735]
Event: 41.141 Thread 0x1645fc00 Exception <a 'java/io/IOException': CreateProcess error=2, The system cannot find the file specified> (0x040f04e8) thrown at [C:\workspace\8-2-build-windows-i586-cygwin\jdk8u181\11358\hotspot\src\share\vm\prims\jni.cpp, line 735]

Events (10 events):
Event: 42.193 Executing VM operation: RevokeBias
Event: 42.193 Executing VM operation: RevokeBias done
Event: 43.834 Executing VM operation: RevokeBias
Event: 43.834 Executing VM operation: RevokeBias done
Event: 43.861 Executing VM operation: RevokeBias
Event: 43.861 Executing VM operation: RevokeBias done
Event: 43.874 Executing VM operation: BulkRevokeBias
Event: 43.874 Executing VM operation: BulkRevokeBias done
Event: 43.963 Executing VM operation: RevokeBias
Event: 43.963 Executing VM operation: RevokeBias done


Dynamic libraries:
0x01190000 - 0x011c3000 	C:\Program Files\Java\jdk1.8.0_181\jre\bin\java.exe
0x76ff0000 - 0x7712c000 	C:\Windows\SYSTEM32\ntdll.dll
0x75aa0000 - 0x75b74000 	C:\Windows\system32\kernel32.dll
0x75390000 - 0x753da000 	C:\Windows\system32\KERNELBASE.dll
0x760d0000 - 0x76170000 	C:\Windows\system32\ADVAPI32.dll
0x759f0000 - 0x75a9c000 	C:\Windows\system32\msvcrt.dll
0x77180000 - 0x77199000 	C:\Windows\SYSTEM32\sechost.dll
0x75fc0000 - 0x76061000 	C:\Windows\system32\RPCRT4.dll
0x76240000 - 0x76309000 	C:\Windows\system32\USER32.dll
0x77130000 - 0x7717e000 	C:\Windows\system32\GDI32.dll
0x755d0000 - 0x755da000 	C:\Windows\system32\LPK.dll
0x75880000 - 0x7591d000 	C:\Windows\system32\USP10.dll
0x740a0000 - 0x7423e000 	C:\Windows\WinSxS\x86_microsoft.windows.common-controls_6595b64144ccf1df_6.0.7600.16385_none_421189da2b7fabfc\COMCTL32.dll
0x76070000 - 0x760c7000 	C:\Windows\system32\SHLWAPI.dll
0x759d0000 - 0x759ef000 	C:\Windows\system32\IMM32.DLL
0x75d90000 - 0x75e5c000 	C:\Windows\system32\MSCTF.dll
0x63160000 - 0x6321f000 	C:\Program Files\Java\jdk1.8.0_181\jre\bin\msvcr100.dll
0x58310000 - 0x586e3000 	C:\Program Files\Java\jdk1.8.0_181\jre\bin\client\jvm.dll
0x69d40000 - 0x69d47000 	C:\Windows\system32\WSOCK32.dll
0x75590000 - 0x755c5000 	C:\Windows\system32\WS2_32.dll
0x76170000 - 0x76176000 	C:\Windows\system32\NSI.dll
0x6f580000 - 0x6f5b2000 	C:\Windows\system32\WINMM.dll
0x74640000 - 0x74649000 	C:\Windows\system32\VERSION.dll
0x75580000 - 0x75585000 	C:\Windows\system32\PSAPI.DLL
0x723d0000 - 0x723dc000 	C:\Program Files\Java\jdk1.8.0_181\jre\bin\verify.dll
0x646a0000 - 0x646c2000 	C:\Program Files\Java\jdk1.8.0_181\jre\bin\java.dll
0x64910000 - 0x64924000 	C:\Program Files\Java\jdk1.8.0_181\jre\bin\zip.dll
0x76310000 - 0x76f59000 	C:\Windows\system32\SHELL32.dll
0x75e60000 - 0x75fbc000 	C:\Windows\system32\ole32.dll
0x75140000 - 0x7514b000 	C:\Windows\system32\profapi.dll
0x58e20000 - 0x58f67000 	C:\Program Files\Java\jdk1.8.0_181\jre\bin\awt.dll
0x76180000 - 0x7620f000 	C:\Windows\system32\OLEAUT32.dll
0x73f10000 - 0x73f50000 	C:\Windows\system32\uxtheme.dll
0x73ba0000 - 0x73bb3000 	C:\Windows\system32\dwmapi.dll
0x75090000 - 0x7509c000 	C:\Windows\system32\CRYPTBASE.dll
0x71c40000 - 0x71d08000 	C:\Windows\system32\opengl32.dll
0x72330000 - 0x72352000 	C:\Windows\system32\GLU32.dll
0x71b50000 - 0x71c37000 	C:\Windows\system32\DDRAW.dll
0x72320000 - 0x72326000 	C:\Windows\system32\DCIMAN32.dll
0x755e0000 - 0x7577d000 	C:\Windows\system32\SETUPAPI.dll
0x75410000 - 0x75437000 	C:\Windows\system32\CFGMGR32.dll
0x75370000 - 0x75382000 	C:\Windows\system32\DEVOBJ.dll
0x640d0000 - 0x64109000 	C:\Program Files\Java\jdk1.8.0_181\jre\bin\fontmanager.dll
0x76f60000 - 0x76fe3000 	C:\Windows\system32\CLBCatQ.DLL
0x73a30000 - 0x73b2b000 	C:\Windows\system32\WindowsCodecs.dll
0x75040000 - 0x7508b000 	C:\Windows\system32\apphelp.dll
0x6fa40000 - 0x6fa71000 	C:\Windows\system32\EhStorShell.dll
0x73f80000 - 0x74075000 	C:\Windows\system32\PROPSYS.dll
0x661c0000 - 0x663dd000 	C:\PROGRA~1\MICROS~1\Office12\GR469A~1.DLL
0x68ef0000 - 0x68fe1000 	C:\PROGRA~1\MICROS~1\Office12\GrooveUtil.DLL
0x75780000 - 0x75874000 	C:\Windows\system32\WININET.dll
0x75b80000 - 0x75b83000 	C:\Windows\system32\Normaliz.dll
0x75440000 - 0x75575000 	C:\Windows\system32\urlmon.dll
0x75250000 - 0x7536c000 	C:\Windows\system32\CRYPT32.dll
0x751b0000 - 0x751bc000 	C:\Windows\system32\MSASN1.dll
0x75b90000 - 0x75d89000 	C:\Windows\system32\iertutil.dll
0x6f350000 - 0x6f3eb000 	C:\Windows\WinSxS\x86_microsoft.vc80.crt_1fc8b3b9a1e18e3b_8.0.50727.4927_none_d08a205e442db5b5\MSVCR80.dll
0x68ff0000 - 0x68ff7000 	C:\PROGRA~1\MICROS~1\Office12\GrooveNew.DLL
0x7c630000 - 0x7c64b000 	C:\Windows\WinSxS\x86_microsoft.vc80.atl_1fc8b3b9a1e18e3b_8.0.50727.42_none_dc990e4797f81af1\ATL80.DLL
0x74bc0000 - 0x74bd6000 	C:\Windows\system32\CRYPTSP.dll
0x74960000 - 0x7499b000 	C:\Windows\system32\rsaenh.dll
0x735d0000 - 0x735d5000 	C:\Windows\system32\MSImg32.dll
0x6f2e0000 - 0x6f34a000 	C:\Windows\System32\cscui.dll
0x6f790000 - 0x6f799000 	C:\Windows\System32\CSCDLL.dll
0x6f7a0000 - 0x6f7ab000 	C:\Windows\system32\CSCAPI.dll
0x6f4b0000 - 0x6f51f000 	C:\Windows\system32\ntshrui.dll
0x74e80000 - 0x74e99000 	C:\Windows\system32\srvcli.dll
0x733c0000 - 0x733ca000 	C:\Windows\system32\slc.dll
0x64110000 - 0x64125000 	C:\Program Files\Java\jdk1.8.0_181\jre\bin\net.dll
0x74b80000 - 0x74bbc000 	C:\Windows\system32\mswsock.dll
0x74b70000 - 0x74b76000 	C:\Windows\System32\wship6.dll
0x69e30000 - 0x69e3f000 	C:\Program Files\Java\jdk1.8.0_181\jre\bin\nio.dll
0x64090000 - 0x640c2000 	C:\Program Files\Java\jdk1.8.0_181\jre\bin\t2k.dll
0x747a0000 - 0x747b7000 	C:\Windows\system32\USERENV.dll
0x73260000 - 0x7327c000 	C:\Windows\system32\IPHLPAPI.DLL
0x73230000 - 0x73237000 	C:\Windows\system32\WINNSI.DLL
0x72f70000 - 0x72f82000 	C:\Windows\system32\dhcpcsvc.DLL
0x72b20000 - 0x72b2d000 	C:\Windows\system32\dhcpcsvc6.DLL
0x6f040000 - 0x6f078000 	C:\Users\Admin\AppData\Local\Temp\jna-63116079\jna4628545032061671834.dll
0x6f030000 - 0x6f033000 	C:\Program Files\Java\jdk1.8.0_181\jre\bin\api-ms-win-core-synch-l1-2-0.DLL
0x15910000 - 0x15959000 	C:\Windows\system32\fpengine.dll
0x15090000 - 0x150ba000 	C:\Windows\system32\fpcore32.dll
0x6f520000 - 0x6f571000 	C:\Windows\system32\WINSPOOL.DRV
0x67be0000 - 0x67be7000 	C:\Windows\system32\WINUSB.DLL
0x73d80000 - 0x73f10000 	C:\Windows\WinSxS\x86_microsoft.windows.gdiplus_6595b64144ccf1df_1.1.7600.16385_none_72fc7cbf861225ca\gdiplus.dll
0x753e0000 - 0x7540d000 	C:\Windows\system32\WINTRUST.dll
0x74250000 - 0x74270000 	C:\Program Files\Java\jdk1.8.0_181\jre\bin\sunec.dll
0x64e80000 - 0x64f6b000 	C:\Windows\system32\dbghelp.dll

VM Arguments:
jvm_args: -Dfile.encoding=UTF-8 
java_command: fingerprintcorev2.Views.IntroPage
java_class_path (initial): C:\Users\Admin\Downloads\org-apache-commons-codec.jar\org-apache-commons-codec.jar;C:\Users\Admin\Downloads\jna-4.5.2.jar;C:\Users\Admin\Downloads\unirest-java-1.4.9.jar;C:\Users\Admin\Downloads\org.json.jar\org.json.jar;C:\Users\Admin\Downloads\commons-logging-1.1.2.jar;C:\Users\Admin\Downloads\httpclient-4.5.5.jar;C:\Users\Admin\Downloads\httpcore-4.4.9.jar;C:\Users\Admin\Downloads\httpcore-nio-4.4.10.jar;C:\Users\Admin\Downloads\httpmime-4.5.6.jar;C:\Users\Admin\Downloads\httpasyncclient-4.0-beta4.jar\httpasyncclient-4.0-beta4.jar;C:\Users\Admin\Documents\NetBeansProjects\FingerprintCoreV2\build\classes
Launcher Type: SUN_STANDARD

Environment Variables:
PATH=C:\Program Files\Common Files\Oracle\Java\javapath;C:\Windows\system32;C:\Windows;C:\Windows\System32\Wbem;C:\Windows\System32\WindowsPowerShell\v1.0\;C:\Program Files\Git\cmd;C:\Program Files\Neurotechnology\FreeFingerprintVerificationSDK 1.0\bin\Win32_x86;C:\Program Files\nodejs\;C:\Users\Admin\AppData\Roaming\npm
USERNAME=Admin
OS=Windows_NT
PROCESSOR_IDENTIFIER=x86 Family 6 Model 76 Stepping 4, GenuineIntel



---------------  S Y S T E M  ---------------

OS: Windows 7 Build 7600 (6.1.7600.16385)

CPU:total 2 (initial active 2) (2 cores per cpu, 1 threads per core) family 6 model 76 stepping 4, cmov, cx8, fxsr, mmx, sse, sse2, sse3, ssse3, sse4.1, sse4.2, popcnt, aes, clmul, erms, 3dnowpref, tsc, tscinvbit

Memory: 4k page, physical 2008308k(516428k free), swap 4016616k(2083824k free)

vm_info: Java HotSpot(TM) Client VM (25.181-b13) for windows-x86 JRE (1.8.0_181-b13), built on Jul  7 2018 03:18:20 by "java_re" with MS VC++ 10.0 (VS2010)

time: Tue Aug 07 22:27:48 2018
elapsed time: 52 seconds (0d 0h 0m 52s)

