#
# A fatal error has been detected by the Java Runtime Environment:
#
#  EXCEPTION_ACCESS_VIOLATION (0xc0000005) at pc=0x77461ffe, pid=4068, tid=0x000012e8
#
# JRE version: Java(TM) SE Runtime Environment (8.0_181-b13) (build 1.8.0_181-b13)
# Java VM: Java HotSpot(TM) Client VM (25.181-b13 mixed mode, sharing windows-x86 )
# Problematic frame:
# C  [ntdll.dll+0x51ffe]
#
# Failed to write core dump. Minidumps are not enabled by default on client versions of Windows
#
# If you would like to submit a bug report, please visit:
#   http://bugreport.java.com/bugreport/crash.jsp
#

---------------  T H R E A D  ---------------

Current thread (0x01881000):  JavaThread "Timer-10" [_thread_in_vm, id=4840, stack(0x16300000,0x16350000)]

siginfo: ExceptionCode=0xc0000005, reading address 0x29003330

Registers:
EAX=0x01010417, EBX=0x1540d890, ECX=0x011c0000, EDX=0x1540d890
ESP=0x1634e7d8, EBP=0x1634e80c, ESI=0x2900332c, EDI=0x1540d888
EIP=0x77461ffe, EFLAGS=0x00010202

Top of Stack: (sp=0x1634e7d8)
0x1634e7d8:   00000000 011c0000 1540d890 00000100
0x1634e7e8:   00000000 1634e81c 15e9320c 1540d890
0x1634e7f8:   15eb0c40 00000100 1634e8a8 00000000
0x1634e808:   1540d888 1634e824 77461faf 01881000
0x1634e818:   00000000 1540d890 1540d888 1634e838
0x1634e828:   75cbf1ac 011c0000 00000000 1540d890
0x1634e838:   1634e84c 6842016a 011c0000 00000000
0x1634e848:   1540d890 1634e85c 66ce3f33 1540d890 

Instructions: (pc=0x77461ffe)
0x77461fde:   7a f8 80 7f 07 05 0f 84 58 df 03 00 8b 07 8b f7
0x77461fee:   c1 ee 03 33 f0 33 35 dc 71 4e 77 89 7d fc 33 f1
0x77461ffe:   8b 46 04 89 45 f4 c6 47 07 80 c6 47 06 00 8b 5e
0x7746200e:   08 8b 4e 0c 89 5d e0 83 c3 01 89 4d e4 83 d1 01 


Register to memory mapping:

EAX=0x01010417 is an unknown value
EBX=0x1540d890 is an unknown value
ECX=0x011c0000 is an unknown value
EDX=0x1540d890 is an unknown value
ESP=0x1634e7d8 is pointing into the stack for thread: 0x01881000
EBP=0x1634e80c is pointing into the stack for thread: 0x01881000
ESI=0x2900332c is an unknown value
EDI=0x1540d888 is an unknown value


Stack: [0x16300000,0x16350000],  sp=0x1634e7d8,  free space=313k
Native frames: (J=compiled Java code, j=interpreted, Vv=VM code, C=native code)
C  [ntdll.dll+0x51ffe]
C  [ntdll.dll+0x51faf]
C  [kernel32.dll+0x4f1ac]
C  [msvcr100.dll+0x1016a]
V  [jvm.dll+0x163f33]
V  [jvm.dll+0xe6847]
C  [jna2730032724504489888.dll+0x8ef9]
C  [jna2730032724504489888.dll+0x36d2]
j  com.sun.jna.Native.invokeInt(Lcom/sun/jna/Function;JI[Ljava/lang/Object;)I+0
j  com.sun.jna.Function.invoke([Ljava/lang/Object;Ljava/lang/Class;ZI)Ljava/lang/Object;+211
j  com.sun.jna.Function.invoke(Ljava/lang/reflect/Method;[Ljava/lang/Class;Ljava/lang/Class;[Ljava/lang/Object;Ljava/util/Map;)Ljava/lang/Object;+271
j  com.sun.jna.Library$Handler.invoke(Ljava/lang/Object;Ljava/lang/reflect/Method;[Ljava/lang/Object;)Ljava/lang/Object;+344
j  com.sun.proxy.$Proxy0.GetFpCharByGen([B[I)I+20
j  fingerprintcorev2.Views.RescanUI.fpsmessage()V+119
j  fingerprintcorev2.Views.RescanUI.access$900(Lfingerprintcorev2/Views/RescanUI;)V+1
j  fingerprintcorev2.Views.RescanUI$9.run()V+4
j  java.util.TimerThread.mainLoop()V+221
j  java.util.TimerThread.run()V+1
v  ~StubRoutines::call_stub
V  [jvm.dll+0x15c065]
V  [jvm.dll+0x223ade]
V  [jvm.dll+0x15c0fe]
V  [jvm.dll+0x15c286]
V  [jvm.dll+0x15c2f7]
V  [jvm.dll+0x10016f]
V  [jvm.dll+0x17f280]
V  [jvm.dll+0x17fafa]
V  [jvm.dll+0x1c5416]
C  [msvcr100.dll+0x5c556]
C  [msvcr100.dll+0x5c600]
C  [kernel32.dll+0x51174]
C  [ntdll.dll+0x5b3f5]
C  [ntdll.dll+0x5b3c8]
C  0x00000000

Java frames: (J=compiled Java code, j=interpreted, Vv=VM code)
j  com.sun.jna.Native.invokeInt(Lcom/sun/jna/Function;JI[Ljava/lang/Object;)I+0
j  com.sun.jna.Function.invoke([Ljava/lang/Object;Ljava/lang/Class;ZI)Ljava/lang/Object;+211
j  com.sun.jna.Function.invoke(Ljava/lang/reflect/Method;[Ljava/lang/Class;Ljava/lang/Class;[Ljava/lang/Object;Ljava/util/Map;)Ljava/lang/Object;+271
j  com.sun.jna.Library$Handler.invoke(Ljava/lang/Object;Ljava/lang/reflect/Method;[Ljava/lang/Object;)Ljava/lang/Object;+344
j  com.sun.proxy.$Proxy0.GetFpCharByGen([B[I)I+20
j  fingerprintcorev2.Views.RescanUI.fpsmessage()V+119
j  fingerprintcorev2.Views.RescanUI.access$900(Lfingerprintcorev2/Views/RescanUI;)V+1
j  fingerprintcorev2.Views.RescanUI$9.run()V+4
j  java.util.TimerThread.mainLoop()V+221
j  java.util.TimerThread.run()V+1
v  ~StubRoutines::call_stub

---------------  P R O C E S S  ---------------

Java Threads: ( => current thread )
  0x01882800 JavaThread "Timer-11" [_thread_blocked, id=4244, stack(0x15f60000,0x15fb0000)]
=>0x01881000 JavaThread "Timer-10" [_thread_in_vm, id=4840, stack(0x16300000,0x16350000)]
  0x01880800 JavaThread "Timer-8" [_thread_blocked, id=3468, stack(0x16ce0000,0x16d30000)]
  0x01881c00 JavaThread "Timer-7" [_thread_blocked, id=4172, stack(0x16fe0000,0x17030000)]
  0x01881800 JavaThread "Timer-6" [_thread_blocked, id=4552, stack(0x16f00000,0x16f50000)]
  0x166b5000 JavaThread "Thread-8" daemon [_thread_blocked, id=4712, stack(0x16da0000,0x16df0000)]
  0x165d4000 JavaThread "TimerQueue" daemon [_thread_blocked, id=1576, stack(0x164d0000,0x16520000)]
  0x011cc800 JavaThread "DestroyJavaVM" [_thread_blocked, id=2780, stack(0x01200000,0x01250000)]
  0x154f5800 JavaThread "AWT-EventQueue-0" [_thread_blocked, id=5660, stack(0x15a20000,0x15a70000)]
  0x154f3c00 JavaThread "AWT-Windows" daemon [_thread_in_native, id=2064, stack(0x156e0000,0x15730000)]
  0x154f3000 JavaThread "AWT-Shutdown" [_thread_blocked, id=1052, stack(0x15320000,0x15370000)]
  0x154f0400 JavaThread "Java2D Disposer" daemon [_thread_blocked, id=3216, stack(0x15740000,0x15790000)]
  0x01880400 JavaThread "Service Thread" daemon [_thread_blocked, id=1456, stack(0x03d20000,0x03d70000)]
  0x01852800 JavaThread "C1 CompilerThread0" daemon [_thread_blocked, id=3796, stack(0x15100000,0x15150000)]
  0x01851800 JavaThread "Attach Listener" daemon [_thread_blocked, id=3208, stack(0x149a0000,0x149f0000)]
  0x0184e800 JavaThread "Signal Dispatcher" daemon [_thread_blocked, id=1044, stack(0x151e0000,0x15230000)]
  0x01844400 JavaThread "Finalizer" daemon [_thread_blocked, id=2916, stack(0x03d70000,0x03dc0000)]
  0x017e5c00 JavaThread "Reference Handler" daemon [_thread_blocked, id=4528, stack(0x14950000,0x149a0000)]

Other Threads:
  0x017e3400 VMThread [stack: 0x148e0000,0x14930000] [id=752]
  0x01893400 WatcherThread [stack: 0x15370000,0x153c0000] [id=2992]

VM state:not at safepoint (normal execution)

VM Mutex/Monitor currently owned by a thread: None

Heap:
 def new generation   total 8640K, used 2504K [0x03e00000, 0x04750000, 0x09350000)
  eden space 7744K,  32% used [0x03e00000, 0x04072058, 0x04590000)
  from space 896K,   0% used [0x04590000, 0x04590000, 0x04670000)
  to   space 896K,   0% used [0x04670000, 0x04670000, 0x04750000)
 tenured generation   total 18880K, used 11327K [0x09350000, 0x0a5c0000, 0x13e00000)
   the space 18880K,  59% used [0x09350000, 0x09e5ffc8, 0x09e60000, 0x0a5c0000)
 Metaspace       used 3766K, capacity 4183K, committed 4288K, reserved 4480K

Card table byte_map: [0x012d0000,0x01360000] byte_map_base: 0x012b1000

Polling page: 0x001a0000

CodeCache: size=32768Kb used=1704Kb max_used=1704Kb free=31063Kb
 bounds [0x01c80000, 0x01e30000, 0x03c80000]
 total_blobs=1018 nmethods=767 adapters=181
 compilation: enabled

Compilation events (10 events):
Event: 21.837 Thread 0x01852800  775             java.lang.Character::getType (9 bytes)
Event: 21.837 Thread 0x01852800 nmethod 775 0x01e293c8 code [0x01e294d0, 0x01e29578]
Event: 21.838 Thread 0x01852800  776             java.lang.CharacterDataLatin1::getType (11 bytes)
Event: 21.839 Thread 0x01852800 nmethod 776 0x01e29608 code [0x01e29700, 0x01e297b0]
Event: 21.866 Thread 0x01852800  777             org.apache.commons.codec.binary.Hex::toDigit (50 bytes)
Event: 21.868 Thread 0x01852800 nmethod 777 0x01e29888 code [0x01e29a00, 0x01e29c3c]
Event: 23.758 Thread 0x01852800  778             javax.swing.GroupLayout$ComponentSpring::getSizeAlongAxis (16 bytes)
Event: 23.759 Thread 0x01852800 nmethod 778 0x01e29f08 code [0x01e2a000, 0x01e2a0a0]
Event: 23.864 Thread 0x01852800  779             javax.swing.RepaintManager::currentManager (37 bytes)
Event: 23.865 Thread 0x01852800 nmethod 779 0x01e2a148 code [0x01e2a270, 0x01e2a3c4]

GC Heap History (10 events):
Event: 4.705 GC heap before
{Heap before GC invocations=5 (full 0):
 def new generation   total 4928K, used 4502K [0x03e00000, 0x04350000, 0x09350000)
  eden space 4416K, 100% used [0x03e00000, 0x04250000, 0x04250000)
  from space 512K,  16% used [0x042d0000, 0x042e5940, 0x04350000)
  to   space 512K,   0% used [0x04250000, 0x04250000, 0x042d0000)
 tenured generation   total 10944K, used 6818K [0x09350000, 0x09e00000, 0x13e00000)
   the space 10944K,  62% used [0x09350000, 0x099f8a90, 0x099f8c00, 0x09e00000)
 Metaspace       used 2113K, capacity 3058K, committed 3136K, reserved 4480K
Event: 4.714 GC heap after
Heap after GC invocations=6 (full 0):
 def new generation   total 4928K, used 512K [0x03e00000, 0x04350000, 0x09350000)
  eden space 4416K,   0% used [0x03e00000, 0x03e00000, 0x04250000)
  from space 512K, 100% used [0x04250000, 0x042d0000, 0x042d0000)
  to   space 512K,   0% used [0x042d0000, 0x042d0000, 0x04350000)
 tenured generation   total 10944K, used 7459K [0x09350000, 0x09e00000, 0x13e00000)
   the space 10944K,  68% used [0x09350000, 0x09a98eb0, 0x09a99000, 0x09e00000)
 Metaspace       used 2113K, capacity 3058K, committed 3136K, reserved 4480K
}
Event: 4.806 GC heap before
{Heap before GC invocations=6 (full 0):
 def new generation   total 4928K, used 4928K [0x03e00000, 0x04350000, 0x09350000)
  eden space 4416K, 100% used [0x03e00000, 0x04250000, 0x04250000)
  from space 512K, 100% used [0x04250000, 0x042d0000, 0x042d0000)
  to   space 512K,   0% used [0x042d0000, 0x042d0000, 0x04350000)
 tenured generation   total 10944K, used 7459K [0x09350000, 0x09e00000, 0x13e00000)
   the space 10944K,  68% used [0x09350000, 0x09a98eb0, 0x09a99000, 0x09e00000)
 Metaspace       used 2285K, capacity 3075K, committed 3136K, reserved 4480K
Event: 4.815 GC heap after
Heap after GC invocations=7 (full 0):
 def new generation   total 4928K, used 512K [0x03e00000, 0x04350000, 0x09350000)
  eden space 4416K,   0% used [0x03e00000, 0x03e00000, 0x04250000)
  from space 512K, 100% used [0x042d0000, 0x04350000, 0x04350000)
  to   space 512K,   0% used [0x04250000, 0x04250000, 0x042d0000)
 tenured generation   total 10944K, used 8348K [0x09350000, 0x09e00000, 0x13e00000)
   the space 10944K,  76% used [0x09350000, 0x09b77020, 0x09b77200, 0x09e00000)
 Metaspace       used 2285K, capacity 3075K, committed 3136K, reserved 4480K
}
Event: 4.938 GC heap before
{Heap before GC invocations=7 (full 0):
 def new generation   total 4928K, used 4928K [0x03e00000, 0x04350000, 0x09350000)
  eden space 4416K, 100% used [0x03e00000, 0x04250000, 0x04250000)
  from space 512K, 100% used [0x042d0000, 0x04350000, 0x04350000)
  to   space 512K,   0% used [0x04250000, 0x04250000, 0x042d0000)
 tenured generation   total 10944K, used 8348K [0x09350000, 0x09e00000, 0x13e00000)
   the space 10944K,  76% used [0x09350000, 0x09b77020, 0x09b77200, 0x09e00000)
 Metaspace       used 2500K, capacity 3238K, committed 3264K, reserved 4480K
Event: 4.946 GC heap after
Heap after GC invocations=8 (full 0):
 def new generation   total 4928K, used 512K [0x03e00000, 0x04350000, 0x09350000)
  eden space 4416K,   0% used [0x03e00000, 0x03e00000, 0x04250000)
  from space 512K, 100% used [0x04250000, 0x042d0000, 0x042d0000)
  to   space 512K,   0% used [0x042d0000, 0x042d0000, 0x04350000)
 tenured generation   total 10944K, used 9197K [0x09350000, 0x09e00000, 0x13e00000)
   the space 10944K,  84% used [0x09350000, 0x09c4b6e8, 0x09c4b800, 0x09e00000)
 Metaspace       used 2500K, capacity 3238K, committed 3264K, reserved 4480K
}
Event: 5.104 GC heap before
{Heap before GC invocations=8 (full 0):
 def new generation   total 4928K, used 4928K [0x03e00000, 0x04350000, 0x09350000)
  eden space 4416K, 100% used [0x03e00000, 0x04250000, 0x04250000)
  from space 512K, 100% used [0x04250000, 0x042d0000, 0x042d0000)
  to   space 512K,   0% used [0x042d0000, 0x042d0000, 0x04350000)
 tenured generation   total 10944K, used 9197K [0x09350000, 0x09e00000, 0x13e00000)
   the space 10944K,  84% used [0x09350000, 0x09c4b6e8, 0x09c4b800, 0x09e00000)
 Metaspace       used 3175K, capacity 3693K, committed 3776K, reserved 4480K
Event: 5.110 GC heap after
Heap after GC invocations=9 (full 0):
 def new generation   total 4928K, used 512K [0x03e00000, 0x04350000, 0x09350000)
  eden space 4416K,   0% used [0x03e00000, 0x03e00000, 0x04250000)
  from space 512K, 100% used [0x042d0000, 0x04350000, 0x04350000)
  to   space 512K,   0% used [0x04250000, 0x04250000, 0x042d0000)
 tenured generation   total 10944K, used 9984K [0x09350000, 0x09e00000, 0x13e00000)
   the space 10944K,  91% used [0x09350000, 0x09d10028, 0x09d10200, 0x09e00000)
 Metaspace       used 3175K, capacity 3693K, committed 3776K, reserved 4480K
}
Event: 14.009 GC heap before
{Heap before GC invocations=9 (full 0):
 def new generation   total 4928K, used 4928K [0x03e00000, 0x04350000, 0x09350000)
  eden space 4416K, 100% used [0x03e00000, 0x04250000, 0x04250000)
  from space 512K, 100% used [0x042d0000, 0x04350000, 0x04350000)
  to   space 512K,   0% used [0x04250000, 0x04250000, 0x042d0000)
 tenured generation   total 10944K, used 9984K [0x09350000, 0x09e00000, 0x13e00000)
   the space 10944K,  91% used [0x09350000, 0x09d10028, 0x09d10200, 0x09e00000)
 Metaspace       used 3766K, capacity 4183K, committed 4288K, reserved 4480K
Event: 14.056 GC heap after
Heap after GC invocations=10 (full 1):
 def new generation   total 8640K, used 132K [0x03e00000, 0x04750000, 0x09350000)
  eden space 7744K,   1% used [0x03e00000, 0x03e213c8, 0x04590000)
  from space 896K,   0% used [0x04590000, 0x04590000, 0x04670000)
  to   space 896K,   0% used [0x04670000, 0x04670000, 0x04750000)
 tenured generation   total 18880K, used 11327K [0x09350000, 0x0a5c0000, 0x13e00000)
   the space 18880K,  59% used [0x09350000, 0x09e5ffc8, 0x09e60000, 0x0a5c0000)
 Metaspace       used 3766K, capacity 4183K, committed 4288K, reserved 4480K
}

Deoptimization events (0 events):
No events

Classes redefined (0 events):
No events

Internal exceptions (10 events):
Event: 0.252 Thread 0x011cc800 Exception <a 'java/lang/NoSuchFieldError': method resolution failed> (0x03f90e60) thrown at [C:\workspace\8-2-build-windows-i586-cygwin\jdk8u181\11358\hotspot\src\share\vm\prims\methodHandles.cpp, line 1167]
Event: 0.255 Thread 0x011cc800 Exception <a 'java/lang/NoSuchFieldError': method resolution failed> (0x03f9d000) thrown at [C:\workspace\8-2-build-windows-i586-cygwin\jdk8u181\11358\hotspot\src\share\vm\prims\methodHandles.cpp, line 1167]
Event: 0.317 Thread 0x154f5800 Exception <a 'java/io/FileNotFoundException'> (0x0405e2f8) thrown at [C:\workspace\8-2-build-windows-i586-cygwin\jdk8u181\11358\hotspot\src\share\vm\prims\jni.cpp, line 709]
Event: 4.308 Thread 0x165e3c00 Exception <a 'java/lang/NoClassDefFoundError': org/apache/log4j/Category> (0x04016938) thrown at [C:\workspace\8-2-build-windows-i586-cygwin\jdk8u181\11358\hotspot\src\share\vm\classfile\systemDictionary.cpp, line 199]
Event: 9.755 Thread 0x165e3400 Exception <a 'java/net/SocketTimeoutException': Read timed out> (0x0415bec0) thrown at [C:\workspace\8-2-build-windows-i586-cygwin\jdk8u181\11358\hotspot\src\share\vm\prims\jni.cpp, line 735]
Event: 12.809 Thread 0x166f5c00 Exception <a 'java/io/IOException': CreateProcess error=2, The system cannot find the file specified> (0x041bed38) thrown at [C:\workspace\8-2-build-windows-i586-cygwin\jdk8u181\11358\hotspot\src\share\vm\prims\jni.cpp, line 735]
Event: 13.545 Thread 0x01880800 Exception <a 'java/net/SocketTimeoutException': Read timed out> (0x041ebcb8) thrown at [C:\workspace\8-2-build-windows-i586-cygwin\jdk8u181\11358\hotspot\src\share\vm\prims\jni.cpp, line 735]
Event: 17.477 Thread 0x01881000 Exception <a 'java/net/SocketTimeoutException': Read timed out> (0x03e4ceb8) thrown at [C:\workspace\8-2-build-windows-i586-cygwin\jdk8u181\11358\hotspot\src\share\vm\prims\jni.cpp, line 735]
Event: 20.524 Thread 0x01880800 Exception <a 'java/io/IOException': CreateProcess error=2, The system cannot find the file specified> (0x03f37fa0) thrown at [C:\workspace\8-2-build-windows-i586-cygwin\jdk8u181\11358\hotspot\src\share\vm\prims\jni.cpp, line 735]
Event: 21.225 Thread 0x01882400 Exception <a 'java/net/SocketTimeoutException': Read timed out> (0x03f56cc0) thrown at [C:\workspace\8-2-build-windows-i586-cygwin\jdk8u181\11358\hotspot\src\share\vm\prims\jni.cpp, line 735]

Events (10 events):
Event: 21.657 Executing VM operation: RevokeBias
Event: 21.658 Executing VM operation: RevokeBias done
Event: 21.659 Executing VM operation: RevokeBias
Event: 21.659 Executing VM operation: RevokeBias done
Event: 21.801 Executing VM operation: RevokeBias
Event: 21.801 Executing VM operation: RevokeBias done
Event: 21.949 Executing VM operation: RevokeBias
Event: 21.949 Executing VM operation: RevokeBias done
Event: 23.862 Executing VM operation: BulkRevokeBias
Event: 23.862 Executing VM operation: BulkRevokeBias done


Dynamic libraries:
0x01370000 - 0x013a3000 	C:\Program Files\Java\jdk1.8.0_181\jre\bin\java.exe
0x77410000 - 0x7754c000 	C:\Windows\SYSTEM32\ntdll.dll
0x75c70000 - 0x75d44000 	C:\Windows\system32\kernel32.dll
0x757c0000 - 0x7580a000 	C:\Windows\system32\KERNELBASE.dll
0x765b0000 - 0x76650000 	C:\Windows\system32\ADVAPI32.dll
0x75bb0000 - 0x75c5c000 	C:\Windows\system32\msvcrt.dll
0x75fe0000 - 0x75ff9000 	C:\Windows\SYSTEM32\sechost.dll
0x76090000 - 0x76131000 	C:\Windows\system32\RPCRT4.dll
0x766f0000 - 0x767b9000 	C:\Windows\system32\USER32.dll
0x75b60000 - 0x75bae000 	C:\Windows\system32\GDI32.dll
0x758c0000 - 0x758ca000 	C:\Windows\system32\LPK.dll
0x77550000 - 0x775ed000 	C:\Windows\system32\USP10.dll
0x74600000 - 0x7479e000 	C:\Windows\WinSxS\x86_microsoft.windows.common-controls_6595b64144ccf1df_6.0.7600.16385_none_421189da2b7fabfc\COMCTL32.dll
0x75d80000 - 0x75dd7000 	C:\Windows\system32\SHLWAPI.dll
0x76650000 - 0x7666f000 	C:\Windows\system32\IMM32.DLL
0x758d0000 - 0x7599c000 	C:\Windows\system32\MSCTF.dll
0x68410000 - 0x684cf000 	C:\Program Files\Java\jdk1.8.0_181\jre\bin\msvcr100.dll
0x66b80000 - 0x66f53000 	C:\Program Files\Java\jdk1.8.0_181\jre\bin\client\jvm.dll
0x72920000 - 0x72927000 	C:\Windows\system32\WSOCK32.dll
0x77600000 - 0x77635000 	C:\Windows\system32\WS2_32.dll
0x775f0000 - 0x775f6000 	C:\Windows\system32\NSI.dll
0x6f5b0000 - 0x6f5e2000 	C:\Windows\system32\WINMM.dll
0x74a60000 - 0x74a69000 	C:\Windows\system32\VERSION.dll
0x759a0000 - 0x759a5000 	C:\Windows\system32\PSAPI.DLL
0x72e20000 - 0x72e2c000 	C:\Program Files\Java\jdk1.8.0_181\jre\bin\verify.dll
0x72db0000 - 0x72dd2000 	C:\Program Files\Java\jdk1.8.0_181\jre\bin\java.dll
0x72e00000 - 0x72e14000 	C:\Program Files\Java\jdk1.8.0_181\jre\bin\zip.dll
0x767c0000 - 0x77409000 	C:\Windows\system32\SHELL32.dll
0x759b0000 - 0x75b0c000 	C:\Windows\system32\ole32.dll
0x75560000 - 0x7556b000 	C:\Windows\system32\profapi.dll
0x682c0000 - 0x68407000 	C:\Program Files\Java\jdk1.8.0_181\jre\bin\awt.dll
0x76000000 - 0x7608f000 	C:\Windows\system32\OLEAUT32.dll
0x74340000 - 0x74380000 	C:\Windows\system32\uxtheme.dll
0x74040000 - 0x74053000 	C:\Windows\system32\dwmapi.dll
0x754b0000 - 0x754bc000 	C:\Windows\system32\CRYPTBASE.dll
0x6b460000 - 0x6b528000 	C:\Windows\system32\opengl32.dll
0x6b430000 - 0x6b452000 	C:\Windows\system32\GLU32.dll
0x6b320000 - 0x6b407000 	C:\Windows\system32\DDRAW.dll
0x6b2a0000 - 0x6b2a6000 	C:\Windows\system32\DCIMAN32.dll
0x76410000 - 0x765ad000 	C:\Windows\system32\SETUPAPI.dll
0x75670000 - 0x75697000 	C:\Windows\system32\CFGMGR32.dll
0x75840000 - 0x75852000 	C:\Windows\system32\DEVOBJ.dll
0x6e5a0000 - 0x6e5d9000 	C:\Program Files\Java\jdk1.8.0_181\jre\bin\fontmanager.dll
0x76140000 - 0x761c3000 	C:\Windows\system32\CLBCatQ.DLL
0x73de0000 - 0x73edb000 	C:\Windows\system32\WindowsCodecs.dll
0x75460000 - 0x754ab000 	C:\Windows\system32\apphelp.dll
0x6f990000 - 0x6f9c1000 	C:\Windows\system32\EhStorShell.dll
0x743b0000 - 0x744a5000 	C:\Windows\system32\PROPSYS.dll
0x661c0000 - 0x663dd000 	C:\PROGRA~1\MICROS~1\Office12\GR469A~1.DLL
0x68ef0000 - 0x68fe1000 	C:\PROGRA~1\MICROS~1\Office12\GrooveUtil.DLL
0x761d0000 - 0x762c4000 	C:\Windows\system32\WININET.dll
0x75c60000 - 0x75c63000 	C:\Windows\system32\Normaliz.dll
0x762d0000 - 0x76405000 	C:\Windows\system32\urlmon.dll
0x756a0000 - 0x757bc000 	C:\Windows\system32\CRYPT32.dll
0x755d0000 - 0x755dc000 	C:\Windows\system32\MSASN1.dll
0x75de0000 - 0x75fd9000 	C:\Windows\system32\iertutil.dll
0x70a20000 - 0x70abb000 	C:\Windows\WinSxS\x86_microsoft.vc80.crt_1fc8b3b9a1e18e3b_8.0.50727.4927_none_d08a205e442db5b5\MSVCR80.dll
0x68ff0000 - 0x68ff7000 	C:\PROGRA~1\MICROS~1\Office12\GrooveNew.DLL
0x7c630000 - 0x7c64b000 	C:\Windows\WinSxS\x86_microsoft.vc80.atl_1fc8b3b9a1e18e3b_8.0.50727.42_none_dc990e4797f81af1\ATL80.DLL
0x74fe0000 - 0x74ff6000 	C:\Windows\system32\CRYPTSP.dll
0x74d80000 - 0x74dbb000 	C:\Windows\system32\rsaenh.dll
0x73b90000 - 0x73b95000 	C:\Windows\system32\MSImg32.dll
0x6f920000 - 0x6f98a000 	C:\Windows\System32\cscui.dll
0x70910000 - 0x70919000 	C:\Windows\System32\CSCDLL.dll
0x70900000 - 0x7090b000 	C:\Windows\system32\CSCAPI.dll
0x6f890000 - 0x6f8ff000 	C:\Windows\system32\ntshrui.dll
0x753b0000 - 0x753c9000 	C:\Windows\system32\srvcli.dll
0x73820000 - 0x7382a000 	C:\Windows\system32\slc.dll
0x72190000 - 0x721a5000 	C:\Program Files\Java\jdk1.8.0_181\jre\bin\net.dll
0x74fa0000 - 0x74fdc000 	C:\Windows\system32\mswsock.dll
0x74f90000 - 0x74f96000 	C:\Windows\System32\wship6.dll
0x72da0000 - 0x72daf000 	C:\Program Files\Java\jdk1.8.0_181\jre\bin\nio.dll
0x6b0e0000 - 0x6b112000 	C:\Program Files\Java\jdk1.8.0_181\jre\bin\t2k.dll
0x74bc0000 - 0x74bd7000 	C:\Windows\system32\USERENV.dll
0x73670000 - 0x7368c000 	C:\Windows\system32\IPHLPAPI.DLL
0x73660000 - 0x73667000 	C:\Windows\system32\WINNSI.DLL
0x73560000 - 0x73572000 	C:\Windows\system32\dhcpcsvc.DLL
0x72f40000 - 0x72f4d000 	C:\Windows\system32\dhcpcsvc6.DLL
0x6a040000 - 0x6a078000 	C:\Users\Admin\AppData\Local\Temp\jna-63116079\jna2730032724504489888.dll
0x6eed0000 - 0x6eed3000 	C:\Program Files\Java\jdk1.8.0_181\jre\bin\api-ms-win-core-synch-l1-2-0.DLL
0x15e80000 - 0x15ec9000 	C:\Windows\system32\fpengine.dll
0x03cf0000 - 0x03d1a000 	C:\Windows\system32\fpcore32.dll
0x71400000 - 0x71451000 	C:\Windows\system32\WINSPOOL.DRV
0x71db0000 - 0x71db7000 	C:\Windows\system32\WINUSB.DLL
0x741b0000 - 0x74340000 	C:\Windows\WinSxS\x86_microsoft.windows.gdiplus_6595b64144ccf1df_1.1.7600.16385_none_72fc7cbf861225ca\gdiplus.dll
0x75810000 - 0x7583d000 	C:\Windows\system32\WINTRUST.dll
0x6b1a0000 - 0x6b1c0000 	C:\Program Files\Java\jdk1.8.0_181\jre\bin\sunec.dll
0x71eb0000 - 0x71f9b000 	C:\Windows\system32\dbghelp.dll

VM Arguments:
jvm_args: -Dfile.encoding=UTF-8 
java_command: fingerprintcorev2.Views.IntroPage
java_class_path (initial): C:\Users\Admin\Downloads\org-apache-commons-codec.jar\org-apache-commons-codec.jar;C:\Users\Admin\Downloads\jna-4.5.2.jar;C:\Users\Admin\Downloads\unirest-java-1.4.9.jar;C:\Users\Admin\Downloads\org.json.jar\org.json.jar;C:\Users\Admin\Downloads\commons-logging-1.1.2.jar;C:\Users\Admin\Downloads\httpclient-4.5.5.jar;C:\Users\Admin\Downloads\httpcore-4.4.9.jar;C:\Users\Admin\Downloads\httpcore-nio-4.4.10.jar;C:\Users\Admin\Downloads\httpmime-4.5.6.jar;C:\Users\Admin\Downloads\httpasyncclient-4.0-beta4.jar\httpasyncclient-4.0-beta4.jar;C:\Users\Admin\Documents\NetBeansProjects\FingerprintCoreV2\build\classes
Launcher Type: SUN_STANDARD

Environment Variables:
PATH=C:\Program Files\Common Files\Oracle\Java\javapath;C:\Windows\system32;C:\Windows;C:\Windows\System32\Wbem;C:\Windows\System32\WindowsPowerShell\v1.0\;C:\Program Files\Git\cmd;C:\Program Files\Neurotechnology\FreeFingerprintVerificationSDK 1.0\bin\Win32_x86;C:\Program Files\nodejs\;C:\Users\Admin\AppData\Roaming\npm
USERNAME=Admin
OS=Windows_NT
PROCESSOR_IDENTIFIER=x86 Family 6 Model 76 Stepping 4, GenuineIntel



---------------  S Y S T E M  ---------------

OS: Windows 7 Build 7600 (6.1.7600.16385)

CPU:total 2 (initial active 2) (2 cores per cpu, 1 threads per core) family 6 model 76 stepping 4, cmov, cx8, fxsr, mmx, sse, sse2, sse3, ssse3, sse4.1, sse4.2, popcnt, aes, clmul, erms, 3dnowpref, tsc, tscinvbit

Memory: 4k page, physical 2008308k(749488k free), swap 4016616k(2331148k free)

vm_info: Java HotSpot(TM) Client VM (25.181-b13) for windows-x86 JRE (1.8.0_181-b13), built on Jul  7 2018 03:18:20 by "java_re" with MS VC++ 10.0 (VS2010)

time: Wed Aug 08 18:04:14 2018
elapsed time: 24 seconds (0d 0h 0m 24s)

