#
# A fatal error has been detected by the Java Runtime Environment:
#
#  EXCEPTION_ACCESS_VIOLATION (0xc0000005) at pc=0x77461ffe, pid=4100, tid=0x00000558
#
# JRE version: Java(TM) SE Runtime Environment (8.0_181-b13) (build 1.8.0_181-b13)
# Java VM: Java HotSpot(TM) Client VM (25.181-b13 mixed mode windows-x86 )
# Problematic frame:
# C  [ntdll.dll+0x51ffe]
#
# Failed to write core dump. Minidumps are not enabled by default on client versions of Windows
#
# If you would like to submit a bug report, please visit:
#   http://bugreport.java.com/bugreport/crash.jsp
#

---------------  T H R E A D  ---------------

Current thread (0x14b33c00):  JavaThread "Timer-5" [_thread_in_vm, id=1368, stack(0x15140000,0x15190000)]

siginfo: ExceptionCode=0xc0000005, reading address 0x641ad752

Registers:
EAX=0x30674d7b, EBX=0x14b6f5f0, ECX=0x00a40000, EDX=0x14b6f5f0
ESP=0x1518e8d8, EBP=0x1518e90c, ESI=0x641ad74e, EDI=0x14b6f5e8
EIP=0x77461ffe, EFLAGS=0x00010206

Top of Stack: (sp=0x1518e8d8)
0x1518e8d8:   00000000 00a40000 14b6f5f0 00000100
0x1518e8e8:   00000000 1518e91c 14e3320c 14b6f5f0
0x1518e8f8:   14e50c40 00000100 1518e9a8 00000000
0x1518e908:   14b6f5e8 1518e924 77461faf 14b33c00
0x1518e918:   00000000 14b6f5f0 14b6f5e8 1518e938
0x1518e928:   7684f1ac 00a40000 00000000 14b6f5f0
0x1518e938:   1518e94c 66d0016a 00a40000 00000000
0x1518e948:   14b6f5f0 1518e95c 59d63f33 14b6f5f0 

Instructions: (pc=0x77461ffe)
0x77461fde:   7a f8 80 7f 07 05 0f 84 58 df 03 00 8b 07 8b f7
0x77461fee:   c1 ee 03 33 f0 33 35 dc 71 4e 77 89 7d fc 33 f1
0x77461ffe:   8b 46 04 89 45 f4 c6 47 07 80 c6 47 06 00 8b 5e
0x7746200e:   08 8b 4e 0c 89 5d e0 83 c3 01 89 4d e4 83 d1 01 


Register to memory mapping:

EAX=0x30674d7b is an unknown value
EBX=0x14b6f5f0 is an unknown value
ECX=0x00a40000 is an unknown value
EDX=0x14b6f5f0 is an unknown value
ESP=0x1518e8d8 is pointing into the stack for thread: 0x14b33c00
EBP=0x1518e90c is pointing into the stack for thread: 0x14b33c00
ESI=0x641ad74e is an unknown value
EDI=0x14b6f5e8 is an unknown value


Stack: [0x15140000,0x15190000],  sp=0x1518e8d8,  free space=314k
Native frames: (J=compiled Java code, j=interpreted, Vv=VM code, C=native code)
C  [ntdll.dll+0x51ffe]
C  [ntdll.dll+0x51faf]
C  [kernel32.dll+0x4f1ac]
C  [msvcr100.dll+0x1016a]
V  [jvm.dll+0x163f33]
V  [jvm.dll+0xe6847]
C  [jna5914126002042848053.dll+0x8ef9]
C  [jna5914126002042848053.dll+0x36d2]
j  com.sun.jna.Native.invokeInt(Lcom/sun/jna/Function;JI[Ljava/lang/Object;)I+0
j  com.sun.jna.Function.invoke([Ljava/lang/Object;Ljava/lang/Class;ZI)Ljava/lang/Object;+211
j  com.sun.jna.Function.invoke(Ljava/lang/reflect/Method;[Ljava/lang/Class;Ljava/lang/Class;[Ljava/lang/Object;Ljava/util/Map;)Ljava/lang/Object;+271
j  com.sun.jna.Library$Handler.invoke(Ljava/lang/Object;Ljava/lang/reflect/Method;[Ljava/lang/Object;)Ljava/lang/Object;+344
j  com.sun.proxy.$Proxy0.GetFpCharByGen([B[I)I+20
j  fingerprintcorev2.Views.RescanUI.fpsmessage()V+119
j  fingerprintcorev2.Views.RescanUI.access$900(Lfingerprintcorev2/Views/RescanUI;)V+1
j  fingerprintcorev2.Views.RescanUI$9.run()V+4
j  java.util.TimerThread.mainLoop()V+221
j  java.util.TimerThread.run()V+1
v  ~StubRoutines::call_stub
V  [jvm.dll+0x15c065]
V  [jvm.dll+0x223ade]
V  [jvm.dll+0x15c0fe]
V  [jvm.dll+0x15c286]
V  [jvm.dll+0x15c2f7]
V  [jvm.dll+0x10016f]
V  [jvm.dll+0x17f280]
V  [jvm.dll+0x17fafa]
V  [jvm.dll+0x1c5416]
C  [msvcr100.dll+0x5c556]
C  [msvcr100.dll+0x5c600]
C  [kernel32.dll+0x51174]
C  [ntdll.dll+0x5b3f5]
C  [ntdll.dll+0x5b3c8]
C  0x00000000

Java frames: (J=compiled Java code, j=interpreted, Vv=VM code)
j  com.sun.jna.Native.invokeInt(Lcom/sun/jna/Function;JI[Ljava/lang/Object;)I+0
j  com.sun.jna.Function.invoke([Ljava/lang/Object;Ljava/lang/Class;ZI)Ljava/lang/Object;+211
j  com.sun.jna.Function.invoke(Ljava/lang/reflect/Method;[Ljava/lang/Class;Ljava/lang/Class;[Ljava/lang/Object;Ljava/util/Map;)Ljava/lang/Object;+271
j  com.sun.jna.Library$Handler.invoke(Ljava/lang/Object;Ljava/lang/reflect/Method;[Ljava/lang/Object;)Ljava/lang/Object;+344
j  com.sun.proxy.$Proxy0.GetFpCharByGen([B[I)I+20
j  fingerprintcorev2.Views.RescanUI.fpsmessage()V+119
j  fingerprintcorev2.Views.RescanUI.access$900(Lfingerprintcorev2/Views/RescanUI;)V+1
j  fingerprintcorev2.Views.RescanUI$9.run()V+4
j  java.util.TimerThread.mainLoop()V+221
j  java.util.TimerThread.run()V+1
v  ~StubRoutines::call_stub

---------------  P R O C E S S  ---------------

Java Threads: ( => current thread )
  0x14b34800 JavaThread "Timer-7" [_thread_blocked, id=2616, stack(0x151d0000,0x15220000)]
  0x14b34400 JavaThread "Timer-6" [_thread_blocked, id=5608, stack(0x15350000,0x153a0000)]
=>0x14b33c00 JavaThread "Timer-5" [_thread_in_vm, id=1368, stack(0x15140000,0x15190000)]
  0x14b41000 JavaThread "Timer-3" [_thread_blocked, id=2056, stack(0x16630000,0x16680000)]
  0x14c07400 JavaThread "Thread-8" daemon [_thread_blocked, id=5272, stack(0x15f10000,0x15f60000)]
  0x14ad0400 JavaThread "Timer-2" [_thread_blocked, id=4636, stack(0x161e0000,0x16230000)]
  0x14abd000 JavaThread "TimerQueue" daemon [_thread_blocked, id=1200, stack(0x162d0000,0x16320000)]
  0x00a4c800 JavaThread "DestroyJavaVM" [_thread_blocked, id=3772, stack(0x00ce0000,0x00d30000)]
  0x1490e400 JavaThread "AWT-EventQueue-0" [_thread_blocked, id=4196, stack(0x14d20000,0x14d70000)]
  0x1490c400 JavaThread "AWT-Windows" daemon [_thread_in_native, id=3740, stack(0x14dd0000,0x14e20000)]
  0x1490b800 JavaThread "AWT-Shutdown" [_thread_blocked, id=1336, stack(0x14e70000,0x14ec0000)]
  0x14908c00 JavaThread "Java2D Disposer" daemon [_thread_blocked, id=4776, stack(0x14d80000,0x14dd0000)]
  0x144b2400 JavaThread "Service Thread" daemon [_thread_blocked, id=5612, stack(0x147e0000,0x14830000)]
  0x144be400 JavaThread "C1 CompilerThread0" daemon [_thread_blocked, id=5652, stack(0x14670000,0x146c0000)]
  0x144bd000 JavaThread "Attach Listener" daemon [_thread_blocked, id=5548, stack(0x14790000,0x147e0000)]
  0x144ba000 JavaThread "Signal Dispatcher" daemon [_thread_blocked, id=5592, stack(0x00bd0000,0x00c20000)]
  0x14499800 JavaThread "Finalizer" daemon [_thread_blocked, id=5780, stack(0x00e00000,0x00e50000)]
  0x14473c00 JavaThread "Reference Handler" daemon [_thread_blocked, id=5684, stack(0x03f60000,0x03fb0000)]

Other Threads:
  0x1446d000 VMThread [stack: 0x03ee0000,0x03f30000] [id=4780]
  0x144b3400 WatcherThread [stack: 0x148a0000,0x148f0000] [id=4556]

VM state:not at safepoint (normal execution)

VM Mutex/Monitor currently owned by a thread: None

Heap:
 def new generation   total 8640K, used 2321K [0x04000000, 0x04960000, 0x09550000)
  eden space 7680K,  30% used [0x04000000, 0x04244630, 0x04780000)
  from space 960K,   0% used [0x04780000, 0x04780000, 0x04870000)
  to   space 960K,   0% used [0x04870000, 0x04870000, 0x04960000)
 tenured generation   total 19096K, used 11456K [0x09550000, 0x0a7f6000, 0x14000000)
   the space 19096K,  59% used [0x09550000, 0x0a080000, 0x0a080000, 0x0a7f6000)
 Metaspace       used 11245K, capacity 11485K, committed 11520K, reserved 11648K

Card table byte_map: [0x00d30000,0x00dc0000] byte_map_base: 0x00d10000

Polling page: 0x00480000

CodeCache: size=32768Kb used=1682Kb max_used=1682Kb free=31085Kb
 bounds [0x01ea0000, 0x02048000, 0x03ea0000]
 total_blobs=986 nmethods=736 adapters=180
 compilation: enabled

Compilation events (10 events):
Event: 49.886 Thread 0x144be400  744   !         java.awt.Container::getMouseEventTargetImpl (255 bytes)
Event: 49.894 Thread 0x144be400 nmethod 744 0x02042248 code [0x020423f0, 0x02042ab4]
Event: 53.825 Thread 0x144be400  745             java.lang.reflect.Method::equals (69 bytes)
Event: 53.828 Thread 0x144be400 nmethod 745 0x02043108 code [0x02043210, 0x0204336c]
Event: 53.935 Thread 0x144be400  746             java.awt.Component::getObjectLock (5 bytes)
Event: 53.936 Thread 0x144be400 nmethod 746 0x02043448 code [0x02043540, 0x020435c0]
Event: 53.937 Thread 0x144be400  747             java.awt.Container::getChildAt (54 bytes)
Event: 53.939 Thread 0x144be400 nmethod 747 0x02043608 code [0x02043720, 0x02043878]
Event: 54.035 Thread 0x144be400  748             java.security.AccessControlContext::optimize (318 bytes)
Event: 54.047 Thread 0x144be400 nmethod 748 0x02043988 code [0x02043b90, 0x02044498]

GC Heap History (10 events):
Event: 5.965 GC heap before
{Heap before GC invocations=5 (full 0):
 def new generation   total 4928K, used 4499K [0x04000000, 0x04550000, 0x09550000)
  eden space 4416K, 100% used [0x04000000, 0x04450000, 0x04450000)
  from space 512K,  16% used [0x044d0000, 0x044e4e40, 0x04550000)
  to   space 512K,   0% used [0x04450000, 0x04450000, 0x044d0000)
 tenured generation   total 10944K, used 6823K [0x09550000, 0x0a000000, 0x14000000)
   the space 10944K,  62% used [0x09550000, 0x09bf9da8, 0x09bf9e00, 0x0a000000)
 Metaspace       used 9381K, capacity 9560K, committed 9600K, reserved 9600K
Event: 5.974 GC heap after
Heap after GC invocations=6 (full 0):
 def new generation   total 4928K, used 512K [0x04000000, 0x04550000, 0x09550000)
  eden space 4416K,   0% used [0x04000000, 0x04000000, 0x04450000)
  from space 512K, 100% used [0x04450000, 0x044d0000, 0x044d0000)
  to   space 512K,   0% used [0x044d0000, 0x044d0000, 0x04550000)
 tenured generation   total 10944K, used 7591K [0x09550000, 0x0a000000, 0x14000000)
   the space 10944K,  69% used [0x09550000, 0x09cb9ce0, 0x09cb9e00, 0x0a000000)
 Metaspace       used 9381K, capacity 9560K, committed 9600K, reserved 9600K
}
Event: 6.090 GC heap before
{Heap before GC invocations=6 (full 0):
 def new generation   total 4928K, used 4928K [0x04000000, 0x04550000, 0x09550000)
  eden space 4416K, 100% used [0x04000000, 0x04450000, 0x04450000)
  from space 512K, 100% used [0x04450000, 0x044d0000, 0x044d0000)
  to   space 512K,   0% used [0x044d0000, 0x044d0000, 0x04550000)
 tenured generation   total 10944K, used 7591K [0x09550000, 0x0a000000, 0x14000000)
   the space 10944K,  69% used [0x09550000, 0x09cb9ce0, 0x09cb9e00, 0x0a000000)
 Metaspace       used 9608K, capacity 9769K, committed 9856K, reserved 10624K
Event: 6.099 GC heap after
Heap after GC invocations=7 (full 0):
 def new generation   total 4928K, used 512K [0x04000000, 0x04550000, 0x09550000)
  eden space 4416K,   0% used [0x04000000, 0x04000000, 0x04450000)
  from space 512K, 100% used [0x044d0000, 0x04550000, 0x04550000)
  to   space 512K,   0% used [0x04450000, 0x04450000, 0x044d0000)
 tenured generation   total 10944K, used 8513K [0x09550000, 0x0a000000, 0x14000000)
   the space 10944K,  77% used [0x09550000, 0x09da0688, 0x09da0800, 0x0a000000)
 Metaspace       used 9608K, capacity 9769K, committed 9856K, reserved 10624K
}
Event: 6.209 GC heap before
{Heap before GC invocations=7 (full 0):
 def new generation   total 4928K, used 4928K [0x04000000, 0x04550000, 0x09550000)
  eden space 4416K, 100% used [0x04000000, 0x04450000, 0x04450000)
  from space 512K, 100% used [0x044d0000, 0x04550000, 0x04550000)
  to   space 512K,   0% used [0x04450000, 0x04450000, 0x044d0000)
 tenured generation   total 10944K, used 8513K [0x09550000, 0x0a000000, 0x14000000)
   the space 10944K,  77% used [0x09550000, 0x09da0688, 0x09da0800, 0x0a000000)
 Metaspace       used 9773K, capacity 9996K, committed 10112K, reserved 10624K
Event: 6.218 GC heap after
Heap after GC invocations=8 (full 0):
 def new generation   total 4928K, used 512K [0x04000000, 0x04550000, 0x09550000)
  eden space 4416K,   0% used [0x04000000, 0x04000000, 0x04450000)
  from space 512K, 100% used [0x04450000, 0x044d0000, 0x044d0000)
  to   space 512K,   0% used [0x044d0000, 0x044d0000, 0x04550000)
 tenured generation   total 10944K, used 9340K [0x09550000, 0x0a000000, 0x14000000)
   the space 10944K,  85% used [0x09550000, 0x09e6f2f8, 0x09e6f400, 0x0a000000)
 Metaspace       used 9773K, capacity 9996K, committed 10112K, reserved 10624K
}
Event: 6.396 GC heap before
{Heap before GC invocations=8 (full 0):
 def new generation   total 4928K, used 4928K [0x04000000, 0x04550000, 0x09550000)
  eden space 4416K, 100% used [0x04000000, 0x04450000, 0x04450000)
  from space 512K, 100% used [0x04450000, 0x044d0000, 0x044d0000)
  to   space 512K,   0% used [0x044d0000, 0x044d0000, 0x04550000)
 tenured generation   total 10944K, used 9340K [0x09550000, 0x0a000000, 0x14000000)
   the space 10944K,  85% used [0x09550000, 0x09e6f2f8, 0x09e6f400, 0x0a000000)
 Metaspace       used 10534K, capacity 10771K, committed 10880K, reserved 11648K
Event: 6.402 GC heap after
Heap after GC invocations=9 (full 0):
 def new generation   total 4928K, used 512K [0x04000000, 0x04550000, 0x09550000)
  eden space 4416K,   0% used [0x04000000, 0x04000000, 0x04450000)
  from space 512K, 100% used [0x044d0000, 0x04550000, 0x04550000)
  to   space 512K,   0% used [0x04450000, 0x04450000, 0x044d0000)
 tenured generation   total 10944K, used 10135K [0x09550000, 0x0a000000, 0x14000000)
   the space 10944K,  92% used [0x09550000, 0x09f35e48, 0x09f36000, 0x0a000000)
 Metaspace       used 10534K, capacity 10771K, committed 10880K, reserved 11648K
}
Event: 11.946 GC heap before
{Heap before GC invocations=9 (full 0):
 def new generation   total 4928K, used 4784K [0x04000000, 0x04550000, 0x09550000)
  eden space 4416K,  96% used [0x04000000, 0x0442c0b8, 0x04450000)
  from space 512K, 100% used [0x044d0000, 0x04550000, 0x04550000)
  to   space 512K,   0% used [0x04450000, 0x04450000, 0x044d0000)
 tenured generation   total 10944K, used 10135K [0x09550000, 0x0a000000, 0x14000000)
   the space 10944K,  92% used [0x09550000, 0x09f35e48, 0x09f36000, 0x0a000000)
 Metaspace       used 11162K, capacity 11382K, committed 11392K, reserved 11648K
Event: 12.038 GC heap after
Heap after GC invocations=10 (full 1):
 def new generation   total 8640K, used 116K [0x04000000, 0x04960000, 0x09550000)
  eden space 7680K,   1% used [0x04000000, 0x0401d1e0, 0x04780000)
  from space 960K,   0% used [0x04780000, 0x04780000, 0x04870000)
  to   space 960K,   0% used [0x04870000, 0x04870000, 0x04960000)
 tenured generation   total 19096K, used 11456K [0x09550000, 0x0a7f6000, 0x14000000)
   the space 19096K,  59% used [0x09550000, 0x0a080000, 0x0a080000, 0x0a7f6000)
 Metaspace       used 11162K, capacity 11382K, committed 11392K, reserved 11648K
}

Deoptimization events (0 events):
No events

Classes redefined (0 events):
No events

Internal exceptions (10 events):
Event: 0.368 Thread 0x00a4c800 Exception <a 'java/security/PrivilegedActionException'> (0x040cc4e0) thrown at [C:\workspace\8-2-build-windows-i586-cygwin\jdk8u181\11358\hotspot\src\share\vm\prims\jvm.cpp, line 1435]
Event: 0.371 Thread 0x00a4c800 Exception <a 'java/security/PrivilegedActionException'> (0x040cff88) thrown at [C:\workspace\8-2-build-windows-i586-cygwin\jdk8u181\11358\hotspot\src\share\vm\prims\jvm.cpp, line 1435]
Event: 0.371 Thread 0x00a4c800 Exception <a 'java/security/PrivilegedActionException'> (0x040d0188) thrown at [C:\workspace\8-2-build-windows-i586-cygwin\jdk8u181\11358\hotspot\src\share\vm\prims\jvm.cpp, line 1435]
Event: 0.396 Thread 0x00a4c800 Exception <a 'java/io/FileNotFoundException'> (0x040d1f00) thrown at [C:\workspace\8-2-build-windows-i586-cygwin\jdk8u181\11358\hotspot\src\share\vm\prims\jni.cpp, line 709]
Event: 0.472 Thread 0x00a4c800 Exception <a 'java/lang/NoSuchFieldError': method resolution failed> (0x04190938) thrown at [C:\workspace\8-2-build-windows-i586-cygwin\jdk8u181\11358\hotspot\src\share\vm\prims\methodHandles.cpp, line 1167]
Event: 0.475 Thread 0x00a4c800 Exception <a 'java/lang/NoSuchFieldError': method resolution failed> (0x0419cba0) thrown at [C:\workspace\8-2-build-windows-i586-cygwin\jdk8u181\11358\hotspot\src\share\vm\prims\methodHandles.cpp, line 1167]
Event: 0.588 Thread 0x1490e400 Exception <a 'java/io/FileNotFoundException'> (0x0424d818) thrown at [C:\workspace\8-2-build-windows-i586-cygwin\jdk8u181\11358\hotspot\src\share\vm\prims\jni.cpp, line 709]
Event: 5.580 Thread 0x14ad0400 Exception <a 'java/lang/NoClassDefFoundError': org/apache/log4j/Category> (0x0425fcd8) thrown at [C:\workspace\8-2-build-windows-i586-cygwin\jdk8u181\11358\hotspot\src\share\vm\classfile\systemDictionary.cpp, line 199]
Event: 10.502 Thread 0x1490e400 Exception <a 'java/net/SocketTimeoutException': Read timed out> (0x043a50b0) thrown at [C:\workspace\8-2-build-windows-i586-cygwin\jdk8u181\11358\hotspot\src\share\vm\prims\jni.cpp, line 735]
Event: 15.644 Thread 0x14b41000 Exception <a 'java/io/IOException': CreateProcess error=2, The system cannot find the file specified> (0x040d3038) thrown at [C:\workspace\8-2-build-windows-i586-cygwin\jdk8u181\11358\hotspot\src\share\vm\prims\jni.cpp, line 735]

Events (10 events):
Event: 49.514 Executing VM operation: RevokeBias
Event: 49.514 Executing VM operation: RevokeBias done
Event: 49.600 Executing VM operation: RevokeBias
Event: 49.600 Executing VM operation: RevokeBias done
Event: 49.600 Executing VM operation: RevokeBias
Event: 49.601 Executing VM operation: RevokeBias done
Event: 54.033 Executing VM operation: RevokeBias
Event: 54.034 Executing VM operation: RevokeBias done
Event: 54.034 Executing VM operation: RevokeBias
Event: 54.034 Executing VM operation: RevokeBias done


Dynamic libraries:
0x00f90000 - 0x00fc3000 	C:\Program Files\Java\jdk1.8.0_181\jre\bin\java.exe
0x77410000 - 0x7754c000 	C:\Windows\SYSTEM32\ntdll.dll
0x76800000 - 0x768d4000 	C:\Windows\system32\kernel32.dll
0x75640000 - 0x7568a000 	C:\Windows\system32\KERNELBASE.dll
0x775a0000 - 0x77640000 	C:\Windows\system32\ADVAPI32.dll
0x76c90000 - 0x76d3c000 	C:\Windows\system32\msvcrt.dll
0x76640000 - 0x76659000 	C:\Windows\SYSTEM32\sechost.dll
0x77210000 - 0x772b1000 	C:\Windows\system32\RPCRT4.dll
0x76dc0000 - 0x76e89000 	C:\Windows\system32\USER32.dll
0x77320000 - 0x7736e000 	C:\Windows\system32\GDI32.dll
0x77550000 - 0x7755a000 	C:\Windows\system32\LPK.dll
0x77370000 - 0x7740d000 	C:\Windows\system32\USP10.dll
0x744c0000 - 0x7465e000 	C:\Windows\WinSxS\x86_microsoft.windows.common-controls_6595b64144ccf1df_6.0.7600.16385_none_421189da2b7fabfc\COMCTL32.dll
0x772c0000 - 0x77317000 	C:\Windows\system32\SHLWAPI.dll
0x77570000 - 0x7758f000 	C:\Windows\system32\IMM32.DLL
0x77140000 - 0x7720c000 	C:\Windows\system32\MSCTF.dll
0x66cf0000 - 0x66daf000 	C:\Program Files\Java\jdk1.8.0_181\jre\bin\msvcr100.dll
0x59c00000 - 0x59fd3000 	C:\Program Files\Java\jdk1.8.0_181\jre\bin\client\jvm.dll
0x71ed0000 - 0x71ed7000 	C:\Windows\system32\WSOCK32.dll
0x75860000 - 0x75895000 	C:\Windows\system32\WS2_32.dll
0x77560000 - 0x77566000 	C:\Windows\system32\NSI.dll
0x6f470000 - 0x6f4a2000 	C:\Windows\system32\WINMM.dll
0x74a60000 - 0x74a69000 	C:\Windows\system32\VERSION.dll
0x77590000 - 0x77595000 	C:\Windows\system32\PSAPI.DLL
0x74770000 - 0x7477c000 	C:\Program Files\Java\jdk1.8.0_181\jre\bin\verify.dll
0x6c300000 - 0x6c322000 	C:\Program Files\Java\jdk1.8.0_181\jre\bin\java.dll
0x72040000 - 0x72054000 	C:\Program Files\Java\jdk1.8.0_181\jre\bin\zip.dll
0x759f0000 - 0x76639000 	C:\Windows\system32\SHELL32.dll
0x76a70000 - 0x76bcc000 	C:\Windows\system32\ole32.dll
0x75560000 - 0x7556b000 	C:\Windows\system32\profapi.dll
0x5e390000 - 0x5e4d7000 	C:\Program Files\Java\jdk1.8.0_181\jre\bin\awt.dll
0x76c00000 - 0x76c8f000 	C:\Windows\system32\OLEAUT32.dll
0x74360000 - 0x743a0000 	C:\Windows\system32\uxtheme.dll
0x74040000 - 0x74053000 	C:\Windows\system32\dwmapi.dll
0x754b0000 - 0x754bc000 	C:\Windows\system32\CRYPTBASE.dll
0x6bd20000 - 0x6bde8000 	C:\Windows\system32\opengl32.dll
0x6c0d0000 - 0x6c0f2000 	C:\Windows\system32\GLU32.dll
0x6bc30000 - 0x6bd17000 	C:\Windows\system32\DDRAW.dll
0x6c0c0000 - 0x6c0c6000 	C:\Windows\system32\DCIMAN32.dll
0x76660000 - 0x767fd000 	C:\Windows\system32\SETUPAPI.dll
0x75610000 - 0x75637000 	C:\Windows\system32\CFGMGR32.dll
0x75690000 - 0x756a2000 	C:\Windows\system32\DEVOBJ.dll
0x673b0000 - 0x673e9000 	C:\Program Files\Java\jdk1.8.0_181\jre\bin\fontmanager.dll
0x768e0000 - 0x76963000 	C:\Windows\system32\CLBCatQ.DLL
0x73da0000 - 0x73e9b000 	C:\Windows\system32\WindowsCodecs.dll
0x75460000 - 0x754ab000 	C:\Windows\system32\apphelp.dll
0x70d30000 - 0x70d61000 	C:\Windows\system32\EhStorShell.dll
0x743a0000 - 0x74495000 	C:\Windows\system32\PROPSYS.dll
0x661c0000 - 0x663dd000 	C:\PROGRA~1\MICROS~1\Office12\GR469A~1.DLL
0x68ef0000 - 0x68fe1000 	C:\PROGRA~1\MICROS~1\Office12\GrooveUtil.DLL
0x76970000 - 0x76a64000 	C:\Windows\system32\WININET.dll
0x759e0000 - 0x759e3000 	C:\Windows\system32\Normaliz.dll
0x758a0000 - 0x759d5000 	C:\Windows\system32\urlmon.dll
0x75740000 - 0x7585c000 	C:\Windows\system32\CRYPT32.dll
0x755d0000 - 0x755dc000 	C:\Windows\system32\MSASN1.dll
0x76ef0000 - 0x770e9000 	C:\Windows\system32\iertutil.dll
0x70c90000 - 0x70d2b000 	C:\Windows\WinSxS\x86_microsoft.vc80.crt_1fc8b3b9a1e18e3b_8.0.50727.4927_none_d08a205e442db5b5\MSVCR80.dll
0x68ff0000 - 0x68ff7000 	C:\PROGRA~1\MICROS~1\Office12\GrooveNew.DLL
0x7c630000 - 0x7c64b000 	C:\Windows\WinSxS\x86_microsoft.vc80.atl_1fc8b3b9a1e18e3b_8.0.50727.42_none_dc990e4797f81af1\ATL80.DLL
0x74fe0000 - 0x74ff6000 	C:\Windows\system32\CRYPTSP.dll
0x74d80000 - 0x74dbb000 	C:\Windows\system32\rsaenh.dll
0x73b90000 - 0x73b95000 	C:\Windows\system32\MSImg32.dll
0x70ba0000 - 0x70c0a000 	C:\Windows\System32\cscui.dll
0x70b90000 - 0x70b99000 	C:\Windows\System32\CSCDLL.dll
0x70b80000 - 0x70b8b000 	C:\Windows\system32\CSCAPI.dll
0x70b10000 - 0x70b7f000 	C:\Windows\system32\ntshrui.dll
0x75390000 - 0x753a9000 	C:\Windows\system32\srvcli.dll
0x737e0000 - 0x737ea000 	C:\Windows\system32\slc.dll
0x720c0000 - 0x720d5000 	C:\Program Files\Java\jdk1.8.0_181\jre\bin\net.dll
0x74fa0000 - 0x74fdc000 	C:\Windows\system32\mswsock.dll
0x74f90000 - 0x74f96000 	C:\Windows\System32\wship6.dll
0x6ec60000 - 0x6ec6f000 	C:\Program Files\Java\jdk1.8.0_181\jre\bin\nio.dll
0x67180000 - 0x671b2000 	C:\Program Files\Java\jdk1.8.0_181\jre\bin\t2k.dll
0x74bc0000 - 0x74bd7000 	C:\Windows\system32\USERENV.dll
0x73670000 - 0x7368c000 	C:\Windows\system32\IPHLPAPI.DLL
0x73660000 - 0x73667000 	C:\Windows\system32\WINNSI.DLL
0x734b0000 - 0x734c2000 	C:\Windows\system32\dhcpcsvc.DLL
0x72f40000 - 0x72f4d000 	C:\Windows\system32\dhcpcsvc6.DLL
0x68660000 - 0x68698000 	C:\Users\Admin\AppData\Local\Temp\jna-63116079\jna5914126002042848053.dll
0x6a190000 - 0x6a193000 	C:\Program Files\Java\jdk1.8.0_181\jre\bin\api-ms-win-core-synch-l1-2-0.DLL
0x14e20000 - 0x14e69000 	C:\Windows\system32\fpengine.dll
0x03ea0000 - 0x03eca000 	C:\Windows\system32\fpcore32.dll
0x6f4b0000 - 0x6f501000 	C:\Windows\system32\WINSPOOL.DRV
0x6b790000 - 0x6b797000 	C:\Windows\system32\WINUSB.DLL
0x741d0000 - 0x74360000 	C:\Windows\WinSxS\x86_microsoft.windows.gdiplus_6595b64144ccf1df_1.1.7600.16385_none_72fc7cbf861225ca\gdiplus.dll
0x755e0000 - 0x7560d000 	C:\Windows\system32\WINTRUST.dll
0x71fd0000 - 0x71ff0000 	C:\Program Files\Java\jdk1.8.0_181\jre\bin\sunec.dll
0x69c30000 - 0x69d1b000 	C:\Windows\system32\dbghelp.dll

VM Arguments:
jvm_args: -Dfile.encoding=UTF-8 
java_command: fingerprintcorev2.Views.IntroPage
java_class_path (initial): C:\Users\Admin\Downloads\org-apache-commons-codec.jar\org-apache-commons-codec.jar;C:\Users\Admin\Downloads\jna-4.5.2.jar;C:\Users\Admin\Downloads\unirest-java-1.4.9.jar;C:\Users\Admin\Downloads\org.json.jar\org.json.jar;C:\Users\Admin\Downloads\commons-logging-1.1.2.jar;C:\Users\Admin\Downloads\httpclient-4.5.5.jar;C:\Users\Admin\Downloads\httpcore-4.4.9.jar;C:\Users\Admin\Downloads\httpcore-nio-4.4.10.jar;C:\Users\Admin\Downloads\httpmime-4.5.6.jar;C:\Users\Admin\Downloads\httpasyncclient-4.0-beta4.jar\httpasyncclient-4.0-beta4.jar;C:\Users\Admin\Documents\NetBeansProjects\FingerprintCoreV2\build\classes
Launcher Type: SUN_STANDARD

Environment Variables:
PATH=C:\Program Files\Common Files\Oracle\Java\javapath;C:\Windows\system32;C:\Windows;C:\Windows\System32\Wbem;C:\Windows\System32\WindowsPowerShell\v1.0\;C:\Program Files\Git\cmd;C:\Program Files\Neurotechnology\FreeFingerprintVerificationSDK 1.0\bin\Win32_x86;C:\Program Files\nodejs\;C:\Users\Admin\AppData\Roaming\npm
USERNAME=Admin
OS=Windows_NT
PROCESSOR_IDENTIFIER=x86 Family 6 Model 76 Stepping 4, GenuineIntel



---------------  S Y S T E M  ---------------

OS: Windows 7 Build 7600 (6.1.7600.16385)

CPU:total 2 (initial active 2) (2 cores per cpu, 1 threads per core) family 6 model 76 stepping 4, cmov, cx8, fxsr, mmx, sse, sse2, sse3, ssse3, sse4.1, sse4.2, popcnt, aes, clmul, erms, 3dnowpref, tsc, tscinvbit

Memory: 4k page, physical 2008308k(700332k free), swap 4016616k(1947776k free)

vm_info: Java HotSpot(TM) Client VM (25.181-b13) for windows-x86 JRE (1.8.0_181-b13), built on Jul  7 2018 03:18:20 by "java_re" with MS VC++ 10.0 (VS2010)

time: Mon Aug 13 23:06:56 2018
elapsed time: 54 seconds (0d 0h 0m 54s)

