#
# A fatal error has been detected by the Java Runtime Environment:
#
#  EXCEPTION_ACCESS_VIOLATION (0xc0000005) at pc=0x77591ffe, pid=6156, tid=0x00001fc8
#
# JRE version: Java(TM) SE Runtime Environment (8.0_181-b13) (build 1.8.0_181-b13)
# Java VM: Java HotSpot(TM) Client VM (25.181-b13 mixed mode windows-x86 )
# Problematic frame:
# C  [ntdll.dll+0x51ffe]
#
# Failed to write core dump. Minidumps are not enabled by default on client versions of Windows
#
# If you would like to submit a bug report, please visit:
#   http://bugreport.java.com/bugreport/crash.jsp
#

---------------  T H R E A D  ---------------

Current thread (0x14af6000):  JavaThread "Timer-2" [_thread_in_vm, id=8136, stack(0x15fa0000,0x15ff0000)]

siginfo: ExceptionCode=0xc0000005, reading address 0x830a9d67

Registers:
EAX=0xab4051d7, EBX=0x14c716b8, ECX=0x00ce0000, EDX=0x14c716b8
ESP=0x15feed48, EBP=0x15feed7c, ESI=0x830a9d63, EDI=0x14c716b0
EIP=0x77591ffe, EFLAGS=0x00010286

Top of Stack: (sp=0x15feed48)
0x15feed48:   00000000 00ce0000 14c716b8 00000000
0x15feed58:   15fef6f4 67c123fa 00000001 00000004
0x15feed68:   14af6000 15feeda4 15feee18 00000005
0x15feed78:   14c716b0 15feed94 77591faf 14af6000
0x15feed88:   00000000 14c716b8 14c716b0 15feeda8
0x15feed98:   75a9f1ac 00ce0000 00000000 14c716b8
0x15feeda8:   15feedbc 6806016a 00ce0000 00000000
0x15feedb8:   14c716b8 15feedcc 67ab3f33 14c716b8 

Instructions: (pc=0x77591ffe)
0x77591fde:   7a f8 80 7f 07 05 0f 84 58 df 03 00 8b 07 8b f7
0x77591fee:   c1 ee 03 33 f0 33 35 dc 71 61 77 89 7d fc 33 f1
0x77591ffe:   8b 46 04 89 45 f4 c6 47 07 80 c6 47 06 00 8b 5e
0x7759200e:   08 8b 4e 0c 89 5d e0 83 c3 01 89 4d e4 83 d1 01 


Register to memory mapping:

EAX=0xab4051d7 is an unknown value
EBX=0x14c716b8 is an unknown value
ECX=0x00ce0000 is an unknown value
EDX=0x14c716b8 is an unknown value
ESP=0x15feed48 is pointing into the stack for thread: 0x14af6000
EBP=0x15feed7c is pointing into the stack for thread: 0x14af6000
ESI=0x830a9d63 is an unknown value
EDI=0x14c716b0 is an unknown value


Stack: [0x15fa0000,0x15ff0000],  sp=0x15feed48,  free space=315k
Native frames: (J=compiled Java code, j=interpreted, Vv=VM code, C=native code)
C  [ntdll.dll+0x51ffe]
C  [ntdll.dll+0x51faf]
C  [kernel32.dll+0x4f1ac]
C  [msvcr100.dll+0x1016a]
V  [jvm.dll+0x163f33]
V  [jvm.dll+0xe6847]
C  [jna6576347523595276077.dll+0x8ef9]
C  [jna6576347523595276077.dll+0x36d2]
j  com.sun.jna.Native.invokeInt(Lcom/sun/jna/Function;JI[Ljava/lang/Object;)I+0
j  com.sun.jna.Function.invoke([Ljava/lang/Object;Ljava/lang/Class;ZI)Ljava/lang/Object;+211
j  com.sun.jna.Function.invoke(Ljava/lang/reflect/Method;[Ljava/lang/Class;Ljava/lang/Class;[Ljava/lang/Object;Ljava/util/Map;)Ljava/lang/Object;+271
j  com.sun.jna.Library$Handler.invoke(Ljava/lang/Object;Ljava/lang/reflect/Method;[Ljava/lang/Object;)Ljava/lang/Object;+344
j  com.sun.proxy.$Proxy0.GetFpCharByGen([B[I)I+20
j  fingerprintcorev2.Views.RescanUI.fpsmessage()V+119
j  fingerprintcorev2.Views.RescanUI.access$800(Lfingerprintcorev2/Views/RescanUI;)V+1
j  fingerprintcorev2.Views.RescanUI$9.run()V+4
j  java.util.TimerThread.mainLoop()V+221
j  java.util.TimerThread.run()V+1
v  ~StubRoutines::call_stub
V  [jvm.dll+0x15c065]
V  [jvm.dll+0x223ade]
V  [jvm.dll+0x15c0fe]
V  [jvm.dll+0x15c286]
V  [jvm.dll+0x15c2f7]
V  [jvm.dll+0x10016f]
V  [jvm.dll+0x17f280]
V  [jvm.dll+0x17fafa]
V  [jvm.dll+0x1c5416]
C  [msvcr100.dll+0x5c556]
C  [msvcr100.dll+0x5c600]
C  [kernel32.dll+0x51174]
C  [ntdll.dll+0x5b3f5]
C  [ntdll.dll+0x5b3c8]
C  0x00000000

Java frames: (J=compiled Java code, j=interpreted, Vv=VM code)
j  com.sun.jna.Native.invokeInt(Lcom/sun/jna/Function;JI[Ljava/lang/Object;)I+0
j  com.sun.jna.Function.invoke([Ljava/lang/Object;Ljava/lang/Class;ZI)Ljava/lang/Object;+211
j  com.sun.jna.Function.invoke(Ljava/lang/reflect/Method;[Ljava/lang/Class;Ljava/lang/Class;[Ljava/lang/Object;Ljava/util/Map;)Ljava/lang/Object;+271
j  com.sun.jna.Library$Handler.invoke(Ljava/lang/Object;Ljava/lang/reflect/Method;[Ljava/lang/Object;)Ljava/lang/Object;+344
j  com.sun.proxy.$Proxy0.GetFpCharByGen([B[I)I+20
j  fingerprintcorev2.Views.RescanUI.fpsmessage()V+119
j  fingerprintcorev2.Views.RescanUI.access$800(Lfingerprintcorev2/Views/RescanUI;)V+1
j  fingerprintcorev2.Views.RescanUI$9.run()V+4
j  java.util.TimerThread.mainLoop()V+221
j  java.util.TimerThread.run()V+1
v  ~StubRoutines::call_stub

---------------  P R O C E S S  ---------------

Java Threads: ( => current thread )
  0x14c29000 JavaThread "Thread-9" daemon [_thread_blocked, id=2536, stack(0x165f0000,0x16640000)]
  0x14af6400 JavaThread "Timer-3" [_thread_blocked, id=7768, stack(0x16390000,0x163e0000)]
=>0x14af6000 JavaThread "Timer-2" [_thread_in_vm, id=8136, stack(0x15fa0000,0x15ff0000)]
  0x14af4c00 JavaThread "TimerQueue" daemon [_thread_blocked, id=5420, stack(0x15bc0000,0x15c10000)]
  0x14989000 JavaThread "Timer-0" [_thread_blocked, id=6460, stack(0x14e10000,0x14e60000)]
  0x00cec800 JavaThread "DestroyJavaVM" [_thread_blocked, id=7744, stack(0x00bf0000,0x00c40000)]
  0x1492b400 JavaThread "AWT-EventQueue-0" [_thread_blocked, id=7696, stack(0x15150000,0x151a0000)]
  0x14929400 JavaThread "AWT-Windows" daemon [_thread_in_native, id=5408, stack(0x14670000,0x146c0000)]
  0x14928c00 JavaThread "AWT-Shutdown" [_thread_blocked, id=7708, stack(0x14e60000,0x14eb0000)]
  0x14926000 JavaThread "Java2D Disposer" daemon [_thread_blocked, id=6584, stack(0x14d90000,0x14de0000)]
  0x144b6c00 JavaThread "Service Thread" daemon [_thread_blocked, id=4208, stack(0x00c70000,0x00cc0000)]
  0x144be000 JavaThread "C1 CompilerThread0" daemon [_thread_blocked, id=8008, stack(0x14760000,0x147b0000)]
  0x144bd000 JavaThread "Attach Listener" daemon [_thread_blocked, id=6656, stack(0x14710000,0x14760000)]
  0x144ba000 JavaThread "Signal Dispatcher" daemon [_thread_blocked, id=7552, stack(0x00df0000,0x00e40000)]
  0x14499800 JavaThread "Finalizer" daemon [_thread_blocked, id=7496, stack(0x00f20000,0x00f70000)]
  0x14473c00 JavaThread "Reference Handler" daemon [_thread_blocked, id=2768, stack(0x00e90000,0x00ee0000)]

Other Threads:
  0x1446d000 VMThread [stack: 0x03eb0000,0x03f00000] [id=2004]
  0x144d3c00 WatcherThread [stack: 0x148c0000,0x14910000] [id=5200]

VM state:not at safepoint (normal execution)

VM Mutex/Monitor currently owned by a thread: None

Heap:
 def new generation   total 4928K, used 4601K [0x04000000, 0x04550000, 0x09550000)
  eden space 4416K,  92% used [0x04000000, 0x043fe528, 0x04450000)
  from space 512K, 100% used [0x044d0000, 0x04550000, 0x04550000)
  to   space 512K,   0% used [0x04450000, 0x04450000, 0x044d0000)
 tenured generation   total 10944K, used 10055K [0x09550000, 0x0a000000, 0x14000000)
   the space 10944K,  91% used [0x09550000, 0x09f21ec0, 0x09f22000, 0x0a000000)
 Metaspace       used 11001K, capacity 11222K, committed 11264K, reserved 11648K

Card table byte_map: [0x00610000,0x006a0000] byte_map_base: 0x005f0000

Polling page: 0x00190000

CodeCache: size=32768Kb used=1610Kb max_used=1610Kb free=31157Kb
 bounds [0x01ea0000, 0x02038000, 0x03ea0000]
 total_blobs=927 nmethods=679 adapters=178
 compilation: enabled

Compilation events (10 events):
Event: 16.805 Thread 0x144be000  687             javax.swing.GroupLayout$Group::calculateMinimumSize (7 bytes)
Event: 16.805 Thread 0x144be000 nmethod 687 0x0202ee88 code [0x0202ef90, 0x0202f02c]
Event: 16.882 Thread 0x144be000  688             fingerprintcorev2.Configs.Configs::DrawImage (151 bytes)
Event: 16.891 Thread 0x144be000 nmethod 688 0x0202f088 code [0x0202f290, 0x0202fc24]
Event: 16.898 Thread 0x144be000  689   !         sun.awt.image.ImageRepresentation::getOpaqueRGBImage (164 bytes)
Event: 16.903 Thread 0x144be000 nmethod 689 0x02030548 code [0x020306a0, 0x02030a70]
Event: 16.903 Thread 0x144be000  690 % !         sun.awt.image.ImageRepresentation::getOpaqueRGBImage @ 54 (164 bytes)
Event: 16.909 Thread 0x144be000 nmethod 690% 0x02031048 code [0x020311b0, 0x02031660]
Event: 16.912 Thread 0x144be000  691             java.awt.image.SinglePixelPackedSampleModel::<init> (277 bytes)
Event: 16.918 Thread 0x144be000 nmethod 691 0x02031d48 code [0x02031f20, 0x020326e0]

GC Heap History (10 events):
Event: 5.132 GC heap before
{Heap before GC invocations=4 (full 0):
 def new generation   total 4928K, used 4587K [0x04000000, 0x04550000, 0x09550000)
  eden space 4416K, 100% used [0x04000000, 0x04450000, 0x04450000)
  from space 512K,  33% used [0x04450000, 0x0447afc8, 0x044d0000)
  to   space 512K,   0% used [0x044d0000, 0x044d0000, 0x04550000)
 tenured generation   total 10944K, used 2836K [0x09550000, 0x0a000000, 0x14000000)
   the space 10944K,  25% used [0x09550000, 0x098151d0, 0x09815200, 0x0a000000)
 Metaspace       used 7982K, capacity 8173K, committed 8320K, reserved 8576K
Event: 5.137 GC heap after
Heap after GC invocations=5 (full 0):
 def new generation   total 4928K, used 90K [0x04000000, 0x04550000, 0x09550000)
  eden space 4416K,   0% used [0x04000000, 0x04000000, 0x04450000)
  from space 512K,  17% used [0x044d0000, 0x044e6a60, 0x04550000)
  to   space 512K,   0% used [0x04450000, 0x04450000, 0x044d0000)
 tenured generation   total 10944K, used 6934K [0x09550000, 0x0a000000, 0x14000000)
   the space 10944K,  63% used [0x09550000, 0x09c159e0, 0x09c15a00, 0x0a000000)
 Metaspace       used 7982K, capacity 8173K, committed 8320K, reserved 8576K
}
Event: 9.433 GC heap before
{Heap before GC invocations=5 (full 0):
 def new generation   total 4928K, used 4506K [0x04000000, 0x04550000, 0x09550000)
  eden space 4416K, 100% used [0x04000000, 0x04450000, 0x04450000)
  from space 512K,  17% used [0x044d0000, 0x044e6a60, 0x04550000)
  to   space 512K,   0% used [0x04450000, 0x04450000, 0x044d0000)
 tenured generation   total 10944K, used 6934K [0x09550000, 0x0a000000, 0x14000000)
   the space 10944K,  63% used [0x09550000, 0x09c159e0, 0x09c15a00, 0x0a000000)
 Metaspace       used 9346K, capacity 9560K, committed 9600K, reserved 9600K
Event: 9.443 GC heap after
Heap after GC invocations=6 (full 0):
 def new generation   total 4928K, used 512K [0x04000000, 0x04550000, 0x09550000)
  eden space 4416K,   0% used [0x04000000, 0x04000000, 0x04450000)
  from space 512K, 100% used [0x04450000, 0x044d0000, 0x044d0000)
  to   space 512K,   0% used [0x044d0000, 0x044d0000, 0x04550000)
 tenured generation   total 10944K, used 7529K [0x09550000, 0x0a000000, 0x14000000)
   the space 10944K,  68% used [0x09550000, 0x09caa5a0, 0x09caa600, 0x0a000000)
 Metaspace       used 9346K, capacity 9560K, committed 9600K, reserved 9600K
}
Event: 9.540 GC heap before
{Heap before GC invocations=6 (full 0):
 def new generation   total 4928K, used 4928K [0x04000000, 0x04550000, 0x09550000)
  eden space 4416K, 100% used [0x04000000, 0x04450000, 0x04450000)
  from space 512K, 100% used [0x04450000, 0x044d0000, 0x044d0000)
  to   space 512K,   0% used [0x044d0000, 0x044d0000, 0x04550000)
 tenured generation   total 10944K, used 7529K [0x09550000, 0x0a000000, 0x14000000)
   the space 10944K,  68% used [0x09550000, 0x09caa5a0, 0x09caa600, 0x0a000000)
 Metaspace       used 9519K, capacity 9705K, committed 9856K, reserved 10624K
Event: 9.549 GC heap after
Heap after GC invocations=7 (full 0):
 def new generation   total 4928K, used 512K [0x04000000, 0x04550000, 0x09550000)
  eden space 4416K,   0% used [0x04000000, 0x04000000, 0x04450000)
  from space 512K, 100% used [0x044d0000, 0x04550000, 0x04550000)
  to   space 512K,   0% used [0x04450000, 0x04450000, 0x044d0000)
 tenured generation   total 10944K, used 8429K [0x09550000, 0x0a000000, 0x14000000)
   the space 10944K,  77% used [0x09550000, 0x09d8b488, 0x09d8b600, 0x0a000000)
 Metaspace       used 9519K, capacity 9705K, committed 9856K, reserved 10624K
}
Event: 9.677 GC heap before
{Heap before GC invocations=7 (full 0):
 def new generation   total 4928K, used 4928K [0x04000000, 0x04550000, 0x09550000)
  eden space 4416K, 100% used [0x04000000, 0x04450000, 0x04450000)
  from space 512K, 100% used [0x044d0000, 0x04550000, 0x04550000)
  to   space 512K,   0% used [0x04450000, 0x04450000, 0x044d0000)
 tenured generation   total 10944K, used 8429K [0x09550000, 0x0a000000, 0x14000000)
   the space 10944K,  77% used [0x09550000, 0x09d8b488, 0x09d8b600, 0x0a000000)
 Metaspace       used 9741K, capacity 9964K, committed 10112K, reserved 10624K
Event: 9.685 GC heap after
Heap after GC invocations=8 (full 0):
 def new generation   total 4928K, used 512K [0x04000000, 0x04550000, 0x09550000)
  eden space 4416K,   0% used [0x04000000, 0x04000000, 0x04450000)
  from space 512K, 100% used [0x04450000, 0x044d0000, 0x044d0000)
  to   space 512K,   0% used [0x044d0000, 0x044d0000, 0x04550000)
 tenured generation   total 10944K, used 9274K [0x09550000, 0x0a000000, 0x14000000)
   the space 10944K,  84% used [0x09550000, 0x09e5eb88, 0x09e5ec00, 0x0a000000)
 Metaspace       used 9741K, capacity 9964K, committed 10112K, reserved 10624K
}
Event: 9.847 GC heap before
{Heap before GC invocations=8 (full 0):
 def new generation   total 4928K, used 4928K [0x04000000, 0x04550000, 0x09550000)
  eden space 4416K, 100% used [0x04000000, 0x04450000, 0x04450000)
  from space 512K, 100% used [0x04450000, 0x044d0000, 0x044d0000)
  to   space 512K,   0% used [0x044d0000, 0x044d0000, 0x04550000)
 tenured generation   total 10944K, used 9274K [0x09550000, 0x0a000000, 0x14000000)
   the space 10944K,  84% used [0x09550000, 0x09e5eb88, 0x09e5ec00, 0x0a000000)
 Metaspace       used 10446K, capacity 10675K, committed 10752K, reserved 11648K
Event: 9.853 GC heap after
Heap after GC invocations=9 (full 0):
 def new generation   total 4928K, used 512K [0x04000000, 0x04550000, 0x09550000)
  eden space 4416K,   0% used [0x04000000, 0x04000000, 0x04450000)
  from space 512K, 100% used [0x044d0000, 0x04550000, 0x04550000)
  to   space 512K,   0% used [0x04450000, 0x04450000, 0x044d0000)
 tenured generation   total 10944K, used 10055K [0x09550000, 0x0a000000, 0x14000000)
   the space 10944K,  91% used [0x09550000, 0x09f21ec0, 0x09f22000, 0x0a000000)
 Metaspace       used 10446K, capacity 10675K, committed 10752K, reserved 11648K
}

Deoptimization events (0 events):
No events

Classes redefined (0 events):
No events

Internal exceptions (10 events):
Event: 0.279 Thread 0x00cec800 Exception <a 'java/security/PrivilegedActionException'> (0x040cc308) thrown at [C:\workspace\8-2-build-windows-i586-cygwin\jdk8u181\11358\hotspot\src\share\vm\prims\jvm.cpp, line 1435]
Event: 0.279 Thread 0x00cec800 Exception <a 'java/security/PrivilegedActionException'> (0x040cc508) thrown at [C:\workspace\8-2-build-windows-i586-cygwin\jdk8u181\11358\hotspot\src\share\vm\prims\jvm.cpp, line 1435]
Event: 0.280 Thread 0x00cec800 Exception <a 'java/security/PrivilegedActionException'> (0x040cffb0) thrown at [C:\workspace\8-2-build-windows-i586-cygwin\jdk8u181\11358\hotspot\src\share\vm\prims\jvm.cpp, line 1435]
Event: 0.280 Thread 0x00cec800 Exception <a 'java/security/PrivilegedActionException'> (0x040d01b0) thrown at [C:\workspace\8-2-build-windows-i586-cygwin\jdk8u181\11358\hotspot\src\share\vm\prims\jvm.cpp, line 1435]
Event: 0.286 Thread 0x00cec800 Exception <a 'java/io/FileNotFoundException'> (0x040d1f28) thrown at [C:\workspace\8-2-build-windows-i586-cygwin\jdk8u181\11358\hotspot\src\share\vm\prims\jni.cpp, line 709]
Event: 0.365 Thread 0x00cec800 Exception <a 'java/lang/NoSuchFieldError': method resolution failed> (0x04190960) thrown at [C:\workspace\8-2-build-windows-i586-cygwin\jdk8u181\11358\hotspot\src\share\vm\prims\methodHandles.cpp, line 1167]
Event: 0.369 Thread 0x00cec800 Exception <a 'java/lang/NoSuchFieldError': method resolution failed> (0x0419cbc8) thrown at [C:\workspace\8-2-build-windows-i586-cygwin\jdk8u181\11358\hotspot\src\share\vm\prims\methodHandles.cpp, line 1167]
Event: 0.479 Thread 0x1492b400 Exception <a 'java/io/FileNotFoundException'> (0x04263ba0) thrown at [C:\workspace\8-2-build-windows-i586-cygwin\jdk8u181\11358\hotspot\src\share\vm\prims\jni.cpp, line 709]
Event: 8.991 Thread 0x1492b400 Exception <a 'java/lang/NoClassDefFoundError': org/apache/log4j/Category> (0x042060c0) thrown at [C:\workspace\8-2-build-windows-i586-cygwin\jdk8u181\11358\hotspot\src\share\vm\classfile\systemDictionary.cpp, line 199]
Event: 15.285 Thread 0x1492b400 Exception <a 'java/net/SocketTimeoutException': Read timed out> (0x04347aa8) thrown at [C:\workspace\8-2-build-windows-i586-cygwin\jdk8u181\11358\hotspot\src\share\vm\prims\jni.cpp, line 735]

Events (10 events):
Event: 14.761 Executing VM operation: RevokeBias
Event: 14.761 Executing VM operation: RevokeBias done
Event: 14.763 Executing VM operation: RevokeBias
Event: 14.764 Executing VM operation: RevokeBias done
Event: 14.764 loading class org/apache/http/pool/AbstractConnPool$3
Event: 14.764 loading class org/apache/http/pool/AbstractConnPool$3 done
Event: 15.285 loading class sun/net/ConnectionResetException
Event: 15.285 loading class sun/net/ConnectionResetException done
Event: 15.310 Executing VM operation: RevokeBias
Event: 15.311 Executing VM operation: RevokeBias done


Dynamic libraries:
0x00f90000 - 0x00fc3000 	C:\Program Files\Java\jdk1.8.0_181\jre\bin\java.exe
0x77540000 - 0x7767c000 	C:\Windows\SYSTEM32\ntdll.dll
0x75a50000 - 0x75b24000 	C:\Windows\system32\kernel32.dll
0x75880000 - 0x758ca000 	C:\Windows\system32\KERNELBASE.dll
0x770d0000 - 0x77170000 	C:\Windows\system32\ADVAPI32.dll
0x776c0000 - 0x7776c000 	C:\Windows\system32\msvcrt.dll
0x75990000 - 0x759a9000 	C:\Windows\SYSTEM32\sechost.dll
0x77020000 - 0x770c1000 	C:\Windows\system32\RPCRT4.dll
0x75d10000 - 0x75dd9000 	C:\Windows\system32\USER32.dll
0x761c0000 - 0x7620e000 	C:\Windows\system32\GDI32.dll
0x76210000 - 0x7621a000 	C:\Windows\system32\LPK.dll
0x759b0000 - 0x75a4d000 	C:\Windows\system32\USP10.dll
0x74620000 - 0x747be000 	C:\Windows\WinSxS\x86_microsoft.windows.common-controls_6595b64144ccf1df_6.0.7600.16385_none_421189da2b7fabfc\COMCTL32.dll
0x77170000 - 0x771c7000 	C:\Windows\system32\SHLWAPI.dll
0x75cf0000 - 0x75d0f000 	C:\Windows\system32\IMM32.DLL
0x75c20000 - 0x75cec000 	C:\Windows\system32\MSCTF.dll
0x68050000 - 0x6810f000 	C:\Program Files\Java\jdk1.8.0_181\jre\bin\msvcr100.dll
0x67950000 - 0x67d23000 	C:\Program Files\Java\jdk1.8.0_181\jre\bin\client\jvm.dll
0x6c5c0000 - 0x6c5c7000 	C:\Windows\system32\WSOCK32.dll
0x75f40000 - 0x75f75000 	C:\Windows\system32\WS2_32.dll
0x75c10000 - 0x75c16000 	C:\Windows\system32\NSI.dll
0x70530000 - 0x70562000 	C:\Windows\system32\WINMM.dll
0x74b90000 - 0x74b99000 	C:\Windows\system32\VERSION.dll
0x76220000 - 0x76225000 	C:\Windows\system32\PSAPI.DLL
0x6be90000 - 0x6be9c000 	C:\Program Files\Java\jdk1.8.0_181\jre\bin\verify.dll
0x6a890000 - 0x6a8b2000 	C:\Program Files\Java\jdk1.8.0_181\jre\bin\java.dll
0x6a870000 - 0x6a884000 	C:\Program Files\Java\jdk1.8.0_181\jre\bin\zip.dll
0x76230000 - 0x76e79000 	C:\Windows\system32\SHELL32.dll
0x75de0000 - 0x75f3c000 	C:\Windows\system32\ole32.dll
0x75690000 - 0x7569b000 	C:\Windows\system32\profapi.dll
0x67f00000 - 0x68047000 	C:\Program Files\Java\jdk1.8.0_181\jre\bin\awt.dll
0x774b0000 - 0x7753f000 	C:\Windows\system32\OLEAUT32.dll
0x74470000 - 0x744b0000 	C:\Windows\system32\uxtheme.dll
0x74170000 - 0x74183000 	C:\Windows\system32\dwmapi.dll
0x755e0000 - 0x755ec000 	C:\Windows\system32\CRYPTBASE.dll
0x6c6c0000 - 0x6c788000 	C:\Windows\system32\opengl32.dll
0x6c690000 - 0x6c6b2000 	C:\Windows\system32\GLU32.dll
0x6b860000 - 0x6b947000 	C:\Windows\system32\DDRAW.dll
0x6c680000 - 0x6c686000 	C:\Windows\system32\DCIMAN32.dll
0x76e80000 - 0x7701d000 	C:\Windows\system32\SETUPAPI.dll
0x758d0000 - 0x758f7000 	C:\Windows\system32\CFGMGR32.dll
0x75710000 - 0x75722000 	C:\Windows\system32\DEVOBJ.dll
0x6a800000 - 0x6a839000 	C:\Program Files\Java\jdk1.8.0_181\jre\bin\fontmanager.dll
0x77220000 - 0x772a3000 	C:\Windows\system32\CLBCatQ.DLL
0x73f30000 - 0x7402b000 	C:\Windows\system32\WindowsCodecs.dll
0x75590000 - 0x755db000 	C:\Windows\system32\apphelp.dll
0x715f0000 - 0x71621000 	C:\Windows\system32\EhStorShell.dll
0x744b0000 - 0x745a5000 	C:\Windows\system32\PROPSYS.dll
0x661c0000 - 0x663dd000 	C:\PROGRA~1\MICROS~1\Office12\GR469A~1.DLL
0x68ef0000 - 0x68fe1000 	C:\PROGRA~1\MICROS~1\Office12\GrooveUtil.DLL
0x760c0000 - 0x761b4000 	C:\Windows\system32\WININET.dll
0x776b0000 - 0x776b3000 	C:\Windows\system32\Normaliz.dll
0x75f80000 - 0x760b5000 	C:\Windows\system32\urlmon.dll
0x75760000 - 0x7587c000 	C:\Windows\system32\CRYPT32.dll
0x75700000 - 0x7570c000 	C:\Windows\system32\MSASN1.dll
0x772b0000 - 0x774a9000 	C:\Windows\system32\iertutil.dll
0x70e70000 - 0x70f0b000 	C:\Windows\WinSxS\x86_microsoft.vc80.crt_1fc8b3b9a1e18e3b_8.0.50727.4927_none_d08a205e442db5b5\MSVCR80.dll
0x68ff0000 - 0x68ff7000 	C:\PROGRA~1\MICROS~1\Office12\GrooveNew.DLL
0x7c630000 - 0x7c64b000 	C:\Windows\WinSxS\x86_microsoft.vc80.atl_1fc8b3b9a1e18e3b_8.0.50727.42_none_dc990e4797f81af1\ATL80.DLL
0x75110000 - 0x75126000 	C:\Windows\system32\CRYPTSP.dll
0x74eb0000 - 0x74eeb000 	C:\Windows\system32\rsaenh.dll
0x73cf0000 - 0x73cf5000 	C:\Windows\system32\MSImg32.dll
0x70ac0000 - 0x70b2a000 	C:\Windows\System32\cscui.dll
0x70ab0000 - 0x70ab9000 	C:\Windows\System32\CSCDLL.dll
0x70aa0000 - 0x70aab000 	C:\Windows\system32\CSCAPI.dll
0x70a30000 - 0x70a9f000 	C:\Windows\system32\ntshrui.dll
0x754c0000 - 0x754d9000 	C:\Windows\system32\srvcli.dll
0x73ba0000 - 0x73baa000 	C:\Windows\system32\slc.dll
0x6a850000 - 0x6a865000 	C:\Program Files\Java\jdk1.8.0_181\jre\bin\net.dll
0x750d0000 - 0x7510c000 	C:\Windows\system32\mswsock.dll
0x750c0000 - 0x750c6000 	C:\Windows\System32\wship6.dll
0x6a840000 - 0x6a84f000 	C:\Program Files\Java\jdk1.8.0_181\jre\bin\nio.dll
0x68c00000 - 0x68c32000 	C:\Program Files\Java\jdk1.8.0_181\jre\bin\t2k.dll
0x74cf0000 - 0x74d07000 	C:\Windows\system32\USERENV.dll
0x737a0000 - 0x737bc000 	C:\Windows\system32\IPHLPAPI.DLL
0x73790000 - 0x73797000 	C:\Windows\system32\WINNSI.DLL
0x73640000 - 0x73652000 	C:\Windows\system32\dhcpcsvc.DLL
0x73440000 - 0x7344d000 	C:\Windows\system32\dhcpcsvc6.DLL
0x67d30000 - 0x67d68000 	C:\Users\Admin\AppData\Local\Temp\jna-63116079\jna6576347523595276077.dll
0x6cbc0000 - 0x6cbc3000 	C:\Program Files\Java\jdk1.8.0_181\jre\bin\api-ms-win-core-synch-l1-2-0.DLL
0x14f90000 - 0x14fd9000 	C:\Windows\system32\fpengine.dll
0x00ee0000 - 0x00f0a000 	C:\Windows\system32\fpcore32.dll
0x704d0000 - 0x70521000 	C:\Windows\system32\WINSPOOL.DRV
0x73d90000 - 0x73d97000 	C:\Windows\system32\WINUSB.DLL
0x742e0000 - 0x74470000 	C:\Windows\WinSxS\x86_microsoft.windows.gdiplus_6595b64144ccf1df_1.1.7600.16385_none_72fc7cbf861225ca\gdiplus.dll
0x75730000 - 0x7575d000 	C:\Windows\system32\WINTRUST.dll
0x6b500000 - 0x6b520000 	C:\Program Files\Java\jdk1.8.0_181\jre\bin\sunec.dll
0x74c20000 - 0x74c25000 	C:\Windows\System32\wshtcpip.dll
0x74f90000 - 0x74fd4000 	C:\Windows\system32\DNSAPI.dll
0x71b10000 - 0x71b16000 	C:\Windows\system32\rasadhlp.dll
0x73520000 - 0x73558000 	C:\Windows\System32\fwpuclnt.dll
0x673c0000 - 0x674ab000 	C:\Windows\system32\dbghelp.dll

VM Arguments:
jvm_args: -Dfile.encoding=UTF-8 
java_command: fingerprintcorev2.Views.IntroPage
java_class_path (initial): C:\Users\Admin\Downloads\org-apache-commons-codec.jar\org-apache-commons-codec.jar;C:\Users\Admin\Downloads\jna-4.5.2.jar;C:\Users\Admin\Downloads\unirest-java-1.4.9.jar;C:\Users\Admin\Downloads\org.json.jar\org.json.jar;C:\Users\Admin\Downloads\commons-logging-1.1.2.jar;C:\Users\Admin\Downloads\httpclient-4.5.5.jar;C:\Users\Admin\Downloads\httpcore-4.4.9.jar;C:\Users\Admin\Downloads\httpcore-nio-4.4.10.jar;C:\Users\Admin\Downloads\httpmime-4.5.6.jar;C:\Users\Admin\Downloads\httpasyncclient-4.0-beta4.jar\httpasyncclient-4.0-beta4.jar;C:\Users\Admin\Documents\NetBeansProjects\FingerprintCoreV2\build\classes
Launcher Type: SUN_STANDARD

Environment Variables:
PATH=C:\Program Files\Common Files\Oracle\Java\javapath;C:\Windows\system32;C:\Windows;C:\Windows\System32\Wbem;C:\Windows\System32\WindowsPowerShell\v1.0\;C:\Program Files\Git\cmd;C:\Program Files\Neurotechnology\FreeFingerprintVerificationSDK 1.0\bin\Win32_x86;C:\Program Files\nodejs\;C:\Users\Admin\AppData\Roaming\npm
USERNAME=Admin
OS=Windows_NT
PROCESSOR_IDENTIFIER=x86 Family 6 Model 76 Stepping 4, GenuineIntel



---------------  S Y S T E M  ---------------

OS: Windows 7 Build 7600 (6.1.7600.16385)

CPU:total 2 (initial active 2) (2 cores per cpu, 1 threads per core) family 6 model 76 stepping 4, cmov, cx8, fxsr, mmx, sse, sse2, sse3, ssse3, sse4.1, sse4.2, popcnt, aes, clmul, erms, 3dnowpref, tsc, tscinvbit

Memory: 4k page, physical 2008308k(471056k free), swap 4016616k(1406972k free)

vm_info: Java HotSpot(TM) Client VM (25.181-b13) for windows-x86 JRE (1.8.0_181-b13), built on Jul  7 2018 03:18:20 by "java_re" with MS VC++ 10.0 (VS2010)

time: Sat Aug 04 12:33:19 2018
elapsed time: 17 seconds (0d 0h 0m 17s)

