#
# A fatal error has been detected by the Java Runtime Environment:
#
#  EXCEPTION_ACCESS_VIOLATION (0xc0000005) at pc=0x77461ffe, pid=7004, tid=0x00001360
#
# JRE version: Java(TM) SE Runtime Environment (8.0_181-b13) (build 1.8.0_181-b13)
# Java VM: Java HotSpot(TM) Client VM (25.181-b13 mixed mode, sharing windows-x86 )
# Problematic frame:
# C  [ntdll.dll+0x51ffe]
#
# Failed to write core dump. Minidumps are not enabled by default on client versions of Windows
#
# If you would like to submit a bug report, please visit:
#   http://bugreport.java.com/bugreport/crash.jsp
# The crash happened outside the Java Virtual Machine in native code.
# See problematic frame for where to report the bug.
#

---------------  T H R E A D  ---------------

Current thread (0x1651fc00):  JavaThread "Timer-1" [_thread_in_native, id=4960, stack(0x16c20000,0x16c70000)]

siginfo: ExceptionCode=0xc0000005, reading address 0x4c7265bf

Registers:
EAX=0x00000002, EBX=0x165363b0, ECX=0x011d0000, EDX=0x165363b0
ESP=0x16c6d584, EBP=0x16c6d5b8, ESI=0x4c7265bb, EDI=0x165363a8
EIP=0x77461ffe, EFLAGS=0x00010206

Top of Stack: (sp=0x16c6d584)
0x16c6d584:   00000000 011d0000 165363b0 16c6d5b8
0x16c6d594:   165363b0 00580056 165363b0 16c6d5bc
0x16c6d5a4:   7564c07f 165363b0 00000012 16c6d5e0
0x16c6d5b4:   165363a8 16c6d5d0 77461faf 165363b0
0x16c6d5c4:   00000003 14a9e650 165363a8 16c6d5e4
0x16c6d5d4:   7684f1ac 011d0000 00000000 165363b0
0x16c6d5e4:   16c6d5f8 66d0016a 011d0000 00000000
0x16c6d5f4:   165363b0 16c6d640 6c2d846e 165363b0 

Instructions: (pc=0x77461ffe)
0x77461fde:   7a f8 80 7f 07 05 0f 84 58 df 03 00 8b 07 8b f7
0x77461fee:   c1 ee 03 33 f0 33 35 dc 71 4e 77 89 7d fc 33 f1
0x77461ffe:   8b 46 04 89 45 f4 c6 47 07 80 c6 47 06 00 8b 5e
0x7746200e:   08 8b 4e 0c 89 5d e0 83 c3 01 89 4d e4 83 d1 01 


Register to memory mapping:

EAX=0x00000002 is an unknown value
EBX=0x165363b0 is an unknown value
ECX=0x011d0000 is an unknown value
EDX=0x165363b0 is an unknown value
ESP=0x16c6d584 is pointing into the stack for thread: 0x1651fc00
EBP=0x16c6d5b8 is pointing into the stack for thread: 0x1651fc00
ESI=0x4c7265bb is an unknown value
EDI=0x165363a8 is an unknown value


Stack: [0x16c20000,0x16c70000],  sp=0x16c6d584,  free space=309k
Native frames: (J=compiled Java code, j=interpreted, Vv=VM code, C=native code)
C  [ntdll.dll+0x51ffe]
C  [ntdll.dll+0x51faf]
C  [kernel32.dll+0x4f1ac]
C  [msvcr100.dll+0x1016a]
C  [java.dll+0x846e]
j  java.io.File.exists()Z+29
j  java.io.WinNTFileSystem.canonicalize(Ljava/lang/String;)Ljava/lang/String;+345
j  java.io.File.getCanonicalPath()Ljava/lang/String;+27
j  java.io.FilePermission$1.run()Ljava/lang/String;+103
j  java.io.FilePermission$1.run()Ljava/lang/Object;+1
v  ~StubRoutines::call_stub
V  [jvm.dll+0x15c065]
V  [jvm.dll+0x223ade]
V  [jvm.dll+0x15c0fe]
V  [jvm.dll+0x10c1cf]
C  [java.dll+0x1015]
j  java.io.FilePermission.init(I)V+97
j  java.io.FilePermission.<init>(Ljava/lang/String;Ljava/lang/String;)V+10
j  sun.net.www.protocol.file.FileURLConnection.getPermission()Ljava/security/Permission;+59
j  java.net.URLClassLoader.getPermissions(Ljava/security/CodeSource;)Ljava/security/PermissionCollection;+19
j  sun.misc.Launcher$AppClassLoader.getPermissions(Ljava/security/CodeSource;)Ljava/security/PermissionCollection;+2
j  java.security.SecureClassLoader.getProtectionDomain(Ljava/security/CodeSource;)Ljava/security/ProtectionDomain;+33
j  java.security.SecureClassLoader.defineClass(Ljava/lang/String;[BIILjava/security/CodeSource;)Ljava/lang/Class;+9
j  java.net.URLClassLoader.defineClass(Ljava/lang/String;Lsun/misc/Resource;)Ljava/lang/Class;+138
j  java.net.URLClassLoader.access$100(Ljava/net/URLClassLoader;Ljava/lang/String;Lsun/misc/Resource;)Ljava/lang/Class;+3
j  java.net.URLClassLoader$1.run()Ljava/lang/Class;+43
j  java.net.URLClassLoader$1.run()Ljava/lang/Object;+1
v  ~StubRoutines::call_stub
V  [jvm.dll+0x15c065]
V  [jvm.dll+0x223ade]
V  [jvm.dll+0x15c0fe]
V  [jvm.dll+0x10c1cf]
C  [java.dll+0x1061]
j  java.net.URLClassLoader.findClass(Ljava/lang/String;)Ljava/lang/Class;+13
J 597 C1 java.lang.ClassLoader.loadClass(Ljava/lang/String;Z)Ljava/lang/Class; (122 bytes) @ 0x01d76b8c [0x01d76930+0x25c]
j  sun.misc.Launcher$AppClassLoader.loadClass(Ljava/lang/String;Z)Ljava/lang/Class;+81
j  java.lang.ClassLoader.loadClass(Ljava/lang/String;)Ljava/lang/Class;+3
v  ~StubRoutines::call_stub
V  [jvm.dll+0x15c065]
V  [jvm.dll+0x223ade]
V  [jvm.dll+0x15c0fe]
V  [jvm.dll+0x15c286]
V  [jvm.dll+0x15c36f]
V  [jvm.dll+0x513d5]
V  [jvm.dll+0x5187a]
V  [jvm.dll+0x52ac0]
V  [jvm.dll+0x52b0a]
V  [jvm.dll+0x1030f6]
C  [verify.dll+0x1638]
C  [verify.dll+0x1dbe]
C  [verify.dll+0x2cda]
v  ~RuntimeStub::handle_exception_from_callee Runtime1 stub
C  0x16c6ea34
J 568 C1 java.net.URL.<init>(Ljava/net/URL;Ljava/lang/String;Ljava/net/URLStreamHandler;)V (543 bytes) @ 0x01d70141 [0x01d6e770+0x19d1]
C  0x011d0000

Java frames: (J=compiled Java code, j=interpreted, Vv=VM code)
j  java.io.WinNTFileSystem.getBooleanAttributes(Ljava/io/File;)I+0
j  java.io.File.exists()Z+29
j  java.io.WinNTFileSystem.canonicalize(Ljava/lang/String;)Ljava/lang/String;+345
j  java.io.File.getCanonicalPath()Ljava/lang/String;+27
j  java.io.FilePermission$1.run()Ljava/lang/String;+103
j  java.io.FilePermission$1.run()Ljava/lang/Object;+1
v  ~StubRoutines::call_stub
j  java.security.AccessController.doPrivileged(Ljava/security/PrivilegedAction;)Ljava/lang/Object;+0
j  java.io.FilePermission.init(I)V+97
j  java.io.FilePermission.<init>(Ljava/lang/String;Ljava/lang/String;)V+10
j  sun.net.www.protocol.file.FileURLConnection.getPermission()Ljava/security/Permission;+59
j  java.net.URLClassLoader.getPermissions(Ljava/security/CodeSource;)Ljava/security/PermissionCollection;+19
j  sun.misc.Launcher$AppClassLoader.getPermissions(Ljava/security/CodeSource;)Ljava/security/PermissionCollection;+2
j  java.security.SecureClassLoader.getProtectionDomain(Ljava/security/CodeSource;)Ljava/security/ProtectionDomain;+33
j  java.security.SecureClassLoader.defineClass(Ljava/lang/String;[BIILjava/security/CodeSource;)Ljava/lang/Class;+9
j  java.net.URLClassLoader.defineClass(Ljava/lang/String;Lsun/misc/Resource;)Ljava/lang/Class;+138
j  java.net.URLClassLoader.access$100(Ljava/net/URLClassLoader;Ljava/lang/String;Lsun/misc/Resource;)Ljava/lang/Class;+3
j  java.net.URLClassLoader$1.run()Ljava/lang/Class;+43
j  java.net.URLClassLoader$1.run()Ljava/lang/Object;+1
v  ~StubRoutines::call_stub
j  java.security.AccessController.doPrivileged(Ljava/security/PrivilegedExceptionAction;Ljava/security/AccessControlContext;)Ljava/lang/Object;+0
j  java.net.URLClassLoader.findClass(Ljava/lang/String;)Ljava/lang/Class;+13
J 597 C1 java.lang.ClassLoader.loadClass(Ljava/lang/String;Z)Ljava/lang/Class; (122 bytes) @ 0x01d76b8c [0x01d76930+0x25c]
j  sun.misc.Launcher$AppClassLoader.loadClass(Ljava/lang/String;Z)Ljava/lang/Class;+81
j  java.lang.ClassLoader.loadClass(Ljava/lang/String;)Ljava/lang/Class;+3
v  ~StubRoutines::call_stub
j  com.mashape.unirest.request.HttpRequestWithBody.field(Ljava/lang/String;Ljava/lang/Object;Ljava/lang/String;)Lcom/mashape/unirest/request/body/MultipartBody;+0
j  com.mashape.unirest.request.HttpRequestWithBody.field(Ljava/lang/String;Ljava/lang/Object;)Lcom/mashape/unirest/request/body/MultipartBody;+4
j  fingerprintcorev2.Views.NetworkCalls.sendUserLoginTime(Ljava/util/prefs/Preferences;Ljava/lang/String;Ljava/lang/Boolean;)Ljava/lang/Boolean;+64
j  fingerprintcorev2.Views.RescanUI.sendLogInTime()V+14
j  fingerprintcorev2.Views.RescanUI.checkIfComputerHasUserLoggedInToday()V+1
j  fingerprintcorev2.Views.RescanUI.fpsmessage()V+205
j  fingerprintcorev2.Views.RescanUI.access$900(Lfingerprintcorev2/Views/RescanUI;)V+1
j  fingerprintcorev2.Views.RescanUI$9.run()V+4
j  java.util.TimerThread.mainLoop()V+221
j  java.util.TimerThread.run()V+1
v  ~StubRoutines::call_stub

---------------  P R O C E S S  ---------------

Java Threads: ( => current thread )
  0x16634000 JavaThread "Thread-8" daemon [_thread_blocked, id=6004, stack(0x16d50000,0x16da0000)]
  0x16534400 JavaThread "TimerQueue" daemon [_thread_blocked, id=4320, stack(0x16c80000,0x16cd0000)]
  0x16531800 JavaThread "Timer-2" [_thread_blocked, id=1268, stack(0x16d00000,0x16d50000)]
=>0x1651fc00 JavaThread "Timer-1" [_thread_in_native, id=4960, stack(0x16c20000,0x16c70000)]
  0x153b5800 JavaThread "Timer-0" [_thread_blocked, id=2516, stack(0x15dc0000,0x15e10000)]
  0x011dc800 JavaThread "DestroyJavaVM" [_thread_blocked, id=4872, stack(0x018e0000,0x01930000)]
  0x15399800 JavaThread "AWT-EventQueue-0" [_thread_blocked, id=5436, stack(0x15810000,0x15860000)]
  0x15397c00 JavaThread "AWT-Windows" daemon [_thread_in_native, id=5912, stack(0x15510000,0x15560000)]
  0x15397400 JavaThread "AWT-Shutdown" [_thread_blocked, id=1696, stack(0x154a0000,0x154f0000)]
  0x15394c00 JavaThread "Java2D Disposer" daemon [_thread_blocked, id=5448, stack(0x13d60000,0x13db0000)]
  0x01195c00 JavaThread "Service Thread" daemon [_thread_blocked, id=5212, stack(0x14980000,0x149d0000)]
  0x01162800 JavaThread "C1 CompilerThread0" daemon [_thread_blocked, id=3644, stack(0x150f0000,0x15140000)]
  0x01161800 JavaThread "Attach Listener" daemon [_thread_blocked, id=4932, stack(0x15050000,0x150a0000)]
  0x0115e800 JavaThread "Signal Dispatcher" daemon [_thread_blocked, id=1376, stack(0x14ff0000,0x15040000)]
  0x01154400 JavaThread "Finalizer" daemon [_thread_blocked, id=3500, stack(0x13db0000,0x13e00000)]
  0x010f5c00 JavaThread "Reference Handler" daemon [_thread_blocked, id=4004, stack(0x13c50000,0x13ca0000)]

Other Threads:
  0x010f3400 VMThread [stack: 0x13cc0000,0x13d10000] [id=7756]
  0x011a0800 WatcherThread [stack: 0x15210000,0x15260000] [id=4204]

VM state:not at safepoint (normal execution)

VM Mutex/Monitor currently owned by a thread: None

Heap:
 def new generation   total 4928K, used 1552K [0x03c00000, 0x04150000, 0x09150000)
  eden space 4416K,  23% used [0x03c00000, 0x03d04180, 0x04050000)
  from space 512K, 100% used [0x04050000, 0x040d0000, 0x040d0000)
  to   space 512K,   0% used [0x040d0000, 0x040d0000, 0x04150000)
 tenured generation   total 10944K, used 10912K [0x09150000, 0x09c00000, 0x13c00000)
   the space 10944K,  99% used [0x09150000, 0x09bf8228, 0x09bf8400, 0x09c00000)
 Metaspace       used 3867K, capacity 4137K, committed 4160K, reserved 4480K

Card table byte_map: [0x017a0000,0x01830000] byte_map_base: 0x01782000

Polling page: 0x011c0000

CodeCache: size=32768Kb used=1650Kb max_used=1650Kb free=31117Kb
 bounds [0x01c00000, 0x01da0000, 0x03c00000]
 total_blobs=984 nmethods=720 adapters=194
 compilation: enabled

Compilation events (10 events):
Event: 51.208 Thread 0x01162800  728             javax.swing.GroupLayout$ParallelGroup::setChildSize (117 bytes)
Event: 51.214 Thread 0x01162800 nmethod 728 0x01d9b3c8 code [0x01d9b510, 0x01d9b76c]
Event: 51.214 Thread 0x01162800  729             javax.swing.GroupLayout$ParallelGroup::isResizable (5 bytes)
Event: 51.214 Thread 0x01162800 nmethod 729 0x01d9b9c8 code [0x01d9bac0, 0x01d9bb40]
Event: 51.214 Thread 0x01162800  730             java.io.DataInputStream::readShort (40 bytes)
Event: 51.215 Thread 0x01162800 nmethod 730 0x01d9bb88 code [0x01d9bcb0, 0x01d9bde4]
Event: 51.234 Thread 0x01162800  731             java.io.DataInputStream::readInt (72 bytes)
Event: 51.234 Thread 0x01162800 nmethod 731 0x01d9bec8 code [0x01d9c000, 0x01d9c18c]
Event: 51.234 Thread 0x01162800  732             java.util.StringTokenizer::skipDelimiters (116 bytes)
Event: 51.235 Thread 0x01162800 nmethod 732 0x01d9c3c8 code [0x01d9c510, 0x01d9c7d0]

GC Heap History (10 events):
Event: 4.744 GC heap before
{Heap before GC invocations=5 (full 0):
 def new generation   total 4928K, used 4496K [0x03c00000, 0x04150000, 0x09150000)
  eden space 4416K,  99% used [0x03c00000, 0x0404e1d8, 0x04050000)
  from space 512K,  17% used [0x040d0000, 0x040e6008, 0x04150000)
  to   space 512K,   0% used [0x04050000, 0x04050000, 0x040d0000)
 tenured generation   total 10944K, used 6819K [0x09150000, 0x09c00000, 0x13c00000)
   the space 10944K,  62% used [0x09150000, 0x097f8f98, 0x097f9000, 0x09c00000)
 Metaspace       used 2086K, capacity 3058K, committed 3136K, reserved 4480K
Event: 4.752 GC heap after
Heap after GC invocations=6 (full 0):
 def new generation   total 4928K, used 512K [0x03c00000, 0x04150000, 0x09150000)
  eden space 4416K,   0% used [0x03c00000, 0x03c00000, 0x04050000)
  from space 512K, 100% used [0x04050000, 0x040d0000, 0x040d0000)
  to   space 512K,   0% used [0x040d0000, 0x040d0000, 0x04150000)
 tenured generation   total 10944K, used 7406K [0x09150000, 0x09c00000, 0x13c00000)
   the space 10944K,  67% used [0x09150000, 0x0988b978, 0x0988ba00, 0x09c00000)
 Metaspace       used 2086K, capacity 3058K, committed 3136K, reserved 4480K
}
Event: 4.851 GC heap before
{Heap before GC invocations=6 (full 0):
 def new generation   total 4928K, used 4928K [0x03c00000, 0x04150000, 0x09150000)
  eden space 4416K, 100% used [0x03c00000, 0x04050000, 0x04050000)
  from space 512K, 100% used [0x04050000, 0x040d0000, 0x040d0000)
  to   space 512K,   0% used [0x040d0000, 0x040d0000, 0x04150000)
 tenured generation   total 10944K, used 7406K [0x09150000, 0x09c00000, 0x13c00000)
   the space 10944K,  67% used [0x09150000, 0x0988b978, 0x0988ba00, 0x09c00000)
 Metaspace       used 2258K, capacity 3075K, committed 3136K, reserved 4480K
Event: 4.860 GC heap after
Heap after GC invocations=7 (full 0):
 def new generation   total 4928K, used 512K [0x03c00000, 0x04150000, 0x09150000)
  eden space 4416K,   0% used [0x03c00000, 0x03c00000, 0x04050000)
  from space 512K, 100% used [0x040d0000, 0x04150000, 0x04150000)
  to   space 512K,   0% used [0x04050000, 0x04050000, 0x040d0000)
 tenured generation   total 10944K, used 8198K [0x09150000, 0x09c00000, 0x13c00000)
   the space 10944K,  74% used [0x09150000, 0x09951a30, 0x09951c00, 0x09c00000)
 Metaspace       used 2258K, capacity 3075K, committed 3136K, reserved 4480K
}
Event: 4.989 GC heap before
{Heap before GC invocations=7 (full 0):
 def new generation   total 4928K, used 4928K [0x03c00000, 0x04150000, 0x09150000)
  eden space 4416K, 100% used [0x03c00000, 0x04050000, 0x04050000)
  from space 512K, 100% used [0x040d0000, 0x04150000, 0x04150000)
  to   space 512K,   0% used [0x04050000, 0x04050000, 0x040d0000)
 tenured generation   total 10944K, used 8198K [0x09150000, 0x09c00000, 0x13c00000)
   the space 10944K,  74% used [0x09150000, 0x09951a30, 0x09951c00, 0x09c00000)
 Metaspace       used 2498K, capacity 3238K, committed 3264K, reserved 4480K
Event: 4.998 GC heap after
Heap after GC invocations=8 (full 0):
 def new generation   total 4928K, used 512K [0x03c00000, 0x04150000, 0x09150000)
  eden space 4416K,   0% used [0x03c00000, 0x03c00000, 0x04050000)
  from space 512K, 100% used [0x04050000, 0x040d0000, 0x040d0000)
  to   space 512K,   0% used [0x040d0000, 0x040d0000, 0x04150000)
 tenured generation   total 10944K, used 9198K [0x09150000, 0x09c00000, 0x13c00000)
   the space 10944K,  84% used [0x09150000, 0x09a4bac8, 0x09a4bc00, 0x09c00000)
 Metaspace       used 2498K, capacity 3238K, committed 3264K, reserved 4480K
}
Event: 5.172 GC heap before
{Heap before GC invocations=8 (full 0):
 def new generation   total 4928K, used 4928K [0x03c00000, 0x04150000, 0x09150000)
  eden space 4416K, 100% used [0x03c00000, 0x04050000, 0x04050000)
  from space 512K, 100% used [0x04050000, 0x040d0000, 0x040d0000)
  to   space 512K,   0% used [0x040d0000, 0x040d0000, 0x04150000)
 tenured generation   total 10944K, used 9198K [0x09150000, 0x09c00000, 0x13c00000)
   the space 10944K,  84% used [0x09150000, 0x09a4bac8, 0x09a4bc00, 0x09c00000)
 Metaspace       used 3168K, capacity 3693K, committed 3776K, reserved 4480K
Event: 5.178 GC heap after
Heap after GC invocations=9 (full 0):
 def new generation   total 4928K, used 512K [0x03c00000, 0x04150000, 0x09150000)
  eden space 4416K,   0% used [0x03c00000, 0x03c00000, 0x04050000)
  from space 512K, 100% used [0x040d0000, 0x04150000, 0x04150000)
  to   space 512K,   0% used [0x04050000, 0x04050000, 0x040d0000)
 tenured generation   total 10944K, used 9980K [0x09150000, 0x09c00000, 0x13c00000)
   the space 10944K,  91% used [0x09150000, 0x09b0f200, 0x09b0f200, 0x09c00000)
 Metaspace       used 3168K, capacity 3693K, committed 3776K, reserved 4480K
}
Event: 50.578 GC heap before
{Heap before GC invocations=9 (full 0):
 def new generation   total 4928K, used 4811K [0x03c00000, 0x04150000, 0x09150000)
  eden space 4416K,  97% used [0x03c00000, 0x04032c58, 0x04050000)
  from space 512K, 100% used [0x040d0000, 0x04150000, 0x04150000)
  to   space 512K,   0% used [0x04050000, 0x04050000, 0x040d0000)
 tenured generation   total 10944K, used 9980K [0x09150000, 0x09c00000, 0x13c00000)
   the space 10944K,  91% used [0x09150000, 0x09b0f200, 0x09b0f200, 0x09c00000)
 Metaspace       used 3842K, capacity 4105K, committed 4160K, reserved 4480K
Event: 50.596 GC heap after
Heap after GC invocations=10 (full 0):
 def new generation   total 4928K, used 512K [0x03c00000, 0x04150000, 0x09150000)
  eden space 4416K,   0% used [0x03c00000, 0x03c00000, 0x04050000)
  from space 512K, 100% used [0x04050000, 0x040d0000, 0x040d0000)
  to   space 512K,   0% used [0x040d0000, 0x040d0000, 0x04150000)
 tenured generation   total 10944K, used 10912K [0x09150000, 0x09c00000, 0x13c00000)
   the space 10944K,  99% used [0x09150000, 0x09bf8228, 0x09bf8400, 0x09c00000)
 Metaspace       used 3842K, capacity 4105K, committed 4160K, reserved 4480K
}

Deoptimization events (0 events):
No events

Classes redefined (0 events):
No events

Internal exceptions (10 events):
Event: 0.037 Thread 0x011dc800 Exception <a 'java/lang/NoSuchMethodError': Method sun.misc.Unsafe.prefetchRead(Ljava/lang/Object;J)V name or signature does not match> (0x03c07ca0) thrown at [C:\workspace\8-2-build-windows-i586-cygwin\jdk8u181\11358\hotspot\src\share\vm\prims\jni.cpp, l
Event: 0.144 Thread 0x011dc800 Exception <a 'java/security/PrivilegedActionException'> (0x03cccc28) thrown at [C:\workspace\8-2-build-windows-i586-cygwin\jdk8u181\11358\hotspot\src\share\vm\prims\jvm.cpp, line 1435]
Event: 0.144 Thread 0x011dc800 Exception <a 'java/security/PrivilegedActionException'> (0x03ccce28) thrown at [C:\workspace\8-2-build-windows-i586-cygwin\jdk8u181\11358\hotspot\src\share\vm\prims\jvm.cpp, line 1435]
Event: 0.145 Thread 0x011dc800 Exception <a 'java/security/PrivilegedActionException'> (0x03cd08d0) thrown at [C:\workspace\8-2-build-windows-i586-cygwin\jdk8u181\11358\hotspot\src\share\vm\prims\jvm.cpp, line 1435]
Event: 0.145 Thread 0x011dc800 Exception <a 'java/security/PrivilegedActionException'> (0x03cd0ad0) thrown at [C:\workspace\8-2-build-windows-i586-cygwin\jdk8u181\11358\hotspot\src\share\vm\prims\jvm.cpp, line 1435]
Event: 0.148 Thread 0x011dc800 Exception <a 'java/io/FileNotFoundException'> (0x03cd2848) thrown at [C:\workspace\8-2-build-windows-i586-cygwin\jdk8u181\11358\hotspot\src\share\vm\prims\jni.cpp, line 709]
Event: 0.206 Thread 0x011dc800 Exception <a 'java/lang/NoSuchFieldError': method resolution failed> (0x03d90e78) thrown at [C:\workspace\8-2-build-windows-i586-cygwin\jdk8u181\11358\hotspot\src\share\vm\prims\methodHandles.cpp, line 1167]
Event: 0.209 Thread 0x011dc800 Exception <a 'java/lang/NoSuchFieldError': method resolution failed> (0x03d9d018) thrown at [C:\workspace\8-2-build-windows-i586-cygwin\jdk8u181\11358\hotspot\src\share\vm\prims\methodHandles.cpp, line 1167]
Event: 0.274 Thread 0x15399800 Exception <a 'java/io/FileNotFoundException'> (0x03e5e310) thrown at [C:\workspace\8-2-build-windows-i586-cygwin\jdk8u181\11358\hotspot\src\share\vm\prims\jni.cpp, line 709]
Event: 4.308 Thread 0x16531800 Exception <a 'java/lang/NoClassDefFoundError': org/apache/log4j/Category> (0x03dfdac8) thrown at [C:\workspace\8-2-build-windows-i586-cygwin\jdk8u181\11358\hotspot\src\share\vm\classfile\systemDictionary.cpp, line 199]

Events (10 events):
Event: 51.240 Executing VM operation: RevokeBias
Event: 51.240 Executing VM operation: RevokeBias done
Event: 51.241 loading class com/mashape/unirest/request/body/Body
Event: 51.241 loading class com/mashape/unirest/request/body/Body done
Event: 51.242 loading class com/mashape/unirest/request/body/MultipartBody
Event: 51.242 loading class com/mashape/unirest/request/body/MultipartBody done
Event: 51.242 Executing VM operation: RevokeBias
Event: 51.242 Executing VM operation: RevokeBias done
Event: 51.243 loading class org/apache/http/entity/mime/content/ContentBody
Event: 51.243 loading class org/apache/http/entity/mime/content/ContentBody done


Dynamic libraries:
0x00060000 - 0x00093000 	C:\Program Files\Java\jdk1.8.0_181\jre\bin\java.exe
0x77410000 - 0x7754c000 	C:\Windows\SYSTEM32\ntdll.dll
0x76800000 - 0x768d4000 	C:\Windows\system32\kernel32.dll
0x75640000 - 0x7568a000 	C:\Windows\system32\KERNELBASE.dll
0x775a0000 - 0x77640000 	C:\Windows\system32\ADVAPI32.dll
0x76c90000 - 0x76d3c000 	C:\Windows\system32\msvcrt.dll
0x76640000 - 0x76659000 	C:\Windows\SYSTEM32\sechost.dll
0x77210000 - 0x772b1000 	C:\Windows\system32\RPCRT4.dll
0x76dc0000 - 0x76e89000 	C:\Windows\system32\USER32.dll
0x77320000 - 0x7736e000 	C:\Windows\system32\GDI32.dll
0x77550000 - 0x7755a000 	C:\Windows\system32\LPK.dll
0x77370000 - 0x7740d000 	C:\Windows\system32\USP10.dll
0x744c0000 - 0x7465e000 	C:\Windows\WinSxS\x86_microsoft.windows.common-controls_6595b64144ccf1df_6.0.7600.16385_none_421189da2b7fabfc\COMCTL32.dll
0x772c0000 - 0x77317000 	C:\Windows\system32\SHLWAPI.dll
0x77570000 - 0x7758f000 	C:\Windows\system32\IMM32.DLL
0x77140000 - 0x7720c000 	C:\Windows\system32\MSCTF.dll
0x66cf0000 - 0x66daf000 	C:\Program Files\Java\jdk1.8.0_181\jre\bin\msvcr100.dll
0x662f0000 - 0x666c3000 	C:\Program Files\Java\jdk1.8.0_181\jre\bin\client\jvm.dll
0x71ed0000 - 0x71ed7000 	C:\Windows\system32\WSOCK32.dll
0x75860000 - 0x75895000 	C:\Windows\system32\WS2_32.dll
0x77560000 - 0x77566000 	C:\Windows\system32\NSI.dll
0x6f470000 - 0x6f4a2000 	C:\Windows\system32\WINMM.dll
0x74a60000 - 0x74a69000 	C:\Windows\system32\VERSION.dll
0x77590000 - 0x77595000 	C:\Windows\system32\PSAPI.DLL
0x74770000 - 0x7477c000 	C:\Program Files\Java\jdk1.8.0_181\jre\bin\verify.dll
0x6c2d0000 - 0x6c2f2000 	C:\Program Files\Java\jdk1.8.0_181\jre\bin\java.dll
0x73cb0000 - 0x73cc4000 	C:\Program Files\Java\jdk1.8.0_181\jre\bin\zip.dll
0x759f0000 - 0x76639000 	C:\Windows\system32\SHELL32.dll
0x76a70000 - 0x76bcc000 	C:\Windows\system32\ole32.dll
0x75560000 - 0x7556b000 	C:\Windows\system32\profapi.dll
0x661a0000 - 0x662e7000 	C:\Program Files\Java\jdk1.8.0_181\jre\bin\awt.dll
0x76c00000 - 0x76c8f000 	C:\Windows\system32\OLEAUT32.dll
0x74360000 - 0x743a0000 	C:\Windows\system32\uxtheme.dll
0x74040000 - 0x74053000 	C:\Windows\system32\dwmapi.dll
0x754b0000 - 0x754bc000 	C:\Windows\system32\CRYPTBASE.dll
0x6bd20000 - 0x6bde8000 	C:\Windows\system32\opengl32.dll
0x6c0d0000 - 0x6c0f2000 	C:\Windows\system32\GLU32.dll
0x6bc30000 - 0x6bd17000 	C:\Windows\system32\DDRAW.dll
0x6c0c0000 - 0x6c0c6000 	C:\Windows\system32\DCIMAN32.dll
0x76660000 - 0x767fd000 	C:\Windows\system32\SETUPAPI.dll
0x75610000 - 0x75637000 	C:\Windows\system32\CFGMGR32.dll
0x75690000 - 0x756a2000 	C:\Windows\system32\DEVOBJ.dll
0x6c290000 - 0x6c2c9000 	C:\Program Files\Java\jdk1.8.0_181\jre\bin\fontmanager.dll
0x768e0000 - 0x76963000 	C:\Windows\system32\CLBCatQ.DLL
0x73da0000 - 0x73e9b000 	C:\Windows\system32\WindowsCodecs.dll
0x75460000 - 0x754ab000 	C:\Windows\system32\apphelp.dll
0x70d30000 - 0x70d61000 	C:\Windows\system32\EhStorShell.dll
0x743a0000 - 0x74495000 	C:\Windows\system32\PROPSYS.dll
0x15f10000 - 0x1612d000 	C:\PROGRA~1\MICROS~1\Office12\GR469A~1.DLL
0x68ef0000 - 0x68fe1000 	C:\PROGRA~1\MICROS~1\Office12\GrooveUtil.DLL
0x76970000 - 0x76a64000 	C:\Windows\system32\WININET.dll
0x759e0000 - 0x759e3000 	C:\Windows\system32\Normaliz.dll
0x758a0000 - 0x759d5000 	C:\Windows\system32\urlmon.dll
0x75740000 - 0x7585c000 	C:\Windows\system32\CRYPT32.dll
0x755d0000 - 0x755dc000 	C:\Windows\system32\MSASN1.dll
0x76ef0000 - 0x770e9000 	C:\Windows\system32\iertutil.dll
0x70c90000 - 0x70d2b000 	C:\Windows\WinSxS\x86_microsoft.vc80.crt_1fc8b3b9a1e18e3b_8.0.50727.4927_none_d08a205e442db5b5\MSVCR80.dll
0x68ff0000 - 0x68ff7000 	C:\PROGRA~1\MICROS~1\Office12\GrooveNew.DLL
0x7c630000 - 0x7c64b000 	C:\Windows\WinSxS\x86_microsoft.vc80.atl_1fc8b3b9a1e18e3b_8.0.50727.42_none_dc990e4797f81af1\ATL80.DLL
0x74fe0000 - 0x74ff6000 	C:\Windows\system32\CRYPTSP.dll
0x74d80000 - 0x74dbb000 	C:\Windows\system32\rsaenh.dll
0x73b90000 - 0x73b95000 	C:\Windows\system32\MSImg32.dll
0x70ba0000 - 0x70c0a000 	C:\Windows\System32\cscui.dll
0x70b90000 - 0x70b99000 	C:\Windows\System32\CSCDLL.dll
0x70b80000 - 0x70b8b000 	C:\Windows\system32\CSCAPI.dll
0x70b10000 - 0x70b7f000 	C:\Windows\system32\ntshrui.dll
0x75390000 - 0x753a9000 	C:\Windows\system32\srvcli.dll
0x737e0000 - 0x737ea000 	C:\Windows\system32\slc.dll
0x720c0000 - 0x720d5000 	C:\Program Files\Java\jdk1.8.0_181\jre\bin\net.dll
0x74fa0000 - 0x74fdc000 	C:\Windows\system32\mswsock.dll
0x74f90000 - 0x74f96000 	C:\Windows\System32\wship6.dll
0x72050000 - 0x7205f000 	C:\Program Files\Java\jdk1.8.0_181\jre\bin\nio.dll
0x682d0000 - 0x68302000 	C:\Program Files\Java\jdk1.8.0_181\jre\bin\t2k.dll
0x74bc0000 - 0x74bd7000 	C:\Windows\system32\USERENV.dll
0x73670000 - 0x7368c000 	C:\Windows\system32\IPHLPAPI.DLL
0x73660000 - 0x73667000 	C:\Windows\system32\WINNSI.DLL
0x734b0000 - 0x734c2000 	C:\Windows\system32\dhcpcsvc.DLL
0x72f40000 - 0x72f4d000 	C:\Windows\system32\dhcpcsvc6.DLL
0x68290000 - 0x682c8000 	C:\Users\Admin\AppData\Local\Temp\jna-63116079\jna4621709303582615751.dll
0x69d60000 - 0x69d63000 	C:\Program Files\Java\jdk1.8.0_181\jre\bin\api-ms-win-core-synch-l1-2-0.DLL
0x16240000 - 0x16289000 	C:\Windows\system32\fpengine.dll
0x149d0000 - 0x149fa000 	C:\Windows\system32\fpcore32.dll
0x6f4b0000 - 0x6f501000 	C:\Windows\system32\WINSPOOL.DRV
0x73f40000 - 0x73f47000 	C:\Windows\system32\WINUSB.DLL
0x741d0000 - 0x74360000 	C:\Windows\WinSxS\x86_microsoft.windows.gdiplus_6595b64144ccf1df_1.1.7600.16385_none_72fc7cbf861225ca\gdiplus.dll
0x755e0000 - 0x7560d000 	C:\Windows\system32\WINTRUST.dll
0x72020000 - 0x72040000 	C:\Program Files\Java\jdk1.8.0_181\jre\bin\sunec.dll
0x69c30000 - 0x69d1b000 	C:\Windows\system32\dbghelp.dll

VM Arguments:
jvm_args: -Dfile.encoding=UTF-8 
java_command: fingerprintcorev2.Views.IntroPage
java_class_path (initial): C:\Users\Admin\Downloads\org-apache-commons-codec.jar\org-apache-commons-codec.jar;C:\Users\Admin\Downloads\jna-4.5.2.jar;C:\Users\Admin\Downloads\unirest-java-1.4.9.jar;C:\Users\Admin\Downloads\org.json.jar\org.json.jar;C:\Users\Admin\Downloads\commons-logging-1.1.2.jar;C:\Users\Admin\Downloads\httpclient-4.5.5.jar;C:\Users\Admin\Downloads\httpcore-4.4.9.jar;C:\Users\Admin\Downloads\httpcore-nio-4.4.10.jar;C:\Users\Admin\Downloads\httpmime-4.5.6.jar;C:\Users\Admin\Downloads\httpasyncclient-4.0-beta4.jar\httpasyncclient-4.0-beta4.jar;C:\Users\Admin\Documents\NetBeansProjects\FingerprintCoreV2\build\classes
Launcher Type: SUN_STANDARD

Environment Variables:
PATH=C:\Program Files\Common Files\Oracle\Java\javapath;C:\Windows\system32;C:\Windows;C:\Windows\System32\Wbem;C:\Windows\System32\WindowsPowerShell\v1.0\;C:\Program Files\Git\cmd;C:\Program Files\Neurotechnology\FreeFingerprintVerificationSDK 1.0\bin\Win32_x86;C:\Program Files\nodejs\;C:\Users\Admin\AppData\Roaming\npm
USERNAME=Admin
OS=Windows_NT
PROCESSOR_IDENTIFIER=x86 Family 6 Model 76 Stepping 4, GenuineIntel



---------------  S Y S T E M  ---------------

OS: Windows 7 Build 7600 (6.1.7600.16385)

CPU:total 2 (initial active 2) (2 cores per cpu, 1 threads per core) family 6 model 76 stepping 4, cmov, cx8, fxsr, mmx, sse, sse2, sse3, ssse3, sse4.1, sse4.2, popcnt, aes, clmul, erms, 3dnowpref, tsc, tscinvbit

Memory: 4k page, physical 2008308k(527916k free), swap 4016616k(1783416k free)

vm_info: Java HotSpot(TM) Client VM (25.181-b13) for windows-x86 JRE (1.8.0_181-b13), built on Jul  7 2018 03:18:20 by "java_re" with MS VC++ 10.0 (VS2010)

time: Sat Aug 18 17:38:27 2018
elapsed time: 51 seconds (0d 0h 0m 51s)

