#
# A fatal error has been detected by the Java Runtime Environment:
#
#  EXCEPTION_ACCESS_VIOLATION (0xc0000005) at pc=0x77591ffe, pid=5720, tid=0x00000c5c
#
# JRE version: Java(TM) SE Runtime Environment (8.0_181-b13) (build 1.8.0_181-b13)
# Java VM: Java HotSpot(TM) Client VM (25.181-b13 mixed mode, sharing windows-x86 )
# Problematic frame:
# C  [ntdll.dll+0x51ffe]
#
# Failed to write core dump. Minidumps are not enabled by default on client versions of Windows
#
# If you would like to submit a bug report, please visit:
#   http://bugreport.java.com/bugreport/crash.jsp
#

---------------  T H R E A D  ---------------

Current thread (0x01224800):  JavaThread "Timer-8" [_thread_in_vm, id=3164, stack(0x15cc0000,0x15d10000)]

siginfo: ExceptionCode=0xc0000005, reading address 0x2e4af892

Registers:
EAX=0x0006bd28, EBX=0x15ffd290, ECX=0x00390000, EDX=0x15ffd290
ESP=0x15d0e7e8, EBP=0x15d0e81c, ESI=0x2e4af88e, EDI=0x15ffd288
EIP=0x77591ffe, EFLAGS=0x00010206

Top of Stack: (sp=0x15d0e7e8)
0x15d0e7e8:   00000000 00390000 15ffd290 00000100
0x15d0e7f8:   00000000 15d0e82c 1575320c 15ffd290
0x15d0e808:   15770c40 00000100 15d0e8b8 00000000
0x15d0e818:   15ffd288 15d0e834 77591faf 01224800
0x15d0e828:   00000000 15ffd290 15ffd288 15d0e848
0x15d0e838:   75a9f1ac 00390000 00000000 15ffd290
0x15d0e848:   15d0e85c 6806016a 00390000 00000000
0x15d0e858:   15ffd290 15d0e86c 67ab3f33 15ffd290 

Instructions: (pc=0x77591ffe)
0x77591fde:   7a f8 80 7f 07 05 0f 84 58 df 03 00 8b 07 8b f7
0x77591fee:   c1 ee 03 33 f0 33 35 dc 71 61 77 89 7d fc 33 f1
0x77591ffe:   8b 46 04 89 45 f4 c6 47 07 80 c6 47 06 00 8b 5e
0x7759200e:   08 8b 4e 0c 89 5d e0 83 c3 01 89 4d e4 83 d1 01 


Register to memory mapping:

EAX=0x0006bd28 is an unknown value
EBX=0x15ffd290 is an unknown value
ECX=0x00390000 is an unknown value
EDX=0x15ffd290 is an unknown value
ESP=0x15d0e7e8 is pointing into the stack for thread: 0x01224800
EBP=0x15d0e81c is pointing into the stack for thread: 0x01224800
ESI=0x2e4af88e is an unknown value
EDI=0x15ffd288 is an unknown value


Stack: [0x15cc0000,0x15d10000],  sp=0x15d0e7e8,  free space=313k
Native frames: (J=compiled Java code, j=interpreted, Vv=VM code, C=native code)
C  [ntdll.dll+0x51ffe]
C  [ntdll.dll+0x51faf]
C  [kernel32.dll+0x4f1ac]
C  [msvcr100.dll+0x1016a]
V  [jvm.dll+0x163f33]
V  [jvm.dll+0xe6847]
C  [jna43118021448900786.dll+0x8ef9]
C  [jna43118021448900786.dll+0x36d2]
j  com.sun.jna.Native.invokeInt(Lcom/sun/jna/Function;JI[Ljava/lang/Object;)I+0
j  com.sun.jna.Function.invoke([Ljava/lang/Object;Ljava/lang/Class;ZI)Ljava/lang/Object;+211
j  com.sun.jna.Function.invoke(Ljava/lang/reflect/Method;[Ljava/lang/Class;Ljava/lang/Class;[Ljava/lang/Object;Ljava/util/Map;)Ljava/lang/Object;+271
j  com.sun.jna.Library$Handler.invoke(Ljava/lang/Object;Ljava/lang/reflect/Method;[Ljava/lang/Object;)Ljava/lang/Object;+344
j  com.sun.proxy.$Proxy0.GetFpCharByGen([B[I)I+20
j  fingerprintcorev2.Views.RescanUI.fpsmessage()V+119
j  fingerprintcorev2.Views.RescanUI.access$800(Lfingerprintcorev2/Views/RescanUI;)V+1
j  fingerprintcorev2.Views.RescanUI$9.run()V+4
J 796 C1 java.util.TimerThread.mainLoop()V (232 bytes) @ 0x01d1cbf4 [0x01d1c7d0+0x424]
j  java.util.TimerThread.run()V+1
v  ~StubRoutines::call_stub
V  [jvm.dll+0x15c065]
V  [jvm.dll+0x223ade]
V  [jvm.dll+0x15c0fe]
V  [jvm.dll+0x15c286]
V  [jvm.dll+0x15c2f7]
V  [jvm.dll+0x10016f]
V  [jvm.dll+0x17f280]
V  [jvm.dll+0x17fafa]
V  [jvm.dll+0x1c5416]
C  [msvcr100.dll+0x5c556]
C  [msvcr100.dll+0x5c600]
C  [kernel32.dll+0x51174]
C  [ntdll.dll+0x5b3f5]
C  [ntdll.dll+0x5b3c8]
C  0x00000000

Java frames: (J=compiled Java code, j=interpreted, Vv=VM code)
j  com.sun.jna.Native.invokeInt(Lcom/sun/jna/Function;JI[Ljava/lang/Object;)I+0
j  com.sun.jna.Function.invoke([Ljava/lang/Object;Ljava/lang/Class;ZI)Ljava/lang/Object;+211
j  com.sun.jna.Function.invoke(Ljava/lang/reflect/Method;[Ljava/lang/Class;Ljava/lang/Class;[Ljava/lang/Object;Ljava/util/Map;)Ljava/lang/Object;+271
j  com.sun.jna.Library$Handler.invoke(Ljava/lang/Object;Ljava/lang/reflect/Method;[Ljava/lang/Object;)Ljava/lang/Object;+344
j  com.sun.proxy.$Proxy0.GetFpCharByGen([B[I)I+20
j  fingerprintcorev2.Views.RescanUI.fpsmessage()V+119
j  fingerprintcorev2.Views.RescanUI.access$800(Lfingerprintcorev2/Views/RescanUI;)V+1
j  fingerprintcorev2.Views.RescanUI$9.run()V+4
J 796 C1 java.util.TimerThread.mainLoop()V (232 bytes) @ 0x01d1cbf4 [0x01d1c7d0+0x424]
j  java.util.TimerThread.run()V+1
v  ~StubRoutines::call_stub

---------------  P R O C E S S  ---------------

Java Threads: ( => current thread )
  0x01224c00 JavaThread "Timer-9" [_thread_blocked, id=4604, stack(0x16300000,0x16350000)]
=>0x01224800 JavaThread "Timer-8" [_thread_in_vm, id=3164, stack(0x15cc0000,0x15d10000)]
  0x01224000 JavaThread "Timer-6" [_thread_blocked, id=5956, stack(0x16a50000,0x16aa0000)]
  0x0120a400 JavaThread "Thread-9" daemon [_thread_blocked, id=5888, stack(0x16880000,0x168d0000)]
  0x15e82800 JavaThread "TimerQueue" daemon [_thread_blocked, id=5876, stack(0x166e0000,0x16730000)]
  0x0039c800 JavaThread "DestroyJavaVM" [_thread_blocked, id=5752, stack(0x003d0000,0x00420000)]
  0x153b7800 JavaThread "AWT-EventQueue-0" [_thread_blocked, id=5800, stack(0x156f0000,0x15740000)]
  0x153b5c00 JavaThread "AWT-Windows" daemon [_thread_in_native, id=5796, stack(0x148e0000,0x14930000)]
  0x153b5400 JavaThread "AWT-Shutdown" [_thread_blocked, id=5792, stack(0x15790000,0x157e0000)]
  0x153b2c00 JavaThread "Java2D Disposer" daemon [_thread_blocked, id=5788, stack(0x13c90000,0x13ce0000)]
  0x0120ac00 JavaThread "Service Thread" daemon [_thread_blocked, id=5780, stack(0x15240000,0x15290000)]
  0x011e2400 JavaThread "C1 CompilerThread0" daemon [_thread_blocked, id=5776, stack(0x15190000,0x151e0000)]
  0x011e1800 JavaThread "Attach Listener" daemon [_thread_blocked, id=5772, stack(0x13d90000,0x13de0000)]
  0x011de400 JavaThread "Signal Dispatcher" daemon [_thread_blocked, id=5768, stack(0x150b0000,0x15100000)]
  0x011d4400 JavaThread "Finalizer" daemon [_thread_blocked, id=5764, stack(0x14880000,0x148d0000)]
  0x01175c00 JavaThread "Reference Handler" daemon [_thread_blocked, id=5760, stack(0x14960000,0x149b0000)]

Other Threads:
  0x01173400 VMThread [stack: 0x13d10000,0x13d60000] [id=5756]
  0x01211800 WatcherThread [stack: 0x15110000,0x15160000] [id=5784]

VM state:not at safepoint (normal execution)

VM Mutex/Monitor currently owned by a thread: None

Heap:
 def new generation   total 8256K, used 1165K [0x03c00000, 0x044f0000, 0x09150000)
  eden space 7360K,   5% used [0x03c00000, 0x03c6c030, 0x04330000)
  from space 896K,  81% used [0x04330000, 0x043e7690, 0x04410000)
  to   space 896K,   0% used [0x04410000, 0x04410000, 0x044f0000)
 tenured generation   total 18160K, used 15281K [0x09150000, 0x0a30c000, 0x13c00000)
   the space 18160K,  84% used [0x09150000, 0x0a03c618, 0x0a03c800, 0x0a30c000)
 Metaspace       used 3764K, capacity 4151K, committed 4288K, reserved 4480K

Card table byte_map: [0x03b70000,0x03c00000] byte_map_base: 0x03b52000

Polling page: 0x00380000

CodeCache: size=32768Kb used=1819Kb max_used=1819Kb free=30949Kb
 bounds [0x01b70000, 0x01d38000, 0x03b70000]
 total_blobs=1101 nmethods=850 adapters=181
 compilation: enabled

Compilation events (10 events):
Event: 2366.069 Thread 0x011e2400  859             org.apache.http.util.ByteArrayBuffer::append (154 bytes)
Event: 2366.070 Thread 0x011e2400 nmethod 859 0x01d34408 code [0x01d345a0, 0x01d34abc]
Event: 2366.077 Thread 0x011e2400  860             org.apache.http.impl.io.SessionInputBufferImpl::readLine (265 bytes)
Event: 2366.078 Thread 0x011e2400 nmethod 860 0x01d35008 code [0x01d351b0, 0x01d35718]
Event: 2366.079 Thread 0x011e2400  861             org.apache.http.util.CharArrayBuffer::append (158 bytes)
Event: 2366.080 Thread 0x011e2400 nmethod 861 0x01d35cc8 code [0x01d35e60, 0x01d3637c]
Event: 2366.081 Thread 0x011e2400  862             org.apache.commons.codec.binary.Hex::toDigit (50 bytes)
Event: 2366.081 Thread 0x011e2400 nmethod 862 0x01d368c8 code [0x01d36a40, 0x01d36c7c]
Event: 2366.114 Thread 0x011e2400  863             java.awt.Rectangle::<init> (9 bytes)
Event: 2366.114 Thread 0x011e2400 nmethod 863 0x01d36f48 code [0x01d37040, 0x01d370e0]

GC Heap History (10 events):
Event: 46.227 GC heap before
{Heap before GC invocations=10 (full 1):
 def new generation   total 5440K, used 5440K [0x03c00000, 0x041e0000, 0x09150000)
  eden space 4864K, 100% used [0x03c00000, 0x040c0000, 0x040c0000)
  from space 576K, 100% used [0x04150000, 0x041e0000, 0x041e0000)
  to   space 576K,   0% used [0x040c0000, 0x040c0000, 0x04150000)
 tenured generation   total 11924K, used 9641K [0x09150000, 0x09cf5000, 0x13c00000)
   the space 11924K,  80% used [0x09150000, 0x09aba770, 0x09aba800, 0x09cf5000)
 Metaspace       used 3591K, capacity 4067K, committed 4160K, reserved 4480K
Event: 46.233 GC heap after
Heap after GC invocations=11 (full 1):
 def new generation   total 5440K, used 576K [0x03c00000, 0x041e0000, 0x09150000)
  eden space 4864K,   0% used [0x03c00000, 0x03c00000, 0x040c0000)
  from space 576K, 100% used [0x040c0000, 0x04150000, 0x04150000)
  to   space 576K,   0% used [0x04150000, 0x04150000, 0x041e0000)
 tenured generation   total 11924K, used 10594K [0x09150000, 0x09cf5000, 0x13c00000)
   the space 11924K,  88% used [0x09150000, 0x09ba8a50, 0x09ba8c00, 0x09cf5000)
 Metaspace       used 3591K, capacity 4067K, committed 4160K, reserved 4480K
}
Event: 57.314 GC heap before
{Heap before GC invocations=11 (full 1):
 def new generation   total 5440K, used 3942K [0x03c00000, 0x041e0000, 0x09150000)
  eden space 4864K,  69% used [0x03c00000, 0x03f49be8, 0x040c0000)
  from space 576K, 100% used [0x040c0000, 0x04150000, 0x04150000)
  to   space 576K,   0% used [0x04150000, 0x04150000, 0x041e0000)
 tenured generation   total 11924K, used 10594K [0x09150000, 0x09cf5000, 0x13c00000)
   the space 11924K,  88% used [0x09150000, 0x09ba8a50, 0x09ba8c00, 0x09cf5000)
 Metaspace       used 3775K, capacity 4173K, committed 4288K, reserved 4480K
Event: 57.318 GC heap after
Heap after GC invocations=12 (full 1):
 def new generation   total 5440K, used 576K [0x03c00000, 0x041e0000, 0x09150000)
  eden space 4864K,   0% used [0x03c00000, 0x03c00000, 0x040c0000)
  from space 576K, 100% used [0x04150000, 0x041e0000, 0x041e0000)
  to   space 576K,   0% used [0x040c0000, 0x040c0000, 0x04150000)
 tenured generation   total 11924K, used 11046K [0x09150000, 0x09cf5000, 0x13c00000)
   the space 11924K,  92% used [0x09150000, 0x09c19b40, 0x09c19c00, 0x09cf5000)
 Metaspace       used 3775K, capacity 4173K, committed 4288K, reserved 4480K
}
Event: 216.001 GC heap before
{Heap before GC invocations=12 (full 1):
 def new generation   total 5440K, used 5440K [0x03c00000, 0x041e0000, 0x09150000)
  eden space 4864K, 100% used [0x03c00000, 0x040c0000, 0x040c0000)
  from space 576K, 100% used [0x04150000, 0x041e0000, 0x041e0000)
  to   space 576K,   0% used [0x040c0000, 0x040c0000, 0x04150000)
 tenured generation   total 11924K, used 11046K [0x09150000, 0x09cf5000, 0x13c00000)
   the space 11924K,  92% used [0x09150000, 0x09c19b40, 0x09c19c00, 0x09cf5000)
 Metaspace       used 3775K, capacity 4173K, committed 4288K, reserved 4480K
Event: 216.054 GC heap after
Heap after GC invocations=13 (full 2):
 def new generation   total 8256K, used 0K [0x03c00000, 0x044f0000, 0x09150000)
  eden space 7360K,   0% used [0x03c00000, 0x03c00000, 0x04330000)
  from space 896K,   0% used [0x04330000, 0x04330000, 0x04410000)
  to   space 896K,   0% used [0x04410000, 0x04410000, 0x044f0000)
 tenured generation   total 18160K, used 10895K [0x09150000, 0x0a30c000, 0x13c00000)
   the space 18160K,  59% used [0x09150000, 0x09bf3df8, 0x09bf3e00, 0x0a30c000)
 Metaspace       used 3758K, capacity 4151K, committed 4288K, reserved 4480K
}
Event: 2124.004 GC heap before
{Heap before GC invocations=13 (full 2):
 def new generation   total 8256K, used 7360K [0x03c00000, 0x044f0000, 0x09150000)
  eden space 7360K, 100% used [0x03c00000, 0x04330000, 0x04330000)
  from space 896K,   0% used [0x04330000, 0x04330000, 0x04410000)
  to   space 896K,   0% used [0x04410000, 0x04410000, 0x044f0000)
 tenured generation   total 18160K, used 10895K [0x09150000, 0x0a30c000, 0x13c00000)
   the space 18160K,  59% used [0x09150000, 0x09bf3df8, 0x09bf3e00, 0x0a30c000)
 Metaspace       used 3758K, capacity 4151K, committed 4288K, reserved 4480K
Event: 2124.006 GC heap after
Heap after GC invocations=14 (full 2):
 def new generation   total 8256K, used 1K [0x03c00000, 0x044f0000, 0x09150000)
  eden space 7360K,   0% used [0x03c00000, 0x03c00000, 0x04330000)
  from space 896K,   0% used [0x04410000, 0x04410558, 0x044f0000)
  to   space 896K,   0% used [0x04330000, 0x04330000, 0x04410000)
 tenured generation   total 18160K, used 10895K [0x09150000, 0x0a30c000, 0x13c00000)
   the space 18160K,  59% used [0x09150000, 0x09bf3df8, 0x09bf3e00, 0x0a30c000)
 Metaspace       used 3758K, capacity 4151K, committed 4288K, reserved 4480K
}
Event: 2367.686 GC heap before
{Heap before GC invocations=14 (full 2):
 def new generation   total 8256K, used 7218K [0x03c00000, 0x044f0000, 0x09150000)
  eden space 7360K,  98% used [0x03c00000, 0x0430c5a8, 0x04330000)
  from space 896K,   0% used [0x04410000, 0x04410558, 0x044f0000)
  to   space 896K,   0% used [0x04330000, 0x04330000, 0x04410000)
 tenured generation   total 18160K, used 10895K [0x09150000, 0x0a30c000, 0x13c00000)
   the space 18160K,  59% used [0x09150000, 0x09bf3df8, 0x09bf3e00, 0x0a30c000)
 Metaspace       used 3764K, capacity 4151K, committed 4288K, reserved 4480K
Event: 2367.691 GC heap after
Heap after GC invocations=15 (full 2):
 def new generation   total 8256K, used 733K [0x03c00000, 0x044f0000, 0x09150000)
  eden space 7360K,   0% used [0x03c00000, 0x03c00000, 0x04330000)
  from space 896K,  81% used [0x04330000, 0x043e7690, 0x04410000)
  to   space 896K,   0% used [0x04410000, 0x04410000, 0x044f0000)
 tenured generation   total 18160K, used 15281K [0x09150000, 0x0a30c000, 0x13c00000)
   the space 18160K,  84% used [0x09150000, 0x0a03c618, 0x0a03c800, 0x0a30c000)
 Metaspace       used 3764K, capacity 4151K, committed 4288K, reserved 4480K
}

Deoptimization events (0 events):
No events

Classes redefined (0 events):
No events

Internal exceptions (10 events):
Event: 0.174 Thread 0x0039c800 Exception <a 'java/security/PrivilegedActionException'> (0x03cccea0) thrown at [C:\workspace\8-2-build-windows-i586-cygwin\jdk8u181\11358\hotspot\src\share\vm\prims\jvm.cpp, line 1435]
Event: 0.175 Thread 0x0039c800 Exception <a 'java/security/PrivilegedActionException'> (0x03cd0948) thrown at [C:\workspace\8-2-build-windows-i586-cygwin\jdk8u181\11358\hotspot\src\share\vm\prims\jvm.cpp, line 1435]
Event: 0.175 Thread 0x0039c800 Exception <a 'java/security/PrivilegedActionException'> (0x03cd0b48) thrown at [C:\workspace\8-2-build-windows-i586-cygwin\jdk8u181\11358\hotspot\src\share\vm\prims\jvm.cpp, line 1435]
Event: 0.179 Thread 0x0039c800 Exception <a 'java/io/FileNotFoundException'> (0x03cd28c0) thrown at [C:\workspace\8-2-build-windows-i586-cygwin\jdk8u181\11358\hotspot\src\share\vm\prims\jni.cpp, line 709]
Event: 0.250 Thread 0x0039c800 Exception <a 'java/lang/NoSuchFieldError': method resolution failed> (0x03d90ee8) thrown at [C:\workspace\8-2-build-windows-i586-cygwin\jdk8u181\11358\hotspot\src\share\vm\prims\methodHandles.cpp, line 1167]
Event: 0.254 Thread 0x0039c800 Exception <a 'java/lang/NoSuchFieldError': method resolution failed> (0x03d9d088) thrown at [C:\workspace\8-2-build-windows-i586-cygwin\jdk8u181\11358\hotspot\src\share\vm\prims\methodHandles.cpp, line 1167]
Event: 0.344 Thread 0x153b7800 Exception <a 'java/io/FileNotFoundException'> (0x03e746e0) thrown at [C:\workspace\8-2-build-windows-i586-cygwin\jdk8u181\11358\hotspot\src\share\vm\prims\jni.cpp, line 709]
Event: 45.158 Thread 0x153b7800 Exception <a 'java/lang/NoClassDefFoundError': org/apache/log4j/Category> (0x03d83b90) thrown at [C:\workspace\8-2-build-windows-i586-cygwin\jdk8u181\11358\hotspot\src\share\vm\classfile\systemDictionary.cpp, line 199]
Event: 51.155 Thread 0x15fd8400 Exception <a 'java/io/IOException': CreateProcess error=2, The system cannot find the file specified> (0x03ef8c98) thrown at [C:\workspace\8-2-build-windows-i586-cygwin\jdk8u181\11358\hotspot\src\share\vm\prims\jni.cpp, line 735]
Event: 62.297 Thread 0x01224000 Exception <a 'java/io/IOException': CreateProcess error=2, The system cannot find the file specified> (0x0401e0f0) thrown at [C:\workspace\8-2-build-windows-i586-cygwin\jdk8u181\11358\hotspot\src\share\vm\prims\jni.cpp, line 735]

Events (10 events):
Event: 2343.628 loading class javax/swing/JComponent$IntVector
Event: 2343.628 loading class javax/swing/JComponent$IntVector done
Event: 2343.818 Executing VM operation: BulkRevokeBias
Event: 2343.818 Executing VM operation: BulkRevokeBias done
Event: 2360.219 Executing VM operation: RevokeBias
Event: 2360.219 Executing VM operation: RevokeBias done
Event: 2363.814 Executing VM operation: RevokeBias
Event: 2363.814 Executing VM operation: RevokeBias done
Event: 2367.685 Executing VM operation: GenCollectForAllocation
Event: 2367.691 Executing VM operation: GenCollectForAllocation done


Dynamic libraries:
0x01360000 - 0x01393000 	C:\Program Files\Java\jdk1.8.0_181\jre\bin\java.exe
0x77540000 - 0x7767c000 	C:\Windows\SYSTEM32\ntdll.dll
0x75a50000 - 0x75b24000 	C:\Windows\system32\kernel32.dll
0x75880000 - 0x758ca000 	C:\Windows\system32\KERNELBASE.dll
0x770d0000 - 0x77170000 	C:\Windows\system32\ADVAPI32.dll
0x776c0000 - 0x7776c000 	C:\Windows\system32\msvcrt.dll
0x75990000 - 0x759a9000 	C:\Windows\SYSTEM32\sechost.dll
0x77020000 - 0x770c1000 	C:\Windows\system32\RPCRT4.dll
0x75d10000 - 0x75dd9000 	C:\Windows\system32\USER32.dll
0x761c0000 - 0x7620e000 	C:\Windows\system32\GDI32.dll
0x76210000 - 0x7621a000 	C:\Windows\system32\LPK.dll
0x759b0000 - 0x75a4d000 	C:\Windows\system32\USP10.dll
0x74620000 - 0x747be000 	C:\Windows\WinSxS\x86_microsoft.windows.common-controls_6595b64144ccf1df_6.0.7600.16385_none_421189da2b7fabfc\COMCTL32.dll
0x77170000 - 0x771c7000 	C:\Windows\system32\SHLWAPI.dll
0x75cf0000 - 0x75d0f000 	C:\Windows\system32\IMM32.DLL
0x75c20000 - 0x75cec000 	C:\Windows\system32\MSCTF.dll
0x68050000 - 0x6810f000 	C:\Program Files\Java\jdk1.8.0_181\jre\bin\msvcr100.dll
0x67950000 - 0x67d23000 	C:\Program Files\Java\jdk1.8.0_181\jre\bin\client\jvm.dll
0x6c5c0000 - 0x6c5c7000 	C:\Windows\system32\WSOCK32.dll
0x75f40000 - 0x75f75000 	C:\Windows\system32\WS2_32.dll
0x75c10000 - 0x75c16000 	C:\Windows\system32\NSI.dll
0x70530000 - 0x70562000 	C:\Windows\system32\WINMM.dll
0x74b90000 - 0x74b99000 	C:\Windows\system32\VERSION.dll
0x76220000 - 0x76225000 	C:\Windows\system32\PSAPI.DLL
0x6be90000 - 0x6be9c000 	C:\Program Files\Java\jdk1.8.0_181\jre\bin\verify.dll
0x6a890000 - 0x6a8b2000 	C:\Program Files\Java\jdk1.8.0_181\jre\bin\java.dll
0x6a870000 - 0x6a884000 	C:\Program Files\Java\jdk1.8.0_181\jre\bin\zip.dll
0x76230000 - 0x76e79000 	C:\Windows\system32\SHELL32.dll
0x75de0000 - 0x75f3c000 	C:\Windows\system32\ole32.dll
0x75690000 - 0x7569b000 	C:\Windows\system32\profapi.dll
0x67f00000 - 0x68047000 	C:\Program Files\Java\jdk1.8.0_181\jre\bin\awt.dll
0x774b0000 - 0x7753f000 	C:\Windows\system32\OLEAUT32.dll
0x74470000 - 0x744b0000 	C:\Windows\system32\uxtheme.dll
0x74170000 - 0x74183000 	C:\Windows\system32\dwmapi.dll
0x755e0000 - 0x755ec000 	C:\Windows\system32\CRYPTBASE.dll
0x6c6c0000 - 0x6c788000 	C:\Windows\system32\opengl32.dll
0x6c690000 - 0x6c6b2000 	C:\Windows\system32\GLU32.dll
0x6b860000 - 0x6b947000 	C:\Windows\system32\DDRAW.dll
0x6c680000 - 0x6c686000 	C:\Windows\system32\DCIMAN32.dll
0x76e80000 - 0x7701d000 	C:\Windows\system32\SETUPAPI.dll
0x758d0000 - 0x758f7000 	C:\Windows\system32\CFGMGR32.dll
0x75710000 - 0x75722000 	C:\Windows\system32\DEVOBJ.dll
0x6a800000 - 0x6a839000 	C:\Program Files\Java\jdk1.8.0_181\jre\bin\fontmanager.dll
0x77220000 - 0x772a3000 	C:\Windows\system32\CLBCatQ.DLL
0x73f30000 - 0x7402b000 	C:\Windows\system32\WindowsCodecs.dll
0x75590000 - 0x755db000 	C:\Windows\system32\apphelp.dll
0x715f0000 - 0x71621000 	C:\Windows\system32\EhStorShell.dll
0x744b0000 - 0x745a5000 	C:\Windows\system32\PROPSYS.dll
0x661c0000 - 0x663dd000 	C:\PROGRA~1\MICROS~1\Office12\GR469A~1.DLL
0x68ef0000 - 0x68fe1000 	C:\PROGRA~1\MICROS~1\Office12\GrooveUtil.DLL
0x760c0000 - 0x761b4000 	C:\Windows\system32\WININET.dll
0x776b0000 - 0x776b3000 	C:\Windows\system32\Normaliz.dll
0x75f80000 - 0x760b5000 	C:\Windows\system32\urlmon.dll
0x75760000 - 0x7587c000 	C:\Windows\system32\CRYPT32.dll
0x75700000 - 0x7570c000 	C:\Windows\system32\MSASN1.dll
0x772b0000 - 0x774a9000 	C:\Windows\system32\iertutil.dll
0x70e70000 - 0x70f0b000 	C:\Windows\WinSxS\x86_microsoft.vc80.crt_1fc8b3b9a1e18e3b_8.0.50727.4927_none_d08a205e442db5b5\MSVCR80.dll
0x68ff0000 - 0x68ff7000 	C:\PROGRA~1\MICROS~1\Office12\GrooveNew.DLL
0x7c630000 - 0x7c64b000 	C:\Windows\WinSxS\x86_microsoft.vc80.atl_1fc8b3b9a1e18e3b_8.0.50727.42_none_dc990e4797f81af1\ATL80.DLL
0x75110000 - 0x75126000 	C:\Windows\system32\CRYPTSP.dll
0x74eb0000 - 0x74eeb000 	C:\Windows\system32\rsaenh.dll
0x73cf0000 - 0x73cf5000 	C:\Windows\system32\MSImg32.dll
0x70ac0000 - 0x70b2a000 	C:\Windows\System32\cscui.dll
0x70ab0000 - 0x70ab9000 	C:\Windows\System32\CSCDLL.dll
0x70aa0000 - 0x70aab000 	C:\Windows\system32\CSCAPI.dll
0x70a30000 - 0x70a9f000 	C:\Windows\system32\ntshrui.dll
0x754c0000 - 0x754d9000 	C:\Windows\system32\srvcli.dll
0x73ba0000 - 0x73baa000 	C:\Windows\system32\slc.dll
0x6a850000 - 0x6a865000 	C:\Program Files\Java\jdk1.8.0_181\jre\bin\net.dll
0x750d0000 - 0x7510c000 	C:\Windows\system32\mswsock.dll
0x750c0000 - 0x750c6000 	C:\Windows\System32\wship6.dll
0x6a840000 - 0x6a84f000 	C:\Program Files\Java\jdk1.8.0_181\jre\bin\nio.dll
0x68c00000 - 0x68c32000 	C:\Program Files\Java\jdk1.8.0_181\jre\bin\t2k.dll
0x74cf0000 - 0x74d07000 	C:\Windows\system32\USERENV.dll
0x737a0000 - 0x737bc000 	C:\Windows\system32\IPHLPAPI.DLL
0x73790000 - 0x73797000 	C:\Windows\system32\WINNSI.DLL
0x73640000 - 0x73652000 	C:\Windows\system32\dhcpcsvc.DLL
0x73440000 - 0x7344d000 	C:\Windows\system32\dhcpcsvc6.DLL
0x6cba0000 - 0x6cbd8000 	C:\Users\Admin\AppData\Local\Temp\jna-63116079\jna43118021448900786.dll
0x6cb90000 - 0x6cb93000 	C:\Program Files\Java\jdk1.8.0_181\jre\bin\api-ms-win-core-synch-l1-2-0.DLL
0x15740000 - 0x15789000 	C:\Windows\system32\fpengine.dll
0x14930000 - 0x1495a000 	C:\Windows\system32\fpcore32.dll
0x704d0000 - 0x70521000 	C:\Windows\system32\WINSPOOL.DRV
0x73d90000 - 0x73d97000 	C:\Windows\system32\WINUSB.DLL
0x742e0000 - 0x74470000 	C:\Windows\WinSxS\x86_microsoft.windows.gdiplus_6595b64144ccf1df_1.1.7600.16385_none_72fc7cbf861225ca\gdiplus.dll
0x75730000 - 0x7575d000 	C:\Windows\system32\WINTRUST.dll
0x6b500000 - 0x6b520000 	C:\Program Files\Java\jdk1.8.0_181\jre\bin\sunec.dll
0x74c20000 - 0x74c25000 	C:\Windows\System32\wshtcpip.dll
0x74f90000 - 0x74fd4000 	C:\Windows\system32\DNSAPI.dll
0x71b10000 - 0x71b16000 	C:\Windows\system32\rasadhlp.dll
0x73520000 - 0x73558000 	C:\Windows\System32\fwpuclnt.dll
0x673c0000 - 0x674ab000 	C:\Windows\system32\dbghelp.dll

VM Arguments:
jvm_args: -Dfile.encoding=UTF-8 
java_command: fingerprintcorev2.Views.IntroPage
java_class_path (initial): C:\Users\Admin\Downloads\org-apache-commons-codec.jar\org-apache-commons-codec.jar;C:\Users\Admin\Downloads\jna-4.5.2.jar;C:\Users\Admin\Downloads\unirest-java-1.4.9.jar;C:\Users\Admin\Downloads\org.json.jar\org.json.jar;C:\Users\Admin\Downloads\commons-logging-1.1.2.jar;C:\Users\Admin\Downloads\httpclient-4.5.5.jar;C:\Users\Admin\Downloads\httpcore-4.4.9.jar;C:\Users\Admin\Downloads\httpcore-nio-4.4.10.jar;C:\Users\Admin\Downloads\httpmime-4.5.6.jar;C:\Users\Admin\Downloads\httpasyncclient-4.0-beta4.jar\httpasyncclient-4.0-beta4.jar;C:\Users\Admin\Documents\NetBeansProjects\FingerprintCoreV2\build\classes
Launcher Type: SUN_STANDARD

Environment Variables:
PATH=C:\Program Files\Common Files\Oracle\Java\javapath;C:\Windows\system32;C:\Windows;C:\Windows\System32\Wbem;C:\Windows\System32\WindowsPowerShell\v1.0\;C:\Program Files\Git\cmd;C:\Program Files\Neurotechnology\FreeFingerprintVerificationSDK 1.0\bin\Win32_x86;C:\Program Files\nodejs\;C:\Users\Admin\AppData\Roaming\npm
USERNAME=Admin
OS=Windows_NT
PROCESSOR_IDENTIFIER=x86 Family 6 Model 76 Stepping 4, GenuineIntel



---------------  S Y S T E M  ---------------

OS: Windows 7 Build 7600 (6.1.7600.16385)

CPU:total 2 (initial active 2) (2 cores per cpu, 1 threads per core) family 6 model 76 stepping 4, cmov, cx8, fxsr, mmx, sse, sse2, sse3, ssse3, sse4.1, sse4.2, popcnt, aes, clmul, erms, 3dnowpref, tsc, tscinvbit

Memory: 4k page, physical 2008308k(739504k free), swap 4016616k(2242644k free)

vm_info: Java HotSpot(TM) Client VM (25.181-b13) for windows-x86 JRE (1.8.0_181-b13), built on Jul  7 2018 03:18:20 by "java_re" with MS VC++ 10.0 (VS2010)

time: Wed Aug 01 17:50:56 2018
elapsed time: 2368 seconds (0d 0h 39m 28s)

