#
# A fatal error has been detected by the Java Runtime Environment:
#
#  EXCEPTION_ACCESS_VIOLATION (0xc0000005) at pc=0x679e7158, pid=4836, tid=0x00001510
#
# JRE version: Java(TM) SE Runtime Environment (8.0_181-b13) (build 1.8.0_181-b13)
# Java VM: Java HotSpot(TM) Client VM (25.181-b13 mixed mode, sharing windows-x86 )
# Problematic frame:
# V  [jvm.dll+0x97158]
#
# Failed to write core dump. Minidumps are not enabled by default on client versions of Windows
#
# If you would like to submit a bug report, please visit:
#   http://bugreport.java.com/bugreport/crash.jsp
#

---------------  T H R E A D  ---------------

Current thread (0x011f3400):  VMThread [stack: 0x03d50000,0x03da0000] [id=5392]

siginfo: ExceptionCode=0xc0000005, reading address 0x4f206e48

Registers:
EAX=0x4f206e48, EBX=0x000000a6, ECX=0x03d9f0d0, EDX=0x679e7370
ESP=0x03d9eee8, EBP=0x03d9eef0, ESI=0x4f206e40, EDI=0x4f206e48
EIP=0x679e7158, EFLAGS=0x00010202

Top of Stack: (sp=0x03d9eee8)
0x03d9eee8:   03d9f0d0 4f206e40 03d9ef08 6799d700
0x03d9eef8:   4f206e48 011d2480 03d9f0d0 00000000
0x03d9ef08:   03d9ef1c 6799d7b6 03d9f0d0 00000000
0x03d9ef18:   000003f1 03d9ef3c 679e9a4c 03d9f0d0
0x03d9ef28:   011d2480 03d9f0d0 00000000 00000001
0x03d9ef38:   011d2480 03d9ef80 679eac61 00000001
0x03d9ef48:   00000010 03d9f0d0 03d9f0d0 03d9f070
0x03d9ef58:   03d9f070 03d9ef6c 011d2480 011d2600 

Instructions: (pc=0x679e7158)
0x679e7138:   10 8b 4e 18 8b 51 0c 8b 42 4c c1 ef 09 c6 04 07
0x679e7148:   11 5f 5e 5d c2 04 00 cc 55 8b ec 56 57 8b 7d 08
0x679e7158:   8b 07 8b f1 85 c0 74 64 3b 46 24 73 5f 8b 08 83
0x679e7168:   e1 03 80 f9 03 75 1e 8b 00 80 3d d4 e5 ca 67 00 


Register to memory mapping:

EAX=0x4f206e48 is an unknown value
EBX=0x000000a6 is an unknown value
ECX=0x03d9f0d0 is an unknown value
EDX=0x679e7370 is an unknown value
ESP=0x03d9eee8 is an unknown value
EBP=0x03d9eef0 is an unknown value
ESI=0x4f206e40 is an unknown value
EDI=0x4f206e48 is an unknown value


Stack: [0x03d50000,0x03da0000],  sp=0x03d9eee8,  free space=315k
Native frames: (J=compiled Java code, j=interpreted, Vv=VM code, C=native code)
V  [jvm.dll+0x97158]
V  [jvm.dll+0x4d700]
V  [jvm.dll+0x4d7b6]
V  [jvm.dll+0x99a4c]
V  [jvm.dll+0x9ac61]
V  [jvm.dll+0x96b39]
V  [jvm.dll+0x9a833]
V  [jvm.dll+0x947f5]
V  [jvm.dll+0x1bb716]
V  [jvm.dll+0x184b5b]
V  [jvm.dll+0x183f71]
V  [jvm.dll+0x184387]
V  [jvm.dll+0x184582]
V  [jvm.dll+0x1c5416]
C  [msvcr100.dll+0x5c556]
C  [msvcr100.dll+0x5c600]
C  [kernel32.dll+0x51174]
C  [ntdll.dll+0x5b3f5]
C  [ntdll.dll+0x5b3c8]

VM_Operation (0x16b1eba8): GenCollectForAllocation, mode: safepoint, requested by thread 0x16047000


---------------  P R O C E S S  ---------------

Java Threads: ( => current thread )
  0x16047000 JavaThread "Timer-13" [_thread_blocked, id=4468, stack(0x16ad0000,0x16b20000)]
  0x16045800 JavaThread "Timer-12" [_thread_blocked, id=4684, stack(0x16580000,0x165d0000)]
  0x16046000 JavaThread "Timer-9" [_thread_blocked, id=5320, stack(0x16be0000,0x16c30000)]
  0x16045400 JavaThread "Timer-6" [_thread_blocked, id=5868, stack(0x16b60000,0x16bb0000)]
  0x160ab400 JavaThread "Thread-9" daemon [_thread_blocked, id=2208, stack(0x15ad0000,0x15b20000)]
  0x012a2c00 JavaThread "TimerQueue" daemon [_thread_blocked, id=5452, stack(0x16800000,0x16850000)]
  0x010ec800 JavaThread "DestroyJavaVM" [_thread_blocked, id=3748, stack(0x01910000,0x01960000)]
  0x153b6c00 JavaThread "AWT-EventQueue-0" [_thread_blocked, id=5188, stack(0x15080000,0x150d0000)]
  0x153b5400 JavaThread "AWT-Windows" daemon [_thread_in_native, id=4428, stack(0x149b0000,0x14a00000)]
  0x153b4c00 JavaThread "AWT-Shutdown" [_thread_blocked, id=4644, stack(0x03d00000,0x03d50000)]
  0x153b2000 JavaThread "Java2D Disposer" daemon [_thread_blocked, id=5896, stack(0x15700000,0x15750000)]
  0x01269800 JavaThread "Service Thread" daemon [_thread_blocked, id=5880, stack(0x15240000,0x15290000)]
  0x01267000 JavaThread "C1 CompilerThread0" daemon [_thread_blocked, id=4928, stack(0x150d0000,0x15120000)]
  0x01266400 JavaThread "Attach Listener" daemon [_thread_blocked, id=5284, stack(0x15150000,0x151a0000)]
  0x0125f400 JavaThread "Signal Dispatcher" daemon [_thread_blocked, id=5524, stack(0x15000000,0x15050000)]
  0x01254400 JavaThread "Finalizer" daemon [_thread_blocked, id=5840, stack(0x14940000,0x14990000)]
  0x011f5c00 JavaThread "Reference Handler" daemon [_thread_blocked, id=4520, stack(0x010f0000,0x01140000)]

Other Threads:
=>0x011f3400 VMThread [stack: 0x03d50000,0x03da0000] [id=5392]
  0x01292400 WatcherThread [stack: 0x151e0000,0x15230000] [id=4716]

VM state:at safepoint (normal execution)

VM Mutex/Monitor currently owned by a thread:  ([mutex/lock_event])
[0x010ead68] Threads_lock - owner thread: 0x011f3400
[0x010eb178] Heap_lock - owner thread: 0x16047000

Heap:
 def new generation   total 5440K, used 5250K [0x03e00000, 0x043e0000, 0x09350000)
  eden space 4864K, 100% used [0x03e00000, 0x042c0000, 0x042c0000)
  from space 576K,  67% used [0x042c0000, 0x04320ac0, 0x04350000)
  to   space 576K,   0% used [0x04350000, 0x04350310, 0x043e0000)
 tenured generation   total 11976K, used 11346K [0x09350000, 0x09f02000, 0x13e00000)
   the space 11976K,  94% used [0x09350000, 0x09e64920, 0x09e64a00, 0x09f02000)
 Metaspace       used 3765K, capacity 4148K, committed 4288K, reserved 4480K

Card table byte_map: [0x03c30000,0x03cc0000] byte_map_base: 0x03c11000

Polling page: 0x01080000

CodeCache: size=32768Kb used=1727Kb max_used=1727Kb free=31040Kb
 bounds [0x01c30000, 0x01de8000, 0x03c30000]
 total_blobs=1025 nmethods=774 adapters=181
 compilation: enabled

Compilation events (10 events):
Event: 153.267 Thread 0x01267000  783             org.apache.http.util.CharArrayBuffer::append (37 bytes)
Event: 153.267 Thread 0x01267000 nmethod 783 0x01ddf688 code [0x01ddf790, 0x01ddf97c]
Event: 162.280 Thread 0x01267000  784             org.apache.http.util.CharArrayBuffer::indexOf (71 bytes)
Event: 162.281 Thread 0x01267000 nmethod 784 0x01ddfac8 code [0x01ddfbd0, 0x01ddfcf0]
Event: 162.281 Thread 0x01267000  785             org.apache.http.message.BufferedHeader::getName (5 bytes)
Event: 162.281 Thread 0x01267000 nmethod 785 0x01ddfe08 code [0x01ddff00, 0x01ddff80]
Event: 171.274 Thread 0x01267000  786             java.lang.Character::getType (9 bytes)
Event: 171.274 Thread 0x01267000 nmethod 786 0x01ddffc8 code [0x01de00d0, 0x01de0178]
Event: 198.270 Thread 0x01267000  787             java.lang.Character::isLetterOrDigit (19 bytes)
Event: 198.270 Thread 0x01267000 nmethod 787 0x01de0208 code [0x01de0310, 0x01de03d8]

GC Heap History (10 events):
Event: 16.247 GC heap after
Heap after GC invocations=11 (full 1):
 def new generation   total 5440K, used 576K [0x03e00000, 0x043e0000, 0x09350000)
  eden space 4864K,   0% used [0x03e00000, 0x03e00000, 0x042c0000)
  from space 576K, 100% used [0x042c0000, 0x04350000, 0x04350000)
  to   space 576K,   0% used [0x04350000, 0x04350000, 0x043e0000)
 tenured generation   total 11976K, used 10624K [0x09350000, 0x09f02000, 0x13e00000)
   the space 11976K,  88% used [0x09350000, 0x09db0020, 0x09db0200, 0x09f02000)
 Metaspace       used 3609K, capacity 4080K, committed 4160K, reserved 4480K
}
Event: 28.209 GC heap before
{Heap before GC invocations=11 (full 1):
 def new generation   total 5440K, used 3817K [0x03e00000, 0x043e0000, 0x09350000)
  eden space 4864K,  66% used [0x03e00000, 0x0412a728, 0x042c0000)
  from space 576K, 100% used [0x042c0000, 0x04350000, 0x04350000)
  to   space 576K,   0% used [0x04350000, 0x04350000, 0x043e0000)
 tenured generation   total 11976K, used 10624K [0x09350000, 0x09f02000, 0x13e00000)
   the space 11976K,  88% used [0x09350000, 0x09db0020, 0x09db0200, 0x09f02000)
 Metaspace       used 3781K, capacity 4183K, committed 4288K, reserved 4480K
Event: 28.216 GC heap after
Heap after GC invocations=12 (full 1):
 def new generation   total 5440K, used 560K [0x03e00000, 0x043e0000, 0x09350000)
  eden space 4864K,   0% used [0x03e00000, 0x03e00000, 0x042c0000)
  from space 576K,  97% used [0x04350000, 0x043dc358, 0x043e0000)
  to   space 576K,   0% used [0x042c0000, 0x042c0000, 0x04350000)
 tenured generation   total 11976K, used 11055K [0x09350000, 0x09f02000, 0x13e00000)
   the space 11976K,  92% used [0x09350000, 0x09e1bf68, 0x09e1c000, 0x09f02000)
 Metaspace       used 3781K, capacity 4183K, committed 4288K, reserved 4480K
}
Event: 40.003 GC heap before
{Heap before GC invocations=12 (full 1):
 def new generation   total 5440K, used 5218K [0x03e00000, 0x043e0000, 0x09350000)
  eden space 4864K,  95% used [0x03e00000, 0x0428c848, 0x042c0000)
  from space 576K,  97% used [0x04350000, 0x043dc358, 0x043e0000)
  to   space 576K,   0% used [0x042c0000, 0x042c0000, 0x04350000)
 tenured generation   total 11976K, used 11055K [0x09350000, 0x09f02000, 0x13e00000)
   the space 11976K,  92% used [0x09350000, 0x09e1bf68, 0x09e1c000, 0x09f02000)
 Metaspace       used 3782K, capacity 4183K, committed 4288K, reserved 4480K
Event: 40.051 GC heap after
Heap after GC invocations=13 (full 2):
 def new generation   total 5440K, used 0K [0x03e00000, 0x043e0000, 0x09350000)
  eden space 4864K,   0% used [0x03e00000, 0x03e00000, 0x042c0000)
  from space 576K,   0% used [0x042c0000, 0x042c0000, 0x04350000)
  to   space 576K,   0% used [0x04350000, 0x04350000, 0x043e0000)
 tenured generation   total 11976K, used 6957K [0x09350000, 0x09f02000, 0x13e00000)
   the space 11976K,  58% used [0x09350000, 0x09a1b6a8, 0x09a1b800, 0x09f02000)
 Metaspace       used 3759K, capacity 4148K, committed 4288K, reserved 4480K
}
Event: 71.659 GC heap before
{Heap before GC invocations=13 (full 2):
 def new generation   total 5440K, used 4700K [0x03e00000, 0x043e0000, 0x09350000)
  eden space 4864K,  96% used [0x03e00000, 0x042970c8, 0x042c0000)
  from space 576K,   0% used [0x042c0000, 0x042c0000, 0x04350000)
  to   space 576K,   0% used [0x04350000, 0x04350000, 0x043e0000)
 tenured generation   total 11976K, used 6957K [0x09350000, 0x09f02000, 0x13e00000)
   the space 11976K,  58% used [0x09350000, 0x09a1b6a8, 0x09a1b800, 0x09f02000)
 Metaspace       used 3765K, capacity 4148K, committed 4288K, reserved 4480K
Event: 71.664 GC heap after
Heap after GC invocations=14 (full 2):
 def new generation   total 5440K, used 128K [0x03e00000, 0x043e0000, 0x09350000)
  eden space 4864K,   0% used [0x03e00000, 0x03e00000, 0x042c0000)
  from space 576K,  22% used [0x04350000, 0x04370320, 0x043e0000)
  to   space 576K,   0% used [0x042c0000, 0x042c0000, 0x04350000)
 tenured generation   total 11976K, used 11055K [0x09350000, 0x09f02000, 0x13e00000)
   the space 11976K,  92% used [0x09350000, 0x09e1beb8, 0x09e1c000, 0x09f02000)
 Metaspace       used 3765K, capacity 4148K, committed 4288K, reserved 4480K
}
Event: 81.279 GC heap before
{Heap before GC invocations=14 (full 2):
 def new generation   total 5440K, used 2543K [0x03e00000, 0x043e0000, 0x09350000)
  eden space 4864K,  49% used [0x03e00000, 0x0405bbe8, 0x042c0000)
  from space 576K,  22% used [0x04350000, 0x04370320, 0x043e0000)
  to   space 576K,   0% used [0x042c0000, 0x042c0000, 0x04350000)
 tenured generation   total 11976K, used 11055K [0x09350000, 0x09f02000, 0x13e00000)
   the space 11976K,  92% used [0x09350000, 0x09e1beb8, 0x09e1c000, 0x09f02000)
 Metaspace       used 3765K, capacity 4148K, committed 4288K, reserved 4480K
Event: 81.281 GC heap after
Heap after GC invocations=15 (full 2):
 def new generation   total 5440K, used 386K [0x03e00000, 0x043e0000, 0x09350000)
  eden space 4864K,   0% used [0x03e00000, 0x03e00000, 0x042c0000)
  from space 576K,  67% used [0x042c0000, 0x04320ac0, 0x04350000)
  to   space 576K,   0% used [0x04350000, 0x04350000, 0x043e0000)
 tenured generation   total 11976K, used 11343K [0x09350000, 0x09f02000, 0x13e00000)
   the space 11976K,  94% used [0x09350000, 0x09e63ec8, 0x09e64000, 0x09f02000)
 Metaspace       used 3765K, capacity 4148K, committed 4288K, reserved 4480K
}
Event: 207.262 GC heap before
{Heap before GC invocations=15 (full 2):
 def new generation   total 5440K, used 5250K [0x03e00000, 0x043e0000, 0x09350000)
  eden space 4864K, 100% used [0x03e00000, 0x042c0000, 0x042c0000)
  from space 576K,  67% used [0x042c0000, 0x04320ac0, 0x04350000)
  to   space 576K,   0% used [0x04350000, 0x04350000, 0x043e0000)
 tenured generation   total 11976K, used 11343K [0x09350000, 0x09f02000, 0x13e00000)
   the space 11976K,  94% used [0x09350000, 0x09e63ec8, 0x09e64000, 0x09f02000)
 Metaspace       used 3765K, capacity 4148K, committed 4288K, reserved 4480K

Deoptimization events (0 events):
No events

Classes redefined (0 events):
No events

Internal exceptions (10 events):
Event: 0.559 Thread 0x010ec800 Exception <a 'java/lang/NoSuchFieldError': method resolution failed> (0x03f90ec8) thrown at [C:\workspace\8-2-build-windows-i586-cygwin\jdk8u181\11358\hotspot\src\share\vm\prims\methodHandles.cpp, line 1167]
Event: 0.563 Thread 0x010ec800 Exception <a 'java/lang/NoSuchFieldError': method resolution failed> (0x03f9d068) thrown at [C:\workspace\8-2-build-windows-i586-cygwin\jdk8u181\11358\hotspot\src\share\vm\prims\methodHandles.cpp, line 1167]
Event: 0.756 Thread 0x153b6c00 Exception <a 'java/io/FileNotFoundException'> (0x040746c0) thrown at [C:\workspace\8-2-build-windows-i586-cygwin\jdk8u181\11358\hotspot\src\share\vm\prims\jni.cpp, line 709]
Event: 13.844 Thread 0x153b6c00 Exception <a 'java/lang/NoClassDefFoundError': org/apache/log4j/Category> (0x03f7e858) thrown at [C:\workspace\8-2-build-windows-i586-cygwin\jdk8u181\11358\hotspot\src\share\vm\classfile\systemDictionary.cpp, line 199]
Event: 18.410 Thread 0x15349400 Exception <a 'java/net/SocketTimeoutException': Read timed out> (0x03f1d020) thrown at [C:\workspace\8-2-build-windows-i586-cygwin\jdk8u181\11358\hotspot\src\share\vm\prims\jni.cpp, line 735]
Event: 21.965 Thread 0x15356400 Exception <a 'java/io/IOException': CreateProcess error=2, The system cannot find the file specified> (0x040d9830) thrown at [C:\workspace\8-2-build-windows-i586-cygwin\jdk8u181\11358\hotspot\src\share\vm\prims\jni.cpp, line 735]
Event: 33.192 Thread 0x16045400 Exception <a 'java/io/IOException': CreateProcess error=2, The system cannot find the file specified> (0x0422ef28) thrown at [C:\workspace\8-2-build-windows-i586-cygwin\jdk8u181\11358\hotspot\src\share\vm\prims\jni.cpp, line 735]
Event: 72.171 Thread 0x16045800 Exception <a 'java/net/SocketTimeoutException': Read timed out> (0x03eae578) thrown at [C:\workspace\8-2-build-windows-i586-cygwin\jdk8u181\11358\hotspot\src\share\vm\prims\jni.cpp, line 735]
Event: 75.188 Thread 0x16046400 Exception <a 'java/io/IOException': CreateProcess error=2, The system cannot find the file specified> (0x0402d890) thrown at [C:\workspace\8-2-build-windows-i586-cygwin\jdk8u181\11358\hotspot\src\share\vm\prims\jni.cpp, line 735]
Event: 86.261 Thread 0x16045800 Exception <a 'java/io/IOException': CreateProcess error=2, The system cannot find the file specified> (0x0421ca90) thrown at [C:\workspace\8-2-build-windows-i586-cygwin\jdk8u181\11358\hotspot\src\share\vm\prims\jni.cpp, line 735]

Events (10 events):
Event: 81.278 Executing VM operation: RevokeBias
Event: 81.278 Executing VM operation: RevokeBias done
Event: 81.278 Executing VM operation: RevokeBias
Event: 81.278 Executing VM operation: RevokeBias done
Event: 81.279 Executing VM operation: GenCollectForAllocation
Event: 81.281 Executing VM operation: GenCollectForAllocation done
Event: 81.291 Executing VM operation: RevokeBias
Event: 81.292 Executing VM operation: RevokeBias done
Event: 81.292 Thread 0x16046400 Thread exited: 0x16046400
Event: 207.262 Executing VM operation: GenCollectForAllocation


Dynamic libraries:
0x012e0000 - 0x01313000 	C:\Program Files\Java\jdk1.8.0_181\jre\bin\java.exe
0x77540000 - 0x7767c000 	C:\Windows\SYSTEM32\ntdll.dll
0x75a50000 - 0x75b24000 	C:\Windows\system32\kernel32.dll
0x75880000 - 0x758ca000 	C:\Windows\system32\KERNELBASE.dll
0x770d0000 - 0x77170000 	C:\Windows\system32\ADVAPI32.dll
0x776c0000 - 0x7776c000 	C:\Windows\system32\msvcrt.dll
0x75990000 - 0x759a9000 	C:\Windows\SYSTEM32\sechost.dll
0x77020000 - 0x770c1000 	C:\Windows\system32\RPCRT4.dll
0x75d10000 - 0x75dd9000 	C:\Windows\system32\USER32.dll
0x761c0000 - 0x7620e000 	C:\Windows\system32\GDI32.dll
0x76210000 - 0x7621a000 	C:\Windows\system32\LPK.dll
0x759b0000 - 0x75a4d000 	C:\Windows\system32\USP10.dll
0x74620000 - 0x747be000 	C:\Windows\WinSxS\x86_microsoft.windows.common-controls_6595b64144ccf1df_6.0.7600.16385_none_421189da2b7fabfc\COMCTL32.dll
0x77170000 - 0x771c7000 	C:\Windows\system32\SHLWAPI.dll
0x75cf0000 - 0x75d0f000 	C:\Windows\system32\IMM32.DLL
0x75c20000 - 0x75cec000 	C:\Windows\system32\MSCTF.dll
0x68050000 - 0x6810f000 	C:\Program Files\Java\jdk1.8.0_181\jre\bin\msvcr100.dll
0x67950000 - 0x67d23000 	C:\Program Files\Java\jdk1.8.0_181\jre\bin\client\jvm.dll
0x6c5c0000 - 0x6c5c7000 	C:\Windows\system32\WSOCK32.dll
0x75f40000 - 0x75f75000 	C:\Windows\system32\WS2_32.dll
0x75c10000 - 0x75c16000 	C:\Windows\system32\NSI.dll
0x70530000 - 0x70562000 	C:\Windows\system32\WINMM.dll
0x74b90000 - 0x74b99000 	C:\Windows\system32\VERSION.dll
0x76220000 - 0x76225000 	C:\Windows\system32\PSAPI.DLL
0x6be90000 - 0x6be9c000 	C:\Program Files\Java\jdk1.8.0_181\jre\bin\verify.dll
0x6a890000 - 0x6a8b2000 	C:\Program Files\Java\jdk1.8.0_181\jre\bin\java.dll
0x6a870000 - 0x6a884000 	C:\Program Files\Java\jdk1.8.0_181\jre\bin\zip.dll
0x76230000 - 0x76e79000 	C:\Windows\system32\SHELL32.dll
0x75de0000 - 0x75f3c000 	C:\Windows\system32\ole32.dll
0x75690000 - 0x7569b000 	C:\Windows\system32\profapi.dll
0x67f00000 - 0x68047000 	C:\Program Files\Java\jdk1.8.0_181\jre\bin\awt.dll
0x774b0000 - 0x7753f000 	C:\Windows\system32\OLEAUT32.dll
0x74470000 - 0x744b0000 	C:\Windows\system32\uxtheme.dll
0x74170000 - 0x74183000 	C:\Windows\system32\dwmapi.dll
0x755e0000 - 0x755ec000 	C:\Windows\system32\CRYPTBASE.dll
0x6c6c0000 - 0x6c788000 	C:\Windows\system32\opengl32.dll
0x6c690000 - 0x6c6b2000 	C:\Windows\system32\GLU32.dll
0x6b860000 - 0x6b947000 	C:\Windows\system32\DDRAW.dll
0x6c680000 - 0x6c686000 	C:\Windows\system32\DCIMAN32.dll
0x76e80000 - 0x7701d000 	C:\Windows\system32\SETUPAPI.dll
0x758d0000 - 0x758f7000 	C:\Windows\system32\CFGMGR32.dll
0x75710000 - 0x75722000 	C:\Windows\system32\DEVOBJ.dll
0x6a800000 - 0x6a839000 	C:\Program Files\Java\jdk1.8.0_181\jre\bin\fontmanager.dll
0x77220000 - 0x772a3000 	C:\Windows\system32\CLBCatQ.DLL
0x73f30000 - 0x7402b000 	C:\Windows\system32\WindowsCodecs.dll
0x75590000 - 0x755db000 	C:\Windows\system32\apphelp.dll
0x715f0000 - 0x71621000 	C:\Windows\system32\EhStorShell.dll
0x744b0000 - 0x745a5000 	C:\Windows\system32\PROPSYS.dll
0x661c0000 - 0x663dd000 	C:\PROGRA~1\MICROS~1\Office12\GR469A~1.DLL
0x68ef0000 - 0x68fe1000 	C:\PROGRA~1\MICROS~1\Office12\GrooveUtil.DLL
0x760c0000 - 0x761b4000 	C:\Windows\system32\WININET.dll
0x776b0000 - 0x776b3000 	C:\Windows\system32\Normaliz.dll
0x75f80000 - 0x760b5000 	C:\Windows\system32\urlmon.dll
0x75760000 - 0x7587c000 	C:\Windows\system32\CRYPT32.dll
0x75700000 - 0x7570c000 	C:\Windows\system32\MSASN1.dll
0x772b0000 - 0x774a9000 	C:\Windows\system32\iertutil.dll
0x70e70000 - 0x70f0b000 	C:\Windows\WinSxS\x86_microsoft.vc80.crt_1fc8b3b9a1e18e3b_8.0.50727.4927_none_d08a205e442db5b5\MSVCR80.dll
0x68ff0000 - 0x68ff7000 	C:\PROGRA~1\MICROS~1\Office12\GrooveNew.DLL
0x7c630000 - 0x7c64b000 	C:\Windows\WinSxS\x86_microsoft.vc80.atl_1fc8b3b9a1e18e3b_8.0.50727.42_none_dc990e4797f81af1\ATL80.DLL
0x75110000 - 0x75126000 	C:\Windows\system32\CRYPTSP.dll
0x74eb0000 - 0x74eeb000 	C:\Windows\system32\rsaenh.dll
0x73cf0000 - 0x73cf5000 	C:\Windows\system32\MSImg32.dll
0x70ac0000 - 0x70b2a000 	C:\Windows\System32\cscui.dll
0x70ab0000 - 0x70ab9000 	C:\Windows\System32\CSCDLL.dll
0x70aa0000 - 0x70aab000 	C:\Windows\system32\CSCAPI.dll
0x70a30000 - 0x70a9f000 	C:\Windows\system32\ntshrui.dll
0x754c0000 - 0x754d9000 	C:\Windows\system32\srvcli.dll
0x73ba0000 - 0x73baa000 	C:\Windows\system32\slc.dll
0x6a850000 - 0x6a865000 	C:\Program Files\Java\jdk1.8.0_181\jre\bin\net.dll
0x750d0000 - 0x7510c000 	C:\Windows\system32\mswsock.dll
0x750c0000 - 0x750c6000 	C:\Windows\System32\wship6.dll
0x6a840000 - 0x6a84f000 	C:\Program Files\Java\jdk1.8.0_181\jre\bin\nio.dll
0x68c00000 - 0x68c32000 	C:\Program Files\Java\jdk1.8.0_181\jre\bin\t2k.dll
0x74cf0000 - 0x74d07000 	C:\Windows\system32\USERENV.dll
0x737a0000 - 0x737bc000 	C:\Windows\system32\IPHLPAPI.DLL
0x73790000 - 0x73797000 	C:\Windows\system32\WINNSI.DLL
0x73640000 - 0x73652000 	C:\Windows\system32\dhcpcsvc.DLL
0x73440000 - 0x7344d000 	C:\Windows\system32\dhcpcsvc6.DLL
0x6ba50000 - 0x6ba88000 	C:\Users\Admin\AppData\Local\Temp\jna-63116079\jna4493705093123307687.dll
0x6cbf0000 - 0x6cbf3000 	C:\Program Files\Java\jdk1.8.0_181\jre\bin\api-ms-win-core-synch-l1-2-0.DLL
0x157a0000 - 0x157e9000 	C:\Windows\system32\fpengine.dll
0x14fc0000 - 0x14fea000 	C:\Windows\system32\fpcore32.dll
0x704d0000 - 0x70521000 	C:\Windows\system32\WINSPOOL.DRV
0x73d90000 - 0x73d97000 	C:\Windows\system32\WINUSB.DLL
0x742e0000 - 0x74470000 	C:\Windows\WinSxS\x86_microsoft.windows.gdiplus_6595b64144ccf1df_1.1.7600.16385_none_72fc7cbf861225ca\gdiplus.dll
0x75730000 - 0x7575d000 	C:\Windows\system32\WINTRUST.dll
0x6b500000 - 0x6b520000 	C:\Program Files\Java\jdk1.8.0_181\jre\bin\sunec.dll
0x74c20000 - 0x74c25000 	C:\Windows\System32\wshtcpip.dll
0x74f90000 - 0x74fd4000 	C:\Windows\system32\DNSAPI.dll
0x71b10000 - 0x71b16000 	C:\Windows\system32\rasadhlp.dll
0x73520000 - 0x73558000 	C:\Windows\System32\fwpuclnt.dll
0x673c0000 - 0x674ab000 	C:\Windows\system32\dbghelp.dll

VM Arguments:
jvm_args: -Dfile.encoding=UTF-8 
java_command: fingerprintcorev2.Views.IntroPage
java_class_path (initial): C:\Users\Admin\Downloads\org-apache-commons-codec.jar\org-apache-commons-codec.jar;C:\Users\Admin\Downloads\jna-4.5.2.jar;C:\Users\Admin\Downloads\unirest-java-1.4.9.jar;C:\Users\Admin\Downloads\org.json.jar\org.json.jar;C:\Users\Admin\Downloads\commons-logging-1.1.2.jar;C:\Users\Admin\Downloads\httpclient-4.5.5.jar;C:\Users\Admin\Downloads\httpcore-4.4.9.jar;C:\Users\Admin\Downloads\httpcore-nio-4.4.10.jar;C:\Users\Admin\Downloads\httpmime-4.5.6.jar;C:\Users\Admin\Downloads\httpasyncclient-4.0-beta4.jar\httpasyncclient-4.0-beta4.jar;C:\Users\Admin\Documents\NetBeansProjects\FingerprintCoreV2\build\classes
Launcher Type: SUN_STANDARD

Environment Variables:
PATH=C:\Program Files\Common Files\Oracle\Java\javapath;C:\Windows\system32;C:\Windows;C:\Windows\System32\Wbem;C:\Windows\System32\WindowsPowerShell\v1.0\;C:\Program Files\Git\cmd;C:\Program Files\Neurotechnology\FreeFingerprintVerificationSDK 1.0\bin\Win32_x86;C:\Program Files\nodejs\;C:\Users\Admin\AppData\Roaming\npm
USERNAME=Admin
OS=Windows_NT
PROCESSOR_IDENTIFIER=x86 Family 6 Model 76 Stepping 4, GenuineIntel



---------------  S Y S T E M  ---------------

OS: Windows 7 Build 7600 (6.1.7600.16385)

CPU:total 2 (initial active 2) (2 cores per cpu, 1 threads per core) family 6 model 76 stepping 4, cmov, cx8, fxsr, mmx, sse, sse2, sse3, ssse3, sse4.1, sse4.2, popcnt, aes, clmul, erms, 3dnowpref, tsc, tscinvbit

Memory: 4k page, physical 2008308k(660296k free), swap 4016616k(1980088k free)

vm_info: Java HotSpot(TM) Client VM (25.181-b13) for windows-x86 JRE (1.8.0_181-b13), built on Jul  7 2018 03:18:20 by "java_re" with MS VC++ 10.0 (VS2010)

time: Wed Aug 01 19:30:28 2018
elapsed time: 207 seconds (0d 0h 3m 27s)

