#
# A fatal error has been detected by the Java Runtime Environment:
#
#  EXCEPTION_ACCESS_VIOLATION (0xc0000005) at pc=0x77591ffe, pid=5796, tid=0x0000114c
#
# JRE version: Java(TM) SE Runtime Environment (8.0_181-b13) (build 1.8.0_181-b13)
# Java VM: Java HotSpot(TM) Client VM (25.181-b13 mixed mode, sharing windows-x86 )
# Problematic frame:
# C  [ntdll.dll+0x51ffe]
#
# Failed to write core dump. Minidumps are not enabled by default on client versions of Windows
#
# If you would like to submit a bug report, please visit:
#   http://bugreport.java.com/bugreport/crash.jsp
#

---------------  T H R E A D  ---------------

Current thread (0x153e2400):  JavaThread "Timer-10" [_thread_in_vm, id=4428, stack(0x17a70000,0x17ac0000)]

siginfo: ExceptionCode=0xc0000005, reading address 0xfcca18de

Registers:
EAX=0xc7805d00, EBX=0x164fe520, ECX=0x01350000, EDX=0x164fe520
ESP=0x17abeb68, EBP=0x17abeb9c, ESI=0xfcca18da, EDI=0x164fe518
EIP=0x77591ffe, EFLAGS=0x00010282

Top of Stack: (sp=0x17abeb68)
0x17abeb68:   00000000 01350000 164fe520 00000100
0x17abeb78:   00000000 17abebac 1573320c 164fe520
0x17abeb88:   15750c40 00000100 17abec38 00000000
0x17abeb98:   164fe518 17abebb4 77591faf 153e2400
0x17abeba8:   00000000 164fe520 164fe518 17abebc8
0x17abebb8:   75a9f1ac 01350000 00000000 164fe520
0x17abebc8:   17abebdc 6806016a 01350000 00000000
0x17abebd8:   164fe520 17abebec 67ab3f33 164fe520 

Instructions: (pc=0x77591ffe)
0x77591fde:   7a f8 80 7f 07 05 0f 84 58 df 03 00 8b 07 8b f7
0x77591fee:   c1 ee 03 33 f0 33 35 dc 71 61 77 89 7d fc 33 f1
0x77591ffe:   8b 46 04 89 45 f4 c6 47 07 80 c6 47 06 00 8b 5e
0x7759200e:   08 8b 4e 0c 89 5d e0 83 c3 01 89 4d e4 83 d1 01 


Register to memory mapping:

EAX=0xc7805d00 is an unknown value
EBX=0x164fe520 is an unknown value
ECX=0x01350000 is an unknown value
EDX=0x164fe520 is an unknown value
ESP=0x17abeb68 is pointing into the stack for thread: 0x153e2400
EBP=0x17abeb9c is pointing into the stack for thread: 0x153e2400
ESI=0xfcca18da is an unknown value
EDI=0x164fe518 is an unknown value


Stack: [0x17a70000,0x17ac0000],  sp=0x17abeb68,  free space=314k
Native frames: (J=compiled Java code, j=interpreted, Vv=VM code, C=native code)
C  [ntdll.dll+0x51ffe]
C  [ntdll.dll+0x51faf]
C  [kernel32.dll+0x4f1ac]
C  [msvcr100.dll+0x1016a]
V  [jvm.dll+0x163f33]
V  [jvm.dll+0xe6847]
C  [jna7192995366829178380.dll+0x8ef9]
C  [jna7192995366829178380.dll+0x36d2]
J 859  com.sun.jna.Native.invokeInt(Lcom/sun/jna/Function;JI[Ljava/lang/Object;)I (0 bytes) @ 0x01d8c39c [0x01d8c2e0+0xbc]
J 858 C1 com.sun.jna.Function.invoke([Ljava/lang/Object;Ljava/lang/Class;ZI)Ljava/lang/Object; (769 bytes) @ 0x01d8cb0c [0x01d8c900+0x20c]
J 857 C1 com.sun.jna.Function.invoke(Ljava/lang/reflect/Method;[Ljava/lang/Class;Ljava/lang/Class;[Ljava/lang/Object;Ljava/util/Map;)Ljava/lang/Object; (548 bytes) @ 0x01d8a22c [0x01d89c30+0x5fc]
J 867 C1 com.sun.jna.Library$Handler.invoke(Ljava/lang/Object;Ljava/lang/reflect/Method;[Ljava/lang/Object;)Ljava/lang/Object; (348 bytes) @ 0x01d93370 [0x01d92c40+0x730]
j  com.sun.proxy.$Proxy0.GetFpCharByGen([B[I)I+20
j  fingerprintcorev2.Views.RescanUI.fpsmessage()V+119
j  fingerprintcorev2.Views.RescanUI.access$800(Lfingerprintcorev2/Views/RescanUI;)V+1
j  fingerprintcorev2.Views.RescanUI$9.run()V+4
j  java.util.TimerThread.mainLoop()V+221
j  java.util.TimerThread.run()V+1
v  ~StubRoutines::call_stub
V  [jvm.dll+0x15c065]
V  [jvm.dll+0x223ade]
V  [jvm.dll+0x15c0fe]
V  [jvm.dll+0x15c286]
V  [jvm.dll+0x15c2f7]
V  [jvm.dll+0x10016f]
V  [jvm.dll+0x17f280]
V  [jvm.dll+0x17fafa]
V  [jvm.dll+0x1c5416]
C  [msvcr100.dll+0x5c556]
C  [msvcr100.dll+0x5c600]
C  [kernel32.dll+0x51174]
C  [ntdll.dll+0x5b3f5]
C  [ntdll.dll+0x5b3c8]
C  0x00000000

Java frames: (J=compiled Java code, j=interpreted, Vv=VM code)
J 859  com.sun.jna.Native.invokeInt(Lcom/sun/jna/Function;JI[Ljava/lang/Object;)I (0 bytes) @ 0x01d8c358 [0x01d8c2e0+0x78]
J 858 C1 com.sun.jna.Function.invoke([Ljava/lang/Object;Ljava/lang/Class;ZI)Ljava/lang/Object; (769 bytes) @ 0x01d8cb0c [0x01d8c900+0x20c]
J 857 C1 com.sun.jna.Function.invoke(Ljava/lang/reflect/Method;[Ljava/lang/Class;Ljava/lang/Class;[Ljava/lang/Object;Ljava/util/Map;)Ljava/lang/Object; (548 bytes) @ 0x01d8a22c [0x01d89c30+0x5fc]
J 867 C1 com.sun.jna.Library$Handler.invoke(Ljava/lang/Object;Ljava/lang/reflect/Method;[Ljava/lang/Object;)Ljava/lang/Object; (348 bytes) @ 0x01d93370 [0x01d92c40+0x730]
j  com.sun.proxy.$Proxy0.GetFpCharByGen([B[I)I+20
j  fingerprintcorev2.Views.RescanUI.fpsmessage()V+119
j  fingerprintcorev2.Views.RescanUI.access$800(Lfingerprintcorev2/Views/RescanUI;)V+1
j  fingerprintcorev2.Views.RescanUI$9.run()V+4
j  java.util.TimerThread.mainLoop()V+221
j  java.util.TimerThread.run()V+1
v  ~StubRoutines::call_stub

---------------  P R O C E S S  ---------------

Java Threads: ( => current thread )
  0x153e2800 JavaThread "Timer-11" [_thread_blocked, id=6228, stack(0x177e0000,0x17830000)]
=>0x153e2400 JavaThread "Timer-10" [_thread_in_vm, id=4428, stack(0x17a70000,0x17ac0000)]
  0x153e1000 JavaThread "Thread-15" daemon [_thread_blocked, id=3052, stack(0x16a40000,0x16a90000)]
  0x153e0800 JavaThread "Timer-7" [_thread_blocked, id=6968, stack(0x16d00000,0x16d50000)]
  0x153e0400 JavaThread "Timer-6" [_thread_blocked, id=7920, stack(0x16dd0000,0x16e20000)]
  0x163b5400 JavaThread "TimerQueue" daemon [_thread_blocked, id=4548, stack(0x16180000,0x161d0000)]
  0x0135c800 JavaThread "DestroyJavaVM" [_thread_blocked, id=7756, stack(0x00380000,0x003d0000)]
  0x15505400 JavaThread "AWT-EventQueue-0" [_thread_blocked, id=5924, stack(0x158e0000,0x15930000)]
  0x15503c00 JavaThread "AWT-Windows" daemon [_thread_in_native, id=1492, stack(0x151d0000,0x15220000)]
  0x15502c00 JavaThread "AWT-Shutdown" [_thread_blocked, id=3796, stack(0x15820000,0x15870000)]
  0x15500400 JavaThread "Java2D Disposer" daemon [_thread_blocked, id=6340, stack(0x15790000,0x157e0000)]
  0x012a4c00 JavaThread "Service Thread" daemon [_thread_blocked, id=7836, stack(0x15300000,0x15350000)]
  0x012a2400 JavaThread "C1 CompilerThread0" daemon [_thread_blocked, id=6956, stack(0x15230000,0x15280000)]
  0x012a1800 JavaThread "Attach Listener" daemon [_thread_blocked, id=6376, stack(0x150c0000,0x15110000)]
  0x0129e800 JavaThread "Signal Dispatcher" daemon [_thread_blocked, id=4880, stack(0x15050000,0x150a0000)]
  0x01294400 JavaThread "Finalizer" daemon [_thread_blocked, id=7668, stack(0x13cb0000,0x13d00000)]
  0x01235c00 JavaThread "Reference Handler" daemon [_thread_blocked, id=6160, stack(0x14980000,0x149d0000)]

Other Threads:
  0x01233400 VMThread [stack: 0x13d60000,0x13db0000] [id=6936]
  0x012cdc00 WatcherThread [stack: 0x15390000,0x153e0000] [id=4772]

VM state:not at safepoint (normal execution)

VM Mutex/Monitor currently owned by a thread: None

Heap:
 def new generation   total 8256K, used 2511K [0x03c00000, 0x044f0000, 0x09150000)
  eden space 7360K,  34% used [0x03c00000, 0x03e73e48, 0x04330000)
  from space 896K,   0% used [0x04330000, 0x04330000, 0x04410000)
  to   space 896K,   0% used [0x04410000, 0x04410000, 0x044f0000)
 tenured generation   total 18128K, used 10874K [0x09150000, 0x0a304000, 0x13c00000)
   the space 18128K,  59% used [0x09150000, 0x09beea98, 0x09beec00, 0x0a304000)
 Metaspace       used 3866K, capacity 4090K, committed 4160K, reserved 4480K

Card table byte_map: [0x13c00000,0x13c90000] byte_map_base: 0x13be2000

Polling page: 0x00360000

CodeCache: size=32768Kb used=1827Kb max_used=1827Kb free=30940Kb
 bounds [0x01bd0000, 0x01da0000, 0x03bd0000]
 total_blobs=1130 nmethods=868 adapters=192
 compilation: enabled

Compilation events (10 events):
Event: 82.325 Thread 0x012a2400  876             java.util.TaskQueue::fixDown (108 bytes)
Event: 82.327 Thread 0x012a2400 nmethod 876 0x01d95ec8 code [0x01d95fe0, 0x01d96270]
Event: 82.748 Thread 0x012a2400  877             java.util.prefs.WindowsPreferences::stringToByteArray (43 bytes)
Event: 82.751 Thread 0x012a2400 nmethod 877 0x01d96588 code [0x01d966a0, 0x01d9686c]
Event: 84.650 Thread 0x012a2400  878             javax.swing.GroupLayout$AutoPreferredGapSpring::calculatePadding (165 bytes)
Event: 84.656 Thread 0x012a2400 nmethod 878 0x01d96a48 code [0x01d96b80, 0x01d96de0]
Event: 84.753 Thread 0x012a2400  879             fingerprintcorev2.Configs.Configs::DrawImage (151 bytes)
Event: 84.763 Thread 0x012a2400 nmethod 879 0x01d97088 code [0x01d97290, 0x01d97c24]
Event: 84.772 Thread 0x012a2400  880   !         sun.awt.image.ImageRepresentation::getOpaqueRGBImage (164 bytes)
Event: 84.777 Thread 0x012a2400 nmethod 880 0x01d98548 code [0x01d986a0, 0x01d98a70]

GC Heap History (10 events):
Event: 27.104 GC heap before
{Heap before GC invocations=5 (full 0):
 def new generation   total 4928K, used 4506K [0x03c00000, 0x04150000, 0x09150000)
  eden space 4416K, 100% used [0x03c00000, 0x04050000, 0x04050000)
  from space 512K,  17% used [0x040d0000, 0x040e6a70, 0x04150000)
  to   space 512K,   0% used [0x04050000, 0x04050000, 0x040d0000)
 tenured generation   total 10944K, used 6981K [0x09150000, 0x09c00000, 0x13c00000)
   the space 10944K,  63% used [0x09150000, 0x09821618, 0x09821800, 0x09c00000)
 Metaspace       used 2095K, capacity 3080K, committed 3136K, reserved 4480K
Event: 27.112 GC heap after
Heap after GC invocations=6 (full 0):
 def new generation   total 4928K, used 512K [0x03c00000, 0x04150000, 0x09150000)
  eden space 4416K,   0% used [0x03c00000, 0x03c00000, 0x04050000)
  from space 512K, 100% used [0x04050000, 0x040d0000, 0x040d0000)
  to   space 512K,   0% used [0x040d0000, 0x040d0000, 0x04150000)
 tenured generation   total 10944K, used 7521K [0x09150000, 0x09c00000, 0x13c00000)
   the space 10944K,  68% used [0x09150000, 0x098a8740, 0x098a8800, 0x09c00000)
 Metaspace       used 2095K, capacity 3080K, committed 3136K, reserved 4480K
}
Event: 27.507 GC heap before
{Heap before GC invocations=6 (full 0):
 def new generation   total 4928K, used 4928K [0x03c00000, 0x04150000, 0x09150000)
  eden space 4416K, 100% used [0x03c00000, 0x04050000, 0x04050000)
  from space 512K, 100% used [0x04050000, 0x040d0000, 0x040d0000)
  to   space 512K,   0% used [0x040d0000, 0x040d0000, 0x04150000)
 tenured generation   total 10944K, used 7521K [0x09150000, 0x09c00000, 0x13c00000)
   the space 10944K,  68% used [0x09150000, 0x098a8740, 0x098a8800, 0x09c00000)
 Metaspace       used 2492K, capacity 3100K, committed 3136K, reserved 4480K
Event: 27.516 GC heap after
Heap after GC invocations=7 (full 0):
 def new generation   total 4928K, used 512K [0x03c00000, 0x04150000, 0x09150000)
  eden space 4416K,   0% used [0x03c00000, 0x03c00000, 0x04050000)
  from space 512K, 100% used [0x040d0000, 0x04150000, 0x04150000)
  to   space 512K,   0% used [0x04050000, 0x04050000, 0x040d0000)
 tenured generation   total 10944K, used 8440K [0x09150000, 0x09c00000, 0x13c00000)
   the space 10944K,  77% used [0x09150000, 0x0998e370, 0x0998e400, 0x09c00000)
 Metaspace       used 2492K, capacity 3100K, committed 3136K, reserved 4480K
}
Event: 27.610 GC heap before
{Heap before GC invocations=7 (full 0):
 def new generation   total 4928K, used 4928K [0x03c00000, 0x04150000, 0x09150000)
  eden space 4416K, 100% used [0x03c00000, 0x04050000, 0x04050000)
  from space 512K, 100% used [0x040d0000, 0x04150000, 0x04150000)
  to   space 512K,   0% used [0x04050000, 0x04050000, 0x040d0000)
 tenured generation   total 10944K, used 8440K [0x09150000, 0x09c00000, 0x13c00000)
   the space 10944K,  77% used [0x09150000, 0x0998e370, 0x0998e400, 0x09c00000)
 Metaspace       used 2605K, capacity 3135K, committed 3136K, reserved 4480K
Event: 27.616 GC heap after
Heap after GC invocations=8 (full 0):
 def new generation   total 4928K, used 512K [0x03c00000, 0x04150000, 0x09150000)
  eden space 4416K,   0% used [0x03c00000, 0x03c00000, 0x04050000)
  from space 512K, 100% used [0x04050000, 0x040d0000, 0x040d0000)
  to   space 512K,   0% used [0x040d0000, 0x040d0000, 0x04150000)
 tenured generation   total 10944K, used 9116K [0x09150000, 0x09c00000, 0x13c00000)
   the space 10944K,  83% used [0x09150000, 0x09a37338, 0x09a37400, 0x09c00000)
 Metaspace       used 2605K, capacity 3135K, committed 3136K, reserved 4480K
}
Event: 27.786 GC heap before
{Heap before GC invocations=8 (full 0):
 def new generation   total 4928K, used 4928K [0x03c00000, 0x04150000, 0x09150000)
  eden space 4416K, 100% used [0x03c00000, 0x04050000, 0x04050000)
  from space 512K, 100% used [0x04050000, 0x040d0000, 0x040d0000)
  to   space 512K,   0% used [0x040d0000, 0x040d0000, 0x04150000)
 tenured generation   total 10944K, used 9116K [0x09150000, 0x09c00000, 0x13c00000)
   the space 10944K,  83% used [0x09150000, 0x09a37338, 0x09a37400, 0x09c00000)
 Metaspace       used 3208K, capacity 3558K, committed 3648K, reserved 4480K
Event: 27.793 GC heap after
Heap after GC invocations=9 (full 0):
 def new generation   total 4928K, used 512K [0x03c00000, 0x04150000, 0x09150000)
  eden space 4416K,   0% used [0x03c00000, 0x03c00000, 0x04050000)
  from space 512K, 100% used [0x040d0000, 0x04150000, 0x04150000)
  to   space 512K,   0% used [0x04050000, 0x04050000, 0x040d0000)
 tenured generation   total 10944K, used 10177K [0x09150000, 0x09c00000, 0x13c00000)
   the space 10944K,  92% used [0x09150000, 0x09b405d0, 0x09b40600, 0x09c00000)
 Metaspace       used 3208K, capacity 3558K, committed 3648K, reserved 4480K
}
Event: 39.456 GC heap before
{Heap before GC invocations=9 (full 0):
 def new generation   total 4928K, used 4928K [0x03c00000, 0x04150000, 0x09150000)
  eden space 4416K, 100% used [0x03c00000, 0x04050000, 0x04050000)
  from space 512K, 100% used [0x040d0000, 0x04150000, 0x04150000)
  to   space 512K,   0% used [0x04050000, 0x04050000, 0x040d0000)
 tenured generation   total 10944K, used 10177K [0x09150000, 0x09c00000, 0x13c00000)
   the space 10944K,  92% used [0x09150000, 0x09b405d0, 0x09b40600, 0x09c00000)
 Metaspace       used 3851K, capacity 4102K, committed 4160K, reserved 4480K
Event: 39.506 GC heap after
Heap after GC invocations=10 (full 1):
 def new generation   total 8256K, used 0K [0x03c00000, 0x044f0000, 0x09150000)
  eden space 7360K,   0% used [0x03c00000, 0x03c00000, 0x04330000)
  from space 896K,   0% used [0x04330000, 0x04330000, 0x04410000)
  to   space 896K,   0% used [0x04410000, 0x04410000, 0x044f0000)
 tenured generation   total 18128K, used 10874K [0x09150000, 0x0a304000, 0x13c00000)
   the space 18128K,  59% used [0x09150000, 0x09beea98, 0x09beec00, 0x0a304000)
 Metaspace       used 3846K, capacity 4087K, committed 4160K, reserved 4480K
}

Deoptimization events (0 events):
No events

Classes redefined (0 events):
No events

Internal exceptions (10 events):
Event: 0.111 Thread 0x0135c800 Exception <a 'java/lang/NoSuchMethodError': Method sun.misc.Unsafe.prefetchRead(Ljava/lang/Object;J)V name or signature does not match> (0x03c07ca0) thrown at [C:\workspace\8-2-build-windows-i586-cygwin\jdk8u181\11358\hotspot\src\share\vm\prims\jni.cpp, l
Event: 0.258 Thread 0x0135c800 Exception <a 'java/security/PrivilegedActionException'> (0x03cccca0) thrown at [C:\workspace\8-2-build-windows-i586-cygwin\jdk8u181\11358\hotspot\src\share\vm\prims\jvm.cpp, line 1435]
Event: 0.258 Thread 0x0135c800 Exception <a 'java/security/PrivilegedActionException'> (0x03cccea0) thrown at [C:\workspace\8-2-build-windows-i586-cygwin\jdk8u181\11358\hotspot\src\share\vm\prims\jvm.cpp, line 1435]
Event: 0.259 Thread 0x0135c800 Exception <a 'java/security/PrivilegedActionException'> (0x03cd0948) thrown at [C:\workspace\8-2-build-windows-i586-cygwin\jdk8u181\11358\hotspot\src\share\vm\prims\jvm.cpp, line 1435]
Event: 0.259 Thread 0x0135c800 Exception <a 'java/security/PrivilegedActionException'> (0x03cd0b48) thrown at [C:\workspace\8-2-build-windows-i586-cygwin\jdk8u181\11358\hotspot\src\share\vm\prims\jvm.cpp, line 1435]
Event: 0.263 Thread 0x0135c800 Exception <a 'java/io/FileNotFoundException'> (0x03cd28c0) thrown at [C:\workspace\8-2-build-windows-i586-cygwin\jdk8u181\11358\hotspot\src\share\vm\prims\jni.cpp, line 709]
Event: 0.322 Thread 0x0135c800 Exception <a 'java/lang/NoSuchFieldError': method resolution failed> (0x03d90ee8) thrown at [C:\workspace\8-2-build-windows-i586-cygwin\jdk8u181\11358\hotspot\src\share\vm\prims\methodHandles.cpp, line 1167]
Event: 0.326 Thread 0x0135c800 Exception <a 'java/lang/NoSuchFieldError': method resolution failed> (0x03d9d088) thrown at [C:\workspace\8-2-build-windows-i586-cygwin\jdk8u181\11358\hotspot\src\share\vm\prims\methodHandles.cpp, line 1167]
Event: 0.396 Thread 0x15505400 Exception <a 'java/io/FileNotFoundException'> (0x03e746e0) thrown at [C:\workspace\8-2-build-windows-i586-cygwin\jdk8u181\11358\hotspot\src\share\vm\prims\jni.cpp, line 709]
Event: 26.999 Thread 0x15505400 Exception <a 'java/lang/NoClassDefFoundError': org/apache/log4j/Category> (0x03f29720) thrown at [C:\workspace\8-2-build-windows-i586-cygwin\jdk8u181\11358\hotspot\src\share\vm\classfile\systemDictionary.cpp, line 199]

Events (10 events):
Event: 65.945 loading class org/apache/commons/codec/EncoderException
Event: 65.945 loading class org/apache/commons/codec/EncoderException done
Event: 65.947 Executing VM operation: RevokeBias
Event: 65.947 Executing VM operation: RevokeBias done
Event: 68.184 loading class java/awt/image/MemoryImageSource
Event: 68.185 loading class java/awt/image/MemoryImageSource done
Event: 74.111 Executing VM operation: BulkRevokeBias
Event: 74.113 Executing VM operation: BulkRevokeBias done
Event: 82.747 Executing VM operation: RevokeBias
Event: 82.747 Executing VM operation: RevokeBias done


Dynamic libraries:
0x011c0000 - 0x011f3000 	C:\Program Files\Java\jdk1.8.0_181\jre\bin\java.exe
0x77540000 - 0x7767c000 	C:\Windows\SYSTEM32\ntdll.dll
0x75a50000 - 0x75b24000 	C:\Windows\system32\kernel32.dll
0x75880000 - 0x758ca000 	C:\Windows\system32\KERNELBASE.dll
0x770d0000 - 0x77170000 	C:\Windows\system32\ADVAPI32.dll
0x776c0000 - 0x7776c000 	C:\Windows\system32\msvcrt.dll
0x75990000 - 0x759a9000 	C:\Windows\SYSTEM32\sechost.dll
0x77020000 - 0x770c1000 	C:\Windows\system32\RPCRT4.dll
0x75d10000 - 0x75dd9000 	C:\Windows\system32\USER32.dll
0x761c0000 - 0x7620e000 	C:\Windows\system32\GDI32.dll
0x76210000 - 0x7621a000 	C:\Windows\system32\LPK.dll
0x759b0000 - 0x75a4d000 	C:\Windows\system32\USP10.dll
0x74620000 - 0x747be000 	C:\Windows\WinSxS\x86_microsoft.windows.common-controls_6595b64144ccf1df_6.0.7600.16385_none_421189da2b7fabfc\COMCTL32.dll
0x77170000 - 0x771c7000 	C:\Windows\system32\SHLWAPI.dll
0x75cf0000 - 0x75d0f000 	C:\Windows\system32\IMM32.DLL
0x75c20000 - 0x75cec000 	C:\Windows\system32\MSCTF.dll
0x68050000 - 0x6810f000 	C:\Program Files\Java\jdk1.8.0_181\jre\bin\msvcr100.dll
0x67950000 - 0x67d23000 	C:\Program Files\Java\jdk1.8.0_181\jre\bin\client\jvm.dll
0x6c5c0000 - 0x6c5c7000 	C:\Windows\system32\WSOCK32.dll
0x75f40000 - 0x75f75000 	C:\Windows\system32\WS2_32.dll
0x75c10000 - 0x75c16000 	C:\Windows\system32\NSI.dll
0x70530000 - 0x70562000 	C:\Windows\system32\WINMM.dll
0x74b90000 - 0x74b99000 	C:\Windows\system32\VERSION.dll
0x76220000 - 0x76225000 	C:\Windows\system32\PSAPI.DLL
0x6be90000 - 0x6be9c000 	C:\Program Files\Java\jdk1.8.0_181\jre\bin\verify.dll
0x6a890000 - 0x6a8b2000 	C:\Program Files\Java\jdk1.8.0_181\jre\bin\java.dll
0x6a870000 - 0x6a884000 	C:\Program Files\Java\jdk1.8.0_181\jre\bin\zip.dll
0x76230000 - 0x76e79000 	C:\Windows\system32\SHELL32.dll
0x75de0000 - 0x75f3c000 	C:\Windows\system32\ole32.dll
0x75690000 - 0x7569b000 	C:\Windows\system32\profapi.dll
0x67f00000 - 0x68047000 	C:\Program Files\Java\jdk1.8.0_181\jre\bin\awt.dll
0x774b0000 - 0x7753f000 	C:\Windows\system32\OLEAUT32.dll
0x74470000 - 0x744b0000 	C:\Windows\system32\uxtheme.dll
0x74170000 - 0x74183000 	C:\Windows\system32\dwmapi.dll
0x755e0000 - 0x755ec000 	C:\Windows\system32\CRYPTBASE.dll
0x6c6c0000 - 0x6c788000 	C:\Windows\system32\opengl32.dll
0x6c690000 - 0x6c6b2000 	C:\Windows\system32\GLU32.dll
0x6b860000 - 0x6b947000 	C:\Windows\system32\DDRAW.dll
0x6c680000 - 0x6c686000 	C:\Windows\system32\DCIMAN32.dll
0x76e80000 - 0x7701d000 	C:\Windows\system32\SETUPAPI.dll
0x758d0000 - 0x758f7000 	C:\Windows\system32\CFGMGR32.dll
0x75710000 - 0x75722000 	C:\Windows\system32\DEVOBJ.dll
0x6a800000 - 0x6a839000 	C:\Program Files\Java\jdk1.8.0_181\jre\bin\fontmanager.dll
0x77220000 - 0x772a3000 	C:\Windows\system32\CLBCatQ.DLL
0x73f30000 - 0x7402b000 	C:\Windows\system32\WindowsCodecs.dll
0x75590000 - 0x755db000 	C:\Windows\system32\apphelp.dll
0x715f0000 - 0x71621000 	C:\Windows\system32\EhStorShell.dll
0x744b0000 - 0x745a5000 	C:\Windows\system32\PROPSYS.dll
0x661c0000 - 0x663dd000 	C:\PROGRA~1\MICROS~1\Office12\GR469A~1.DLL
0x68ef0000 - 0x68fe1000 	C:\PROGRA~1\MICROS~1\Office12\GrooveUtil.DLL
0x760c0000 - 0x761b4000 	C:\Windows\system32\WININET.dll
0x776b0000 - 0x776b3000 	C:\Windows\system32\Normaliz.dll
0x75f80000 - 0x760b5000 	C:\Windows\system32\urlmon.dll
0x75760000 - 0x7587c000 	C:\Windows\system32\CRYPT32.dll
0x75700000 - 0x7570c000 	C:\Windows\system32\MSASN1.dll
0x772b0000 - 0x774a9000 	C:\Windows\system32\iertutil.dll
0x70e70000 - 0x70f0b000 	C:\Windows\WinSxS\x86_microsoft.vc80.crt_1fc8b3b9a1e18e3b_8.0.50727.4927_none_d08a205e442db5b5\MSVCR80.dll
0x68ff0000 - 0x68ff7000 	C:\PROGRA~1\MICROS~1\Office12\GrooveNew.DLL
0x7c630000 - 0x7c64b000 	C:\Windows\WinSxS\x86_microsoft.vc80.atl_1fc8b3b9a1e18e3b_8.0.50727.42_none_dc990e4797f81af1\ATL80.DLL
0x75110000 - 0x75126000 	C:\Windows\system32\CRYPTSP.dll
0x74eb0000 - 0x74eeb000 	C:\Windows\system32\rsaenh.dll
0x73cf0000 - 0x73cf5000 	C:\Windows\system32\MSImg32.dll
0x70ac0000 - 0x70b2a000 	C:\Windows\System32\cscui.dll
0x70ab0000 - 0x70ab9000 	C:\Windows\System32\CSCDLL.dll
0x70aa0000 - 0x70aab000 	C:\Windows\system32\CSCAPI.dll
0x70a30000 - 0x70a9f000 	C:\Windows\system32\ntshrui.dll
0x754c0000 - 0x754d9000 	C:\Windows\system32\srvcli.dll
0x73ba0000 - 0x73baa000 	C:\Windows\system32\slc.dll
0x6a850000 - 0x6a865000 	C:\Program Files\Java\jdk1.8.0_181\jre\bin\net.dll
0x750d0000 - 0x7510c000 	C:\Windows\system32\mswsock.dll
0x750c0000 - 0x750c6000 	C:\Windows\System32\wship6.dll
0x6a840000 - 0x6a84f000 	C:\Program Files\Java\jdk1.8.0_181\jre\bin\nio.dll
0x68c00000 - 0x68c32000 	C:\Program Files\Java\jdk1.8.0_181\jre\bin\t2k.dll
0x74cf0000 - 0x74d07000 	C:\Windows\system32\USERENV.dll
0x737a0000 - 0x737bc000 	C:\Windows\system32\IPHLPAPI.DLL
0x73790000 - 0x73797000 	C:\Windows\system32\WINNSI.DLL
0x73640000 - 0x73652000 	C:\Windows\system32\dhcpcsvc.DLL
0x73440000 - 0x7344d000 	C:\Windows\system32\dhcpcsvc6.DLL
0x5b7c0000 - 0x5b7f8000 	C:\Users\Admin\AppData\Local\Temp\jna-63116079\jna7192995366829178380.dll
0x6cda0000 - 0x6cda3000 	C:\Program Files\Java\jdk1.8.0_181\jre\bin\api-ms-win-core-synch-l1-2-0.DLL
0x15720000 - 0x15769000 	C:\Windows\system32\fpengine.dll
0x14940000 - 0x1496a000 	C:\Windows\system32\fpcore32.dll
0x704d0000 - 0x70521000 	C:\Windows\system32\WINSPOOL.DRV
0x73d90000 - 0x73d97000 	C:\Windows\system32\WINUSB.DLL
0x742e0000 - 0x74470000 	C:\Windows\WinSxS\x86_microsoft.windows.gdiplus_6595b64144ccf1df_1.1.7600.16385_none_72fc7cbf861225ca\gdiplus.dll
0x75730000 - 0x7575d000 	C:\Windows\system32\WINTRUST.dll
0x6b500000 - 0x6b520000 	C:\Program Files\Java\jdk1.8.0_181\jre\bin\sunec.dll
0x74c20000 - 0x74c25000 	C:\Windows\System32\wshtcpip.dll
0x74f90000 - 0x74fd4000 	C:\Windows\system32\DNSAPI.dll
0x71b10000 - 0x71b16000 	C:\Windows\system32\rasadhlp.dll
0x73520000 - 0x73558000 	C:\Windows\System32\fwpuclnt.dll
0x673c0000 - 0x674ab000 	C:\Windows\system32\dbghelp.dll

VM Arguments:
jvm_args: -Dfile.encoding=UTF-8 
java_command: fingerprintcorev2.Views.IntroPage
java_class_path (initial): C:\Users\Admin\Downloads\org-apache-commons-codec.jar\org-apache-commons-codec.jar;C:\Users\Admin\Downloads\jna-4.5.2.jar;C:\Users\Admin\Downloads\unirest-java-1.4.9.jar;C:\Users\Admin\Downloads\org.json.jar\org.json.jar;C:\Users\Admin\Downloads\commons-logging-1.1.2.jar;C:\Users\Admin\Downloads\httpclient-4.5.5.jar;C:\Users\Admin\Downloads\httpcore-4.4.9.jar;C:\Users\Admin\Downloads\httpcore-nio-4.4.10.jar;C:\Users\Admin\Downloads\httpmime-4.5.6.jar;C:\Users\Admin\Downloads\httpasyncclient-4.0-beta4.jar\httpasyncclient-4.0-beta4.jar;C:\Users\Admin\Documents\NetBeansProjects\FingerprintCoreV2\build\classes
Launcher Type: SUN_STANDARD

Environment Variables:
PATH=C:\Program Files\Common Files\Oracle\Java\javapath;C:\Windows\system32;C:\Windows;C:\Windows\System32\Wbem;C:\Windows\System32\WindowsPowerShell\v1.0\;C:\Program Files\Git\cmd;C:\Program Files\Neurotechnology\FreeFingerprintVerificationSDK 1.0\bin\Win32_x86;C:\Program Files\nodejs\;C:\Users\Admin\AppData\Roaming\npm
USERNAME=Admin
OS=Windows_NT
PROCESSOR_IDENTIFIER=x86 Family 6 Model 76 Stepping 4, GenuineIntel



---------------  S Y S T E M  ---------------

OS: Windows 7 Build 7600 (6.1.7600.16385)

CPU:total 2 (initial active 2) (2 cores per cpu, 1 threads per core) family 6 model 76 stepping 4, cmov, cx8, fxsr, mmx, sse, sse2, sse3, ssse3, sse4.1, sse4.2, popcnt, aes, clmul, erms, 3dnowpref, tsc, tscinvbit

Memory: 4k page, physical 2008308k(566264k free), swap 4016616k(1658696k free)

vm_info: Java HotSpot(TM) Client VM (25.181-b13) for windows-x86 JRE (1.8.0_181-b13), built on Jul  7 2018 03:18:20 by "java_re" with MS VC++ 10.0 (VS2010)

time: Thu Aug 02 16:15:35 2018
elapsed time: 85 seconds (0d 0h 1m 25s)

