#
# A fatal error has been detected by the Java Runtime Environment:
#
#  EXCEPTION_ACCESS_VIOLATION (0xc0000005) at pc=0x77591ffe, pid=1108, tid=0x00001750
#
# JRE version: Java(TM) SE Runtime Environment (8.0_181-b13) (build 1.8.0_181-b13)
# Java VM: Java HotSpot(TM) Client VM (25.181-b13 mixed mode, sharing windows-x86 )
# Problematic frame:
# C  [ntdll.dll+0x51ffe]
#
# Failed to write core dump. Minidumps are not enabled by default on client versions of Windows
#
# If you would like to submit a bug report, please visit:
#   http://bugreport.java.com/bugreport/crash.jsp
#

---------------  T H R E A D  ---------------

Current thread (0x160ce400):  JavaThread "Timer-14" [_thread_in_vm, id=5968, stack(0x16610000,0x16660000)]

siginfo: ExceptionCode=0xc0000005, reading address 0x3b0df300

Registers:
EAX=0x00000000, EBX=0x160f3f50, ECX=0x012d0000, EDX=0x160f3f50
ESP=0x1665e658, EBP=0x1665e68c, ESI=0x3b0df2fc, EDI=0x160f3f48
EIP=0x77591ffe, EFLAGS=0x00010206

Top of Stack: (sp=0x1665e658)
0x1665e658:   00000000 012d0000 160f3f50 00000100
0x1665e668:   00000000 1665e69c 156e320c 160f3f50
0x1665e678:   15700c40 00000100 1665e728 00000000
0x1665e688:   160f3f48 1665e6a4 77591faf 160ce400
0x1665e698:   00000000 160f3f50 160f3f48 1665e6b8
0x1665e6a8:   75a9f1ac 012d0000 00000000 160f3f50
0x1665e6b8:   1665e6cc 6806016a 012d0000 00000000
0x1665e6c8:   160f3f50 1665e6dc 67ab3f33 160f3f50 

Instructions: (pc=0x77591ffe)
0x77591fde:   7a f8 80 7f 07 05 0f 84 58 df 03 00 8b 07 8b f7
0x77591fee:   c1 ee 03 33 f0 33 35 dc 71 61 77 89 7d fc 33 f1
0x77591ffe:   8b 46 04 89 45 f4 c6 47 07 80 c6 47 06 00 8b 5e
0x7759200e:   08 8b 4e 0c 89 5d e0 83 c3 01 89 4d e4 83 d1 01 


Register to memory mapping:

EAX=0x00000000 is an unknown value
EBX=0x160f3f50 is an unknown value
ECX=0x012d0000 is pointing into the stack for thread: 0x01804c00
EDX=0x160f3f50 is an unknown value
ESP=0x1665e658 is pointing into the stack for thread: 0x160ce400
EBP=0x1665e68c is pointing into the stack for thread: 0x160ce400
ESI=0x3b0df2fc is an unknown value
EDI=0x160f3f48 is an unknown value


Stack: [0x16610000,0x16660000],  sp=0x1665e658,  free space=313k
Native frames: (J=compiled Java code, j=interpreted, Vv=VM code, C=native code)
C  [ntdll.dll+0x51ffe]
C  [ntdll.dll+0x51faf]
C  [kernel32.dll+0x4f1ac]
C  [msvcr100.dll+0x1016a]
V  [jvm.dll+0x163f33]
V  [jvm.dll+0xe6847]
C  [jna4198833776032157031.dll+0x8ef9]
C  [jna4198833776032157031.dll+0x36d2]
J 927  com.sun.jna.Native.invokeInt(Lcom/sun/jna/Function;JI[Ljava/lang/Object;)I (0 bytes) @ 0x01e2901c [0x01e28f60+0xbc]
J 926 C1 com.sun.jna.Function.invoke([Ljava/lang/Object;Ljava/lang/Class;ZI)Ljava/lang/Object; (769 bytes) @ 0x01e25e4c [0x01e25c40+0x20c]
J 924 C1 com.sun.jna.Function.invoke(Ljava/lang/reflect/Method;[Ljava/lang/Class;Ljava/lang/Class;[Ljava/lang/Object;Ljava/util/Map;)Ljava/lang/Object; (548 bytes) @ 0x01e2196c [0x01e21370+0x5fc]
J 925 C1 com.sun.jna.Library$Handler.invoke(Ljava/lang/Object;Ljava/lang/reflect/Method;[Ljava/lang/Object;)Ljava/lang/Object; (348 bytes) @ 0x01e242f0 [0x01e23bc0+0x730]
j  com.sun.proxy.$Proxy0.GetFpCharByGen([B[I)I+20
J 934 C1 fingerprintcorev2.Views.RescanUI.fpsmessage()V (285 bytes) @ 0x01e2a9e4 [0x01e2a750+0x294]
J 932 C1 fingerprintcorev2.Views.RescanUI$9.run()V (8 bytes) @ 0x01e2a178 [0x01e2a150+0x28]
J 961 C1 java.util.TimerThread.mainLoop()V (232 bytes) @ 0x01e3c774 [0x01e3c350+0x424]
j  java.util.TimerThread.run()V+1
v  ~StubRoutines::call_stub
V  [jvm.dll+0x15c065]
V  [jvm.dll+0x223ade]
V  [jvm.dll+0x15c0fe]
V  [jvm.dll+0x15c286]
V  [jvm.dll+0x15c2f7]
V  [jvm.dll+0x10016f]
V  [jvm.dll+0x17f280]
V  [jvm.dll+0x17fafa]
V  [jvm.dll+0x1c5416]
C  [msvcr100.dll+0x5c556]
C  [msvcr100.dll+0x5c600]
C  [kernel32.dll+0x51174]
C  [ntdll.dll+0x5b3f5]
C  [ntdll.dll+0x5b3c8]
C  0x00000000

Java frames: (J=compiled Java code, j=interpreted, Vv=VM code)
J 927  com.sun.jna.Native.invokeInt(Lcom/sun/jna/Function;JI[Ljava/lang/Object;)I (0 bytes) @ 0x01e28fd8 [0x01e28f60+0x78]
J 926 C1 com.sun.jna.Function.invoke([Ljava/lang/Object;Ljava/lang/Class;ZI)Ljava/lang/Object; (769 bytes) @ 0x01e25e4c [0x01e25c40+0x20c]
J 924 C1 com.sun.jna.Function.invoke(Ljava/lang/reflect/Method;[Ljava/lang/Class;Ljava/lang/Class;[Ljava/lang/Object;Ljava/util/Map;)Ljava/lang/Object; (548 bytes) @ 0x01e2196c [0x01e21370+0x5fc]
J 925 C1 com.sun.jna.Library$Handler.invoke(Ljava/lang/Object;Ljava/lang/reflect/Method;[Ljava/lang/Object;)Ljava/lang/Object; (348 bytes) @ 0x01e242f0 [0x01e23bc0+0x730]
j  com.sun.proxy.$Proxy0.GetFpCharByGen([B[I)I+20
J 934 C1 fingerprintcorev2.Views.RescanUI.fpsmessage()V (285 bytes) @ 0x01e2a9e4 [0x01e2a750+0x294]
J 932 C1 fingerprintcorev2.Views.RescanUI$9.run()V (8 bytes) @ 0x01e2a178 [0x01e2a150+0x28]
J 961 C1 java.util.TimerThread.mainLoop()V (232 bytes) @ 0x01e3c774 [0x01e3c350+0x424]
j  java.util.TimerThread.run()V+1
v  ~StubRoutines::call_stub

---------------  P R O C E S S  ---------------

Java Threads: ( => current thread )
  0x160ce800 JavaThread "Timer-15" [_thread_blocked, id=4108, stack(0x15ce0000,0x15d30000)]
=>0x160ce400 JavaThread "Timer-14" [_thread_in_vm, id=5968, stack(0x16610000,0x16660000)]
  0x160cd400 JavaThread "Timer-12" [_thread_blocked, id=5936, stack(0x169f0000,0x16a40000)]
  0x160cd000 JavaThread "Timer-6" [_thread_blocked, id=2580, stack(0x16950000,0x169a0000)]
  0x1610bc00 JavaThread "Thread-9" daemon [_thread_blocked, id=4812, stack(0x16680000,0x166d0000)]
  0x1535f000 JavaThread "TimerQueue" daemon [_thread_blocked, id=1900, stack(0x15ea0000,0x15ef0000)]
  0x012dc800 JavaThread "DestroyJavaVM" [_thread_blocked, id=1184, stack(0x012f0000,0x01340000)]
  0x15299c00 JavaThread "AWT-EventQueue-0" [_thread_blocked, id=3280, stack(0x15830000,0x15880000)]
  0x15298800 JavaThread "AWT-Windows" daemon [_thread_in_native, id=6104, stack(0x15750000,0x157a0000)]
  0x15297c00 JavaThread "AWT-Shutdown" [_thread_blocked, id=5572, stack(0x154c0000,0x15510000)]
  0x15295000 JavaThread "Java2D Disposer" daemon [_thread_blocked, id=2464, stack(0x14880000,0x148d0000)]
  0x01804c00 JavaThread "Service Thread" daemon [_thread_blocked, id=3128, stack(0x01280000,0x012d0000)]
  0x01802400 JavaThread "C1 CompilerThread0" daemon [_thread_blocked, id=5408, stack(0x14ff0000,0x15040000)]
  0x01801800 JavaThread "Attach Listener" daemon [_thread_blocked, id=5232, stack(0x150c0000,0x15110000)]
  0x017fe400 JavaThread "Signal Dispatcher" daemon [_thread_blocked, id=3272, stack(0x15050000,0x150a0000)]
  0x017f4400 JavaThread "Finalizer" daemon [_thread_blocked, id=5204, stack(0x14990000,0x149e0000)]
  0x01795c00 JavaThread "Reference Handler" daemon [_thread_blocked, id=5252, stack(0x148e0000,0x14930000)]

Other Threads:
  0x01793400 VMThread [stack: 0x03d90000,0x03de0000] [id=2332]
  0x0183c000 WatcherThread [stack: 0x15110000,0x15160000] [id=5360]

VM state:not at safepoint (normal execution)

VM Mutex/Monitor currently owned by a thread: None

Heap:
 def new generation   total 8320K, used 5308K [0x03e00000, 0x04700000, 0x09350000)
  eden space 7424K,  70% used [0x03e00000, 0x04317238, 0x04540000)
  from space 896K,  10% used [0x04620000, 0x04638138, 0x04700000)
  to   space 896K,   0% used [0x04540000, 0x04540000, 0x04620000)
 tenured generation   total 18292K, used 12386K [0x09350000, 0x0a52d000, 0x13e00000)
   the space 18292K,  67% used [0x09350000, 0x09f68ba0, 0x09f68c00, 0x0a52d000)
 Metaspace       used 3864K, capacity 4148K, committed 4288K, reserved 4480K

Card table byte_map: [0x011b0000,0x01240000] byte_map_base: 0x01191000

Polling page: 0x001d0000

CodeCache: size=32768Kb used=2157Kb max_used=2157Kb free=30610Kb
 bounds [0x01c30000, 0x01e50000, 0x03c30000]
 total_blobs=1273 nmethods=1011 adapters=192
 compilation: enabled

Compilation events (10 events):
Event: 3839.928 Thread 0x01802400 1020             java.beans.PropertyChangeSupport::fire (39 bytes)
Event: 3839.929 Thread 0x01802400 nmethod 1020 0x01e4a0c8 code [0x01e4a1d0, 0x01e4a2ac]
Event: 3840.573 Thread 0x01802400 1021             java.util.concurrent.locks.ReentrantLock$Sync::isHeldExclusively (16 bytes)
Event: 3840.574 Thread 0x01802400 nmethod 1021 0x01e4a388 code [0x01e4a480, 0x01e4a520]
Event: 3841.255 Thread 0x01802400 1022   !         java.nio.charset.CharsetEncoder::encode (285 bytes)
Event: 3841.262 Thread 0x01802400 nmethod 1022 0x01e4a588 code [0x01e4a720, 0x01e4abe0]
Event: 3841.268 Thread 0x01802400 1023  s          sun.java2d.loops.RenderCache::get (100 bytes)
Event: 3841.271 Thread 0x01802400 nmethod 1023 0x01e4b0c8 code [0x01e4b1f0, 0x01e4b5cc]
Event: 3842.476 Thread 0x01802400 1024             java.awt.Dimension::<init> (15 bytes)
Event: 3842.476 Thread 0x01802400 nmethod 1024 0x01e4b8c8 code [0x01e4b9c0, 0x01e4ba40]

GC Heap History (10 events):
Event: 1164.036 GC heap before
{Heap before GC invocations=13 (full 2):
 def new generation   total 8320K, used 7416K [0x03e00000, 0x04700000, 0x09350000)
  eden space 7424K,  99% used [0x03e00000, 0x0453e370, 0x04540000)
  from space 896K,   0% used [0x04540000, 0x04540000, 0x04620000)
  to   space 896K,   0% used [0x04620000, 0x04620000, 0x04700000)
 tenured generation   total 18292K, used 10973K [0x09350000, 0x0a52d000, 0x13e00000)
   the space 18292K,  59% used [0x09350000, 0x09e07410, 0x09e07600, 0x0a52d000)
 Metaspace       used 3859K, capacity 4148K, committed 4288K, reserved 4480K
Event: 1164.040 GC heap after
Heap after GC invocations=14 (full 2):
 def new generation   total 8320K, used 152K [0x03e00000, 0x04700000, 0x09350000)
  eden space 7424K,   0% used [0x03e00000, 0x03e00000, 0x04540000)
  from space 896K,  17% used [0x04620000, 0x04646220, 0x04700000)
  to   space 896K,   0% used [0x04540000, 0x04540000, 0x04620000)
 tenured generation   total 18292K, used 10973K [0x09350000, 0x0a52d000, 0x13e00000)
   the space 18292K,  59% used [0x09350000, 0x09e07410, 0x09e07600, 0x0a52d000)
 Metaspace       used 3859K, capacity 4148K, committed 4288K, reserved 4480K
}
Event: 2487.026 GC heap before
{Heap before GC invocations=14 (full 2):
 def new generation   total 8320K, used 7576K [0x03e00000, 0x04700000, 0x09350000)
  eden space 7424K,  99% used [0x03e00000, 0x0453ff90, 0x04540000)
  from space 896K,  17% used [0x04620000, 0x04646220, 0x04700000)
  to   space 896K,   0% used [0x04540000, 0x04540000, 0x04620000)
 tenured generation   total 18292K, used 10973K [0x09350000, 0x0a52d000, 0x13e00000)
   the space 18292K,  59% used [0x09350000, 0x09e07410, 0x09e07600, 0x0a52d000)
 Metaspace       used 3859K, capacity 4148K, committed 4288K, reserved 4480K
Event: 2487.034 GC heap after
Heap after GC invocations=15 (full 2):
 def new generation   total 8320K, used 137K [0x03e00000, 0x04700000, 0x09350000)
  eden space 7424K,   0% used [0x03e00000, 0x03e00000, 0x04540000)
  from space 896K,  15% used [0x04540000, 0x045625c0, 0x04620000)
  to   space 896K,   0% used [0x04620000, 0x04620000, 0x04700000)
 tenured generation   total 18292K, used 10973K [0x09350000, 0x0a52d000, 0x13e00000)
   the space 18292K,  59% used [0x09350000, 0x09e07410, 0x09e07600, 0x0a52d000)
 Metaspace       used 3859K, capacity 4148K, committed 4288K, reserved 4480K
}
Event: 3335.745 GC heap before
{Heap before GC invocations=15 (full 2):
 def new generation   total 8320K, used 5336K [0x03e00000, 0x04700000, 0x09350000)
  eden space 7424K,  70% used [0x03e00000, 0x04313d08, 0x04540000)
  from space 896K,  15% used [0x04540000, 0x045625c0, 0x04620000)
  to   space 896K,   0% used [0x04620000, 0x04620000, 0x04700000)
 tenured generation   total 18292K, used 10973K [0x09350000, 0x0a52d000, 0x13e00000)
   the space 18292K,  59% used [0x09350000, 0x09e07410, 0x09e07600, 0x0a52d000)
 Metaspace       used 3859K, capacity 4148K, committed 4288K, reserved 4480K
Event: 3335.748 GC heap after
Heap after GC invocations=16 (full 2):
 def new generation   total 8320K, used 183K [0x03e00000, 0x04700000, 0x09350000)
  eden space 7424K,   0% used [0x03e00000, 0x03e00000, 0x04540000)
  from space 896K,  20% used [0x04620000, 0x0464dff8, 0x04700000)
  to   space 896K,   0% used [0x04540000, 0x04540000, 0x04620000)
 tenured generation   total 18292K, used 10973K [0x09350000, 0x0a52d000, 0x13e00000)
   the space 18292K,  59% used [0x09350000, 0x09e07410, 0x09e07600, 0x0a52d000)
 Metaspace       used 3859K, capacity 4148K, committed 4288K, reserved 4480K
}
Event: 3702.401 GC heap before
{Heap before GC invocations=16 (full 2):
 def new generation   total 8320K, used 7607K [0x03e00000, 0x04700000, 0x09350000)
  eden space 7424K, 100% used [0x03e00000, 0x04540000, 0x04540000)
  from space 896K,  20% used [0x04620000, 0x0464dff8, 0x04700000)
  to   space 896K,   0% used [0x04540000, 0x04540000, 0x04620000)
 tenured generation   total 18292K, used 10973K [0x09350000, 0x0a52d000, 0x13e00000)
   the space 18292K,  59% used [0x09350000, 0x09e07410, 0x09e07600, 0x0a52d000)
 Metaspace       used 3864K, capacity 4148K, committed 4288K, reserved 4480K
Event: 3702.406 GC heap after
Heap after GC invocations=17 (full 2):
 def new generation   total 8320K, used 768K [0x03e00000, 0x04700000, 0x09350000)
  eden space 7424K,   0% used [0x03e00000, 0x03e00000, 0x04540000)
  from space 896K,  85% used [0x04540000, 0x04600228, 0x04620000)
  to   space 896K,   0% used [0x04620000, 0x04620000, 0x04700000)
 tenured generation   total 18292K, used 12275K [0x09350000, 0x0a52d000, 0x13e00000)
   the space 18292K,  67% used [0x09350000, 0x09f4ced8, 0x09f4d000, 0x0a52d000)
 Metaspace       used 3864K, capacity 4148K, committed 4288K, reserved 4480K
}
Event: 3835.322 GC heap before
{Heap before GC invocations=17 (full 2):
 def new generation   total 8320K, used 6057K [0x03e00000, 0x04700000, 0x09350000)
  eden space 7424K,  71% used [0x03e00000, 0x0432a578, 0x04540000)
  from space 896K,  85% used [0x04540000, 0x04600228, 0x04620000)
  to   space 896K,   0% used [0x04620000, 0x04620000, 0x04700000)
 tenured generation   total 18292K, used 12275K [0x09350000, 0x0a52d000, 0x13e00000)
   the space 18292K,  67% used [0x09350000, 0x09f4ced8, 0x09f4d000, 0x0a52d000)
 Metaspace       used 3864K, capacity 4148K, committed 4288K, reserved 4480K
Event: 3835.325 GC heap after
Heap after GC invocations=18 (full 2):
 def new generation   total 8320K, used 96K [0x03e00000, 0x04700000, 0x09350000)
  eden space 7424K,   0% used [0x03e00000, 0x03e00000, 0x04540000)
  from space 896K,  10% used [0x04620000, 0x04638138, 0x04700000)
  to   space 896K,   0% used [0x04540000, 0x04540000, 0x04620000)
 tenured generation   total 18292K, used 12386K [0x09350000, 0x0a52d000, 0x13e00000)
   the space 18292K,  67% used [0x09350000, 0x09f68ba0, 0x09f68c00, 0x0a52d000)
 Metaspace       used 3864K, capacity 4148K, committed 4288K, reserved 4480K
}

Deoptimization events (0 events):
No events

Classes redefined (0 events):
No events

Internal exceptions (10 events):
Event: 885.038 Thread 0x160cd400 Exception <a 'sun/net/ConnectionResetException': > (0x0437f398) thrown at [C:\workspace\8-2-build-windows-i586-cygwin\jdk8u181\11358\hotspot\src\share\vm\prims\jni.cpp, line 735]
Event: 886.043 Thread 0x160cd400 Exception <a 'java/net/ConnectException': Connection refused: connect> (0x043849b8) thrown at [C:\workspace\8-2-build-windows-i586-cygwin\jdk8u181\11358\hotspot\src\share\vm\prims\jni.cpp, line 735]
Event: 887.045 Thread 0x160cd400 Exception <a 'java/net/ConnectException': Connection refused: connect> (0x04385180) thrown at [C:\workspace\8-2-build-windows-i586-cygwin\jdk8u181\11358\hotspot\src\share\vm\prims\jni.cpp, line 735]
Event: 975.039 Thread 0x160cd400 Exception <a 'sun/net/ConnectionResetException': > (0x04416890) thrown at [C:\workspace\8-2-build-windows-i586-cygwin\jdk8u181\11358\hotspot\src\share\vm\prims\jni.cpp, line 735]
Event: 975.039 Thread 0x160cd400 Exception <a 'sun/net/ConnectionResetException': > (0x04416ab0) thrown at [C:\workspace\8-2-build-windows-i586-cygwin\jdk8u181\11358\hotspot\src\share\vm\prims\jni.cpp, line 735]
Event: 976.037 Thread 0x160cd400 Exception <a 'java/net/ConnectException': Connection refused: connect> (0x0441e100) thrown at [C:\workspace\8-2-build-windows-i586-cygwin\jdk8u181\11358\hotspot\src\share\vm\prims\jni.cpp, line 735]
Event: 977.041 Thread 0x160cd400 Exception <a 'java/net/ConnectException': Connection refused: connect> (0x0441e8c8) thrown at [C:\workspace\8-2-build-windows-i586-cygwin\jdk8u181\11358\hotspot\src\share\vm\prims\jni.cpp, line 735]
Event: 3692.653 Thread 0x160cd400 Exception <a 'java/net/SocketTimeoutException': Read timed out> (0x04330770) thrown at [C:\workspace\8-2-build-windows-i586-cygwin\jdk8u181\11358\hotspot\src\share\vm\prims\jni.cpp, line 735]
Event: 3696.228 Thread 0x160ce400 Exception <a 'java/io/IOException': CreateProcess error=2, The system cannot find the file specified> (0x04508e68) thrown at [C:\workspace\8-2-build-windows-i586-cygwin\jdk8u181\11358\hotspot\src\share\vm\prims\jni.cpp, line 735]
Event: 3707.416 Thread 0x160cd400 Exception <a 'java/io/IOException': CreateProcess error=2, The system cannot find the file specified> (0x04228a20) thrown at [C:\workspace\8-2-build-windows-i586-cygwin\jdk8u181\11358\hotspot\src\share\vm\prims\jni.cpp, line 735]

Events (10 events):
Event: 3835.322 Executing VM operation: GenCollectForAllocation
Event: 3835.325 Executing VM operation: GenCollectForAllocation done
Event: 3839.927 Executing VM operation: RevokeBias
Event: 3839.928 Executing VM operation: RevokeBias done
Event: 3841.230 Executing VM operation: RevokeBias
Event: 3841.230 Executing VM operation: RevokeBias done
Event: 3841.337 Executing VM operation: RevokeBias
Event: 3841.337 Executing VM operation: RevokeBias done
Event: 3842.586 Executing VM operation: RevokeBias
Event: 3842.587 Executing VM operation: RevokeBias done


Dynamic libraries:
0x000b0000 - 0x000e3000 	C:\Program Files\Java\jdk1.8.0_181\jre\bin\java.exe
0x77540000 - 0x7767c000 	C:\Windows\SYSTEM32\ntdll.dll
0x75a50000 - 0x75b24000 	C:\Windows\system32\kernel32.dll
0x75880000 - 0x758ca000 	C:\Windows\system32\KERNELBASE.dll
0x770d0000 - 0x77170000 	C:\Windows\system32\ADVAPI32.dll
0x776c0000 - 0x7776c000 	C:\Windows\system32\msvcrt.dll
0x75990000 - 0x759a9000 	C:\Windows\SYSTEM32\sechost.dll
0x77020000 - 0x770c1000 	C:\Windows\system32\RPCRT4.dll
0x75d10000 - 0x75dd9000 	C:\Windows\system32\USER32.dll
0x761c0000 - 0x7620e000 	C:\Windows\system32\GDI32.dll
0x76210000 - 0x7621a000 	C:\Windows\system32\LPK.dll
0x759b0000 - 0x75a4d000 	C:\Windows\system32\USP10.dll
0x74620000 - 0x747be000 	C:\Windows\WinSxS\x86_microsoft.windows.common-controls_6595b64144ccf1df_6.0.7600.16385_none_421189da2b7fabfc\COMCTL32.dll
0x77170000 - 0x771c7000 	C:\Windows\system32\SHLWAPI.dll
0x75cf0000 - 0x75d0f000 	C:\Windows\system32\IMM32.DLL
0x75c20000 - 0x75cec000 	C:\Windows\system32\MSCTF.dll
0x68050000 - 0x6810f000 	C:\Program Files\Java\jdk1.8.0_181\jre\bin\msvcr100.dll
0x67950000 - 0x67d23000 	C:\Program Files\Java\jdk1.8.0_181\jre\bin\client\jvm.dll
0x6c5c0000 - 0x6c5c7000 	C:\Windows\system32\WSOCK32.dll
0x75f40000 - 0x75f75000 	C:\Windows\system32\WS2_32.dll
0x75c10000 - 0x75c16000 	C:\Windows\system32\NSI.dll
0x70530000 - 0x70562000 	C:\Windows\system32\WINMM.dll
0x74b90000 - 0x74b99000 	C:\Windows\system32\VERSION.dll
0x76220000 - 0x76225000 	C:\Windows\system32\PSAPI.DLL
0x6be90000 - 0x6be9c000 	C:\Program Files\Java\jdk1.8.0_181\jre\bin\verify.dll
0x6a890000 - 0x6a8b2000 	C:\Program Files\Java\jdk1.8.0_181\jre\bin\java.dll
0x6a870000 - 0x6a884000 	C:\Program Files\Java\jdk1.8.0_181\jre\bin\zip.dll
0x76230000 - 0x76e79000 	C:\Windows\system32\SHELL32.dll
0x75de0000 - 0x75f3c000 	C:\Windows\system32\ole32.dll
0x75690000 - 0x7569b000 	C:\Windows\system32\profapi.dll
0x67f00000 - 0x68047000 	C:\Program Files\Java\jdk1.8.0_181\jre\bin\awt.dll
0x774b0000 - 0x7753f000 	C:\Windows\system32\OLEAUT32.dll
0x74470000 - 0x744b0000 	C:\Windows\system32\uxtheme.dll
0x74170000 - 0x74183000 	C:\Windows\system32\dwmapi.dll
0x755e0000 - 0x755ec000 	C:\Windows\system32\CRYPTBASE.dll
0x6c6c0000 - 0x6c788000 	C:\Windows\system32\opengl32.dll
0x6c690000 - 0x6c6b2000 	C:\Windows\system32\GLU32.dll
0x6b860000 - 0x6b947000 	C:\Windows\system32\DDRAW.dll
0x6c680000 - 0x6c686000 	C:\Windows\system32\DCIMAN32.dll
0x76e80000 - 0x7701d000 	C:\Windows\system32\SETUPAPI.dll
0x758d0000 - 0x758f7000 	C:\Windows\system32\CFGMGR32.dll
0x75710000 - 0x75722000 	C:\Windows\system32\DEVOBJ.dll
0x6a800000 - 0x6a839000 	C:\Program Files\Java\jdk1.8.0_181\jre\bin\fontmanager.dll
0x77220000 - 0x772a3000 	C:\Windows\system32\CLBCatQ.DLL
0x73f30000 - 0x7402b000 	C:\Windows\system32\WindowsCodecs.dll
0x75590000 - 0x755db000 	C:\Windows\system32\apphelp.dll
0x715f0000 - 0x71621000 	C:\Windows\system32\EhStorShell.dll
0x744b0000 - 0x745a5000 	C:\Windows\system32\PROPSYS.dll
0x661c0000 - 0x663dd000 	C:\PROGRA~1\MICROS~1\Office12\GR469A~1.DLL
0x68ef0000 - 0x68fe1000 	C:\PROGRA~1\MICROS~1\Office12\GrooveUtil.DLL
0x760c0000 - 0x761b4000 	C:\Windows\system32\WININET.dll
0x776b0000 - 0x776b3000 	C:\Windows\system32\Normaliz.dll
0x75f80000 - 0x760b5000 	C:\Windows\system32\urlmon.dll
0x75760000 - 0x7587c000 	C:\Windows\system32\CRYPT32.dll
0x75700000 - 0x7570c000 	C:\Windows\system32\MSASN1.dll
0x772b0000 - 0x774a9000 	C:\Windows\system32\iertutil.dll
0x70e70000 - 0x70f0b000 	C:\Windows\WinSxS\x86_microsoft.vc80.crt_1fc8b3b9a1e18e3b_8.0.50727.4927_none_d08a205e442db5b5\MSVCR80.dll
0x68ff0000 - 0x68ff7000 	C:\PROGRA~1\MICROS~1\Office12\GrooveNew.DLL
0x7c630000 - 0x7c64b000 	C:\Windows\WinSxS\x86_microsoft.vc80.atl_1fc8b3b9a1e18e3b_8.0.50727.42_none_dc990e4797f81af1\ATL80.DLL
0x75110000 - 0x75126000 	C:\Windows\system32\CRYPTSP.dll
0x74eb0000 - 0x74eeb000 	C:\Windows\system32\rsaenh.dll
0x73cf0000 - 0x73cf5000 	C:\Windows\system32\MSImg32.dll
0x70ac0000 - 0x70b2a000 	C:\Windows\System32\cscui.dll
0x70ab0000 - 0x70ab9000 	C:\Windows\System32\CSCDLL.dll
0x70aa0000 - 0x70aab000 	C:\Windows\system32\CSCAPI.dll
0x70a30000 - 0x70a9f000 	C:\Windows\system32\ntshrui.dll
0x754c0000 - 0x754d9000 	C:\Windows\system32\srvcli.dll
0x73ba0000 - 0x73baa000 	C:\Windows\system32\slc.dll
0x6a850000 - 0x6a865000 	C:\Program Files\Java\jdk1.8.0_181\jre\bin\net.dll
0x750d0000 - 0x7510c000 	C:\Windows\system32\mswsock.dll
0x750c0000 - 0x750c6000 	C:\Windows\System32\wship6.dll
0x6a840000 - 0x6a84f000 	C:\Program Files\Java\jdk1.8.0_181\jre\bin\nio.dll
0x68c00000 - 0x68c32000 	C:\Program Files\Java\jdk1.8.0_181\jre\bin\t2k.dll
0x74cf0000 - 0x74d07000 	C:\Windows\system32\USERENV.dll
0x737a0000 - 0x737bc000 	C:\Windows\system32\IPHLPAPI.DLL
0x73790000 - 0x73797000 	C:\Windows\system32\WINNSI.DLL
0x73640000 - 0x73652000 	C:\Windows\system32\dhcpcsvc.DLL
0x73440000 - 0x7344d000 	C:\Windows\system32\dhcpcsvc6.DLL
0x6cb90000 - 0x6cbc8000 	C:\Users\Admin\AppData\Local\Temp\jna-63116079\jna4198833776032157031.dll
0x73d70000 - 0x73d73000 	C:\Program Files\Java\jdk1.8.0_181\jre\bin\api-ms-win-core-synch-l1-2-0.DLL
0x156d0000 - 0x15719000 	C:\Windows\system32\fpengine.dll
0x14fc0000 - 0x14fea000 	C:\Windows\system32\fpcore32.dll
0x704d0000 - 0x70521000 	C:\Windows\system32\WINSPOOL.DRV
0x73d90000 - 0x73d97000 	C:\Windows\system32\WINUSB.DLL
0x742e0000 - 0x74470000 	C:\Windows\WinSxS\x86_microsoft.windows.gdiplus_6595b64144ccf1df_1.1.7600.16385_none_72fc7cbf861225ca\gdiplus.dll
0x75730000 - 0x7575d000 	C:\Windows\system32\WINTRUST.dll
0x6b500000 - 0x6b520000 	C:\Program Files\Java\jdk1.8.0_181\jre\bin\sunec.dll
0x74c20000 - 0x74c25000 	C:\Windows\System32\wshtcpip.dll
0x74f90000 - 0x74fd4000 	C:\Windows\system32\DNSAPI.dll
0x71b10000 - 0x71b16000 	C:\Windows\system32\rasadhlp.dll
0x73520000 - 0x73558000 	C:\Windows\System32\fwpuclnt.dll
0x673c0000 - 0x674ab000 	C:\Windows\system32\dbghelp.dll

VM Arguments:
jvm_args: -Dfile.encoding=UTF-8 
java_command: fingerprintcorev2.Views.IntroPage
java_class_path (initial): C:\Users\Admin\Downloads\org-apache-commons-codec.jar\org-apache-commons-codec.jar;C:\Users\Admin\Downloads\jna-4.5.2.jar;C:\Users\Admin\Downloads\unirest-java-1.4.9.jar;C:\Users\Admin\Downloads\org.json.jar\org.json.jar;C:\Users\Admin\Downloads\commons-logging-1.1.2.jar;C:\Users\Admin\Downloads\httpclient-4.5.5.jar;C:\Users\Admin\Downloads\httpcore-4.4.9.jar;C:\Users\Admin\Downloads\httpcore-nio-4.4.10.jar;C:\Users\Admin\Downloads\httpmime-4.5.6.jar;C:\Users\Admin\Downloads\httpasyncclient-4.0-beta4.jar\httpasyncclient-4.0-beta4.jar;C:\Users\Admin\Documents\NetBeansProjects\FingerprintCoreV2\build\classes
Launcher Type: SUN_STANDARD

Environment Variables:
PATH=C:\Program Files\Common Files\Oracle\Java\javapath;C:\Windows\system32;C:\Windows;C:\Windows\System32\Wbem;C:\Windows\System32\WindowsPowerShell\v1.0\;C:\Program Files\Git\cmd;C:\Program Files\Neurotechnology\FreeFingerprintVerificationSDK 1.0\bin\Win32_x86;C:\Program Files\nodejs\;C:\Users\Admin\AppData\Roaming\npm
USERNAME=Admin
OS=Windows_NT
PROCESSOR_IDENTIFIER=x86 Family 6 Model 76 Stepping 4, GenuineIntel



---------------  S Y S T E M  ---------------

OS: Windows 7 Build 7600 (6.1.7600.16385)

CPU:total 2 (initial active 2) (2 cores per cpu, 1 threads per core) family 6 model 76 stepping 4, cmov, cx8, fxsr, mmx, sse, sse2, sse3, ssse3, sse4.1, sse4.2, popcnt, aes, clmul, erms, 3dnowpref, tsc, tscinvbit

Memory: 4k page, physical 2008308k(447940k free), swap 4016616k(1822048k free)

vm_info: Java HotSpot(TM) Client VM (25.181-b13) for windows-x86 JRE (1.8.0_181-b13), built on Jul  7 2018 03:18:20 by "java_re" with MS VC++ 10.0 (VS2010)

time: Wed Aug 01 21:10:41 2018
elapsed time: 3843 seconds (0d 1h 4m 3s)

