#
# A fatal error has been detected by the Java Runtime Environment:
#
#  EXCEPTION_ACCESS_VIOLATION (0xc0000005) at pc=0x679d83d6, pid=3372, tid=0x0000103c
#
# JRE version: Java(TM) SE Runtime Environment (8.0_181-b13) (build 1.8.0_181-b13)
# Java VM: Java HotSpot(TM) Client VM (25.181-b13 mixed mode, sharing windows-x86 )
# Problematic frame:
# V  [jvm.dll+0x883d6]
#
# Failed to write core dump. Minidumps are not enabled by default on client versions of Windows
#
# If you would like to submit a bug report, please visit:
#   http://bugreport.java.com/bugreport/crash.jsp
#

---------------  T H R E A D  ---------------

Current thread (0x01253400):  VMThread [stack: 0x14930000,0x14980000] [id=4156]

siginfo: ExceptionCode=0xc0000005, reading address 0x000003a0

Registers:
EAX=0x00000004, EBX=0x01253400, ECX=0x14cd2518, EDX=0x012539b0
ESP=0x1497eb9c, EBP=0x1497ebc4, ESI=0x01238280, EDI=0x000003a0
EIP=0x679d83d6, EFLAGS=0x00010293

Top of Stack: (sp=0x1497eb9c)
0x1497eb9c:   14cd2518 14cd2710 01253400 14cd2518
0x1497ebac:   679b998f 000001fd 164382b0 00000000
0x1497ebbc:   164382b4 1497ebe4 1497ebe4 67a0eb6f
0x1497ebcc:   14cd2518 01253400 00000005 1497ecb0
0x1497ebdc:   14cd2518 14cd2710 1497ec10 67a1e94b
0x1497ebec:   14cd2518 01253400 00000005 1497ecb0
0x1497ebfc:   14cd2518 14cd2518 1497ed3c 14cd2518
0x1497ec0c:   01253400 1497ecd4 67aa74a4 00000005 

Instructions: (pc=0x679d83d6)
0x679d83b6:   08 50 8b ce e8 01 aa 09 00 8b 06 8b 56 10 8d 48
0x679d83c6:   01 89 0e 8b 4d e4 89 0c 82 eb 05 8b 4d e4 33 db
0x679d83d6:   39 0f 75 0d 0f b7 47 04 c6 45 ff 01 3b 45 10 74
0x679d83e6:   04 c6 45 ff 00 85 c9 74 39 8b 8b c8 00 00 00 8b 


Register to memory mapping:

EAX=0x00000004 is an unknown value
EBX=0x01253400 is an unknown value
ECX={method} {0x14cd251c} 'updateCursorLater' '(Ljava/awt/Component;)V' in 'sun/awt/GlobalCursorManager'
EDX=0x012539b0 is an unknown value
ESP=0x1497eb9c is an unknown value
EBP=0x1497ebc4 is an unknown value
ESI=0x01238280 is an unknown value
EDI=0x000003a0 is an unknown value


Stack: [0x14930000,0x14980000],  sp=0x1497eb9c,  free space=314k
Native frames: (J=compiled Java code, j=interpreted, Vv=VM code, C=native code)
V  [jvm.dll+0x883d6]
V  [jvm.dll+0xbeb6f]
V  [jvm.dll+0xce94b]
V  [jvm.dll+0x1574a4]
V  [jvm.dll+0x157596]
V  [jvm.dll+0x17c1e2]
V  [jvm.dll+0x17abfa]
V  [jvm.dll+0x99970]
V  [jvm.dll+0x9ac61]
V  [jvm.dll+0x9c9a0]
V  [jvm.dll+0x9ce09]
V  [jvm.dll+0x9bc2f]
V  [jvm.dll+0xa7f42]
V  [jvm.dll+0x9a833]
V  [jvm.dll+0x947f5]
V  [jvm.dll+0x1bb716]
V  [jvm.dll+0x184b5b]
V  [jvm.dll+0x183f71]
V  [jvm.dll+0x184387]
V  [jvm.dll+0x184582]
V  [jvm.dll+0x1c5416]
C  [msvcr100.dll+0x5c556]
C  [msvcr100.dll+0x5c600]
C  [kernel32.dll+0x51174]
C  [ntdll.dll+0x5b3f5]
C  [ntdll.dll+0x5b3c8]

JavaThread 0x15423800 (nid = 3840) was being processed
Java frames: (J=compiled Java code, j=interpreted, Vv=VM code)
j  sun.awt.GlobalCursorManager.updateCursorLater(Ljava/awt/Component;)V+5
j  sun.awt.windows.WGlobalCursorManager.nativeUpdateCursor(Ljava/awt/Component;)V+4
v  ~StubRoutines::call_stub
j  sun.awt.windows.WToolkit.eventLoop()V+0
j  sun.awt.windows.WToolkit.run()V+58
j  java.lang.Thread.run()V+11
v  ~StubRoutines::call_stub
VM_Operation (0x1579e860): GenCollectForAllocation, mode: safepoint, requested by thread 0x15423800


---------------  P R O C E S S  ---------------

Java Threads: ( => current thread )
  0x1535a000 JavaThread "Timer-17" [_thread_blocked, id=3732, stack(0x16ae0000,0x16b30000)]
  0x15358800 JavaThread "Timer-16" [_thread_blocked, id=2332, stack(0x16970000,0x169c0000)]
  0x15359c00 JavaThread "Image Fetcher 0" daemon [_thread_blocked, id=1704, stack(0x16bb0000,0x16c00000)]
  0x15359000 JavaThread "Timer-15" [_thread_blocked, id=5536, stack(0x16900000,0x16950000)]
  0x1535a800 JavaThread "Timer-14" [_thread_blocked, id=6112, stack(0x16850000,0x168a0000)]
  0x15359400 JavaThread "Timer-12" [_thread_blocked, id=6076, stack(0x15f10000,0x15f60000)]
  0x16361000 JavaThread "Thread-9" daemon [_thread_blocked, id=6012, stack(0x16150000,0x161a0000)]
  0x154ff000 JavaThread "TimerQueue" daemon [_thread_blocked, id=2340, stack(0x161b0000,0x16200000)]
  0x0135c800 JavaThread "DestroyJavaVM" [_thread_blocked, id=4292, stack(0x01990000,0x019e0000)]
  0x15425400 JavaThread "AWT-EventQueue-0" [_thread_blocked, id=3872, stack(0x150c0000,0x15110000)]
  0x15423800 JavaThread "AWT-Windows" daemon [_thread_blocked, id=3840, stack(0x15750000,0x157a0000)]
  0x15422c00 JavaThread "AWT-Shutdown" [_thread_blocked, id=2708, stack(0x15870000,0x158c0000)]
  0x15420000 JavaThread "Java2D Disposer" daemon [_thread_blocked, id=4048, stack(0x156f0000,0x15740000)]
  0x012eac00 JavaThread "Service Thread" daemon [_thread_blocked, id=2356, stack(0x152b0000,0x15300000)]
  0x012c2800 JavaThread "C1 CompilerThread0" daemon [_thread_blocked, id=3084, stack(0x151d0000,0x15220000)]
  0x012c1800 JavaThread "Attach Listener" daemon [_thread_blocked, id=4372, stack(0x148c0000,0x14910000)]
  0x012be800 JavaThread "Signal Dispatcher" daemon [_thread_blocked, id=2008, stack(0x15110000,0x15160000)]
  0x012b4400 JavaThread "Finalizer" daemon [_thread_blocked, id=4180, stack(0x14990000,0x149e0000)]
  0x01255c00 JavaThread "Reference Handler" daemon [_thread_blocked, id=780, stack(0x03da0000,0x03df0000)]

Other Threads:
=>0x01253400 VMThread [stack: 0x14930000,0x14980000] [id=4156]
  0x012edc00 WatcherThread [stack: 0x15220000,0x15270000] [id=4312]

VM state:at safepoint (normal execution)

VM Mutex/Monitor currently owned by a thread:  ([mutex/lock_event])
[0x0135ad68] Threads_lock - owner thread: 0x01253400
[0x0135b178] Heap_lock - owner thread: 0x15423800

Heap:
 def new generation   total 5504K, used 137K [0x03e00000, 0x043f0000, 0x09350000)
  eden space 4928K,   0% used [0x03e00000, 0x03e00000, 0x042d0000)
  from space 576K,  23% used [0x04360000, 0x043824f8, 0x043f0000)
  to   space 576K,   0% used [0x042d0000, 0x042d0000, 0x04360000)
 tenured generation   total 16100K, used 14470K [0x09350000, 0x0a309000, 0x13e00000)
   the space 16100K,  89% used [0x09350000, 0x0a171818, 0x0a171a00, 0x0a309000)
 Metaspace       used 3937K, capacity 4168K, committed 4288K, reserved 4480K

Card table byte_map: [0x03cb0000,0x03d40000] byte_map_base: 0x03c91000

Polling page: 0x00180000

CodeCache: size=32768Kb used=1835Kb max_used=1835Kb free=30932Kb
 bounds [0x01cb0000, 0x01e80000, 0x03cb0000]
 total_blobs=1096 nmethods=843 adapters=183
 compilation: enabled

Compilation events (10 events):
Event: 619.002 Thread 0x012c2800  852  s          sun.java2d.loops.RenderCache::get (100 bytes)
Event: 619.003 Thread 0x012c2800 nmethod 852 0x01e798c8 code [0x01e799f0, 0x01e79dcc]
Event: 619.026 Thread 0x012c2800  853             java.awt.Container::countComponents (10 bytes)
Event: 619.026 Thread 0x012c2800 nmethod 853 0x01e7a0c8 code [0x01e7a1d0, 0x01e7a26c]
Event: 619.055 Thread 0x012c2800  854             java.security.ProtectionDomain$JavaSecurityAccessImpl::doIntersectionPrivilege (22 bytes)
Event: 619.056 Thread 0x012c2800 nmethod 854 0x01e7a2c8 code [0x01e7a400, 0x01e7a610]
Event: 619.056 Thread 0x012c2800  855             java.security.ProtectionDomain$JavaSecurityAccessImpl::getCombinedACC (30 bytes)
Event: 619.056 Thread 0x012c2800 nmethod 855 0x01e7a7c8 code [0x01e7a8e0, 0x01e7aa58]
Event: 619.453 Thread 0x012c2800  856   !         java.awt.EventQueue::getNextEvent (84 bytes)
Event: 619.454 Thread 0x012c2800 nmethod 856 0x01e7ab48 code [0x01e7acc0, 0x01e7aefc]

GC Heap History (10 events):
Event: 42.263 GC heap after
Heap after GC invocations=13 (full 2):
 def new generation   total 5504K, used 0K [0x03e00000, 0x043f0000, 0x09350000)
  eden space 4928K,   0% used [0x03e00000, 0x03e00000, 0x042d0000)
  from space 576K,   0% used [0x042d0000, 0x042d0000, 0x04360000)
  to   space 576K,   0% used [0x04360000, 0x04360000, 0x043f0000)
 tenured generation   total 12000K, used 6983K [0x09350000, 0x09f08000, 0x13e00000)
   the space 12000K,  58% used [0x09350000, 0x09a21d90, 0x09a21e00, 0x09f08000)
 Metaspace       used 3766K, capacity 4148K, committed 4288K, reserved 4480K
}
Event: 138.754 GC heap before
{Heap before GC invocations=13 (full 2):
 def new generation   total 5504K, used 4921K [0x03e00000, 0x043f0000, 0x09350000)
  eden space 4928K,  99% used [0x03e00000, 0x042ce5b8, 0x042d0000)
  from space 576K,   0% used [0x042d0000, 0x042d0000, 0x04360000)
  to   space 576K,   0% used [0x04360000, 0x04360000, 0x043f0000)
 tenured generation   total 12000K, used 6983K [0x09350000, 0x09f08000, 0x13e00000)
   the space 12000K,  58% used [0x09350000, 0x09a21d90, 0x09a21e00, 0x09f08000)
 Metaspace       used 3766K, capacity 4148K, committed 4288K, reserved 4480K
Event: 138.760 GC heap after
Heap after GC invocations=14 (full 2):
 def new generation   total 5504K, used 122K [0x03e00000, 0x043f0000, 0x09350000)
  eden space 4928K,   0% used [0x03e00000, 0x03e00000, 0x042d0000)
  from space 576K,  21% used [0x04360000, 0x0437eaf0, 0x043f0000)
  to   space 576K,   0% used [0x042d0000, 0x042d0000, 0x04360000)
 tenured generation   total 12000K, used 11081K [0x09350000, 0x09f08000, 0x13e00000)
   the space 12000K,  92% used [0x09350000, 0x09e225a0, 0x09e22600, 0x09f08000)
 Metaspace       used 3766K, capacity 4148K, committed 4288K, reserved 4480K
}
Event: 149.210 GC heap before
{Heap before GC invocations=14 (full 2):
 def new generation   total 5504K, used 2624K [0x03e00000, 0x043f0000, 0x09350000)
  eden space 4928K,  50% used [0x03e00000, 0x04071808, 0x042d0000)
  from space 576K,  21% used [0x04360000, 0x0437eaf0, 0x043f0000)
  to   space 576K,   0% used [0x042d0000, 0x042d0000, 0x04360000)
 tenured generation   total 12000K, used 11081K [0x09350000, 0x09f08000, 0x13e00000)
   the space 12000K,  92% used [0x09350000, 0x09e225a0, 0x09e22600, 0x09f08000)
 Metaspace       used 3766K, capacity 4148K, committed 4288K, reserved 4480K
Event: 149.213 GC heap after
Heap after GC invocations=15 (full 2):
 def new generation   total 5504K, used 387K [0x03e00000, 0x043f0000, 0x09350000)
  eden space 4928K,   0% used [0x03e00000, 0x03e00000, 0x042d0000)
  from space 576K,  67% used [0x042d0000, 0x04330f08, 0x04360000)
  to   space 576K,   0% used [0x04360000, 0x04360000, 0x043f0000)
 tenured generation   total 12000K, used 11369K [0x09350000, 0x09f08000, 0x13e00000)
   the space 12000K,  94% used [0x09350000, 0x09e6a5b0, 0x09e6a600, 0x09f08000)
 Metaspace       used 3766K, capacity 4148K, committed 4288K, reserved 4480K
}
Event: 152.537 GC heap before
{Heap before GC invocations=15 (full 2):
 def new generation   total 5504K, used 4819K [0x03e00000, 0x043f0000, 0x09350000)
  eden space 4928K,  89% used [0x03e00000, 0x04253dc0, 0x042d0000)
  from space 576K,  67% used [0x042d0000, 0x04330f08, 0x04360000)
  to   space 576K,   0% used [0x04360000, 0x04360000, 0x043f0000)
 tenured generation   total 12000K, used 11369K [0x09350000, 0x09f08000, 0x13e00000)
   the space 12000K,  94% used [0x09350000, 0x09e6a5b0, 0x09e6a600, 0x09f08000)
 Metaspace       used 3766K, capacity 4148K, committed 4288K, reserved 4480K
Event: 152.595 GC heap after
Heap after GC invocations=16 (full 3):
 def new generation   total 5504K, used 0K [0x03e00000, 0x043f0000, 0x09350000)
  eden space 4928K,   0% used [0x03e00000, 0x03e00000, 0x042d0000)
  from space 576K,   0% used [0x04360000, 0x04360000, 0x043f0000)
  to   space 576K,   0% used [0x042d0000, 0x042d0000, 0x04360000)
 tenured generation   total 12000K, used 6273K [0x09350000, 0x09f08000, 0x13e00000)
   the space 12000K,  52% used [0x09350000, 0x099707f8, 0x09970800, 0x09f08000)
 Metaspace       used 3764K, capacity 4146K, committed 4288K, reserved 4480K
}
Event: 616.260 GC heap before
{Heap before GC invocations=16 (full 3):
 def new generation   total 5504K, used 4856K [0x03e00000, 0x043f0000, 0x09350000)
  eden space 4928K,  98% used [0x03e00000, 0x042be2c0, 0x042d0000)
  from space 576K,   0% used [0x04360000, 0x04360000, 0x043f0000)
  to   space 576K,   0% used [0x042d0000, 0x042d0000, 0x04360000)
 tenured generation   total 12000K, used 6273K [0x09350000, 0x09f08000, 0x13e00000)
   the space 12000K,  52% used [0x09350000, 0x099707f8, 0x09970800, 0x09f08000)
 Metaspace       used 3931K, capacity 4166K, committed 4288K, reserved 4480K
Event: 616.265 GC heap after
Heap after GC invocations=17 (full 3):
 def new generation   total 5504K, used 95K [0x03e00000, 0x043f0000, 0x09350000)
  eden space 4928K,   0% used [0x03e00000, 0x03e00000, 0x042d0000)
  from space 576K,  16% used [0x042d0000, 0x042e7f28, 0x04360000)
  to   space 576K,   0% used [0x04360000, 0x04360000, 0x043f0000)
 tenured generation   total 12000K, used 10372K [0x09350000, 0x09f08000, 0x13e00000)
   the space 12000K,  86% used [0x09350000, 0x09d71008, 0x09d71200, 0x09f08000)
 Metaspace       used 3931K, capacity 4166K, committed 4288K, reserved 4480K
}
Event: 619.954 GC heap before
{Heap before GC invocations=17 (full 3):
 def new generation   total 5504K, used 5023K [0x03e00000, 0x043f0000, 0x09350000)
  eden space 4928K, 100% used [0x03e00000, 0x042d0000, 0x042d0000)
  from space 576K,  16% used [0x042d0000, 0x042e7f28, 0x04360000)
  to   space 576K,   0% used [0x04360000, 0x04360000, 0x043f0000)
 tenured generation   total 12000K, used 10372K [0x09350000, 0x09f08000, 0x13e00000)
   the space 12000K,  86% used [0x09350000, 0x09d71008, 0x09d71200, 0x09f08000)
 Metaspace       used 3937K, capacity 4168K, committed 4288K, reserved 4480K

Deoptimization events (0 events):
No events

Classes redefined (0 events):
No events

Internal exceptions (10 events):
Event: 26.842 Thread 0x15425400 Exception <a 'java/lang/NoClassDefFoundError': org/apache/log4j/Category> (0x03f91940) thrown at [C:\workspace\8-2-build-windows-i586-cygwin\jdk8u181\11358\hotspot\src\share\vm\classfile\systemDictionary.cpp, line 199]
Event: 30.590 Thread 0x16318400 Exception <a 'java/net/SocketTimeoutException': Read timed out> (0x03f08bc8) thrown at [C:\workspace\8-2-build-windows-i586-cygwin\jdk8u181\11358\hotspot\src\share\vm\prims\jni.cpp, line 735]
Event: 33.643 Thread 0x16425800 Exception <a 'java/io/IOException': CreateProcess error=2, The system cannot find the file specified> (0x040adb88) thrown at [C:\workspace\8-2-build-windows-i586-cygwin\jdk8u181\11358\hotspot\src\share\vm\prims\jni.cpp, line 735]
Event: 44.795 Thread 0x15358800 Exception <a 'java/io/IOException': CreateProcess error=2, The system cannot find the file specified> (0x0423ade8) thrown at [C:\workspace\8-2-build-windows-i586-cygwin\jdk8u181\11358\hotspot\src\share\vm\prims\jni.cpp, line 735]
Event: 99.839 Thread 0x15359000 Exception <a 'java/net/SocketTimeoutException': Read timed out> (0x042592c8) thrown at [C:\workspace\8-2-build-windows-i586-cygwin\jdk8u181\11358\hotspot\src\share\vm\prims\jni.cpp, line 735]
Event: 139.341 Thread 0x15359400 Exception <a 'java/net/SocketTimeoutException': Read timed out> (0x03eae7d0) thrown at [C:\workspace\8-2-build-windows-i586-cygwin\jdk8u181\11358\hotspot\src\share\vm\prims\jni.cpp, line 735]
Event: 142.925 Thread 0x15359000 Exception <a 'java/io/IOException': CreateProcess error=2, The system cannot find the file specified> (0x0402d3c8) thrown at [C:\workspace\8-2-build-windows-i586-cygwin\jdk8u181\11358\hotspot\src\share\vm\prims\jni.cpp, line 735]
Event: 154.179 Thread 0x15359400 Exception <a 'java/io/IOException': CreateProcess error=2, The system cannot find the file specified> (0x04216668) thrown at [C:\workspace\8-2-build-windows-i586-cygwin\jdk8u181\11358\hotspot\src\share\vm\prims\jni.cpp, line 735]
Event: 615.151 Thread 0x15425400 Exception <a 'java/net/ConnectException': Connection refused: connect> (0x04272500) thrown at [C:\workspace\8-2-build-windows-i586-cygwin\jdk8u181\11358\hotspot\src\share\vm\prims\jni.cpp, line 735]
Event: 616.151 Thread 0x15425400 Exception <a 'java/net/ConnectException': Connection refused: connect> (0x04272ea8) thrown at [C:\workspace\8-2-build-windows-i586-cygwin\jdk8u181\11358\hotspot\src\share\vm\prims\jni.cpp, line 735]

Events (10 events):
Event: 617.654 Executing VM operation: RevokeBias done
Event: 618.537 Executing VM operation: RevokeBias
Event: 618.537 Executing VM operation: RevokeBias done
Event: 618.542 Thread 0x15358800 Thread added: 0x15358800
Event: 618.586 Executing VM operation: RevokeBias
Event: 618.620 Executing VM operation: RevokeBias done
Event: 618.656 Thread 0x1535a000 Thread added: 0x1535a000
Event: 619.026 Executing VM operation: RevokeBias
Event: 619.026 Executing VM operation: RevokeBias done
Event: 619.954 Executing VM operation: GenCollectForAllocation


Dynamic libraries:
0x00140000 - 0x00173000 	C:\Program Files\Java\jdk1.8.0_181\jre\bin\java.exe
0x77540000 - 0x7767c000 	C:\Windows\SYSTEM32\ntdll.dll
0x75a50000 - 0x75b24000 	C:\Windows\system32\kernel32.dll
0x75880000 - 0x758ca000 	C:\Windows\system32\KERNELBASE.dll
0x770d0000 - 0x77170000 	C:\Windows\system32\ADVAPI32.dll
0x776c0000 - 0x7776c000 	C:\Windows\system32\msvcrt.dll
0x75990000 - 0x759a9000 	C:\Windows\SYSTEM32\sechost.dll
0x77020000 - 0x770c1000 	C:\Windows\system32\RPCRT4.dll
0x75d10000 - 0x75dd9000 	C:\Windows\system32\USER32.dll
0x761c0000 - 0x7620e000 	C:\Windows\system32\GDI32.dll
0x76210000 - 0x7621a000 	C:\Windows\system32\LPK.dll
0x759b0000 - 0x75a4d000 	C:\Windows\system32\USP10.dll
0x74620000 - 0x747be000 	C:\Windows\WinSxS\x86_microsoft.windows.common-controls_6595b64144ccf1df_6.0.7600.16385_none_421189da2b7fabfc\COMCTL32.dll
0x77170000 - 0x771c7000 	C:\Windows\system32\SHLWAPI.dll
0x75cf0000 - 0x75d0f000 	C:\Windows\system32\IMM32.DLL
0x75c20000 - 0x75cec000 	C:\Windows\system32\MSCTF.dll
0x68050000 - 0x6810f000 	C:\Program Files\Java\jdk1.8.0_181\jre\bin\msvcr100.dll
0x67950000 - 0x67d23000 	C:\Program Files\Java\jdk1.8.0_181\jre\bin\client\jvm.dll
0x6c5c0000 - 0x6c5c7000 	C:\Windows\system32\WSOCK32.dll
0x75f40000 - 0x75f75000 	C:\Windows\system32\WS2_32.dll
0x75c10000 - 0x75c16000 	C:\Windows\system32\NSI.dll
0x70530000 - 0x70562000 	C:\Windows\system32\WINMM.dll
0x74b90000 - 0x74b99000 	C:\Windows\system32\VERSION.dll
0x76220000 - 0x76225000 	C:\Windows\system32\PSAPI.DLL
0x6be90000 - 0x6be9c000 	C:\Program Files\Java\jdk1.8.0_181\jre\bin\verify.dll
0x6a890000 - 0x6a8b2000 	C:\Program Files\Java\jdk1.8.0_181\jre\bin\java.dll
0x6a870000 - 0x6a884000 	C:\Program Files\Java\jdk1.8.0_181\jre\bin\zip.dll
0x76230000 - 0x76e79000 	C:\Windows\system32\SHELL32.dll
0x75de0000 - 0x75f3c000 	C:\Windows\system32\ole32.dll
0x75690000 - 0x7569b000 	C:\Windows\system32\profapi.dll
0x67f00000 - 0x68047000 	C:\Program Files\Java\jdk1.8.0_181\jre\bin\awt.dll
0x774b0000 - 0x7753f000 	C:\Windows\system32\OLEAUT32.dll
0x74470000 - 0x744b0000 	C:\Windows\system32\uxtheme.dll
0x74170000 - 0x74183000 	C:\Windows\system32\dwmapi.dll
0x755e0000 - 0x755ec000 	C:\Windows\system32\CRYPTBASE.dll
0x6c6c0000 - 0x6c788000 	C:\Windows\system32\opengl32.dll
0x6c690000 - 0x6c6b2000 	C:\Windows\system32\GLU32.dll
0x6b860000 - 0x6b947000 	C:\Windows\system32\DDRAW.dll
0x6c680000 - 0x6c686000 	C:\Windows\system32\DCIMAN32.dll
0x76e80000 - 0x7701d000 	C:\Windows\system32\SETUPAPI.dll
0x758d0000 - 0x758f7000 	C:\Windows\system32\CFGMGR32.dll
0x75710000 - 0x75722000 	C:\Windows\system32\DEVOBJ.dll
0x6a800000 - 0x6a839000 	C:\Program Files\Java\jdk1.8.0_181\jre\bin\fontmanager.dll
0x77220000 - 0x772a3000 	C:\Windows\system32\CLBCatQ.DLL
0x73f30000 - 0x7402b000 	C:\Windows\system32\WindowsCodecs.dll
0x75590000 - 0x755db000 	C:\Windows\system32\apphelp.dll
0x715f0000 - 0x71621000 	C:\Windows\system32\EhStorShell.dll
0x744b0000 - 0x745a5000 	C:\Windows\system32\PROPSYS.dll
0x661c0000 - 0x663dd000 	C:\PROGRA~1\MICROS~1\Office12\GR469A~1.DLL
0x68ef0000 - 0x68fe1000 	C:\PROGRA~1\MICROS~1\Office12\GrooveUtil.DLL
0x760c0000 - 0x761b4000 	C:\Windows\system32\WININET.dll
0x776b0000 - 0x776b3000 	C:\Windows\system32\Normaliz.dll
0x75f80000 - 0x760b5000 	C:\Windows\system32\urlmon.dll
0x75760000 - 0x7587c000 	C:\Windows\system32\CRYPT32.dll
0x75700000 - 0x7570c000 	C:\Windows\system32\MSASN1.dll
0x772b0000 - 0x774a9000 	C:\Windows\system32\iertutil.dll
0x70e70000 - 0x70f0b000 	C:\Windows\WinSxS\x86_microsoft.vc80.crt_1fc8b3b9a1e18e3b_8.0.50727.4927_none_d08a205e442db5b5\MSVCR80.dll
0x68ff0000 - 0x68ff7000 	C:\PROGRA~1\MICROS~1\Office12\GrooveNew.DLL
0x7c630000 - 0x7c64b000 	C:\Windows\WinSxS\x86_microsoft.vc80.atl_1fc8b3b9a1e18e3b_8.0.50727.42_none_dc990e4797f81af1\ATL80.DLL
0x75110000 - 0x75126000 	C:\Windows\system32\CRYPTSP.dll
0x74eb0000 - 0x74eeb000 	C:\Windows\system32\rsaenh.dll
0x73cf0000 - 0x73cf5000 	C:\Windows\system32\MSImg32.dll
0x70ac0000 - 0x70b2a000 	C:\Windows\System32\cscui.dll
0x70ab0000 - 0x70ab9000 	C:\Windows\System32\CSCDLL.dll
0x70aa0000 - 0x70aab000 	C:\Windows\system32\CSCAPI.dll
0x70a30000 - 0x70a9f000 	C:\Windows\system32\ntshrui.dll
0x754c0000 - 0x754d9000 	C:\Windows\system32\srvcli.dll
0x73ba0000 - 0x73baa000 	C:\Windows\system32\slc.dll
0x6a850000 - 0x6a865000 	C:\Program Files\Java\jdk1.8.0_181\jre\bin\net.dll
0x750d0000 - 0x7510c000 	C:\Windows\system32\mswsock.dll
0x750c0000 - 0x750c6000 	C:\Windows\System32\wship6.dll
0x6a840000 - 0x6a84f000 	C:\Program Files\Java\jdk1.8.0_181\jre\bin\nio.dll
0x68c00000 - 0x68c32000 	C:\Program Files\Java\jdk1.8.0_181\jre\bin\t2k.dll
0x74cf0000 - 0x74d07000 	C:\Windows\system32\USERENV.dll
0x737a0000 - 0x737bc000 	C:\Windows\system32\IPHLPAPI.DLL
0x73790000 - 0x73797000 	C:\Windows\system32\WINNSI.DLL
0x73640000 - 0x73652000 	C:\Windows\system32\dhcpcsvc.DLL
0x73440000 - 0x7344d000 	C:\Windows\system32\dhcpcsvc6.DLL
0x6cb80000 - 0x6cbb8000 	C:\Users\Admin\AppData\Local\Temp\jna-63116079\jna1855045194168707821.dll
0x745e0000 - 0x745e3000 	C:\Program Files\Java\jdk1.8.0_181\jre\bin\api-ms-win-core-synch-l1-2-0.DLL
0x15160000 - 0x151a9000 	C:\Windows\system32\fpengine.dll
0x14880000 - 0x148aa000 	C:\Windows\system32\fpcore32.dll
0x704d0000 - 0x70521000 	C:\Windows\system32\WINSPOOL.DRV
0x73d90000 - 0x73d97000 	C:\Windows\system32\WINUSB.DLL
0x742e0000 - 0x74470000 	C:\Windows\WinSxS\x86_microsoft.windows.gdiplus_6595b64144ccf1df_1.1.7600.16385_none_72fc7cbf861225ca\gdiplus.dll
0x75730000 - 0x7575d000 	C:\Windows\system32\WINTRUST.dll
0x6b500000 - 0x6b520000 	C:\Program Files\Java\jdk1.8.0_181\jre\bin\sunec.dll
0x74c20000 - 0x74c25000 	C:\Windows\System32\wshtcpip.dll
0x74f90000 - 0x74fd4000 	C:\Windows\system32\DNSAPI.dll
0x71b10000 - 0x71b16000 	C:\Windows\system32\rasadhlp.dll
0x73520000 - 0x73558000 	C:\Windows\System32\fwpuclnt.dll
0x673c0000 - 0x674ab000 	C:\Windows\system32\dbghelp.dll

VM Arguments:
jvm_args: -Dfile.encoding=UTF-8 
java_command: fingerprintcorev2.Views.IntroPage
java_class_path (initial): C:\Users\Admin\Downloads\org-apache-commons-codec.jar\org-apache-commons-codec.jar;C:\Users\Admin\Downloads\jna-4.5.2.jar;C:\Users\Admin\Downloads\unirest-java-1.4.9.jar;C:\Users\Admin\Downloads\org.json.jar\org.json.jar;C:\Users\Admin\Downloads\commons-logging-1.1.2.jar;C:\Users\Admin\Downloads\httpclient-4.5.5.jar;C:\Users\Admin\Downloads\httpcore-4.4.9.jar;C:\Users\Admin\Downloads\httpcore-nio-4.4.10.jar;C:\Users\Admin\Downloads\httpmime-4.5.6.jar;C:\Users\Admin\Downloads\httpasyncclient-4.0-beta4.jar\httpasyncclient-4.0-beta4.jar;C:\Users\Admin\Documents\NetBeansProjects\FingerprintCoreV2\build\classes
Launcher Type: SUN_STANDARD

Environment Variables:
PATH=C:\Program Files\Common Files\Oracle\Java\javapath;C:\Windows\system32;C:\Windows;C:\Windows\System32\Wbem;C:\Windows\System32\WindowsPowerShell\v1.0\;C:\Program Files\Git\cmd;C:\Program Files\Neurotechnology\FreeFingerprintVerificationSDK 1.0\bin\Win32_x86;C:\Program Files\nodejs\;C:\Users\Admin\AppData\Roaming\npm
USERNAME=Admin
OS=Windows_NT
PROCESSOR_IDENTIFIER=x86 Family 6 Model 76 Stepping 4, GenuineIntel



---------------  S Y S T E M  ---------------

OS: Windows 7 Build 7600 (6.1.7600.16385)

CPU:total 2 (initial active 2) (2 cores per cpu, 1 threads per core) family 6 model 76 stepping 4, cmov, cx8, fxsr, mmx, sse, sse2, sse3, ssse3, sse4.1, sse4.2, popcnt, aes, clmul, erms, 3dnowpref, tsc, tscinvbit

Memory: 4k page, physical 2008308k(650900k free), swap 4016616k(2098572k free)

vm_info: Java HotSpot(TM) Client VM (25.181-b13) for windows-x86 JRE (1.8.0_181-b13), built on Jul  7 2018 03:18:20 by "java_re" with MS VC++ 10.0 (VS2010)

time: Wed Aug 01 18:44:59 2018
elapsed time: 620 seconds (0d 0h 10m 20s)

