#
# A fatal error has been detected by the Java Runtime Environment:
#
#  EXCEPTION_ACCESS_VIOLATION (0xc0000005) at pc=0x77591ffe, pid=4832, tid=0x00001040
#
# JRE version: Java(TM) SE Runtime Environment (8.0_181-b13) (build 1.8.0_181-b13)
# Java VM: Java HotSpot(TM) Client VM (25.181-b13 mixed mode, sharing windows-x86 )
# Problematic frame:
# C  [ntdll.dll+0x51ffe]
#
# Failed to write core dump. Minidumps are not enabled by default on client versions of Windows
#
# If you would like to submit a bug report, please visit:
#   http://bugreport.java.com/bugreport/crash.jsp
#

---------------  T H R E A D  ---------------

Current thread (0x163d0400):  JavaThread "Timer-2" [_thread_in_vm, id=4160, stack(0x16bc0000,0x16c10000)]

siginfo: ExceptionCode=0xc0000005, reading address 0x594914f2

Registers:
EAX=0x72805743, EBX=0x1645b058, ECX=0x01190000, EDX=0x1645b058
ESP=0x16c0e858, EBP=0x16c0e88c, ESI=0x594914ee, EDI=0x1645b050
EIP=0x77591ffe, EFLAGS=0x00010206

Top of Stack: (sp=0x16c0e858)
0x16c0e858:   00000000 01190000 1645b058 00000000
0x16c0e868:   16c0f204 67c123fa 00000001 00000004
0x16c0e878:   163d0400 16c0e8b4 16c0e928 00000005
0x16c0e888:   1645b050 16c0e8a4 77591faf 163d0400
0x16c0e898:   00000000 1645b058 1645b050 16c0e8b8
0x16c0e8a8:   75a9f1ac 01190000 00000000 1645b058
0x16c0e8b8:   16c0e8cc 6806016a 01190000 00000000
0x16c0e8c8:   1645b058 16c0e8dc 67ab3f33 1645b058 

Instructions: (pc=0x77591ffe)
0x77591fde:   7a f8 80 7f 07 05 0f 84 58 df 03 00 8b 07 8b f7
0x77591fee:   c1 ee 03 33 f0 33 35 dc 71 61 77 89 7d fc 33 f1
0x77591ffe:   8b 46 04 89 45 f4 c6 47 07 80 c6 47 06 00 8b 5e
0x7759200e:   08 8b 4e 0c 89 5d e0 83 c3 01 89 4d e4 83 d1 01 


Register to memory mapping:

EAX=0x72805743 is an unknown value
EBX=0x1645b058 is an unknown value
ECX=0x01190000 is an unknown value
EDX=0x1645b058 is an unknown value
ESP=0x16c0e858 is pointing into the stack for thread: 0x163d0400
EBP=0x16c0e88c is pointing into the stack for thread: 0x163d0400
ESI=0x594914ee is an unknown value
EDI=0x1645b050 is an unknown value


Stack: [0x16bc0000,0x16c10000],  sp=0x16c0e858,  free space=314k
Native frames: (J=compiled Java code, j=interpreted, Vv=VM code, C=native code)
C  [ntdll.dll+0x51ffe]
C  [ntdll.dll+0x51faf]
C  [kernel32.dll+0x4f1ac]
C  [msvcr100.dll+0x1016a]
V  [jvm.dll+0x163f33]
V  [jvm.dll+0xe6847]
C  [jna2882148623873988871.dll+0x8ef9]
C  [jna2882148623873988871.dll+0x36d2]
j  com.sun.jna.Native.invokeInt(Lcom/sun/jna/Function;JI[Ljava/lang/Object;)I+0
j  com.sun.jna.Function.invoke([Ljava/lang/Object;Ljava/lang/Class;ZI)Ljava/lang/Object;+211
j  com.sun.jna.Function.invoke(Ljava/lang/reflect/Method;[Ljava/lang/Class;Ljava/lang/Class;[Ljava/lang/Object;Ljava/util/Map;)Ljava/lang/Object;+271
j  com.sun.jna.Library$Handler.invoke(Ljava/lang/Object;Ljava/lang/reflect/Method;[Ljava/lang/Object;)Ljava/lang/Object;+344
j  com.sun.proxy.$Proxy0.GetFpCharByGen([B[I)I+20
j  fingerprintcorev2.Views.RescanUI.fpsmessage()V+119
j  fingerprintcorev2.Views.RescanUI.access$800(Lfingerprintcorev2/Views/RescanUI;)V+1
j  fingerprintcorev2.Views.RescanUI$9.run()V+4
j  java.util.TimerThread.mainLoop()V+221
j  java.util.TimerThread.run()V+1
v  ~StubRoutines::call_stub
V  [jvm.dll+0x15c065]
V  [jvm.dll+0x223ade]
V  [jvm.dll+0x15c0fe]
V  [jvm.dll+0x15c286]
V  [jvm.dll+0x15c2f7]
V  [jvm.dll+0x10016f]
V  [jvm.dll+0x17f280]
V  [jvm.dll+0x17fafa]
V  [jvm.dll+0x1c5416]
C  [msvcr100.dll+0x5c556]
C  [msvcr100.dll+0x5c600]
C  [kernel32.dll+0x51174]
C  [ntdll.dll+0x5b3f5]
C  [ntdll.dll+0x5b3c8]
C  0x00000000

Java frames: (J=compiled Java code, j=interpreted, Vv=VM code)
j  com.sun.jna.Native.invokeInt(Lcom/sun/jna/Function;JI[Ljava/lang/Object;)I+0
j  com.sun.jna.Function.invoke([Ljava/lang/Object;Ljava/lang/Class;ZI)Ljava/lang/Object;+211
j  com.sun.jna.Function.invoke(Ljava/lang/reflect/Method;[Ljava/lang/Class;Ljava/lang/Class;[Ljava/lang/Object;Ljava/util/Map;)Ljava/lang/Object;+271
j  com.sun.jna.Library$Handler.invoke(Ljava/lang/Object;Ljava/lang/reflect/Method;[Ljava/lang/Object;)Ljava/lang/Object;+344
j  com.sun.proxy.$Proxy0.GetFpCharByGen([B[I)I+20
j  fingerprintcorev2.Views.RescanUI.fpsmessage()V+119
j  fingerprintcorev2.Views.RescanUI.access$800(Lfingerprintcorev2/Views/RescanUI;)V+1
j  fingerprintcorev2.Views.RescanUI$9.run()V+4
j  java.util.TimerThread.mainLoop()V+221
j  java.util.TimerThread.run()V+1
v  ~StubRoutines::call_stub

---------------  P R O C E S S  ---------------

Java Threads: ( => current thread )
  0x164bb800 JavaThread "Thread-9" daemon [_thread_blocked, id=1488, stack(0x16cd0000,0x16d20000)]
  0x163d0800 JavaThread "Timer-3" [_thread_blocked, id=1232, stack(0x16250000,0x162a0000)]
=>0x163d0400 JavaThread "Timer-2" [_thread_in_vm, id=4160, stack(0x16bc0000,0x16c10000)]
  0x163cec00 JavaThread "TimerQueue" daemon [_thread_blocked, id=4780, stack(0x16b20000,0x16b70000)]
  0x15464800 JavaThread "Timer-0" [_thread_blocked, id=1652, stack(0x15f30000,0x15f80000)]
  0x0119c800 JavaThread "DestroyJavaVM" [_thread_blocked, id=5308, stack(0x019b0000,0x01a00000)]
  0x15448c00 JavaThread "AWT-EventQueue-0" [_thread_blocked, id=2388, stack(0x15930000,0x15980000)]
  0x15447000 JavaThread "AWT-Windows" daemon [_thread_in_native, id=7760, stack(0x155b0000,0x15600000)]
  0x15446800 JavaThread "AWT-Shutdown" [_thread_blocked, id=6636, stack(0x15730000,0x15780000)]
  0x15443800 JavaThread "Java2D Disposer" daemon [_thread_blocked, id=5924, stack(0x15200000,0x15250000)]
  0x01788400 JavaThread "Service Thread" daemon [_thread_blocked, id=2704, stack(0x152d0000,0x15320000)]
  0x01782400 JavaThread "C1 CompilerThread0" daemon [_thread_blocked, id=5060, stack(0x15250000,0x152a0000)]
  0x01781400 JavaThread "Attach Listener" daemon [_thread_blocked, id=6012, stack(0x150f0000,0x15140000)]
  0x0177e400 JavaThread "Signal Dispatcher" daemon [_thread_blocked, id=2836, stack(0x15050000,0x150a0000)]
  0x01770800 JavaThread "Finalizer" daemon [_thread_blocked, id=4560, stack(0x03cf0000,0x03d40000)]
  0x01715c00 JavaThread "Reference Handler" daemon [_thread_blocked, id=6900, stack(0x14950000,0x149a0000)]

Other Threads:
  0x01713400 VMThread [stack: 0x148e0000,0x14930000] [id=4456]
  0x017b6000 WatcherThread [stack: 0x14fe0000,0x15030000] [id=4224]

VM state:not at safepoint (normal execution)

VM Mutex/Monitor currently owned by a thread: None

Heap:
 def new generation   total 4928K, used 4824K [0x03e00000, 0x04350000, 0x09350000)
  eden space 4416K,  97% used [0x03e00000, 0x042363b8, 0x04250000)
  from space 512K, 100% used [0x042d0000, 0x04350000, 0x04350000)
  to   space 512K,   0% used [0x04250000, 0x04250000, 0x042d0000)
 tenured generation   total 10944K, used 10088K [0x09350000, 0x09e00000, 0x13e00000)
   the space 10944K,  92% used [0x09350000, 0x09d2a3b8, 0x09d2a400, 0x09e00000)
 Metaspace       used 3618K, capacity 4080K, committed 4160K, reserved 4480K

Card table byte_map: [0x018e0000,0x01970000] byte_map_base: 0x018c1000

Polling page: 0x002b0000

CodeCache: size=32768Kb used=1619Kb max_used=1619Kb free=31148Kb
 bounds [0x01cd0000, 0x01e68000, 0x03cd0000]
 total_blobs=935 nmethods=686 adapters=179
 compilation: enabled

Compilation events (10 events):
Event: 57.852 Thread 0x01782400  694             javax.swing.JButton::getUIClassID (3 bytes)
Event: 57.853 Thread 0x01782400 nmethod 694 0x01e61088 code [0x01e61180, 0x01e61200]
Event: 57.938 Thread 0x01782400  695             fingerprintcorev2.Configs.Configs::DrawImage (151 bytes)
Event: 57.948 Thread 0x01782400 nmethod 695 0x01e61248 code [0x01e61450, 0x01e61de4]
Event: 57.952 Thread 0x01782400  696   !         sun.awt.image.ImageRepresentation::getOpaqueRGBImage (164 bytes)
Event: 57.958 Thread 0x01782400 nmethod 696 0x01e62708 code [0x01e62860, 0x01e62c30]
Event: 57.961 Thread 0x01782400  697 % !         sun.awt.image.ImageRepresentation::getOpaqueRGBImage @ 54 (164 bytes)
Event: 57.967 Thread 0x01782400 nmethod 697% 0x01e63208 code [0x01e63370, 0x01e63820]
Event: 57.969 Thread 0x01782400  698             java.awt.image.SinglePixelPackedSampleModel::<init> (277 bytes)
Event: 57.974 Thread 0x01782400 nmethod 698 0x01e63f08 code [0x01e640e0, 0x01e648a0]

GC Heap History (10 events):
Event: 4.518 GC heap before
{Heap before GC invocations=4 (full 0):
 def new generation   total 4928K, used 4592K [0x03e00000, 0x04350000, 0x09350000)
  eden space 4416K, 100% used [0x03e00000, 0x04250000, 0x04250000)
  from space 512K,  34% used [0x04250000, 0x0427c0c8, 0x042d0000)
  to   space 512K,   0% used [0x042d0000, 0x042d0000, 0x04350000)
 tenured generation   total 10944K, used 2883K [0x09350000, 0x09e00000, 0x13e00000)
   the space 10944K,  26% used [0x09350000, 0x09620db0, 0x09620e00, 0x09e00000)
 Metaspace       used 1198K, capacity 2759K, committed 2880K, reserved 4480K
Event: 4.537 GC heap after
Heap after GC invocations=5 (full 0):
 def new generation   total 4928K, used 91K [0x03e00000, 0x04350000, 0x09350000)
  eden space 4416K,   0% used [0x03e00000, 0x03e00000, 0x04250000)
  from space 512K,  17% used [0x042d0000, 0x042e6c50, 0x04350000)
  to   space 512K,   0% used [0x04250000, 0x04250000, 0x042d0000)
 tenured generation   total 10944K, used 6981K [0x09350000, 0x09e00000, 0x13e00000)
   the space 10944K,  63% used [0x09350000, 0x09a215c0, 0x09a21600, 0x09e00000)
 Metaspace       used 1198K, capacity 2759K, committed 2880K, reserved 4480K
}
Event: 15.113 GC heap before
{Heap before GC invocations=5 (full 0):
 def new generation   total 4928K, used 4507K [0x03e00000, 0x04350000, 0x09350000)
  eden space 4416K, 100% used [0x03e00000, 0x04250000, 0x04250000)
  from space 512K,  17% used [0x042d0000, 0x042e6c50, 0x04350000)
  to   space 512K,   0% used [0x04250000, 0x04250000, 0x042d0000)
 tenured generation   total 10944K, used 6981K [0x09350000, 0x09e00000, 0x13e00000)
   the space 10944K,  63% used [0x09350000, 0x09a215c0, 0x09a21600, 0x09e00000)
 Metaspace       used 2146K, capacity 3058K, committed 3136K, reserved 4480K
Event: 15.121 GC heap after
Heap after GC invocations=6 (full 0):
 def new generation   total 4928K, used 512K [0x03e00000, 0x04350000, 0x09350000)
  eden space 4416K,   0% used [0x03e00000, 0x03e00000, 0x04250000)
  from space 512K, 100% used [0x04250000, 0x042d0000, 0x042d0000)
  to   space 512K,   0% used [0x042d0000, 0x042d0000, 0x04350000)
 tenured generation   total 10944K, used 7548K [0x09350000, 0x09e00000, 0x13e00000)
   the space 10944K,  68% used [0x09350000, 0x09aaf000, 0x09aaf000, 0x09e00000)
 Metaspace       used 2146K, capacity 3058K, committed 3136K, reserved 4480K
}
Event: 15.220 GC heap before
{Heap before GC invocations=6 (full 0):
 def new generation   total 4928K, used 4928K [0x03e00000, 0x04350000, 0x09350000)
  eden space 4416K, 100% used [0x03e00000, 0x04250000, 0x04250000)
  from space 512K, 100% used [0x04250000, 0x042d0000, 0x042d0000)
  to   space 512K,   0% used [0x042d0000, 0x042d0000, 0x04350000)
 tenured generation   total 10944K, used 7548K [0x09350000, 0x09e00000, 0x13e00000)
   the space 10944K,  68% used [0x09350000, 0x09aaf000, 0x09aaf000, 0x09e00000)
 Metaspace       used 2318K, capacity 3075K, committed 3136K, reserved 4480K
Event: 15.229 GC heap after
Heap after GC invocations=7 (full 0):
 def new generation   total 4928K, used 512K [0x03e00000, 0x04350000, 0x09350000)
  eden space 4416K,   0% used [0x03e00000, 0x03e00000, 0x04250000)
  from space 512K, 100% used [0x042d0000, 0x04350000, 0x04350000)
  to   space 512K,   0% used [0x04250000, 0x04250000, 0x042d0000)
 tenured generation   total 10944K, used 8446K [0x09350000, 0x09e00000, 0x13e00000)
   the space 10944K,  77% used [0x09350000, 0x09b8f920, 0x09b8fa00, 0x09e00000)
 Metaspace       used 2318K, capacity 3075K, committed 3136K, reserved 4480K
}
Event: 15.349 GC heap before
{Heap before GC invocations=7 (full 0):
 def new generation   total 4928K, used 4928K [0x03e00000, 0x04350000, 0x09350000)
  eden space 4416K, 100% used [0x03e00000, 0x04250000, 0x04250000)
  from space 512K, 100% used [0x042d0000, 0x04350000, 0x04350000)
  to   space 512K,   0% used [0x04250000, 0x04250000, 0x042d0000)
 tenured generation   total 10944K, used 8446K [0x09350000, 0x09e00000, 0x13e00000)
   the space 10944K,  77% used [0x09350000, 0x09b8f920, 0x09b8fa00, 0x09e00000)
 Metaspace       used 2517K, capacity 3206K, committed 3264K, reserved 4480K
Event: 15.357 GC heap after
Heap after GC invocations=8 (full 0):
 def new generation   total 4928K, used 512K [0x03e00000, 0x04350000, 0x09350000)
  eden space 4416K,   0% used [0x03e00000, 0x03e00000, 0x04250000)
  from space 512K, 100% used [0x04250000, 0x042d0000, 0x042d0000)
  to   space 512K,   0% used [0x042d0000, 0x042d0000, 0x04350000)
 tenured generation   total 10944K, used 9287K [0x09350000, 0x09e00000, 0x13e00000)
   the space 10944K,  84% used [0x09350000, 0x09c61f28, 0x09c62000, 0x09e00000)
 Metaspace       used 2517K, capacity 3206K, committed 3264K, reserved 4480K
}
Event: 15.522 GC heap before
{Heap before GC invocations=8 (full 0):
 def new generation   total 4928K, used 4928K [0x03e00000, 0x04350000, 0x09350000)
  eden space 4416K, 100% used [0x03e00000, 0x04250000, 0x04250000)
  from space 512K, 100% used [0x04250000, 0x042d0000, 0x042d0000)
  to   space 512K,   0% used [0x042d0000, 0x042d0000, 0x04350000)
 tenured generation   total 10944K, used 9287K [0x09350000, 0x09e00000, 0x13e00000)
   the space 10944K,  84% used [0x09350000, 0x09c61f28, 0x09c62000, 0x09e00000)
 Metaspace       used 3129K, capacity 3661K, committed 3776K, reserved 4480K
Event: 15.528 GC heap after
Heap after GC invocations=9 (full 0):
 def new generation   total 4928K, used 512K [0x03e00000, 0x04350000, 0x09350000)
  eden space 4416K,   0% used [0x03e00000, 0x03e00000, 0x04250000)
  from space 512K, 100% used [0x042d0000, 0x04350000, 0x04350000)
  to   space 512K,   0% used [0x04250000, 0x04250000, 0x042d0000)
 tenured generation   total 10944K, used 10088K [0x09350000, 0x09e00000, 0x13e00000)
   the space 10944K,  92% used [0x09350000, 0x09d2a3b8, 0x09d2a400, 0x09e00000)
 Metaspace       used 3129K, capacity 3661K, committed 3776K, reserved 4480K
}

Deoptimization events (0 events):
No events

Classes redefined (0 events):
No events

Internal exceptions (10 events):
Event: 0.237 Thread 0x0119c800 Exception <a 'java/security/PrivilegedActionException'> (0x03eccca0) thrown at [C:\workspace\8-2-build-windows-i586-cygwin\jdk8u181\11358\hotspot\src\share\vm\prims\jvm.cpp, line 1435]
Event: 0.237 Thread 0x0119c800 Exception <a 'java/security/PrivilegedActionException'> (0x03eccea0) thrown at [C:\workspace\8-2-build-windows-i586-cygwin\jdk8u181\11358\hotspot\src\share\vm\prims\jvm.cpp, line 1435]
Event: 0.238 Thread 0x0119c800 Exception <a 'java/security/PrivilegedActionException'> (0x03ed0948) thrown at [C:\workspace\8-2-build-windows-i586-cygwin\jdk8u181\11358\hotspot\src\share\vm\prims\jvm.cpp, line 1435]
Event: 0.238 Thread 0x0119c800 Exception <a 'java/security/PrivilegedActionException'> (0x03ed0b48) thrown at [C:\workspace\8-2-build-windows-i586-cygwin\jdk8u181\11358\hotspot\src\share\vm\prims\jvm.cpp, line 1435]
Event: 0.242 Thread 0x0119c800 Exception <a 'java/io/FileNotFoundException'> (0x03ed28c0) thrown at [C:\workspace\8-2-build-windows-i586-cygwin\jdk8u181\11358\hotspot\src\share\vm\prims\jni.cpp, line 709]
Event: 0.300 Thread 0x0119c800 Exception <a 'java/lang/NoSuchFieldError': method resolution failed> (0x03f90ee8) thrown at [C:\workspace\8-2-build-windows-i586-cygwin\jdk8u181\11358\hotspot\src\share\vm\prims\methodHandles.cpp, line 1167]
Event: 0.304 Thread 0x0119c800 Exception <a 'java/lang/NoSuchFieldError': method resolution failed> (0x03f9d088) thrown at [C:\workspace\8-2-build-windows-i586-cygwin\jdk8u181\11358\hotspot\src\share\vm\prims\methodHandles.cpp, line 1167]
Event: 0.368 Thread 0x15448c00 Exception <a 'java/io/FileNotFoundException'> (0x0405e420) thrown at [C:\workspace\8-2-build-windows-i586-cygwin\jdk8u181\11358\hotspot\src\share\vm\prims\jni.cpp, line 709]
Event: 14.684 Thread 0x15448c00 Exception <a 'java/lang/NoClassDefFoundError': org/apache/log4j/Category> (0x04025fe0) thrown at [C:\workspace\8-2-build-windows-i586-cygwin\jdk8u181\11358\hotspot\src\share\vm\classfile\systemDictionary.cpp, line 199]
Event: 56.502 Thread 0x15448c00 Exception <a 'java/net/SocketTimeoutException': Read timed out> (0x04171938) thrown at [C:\workspace\8-2-build-windows-i586-cygwin\jdk8u181\11358\hotspot\src\share\vm\prims\jni.cpp, line 735]

Events (10 events):
Event: 54.447 Executing VM operation: Deoptimize
Event: 54.448 Executing VM operation: Deoptimize done
Event: 54.448 Executing VM operation: RevokeBias
Event: 54.448 Executing VM operation: RevokeBias done
Event: 54.449 Executing VM operation: RevokeBias
Event: 54.449 Executing VM operation: RevokeBias done
Event: 56.502 loading class sun/net/ConnectionResetException
Event: 56.503 loading class sun/net/ConnectionResetException done
Event: 56.527 Executing VM operation: RevokeBias
Event: 56.529 Executing VM operation: RevokeBias done


Dynamic libraries:
0x00230000 - 0x00263000 	C:\Program Files\Java\jdk1.8.0_181\jre\bin\java.exe
0x77540000 - 0x7767c000 	C:\Windows\SYSTEM32\ntdll.dll
0x75a50000 - 0x75b24000 	C:\Windows\system32\kernel32.dll
0x75880000 - 0x758ca000 	C:\Windows\system32\KERNELBASE.dll
0x770d0000 - 0x77170000 	C:\Windows\system32\ADVAPI32.dll
0x776c0000 - 0x7776c000 	C:\Windows\system32\msvcrt.dll
0x75990000 - 0x759a9000 	C:\Windows\SYSTEM32\sechost.dll
0x77020000 - 0x770c1000 	C:\Windows\system32\RPCRT4.dll
0x75d10000 - 0x75dd9000 	C:\Windows\system32\USER32.dll
0x761c0000 - 0x7620e000 	C:\Windows\system32\GDI32.dll
0x76210000 - 0x7621a000 	C:\Windows\system32\LPK.dll
0x759b0000 - 0x75a4d000 	C:\Windows\system32\USP10.dll
0x74620000 - 0x747be000 	C:\Windows\WinSxS\x86_microsoft.windows.common-controls_6595b64144ccf1df_6.0.7600.16385_none_421189da2b7fabfc\COMCTL32.dll
0x77170000 - 0x771c7000 	C:\Windows\system32\SHLWAPI.dll
0x75cf0000 - 0x75d0f000 	C:\Windows\system32\IMM32.DLL
0x75c20000 - 0x75cec000 	C:\Windows\system32\MSCTF.dll
0x68050000 - 0x6810f000 	C:\Program Files\Java\jdk1.8.0_181\jre\bin\msvcr100.dll
0x67950000 - 0x67d23000 	C:\Program Files\Java\jdk1.8.0_181\jre\bin\client\jvm.dll
0x6c5c0000 - 0x6c5c7000 	C:\Windows\system32\WSOCK32.dll
0x75f40000 - 0x75f75000 	C:\Windows\system32\WS2_32.dll
0x75c10000 - 0x75c16000 	C:\Windows\system32\NSI.dll
0x70530000 - 0x70562000 	C:\Windows\system32\WINMM.dll
0x74b90000 - 0x74b99000 	C:\Windows\system32\VERSION.dll
0x76220000 - 0x76225000 	C:\Windows\system32\PSAPI.DLL
0x6be90000 - 0x6be9c000 	C:\Program Files\Java\jdk1.8.0_181\jre\bin\verify.dll
0x6a890000 - 0x6a8b2000 	C:\Program Files\Java\jdk1.8.0_181\jre\bin\java.dll
0x6a870000 - 0x6a884000 	C:\Program Files\Java\jdk1.8.0_181\jre\bin\zip.dll
0x76230000 - 0x76e79000 	C:\Windows\system32\SHELL32.dll
0x75de0000 - 0x75f3c000 	C:\Windows\system32\ole32.dll
0x75690000 - 0x7569b000 	C:\Windows\system32\profapi.dll
0x67f00000 - 0x68047000 	C:\Program Files\Java\jdk1.8.0_181\jre\bin\awt.dll
0x774b0000 - 0x7753f000 	C:\Windows\system32\OLEAUT32.dll
0x74470000 - 0x744b0000 	C:\Windows\system32\uxtheme.dll
0x74170000 - 0x74183000 	C:\Windows\system32\dwmapi.dll
0x755e0000 - 0x755ec000 	C:\Windows\system32\CRYPTBASE.dll
0x6c6c0000 - 0x6c788000 	C:\Windows\system32\opengl32.dll
0x6c690000 - 0x6c6b2000 	C:\Windows\system32\GLU32.dll
0x6b860000 - 0x6b947000 	C:\Windows\system32\DDRAW.dll
0x6c680000 - 0x6c686000 	C:\Windows\system32\DCIMAN32.dll
0x76e80000 - 0x7701d000 	C:\Windows\system32\SETUPAPI.dll
0x758d0000 - 0x758f7000 	C:\Windows\system32\CFGMGR32.dll
0x75710000 - 0x75722000 	C:\Windows\system32\DEVOBJ.dll
0x6a800000 - 0x6a839000 	C:\Program Files\Java\jdk1.8.0_181\jre\bin\fontmanager.dll
0x77220000 - 0x772a3000 	C:\Windows\system32\CLBCatQ.DLL
0x73f30000 - 0x7402b000 	C:\Windows\system32\WindowsCodecs.dll
0x75590000 - 0x755db000 	C:\Windows\system32\apphelp.dll
0x715f0000 - 0x71621000 	C:\Windows\system32\EhStorShell.dll
0x744b0000 - 0x745a5000 	C:\Windows\system32\PROPSYS.dll
0x661c0000 - 0x663dd000 	C:\PROGRA~1\MICROS~1\Office12\GR469A~1.DLL
0x68ef0000 - 0x68fe1000 	C:\PROGRA~1\MICROS~1\Office12\GrooveUtil.DLL
0x760c0000 - 0x761b4000 	C:\Windows\system32\WININET.dll
0x776b0000 - 0x776b3000 	C:\Windows\system32\Normaliz.dll
0x75f80000 - 0x760b5000 	C:\Windows\system32\urlmon.dll
0x75760000 - 0x7587c000 	C:\Windows\system32\CRYPT32.dll
0x75700000 - 0x7570c000 	C:\Windows\system32\MSASN1.dll
0x772b0000 - 0x774a9000 	C:\Windows\system32\iertutil.dll
0x70e70000 - 0x70f0b000 	C:\Windows\WinSxS\x86_microsoft.vc80.crt_1fc8b3b9a1e18e3b_8.0.50727.4927_none_d08a205e442db5b5\MSVCR80.dll
0x68ff0000 - 0x68ff7000 	C:\PROGRA~1\MICROS~1\Office12\GrooveNew.DLL
0x7c630000 - 0x7c64b000 	C:\Windows\WinSxS\x86_microsoft.vc80.atl_1fc8b3b9a1e18e3b_8.0.50727.42_none_dc990e4797f81af1\ATL80.DLL
0x75110000 - 0x75126000 	C:\Windows\system32\CRYPTSP.dll
0x74eb0000 - 0x74eeb000 	C:\Windows\system32\rsaenh.dll
0x73cf0000 - 0x73cf5000 	C:\Windows\system32\MSImg32.dll
0x70ac0000 - 0x70b2a000 	C:\Windows\System32\cscui.dll
0x70ab0000 - 0x70ab9000 	C:\Windows\System32\CSCDLL.dll
0x70aa0000 - 0x70aab000 	C:\Windows\system32\CSCAPI.dll
0x70a30000 - 0x70a9f000 	C:\Windows\system32\ntshrui.dll
0x754c0000 - 0x754d9000 	C:\Windows\system32\srvcli.dll
0x73ba0000 - 0x73baa000 	C:\Windows\system32\slc.dll
0x6a850000 - 0x6a865000 	C:\Program Files\Java\jdk1.8.0_181\jre\bin\net.dll
0x750d0000 - 0x7510c000 	C:\Windows\system32\mswsock.dll
0x750c0000 - 0x750c6000 	C:\Windows\System32\wship6.dll
0x6a840000 - 0x6a84f000 	C:\Program Files\Java\jdk1.8.0_181\jre\bin\nio.dll
0x68c00000 - 0x68c32000 	C:\Program Files\Java\jdk1.8.0_181\jre\bin\t2k.dll
0x74cf0000 - 0x74d07000 	C:\Windows\system32\USERENV.dll
0x737a0000 - 0x737bc000 	C:\Windows\system32\IPHLPAPI.DLL
0x73790000 - 0x73797000 	C:\Windows\system32\WINNSI.DLL
0x73640000 - 0x73652000 	C:\Windows\system32\dhcpcsvc.DLL
0x73440000 - 0x7344d000 	C:\Windows\system32\dhcpcsvc6.DLL
0x67d30000 - 0x67d68000 	C:\Users\Admin\AppData\Local\Temp\jna-63116079\jna2882148623873988871.dll
0x6cbc0000 - 0x6cbc3000 	C:\Program Files\Java\jdk1.8.0_181\jre\bin\api-ms-win-core-synch-l1-2-0.DLL
0x15520000 - 0x15569000 	C:\Windows\system32\fpengine.dll
0x152a0000 - 0x152ca000 	C:\Windows\system32\fpcore32.dll
0x704d0000 - 0x70521000 	C:\Windows\system32\WINSPOOL.DRV
0x73d90000 - 0x73d97000 	C:\Windows\system32\WINUSB.DLL
0x742e0000 - 0x74470000 	C:\Windows\WinSxS\x86_microsoft.windows.gdiplus_6595b64144ccf1df_1.1.7600.16385_none_72fc7cbf861225ca\gdiplus.dll
0x75730000 - 0x7575d000 	C:\Windows\system32\WINTRUST.dll
0x6b500000 - 0x6b520000 	C:\Program Files\Java\jdk1.8.0_181\jre\bin\sunec.dll
0x74c20000 - 0x74c25000 	C:\Windows\System32\wshtcpip.dll
0x74f90000 - 0x74fd4000 	C:\Windows\system32\DNSAPI.dll
0x71b10000 - 0x71b16000 	C:\Windows\system32\rasadhlp.dll
0x73520000 - 0x73558000 	C:\Windows\System32\fwpuclnt.dll
0x673c0000 - 0x674ab000 	C:\Windows\system32\dbghelp.dll

VM Arguments:
jvm_args: -Dfile.encoding=UTF-8 
java_command: fingerprintcorev2.Views.IntroPage
java_class_path (initial): C:\Users\Admin\Downloads\org-apache-commons-codec.jar\org-apache-commons-codec.jar;C:\Users\Admin\Downloads\jna-4.5.2.jar;C:\Users\Admin\Downloads\unirest-java-1.4.9.jar;C:\Users\Admin\Downloads\org.json.jar\org.json.jar;C:\Users\Admin\Downloads\commons-logging-1.1.2.jar;C:\Users\Admin\Downloads\httpclient-4.5.5.jar;C:\Users\Admin\Downloads\httpcore-4.4.9.jar;C:\Users\Admin\Downloads\httpcore-nio-4.4.10.jar;C:\Users\Admin\Downloads\httpmime-4.5.6.jar;C:\Users\Admin\Downloads\httpasyncclient-4.0-beta4.jar\httpasyncclient-4.0-beta4.jar;C:\Users\Admin\Documents\NetBeansProjects\FingerprintCoreV2\build\classes
Launcher Type: SUN_STANDARD

Environment Variables:
PATH=C:\Program Files\Common Files\Oracle\Java\javapath;C:\Windows\system32;C:\Windows;C:\Windows\System32\Wbem;C:\Windows\System32\WindowsPowerShell\v1.0\;C:\Program Files\Git\cmd;C:\Program Files\Neurotechnology\FreeFingerprintVerificationSDK 1.0\bin\Win32_x86;C:\Program Files\nodejs\;C:\Users\Admin\AppData\Roaming\npm
USERNAME=Admin
OS=Windows_NT
PROCESSOR_IDENTIFIER=x86 Family 6 Model 76 Stepping 4, GenuineIntel



---------------  S Y S T E M  ---------------

OS: Windows 7 Build 7600 (6.1.7600.16385)

CPU:total 2 (initial active 2) (2 cores per cpu, 1 threads per core) family 6 model 76 stepping 4, cmov, cx8, fxsr, mmx, sse, sse2, sse3, ssse3, sse4.1, sse4.2, popcnt, aes, clmul, erms, 3dnowpref, tsc, tscinvbit

Memory: 4k page, physical 2008308k(463108k free), swap 4016616k(1396604k free)

vm_info: Java HotSpot(TM) Client VM (25.181-b13) for windows-x86 JRE (1.8.0_181-b13), built on Jul  7 2018 03:18:20 by "java_re" with MS VC++ 10.0 (VS2010)

time: Sat Aug 04 12:34:53 2018
elapsed time: 58 seconds (0d 0h 0m 58s)

