#
# A fatal error has been detected by the Java Runtime Environment:
#
#  EXCEPTION_ACCESS_VIOLATION (0xc0000005) at pc=0x77461ffe, pid=988, tid=0x00001688
#
# JRE version: Java(TM) SE Runtime Environment (8.0_181-b13) (build 1.8.0_181-b13)
# Java VM: Java HotSpot(TM) Client VM (25.181-b13 mixed mode, sharing windows-x86 )
# Problematic frame:
# C  [ntdll.dll+0x51ffe]
#
# Failed to write core dump. Minidumps are not enabled by default on client versions of Windows
#
# If you would like to submit a bug report, please visit:
#   http://bugreport.java.com/bugreport/crash.jsp
# The crash happened outside the Java Virtual Machine in native code.
# See problematic frame for where to report the bug.
#

---------------  T H R E A D  ---------------

Current thread (0x152e5000):  JavaThread "AWT-EventQueue-0" [_thread_in_native, id=5768, stack(0x15930000,0x15980000)]

siginfo: ExceptionCode=0xc0000005, reading address 0x3f74fb0b

Registers:
EAX=0x01740db0, EBX=0x15297768, ECX=0x00320000, EDX=0x15297768
ESP=0x1597dff4, EBP=0x1597e028, ESI=0x3f74fb07, EDI=0x15297760
EIP=0x77461ffe, EFLAGS=0x00010202

Top of Stack: (sp=0x1597dff4)
0x1597dff4:   00000000 00320000 15297768 00001558
0x1597e004:   00000000 00000000 00000000 00000000
0x1597e014:   00000000 00000000 00000000 00000023
0x1597e024:   15297760 1597e040 77461faf 1597e0f8
0x1597e034:   152e5140 15297768 15297760 1597e054
0x1597e044:   7684f1ac 00320000 00000000 15297768
0x1597e054:   1597e068 66d0016a 00320000 00000000
0x1597e064:   15297768 5e48a788 673b6789 15297768 

Instructions: (pc=0x77461ffe)
0x77461fde:   7a f8 80 7f 07 05 0f 84 58 df 03 00 8b 07 8b f7
0x77461fee:   c1 ee 03 33 f0 33 35 dc 71 4e 77 89 7d fc 33 f1
0x77461ffe:   8b 46 04 89 45 f4 c6 47 07 80 c6 47 06 00 8b 5e
0x7746200e:   08 8b 4e 0c 89 5d e0 83 c3 01 89 4d e4 83 d1 01 


Register to memory mapping:

EAX=0x01740db0 is an unknown value
EBX=0x15297768 is an unknown value
ECX=0x00320000 is an unknown value
EDX=0x15297768 is an unknown value
ESP=0x1597dff4 is pointing into the stack for thread: 0x152e5000
EBP=0x1597e028 is pointing into the stack for thread: 0x152e5000
ESI=0x3f74fb07 is an unknown value
EDI=0x15297760 is an unknown value


Stack: [0x15930000,0x15980000],  sp=0x1597dff4,  free space=311k
Native frames: (J=compiled Java code, j=interpreted, Vv=VM code, C=native code)
C  [ntdll.dll+0x51ffe]
C  [ntdll.dll+0x51faf]
C  [kernel32.dll+0x4f1ac]
C  [msvcr100.dll+0x1016a]
C  [fontmanager.dll+0x6789]

Java frames: (J=compiled Java code, j=interpreted, Vv=VM code)
j  sun.java2d.loops.DrawGlyphListLCD.DrawGlyphListLCD(Lsun/java2d/SunGraphics2D;Lsun/java2d/SurfaceData;Lsun/font/GlyphList;)V+0
j  sun.java2d.pipe.LCDTextRenderer.drawGlyphList(Lsun/java2d/SunGraphics2D;Lsun/font/GlyphList;)V+13
j  sun.java2d.pipe.GlyphListPipe.drawChars(Lsun/java2d/SunGraphics2D;[CIIII)V+165
j  sun.java2d.pipe.ValidatePipe.drawChars(Lsun/java2d/SunGraphics2D;[CIIII)V+21
j  sun.java2d.SunGraphics2D.drawChars([CIIII)V+106
j  sun.swing.SwingUtilities2.drawChars(Ljavax/swing/JComponent;Ljava/awt/Graphics;[CIIII)I+328
j  javax.swing.text.Utilities.drawTabbedText(Ljavax/swing/text/View;Ljavax/swing/text/Segment;IILjava/awt/Graphics;Ljavax/swing/text/TabExpander;I[I)I+401
j  javax.swing.text.Utilities.drawTabbedText(Ljavax/swing/text/View;Ljavax/swing/text/Segment;IILjava/awt/Graphics;Ljavax/swing/text/TabExpander;I)I+11
j  javax.swing.text.PlainView.drawUnselectedText(Ljava/awt/Graphics;IIII)I+44
j  javax.swing.text.PlainView.drawElement(ILjavax/swing/text/Element;Ljava/awt/Graphics;II)I+135
j  javax.swing.text.PlainView.drawLine(ILjava/awt/Graphics;II)V+30
j  javax.swing.text.PlainView.paint(Ljava/awt/Graphics;Ljava/awt/Shape;)V+424
j  javax.swing.text.FieldView.paint(Ljava/awt/Graphics;Ljava/awt/Shape;)V+28
j  javax.swing.plaf.basic.BasicTextUI$RootView.paint(Ljava/awt/Graphics;Ljava/awt/Shape;)V+48
j  javax.swing.plaf.basic.BasicTextUI.paintSafely(Ljava/awt/Graphics;)V+65
j  javax.swing.plaf.basic.BasicTextUI.paint(Ljava/awt/Graphics;Ljavax/swing/JComponent;)V+45
j  javax.swing.plaf.basic.BasicTextUI.update(Ljava/awt/Graphics;Ljavax/swing/JComponent;)V+3
j  javax.swing.JComponent.paintComponent(Ljava/awt/Graphics;)V+26
j  javax.swing.JComponent.paint(Ljava/awt/Graphics;)V+286
j  javax.swing.JComponent.paintToOffscreen(Ljava/awt/Graphics;IIIIII)V+41
j  javax.swing.RepaintManager$PaintManager.paintDoubleBuffered(Ljavax/swing/JComponent;Ljava/awt/Image;Ljava/awt/Graphics;IIII)V+163
j  javax.swing.RepaintManager$PaintManager.paint(Ljavax/swing/JComponent;Ljavax/swing/JComponent;Ljava/awt/Graphics;IIII)Z+116
j  javax.swing.RepaintManager.paint(Ljavax/swing/JComponent;Ljavax/swing/JComponent;Ljava/awt/Graphics;IIII)V+51
j  javax.swing.JComponent._paintImmediately(IIII)V+683
j  javax.swing.JComponent.paintImmediately(IIII)V+138
j  javax.swing.RepaintManager$4.run()Ljava/lang/Void;+81
j  javax.swing.RepaintManager$4.run()Ljava/lang/Object;+1
v  ~StubRoutines::call_stub
J 832  java.security.AccessController.doPrivileged(Ljava/security/PrivilegedAction;Ljava/security/AccessControlContext;)Ljava/lang/Object; (0 bytes) @ 0x01dc2b47 [0x01dc2ae0+0x67]
J 815 C1 java.security.ProtectionDomain$JavaSecurityAccessImpl.doIntersectionPrivilege(Ljava/security/PrivilegedAction;Ljava/security/AccessControlContext;Ljava/security/AccessControlContext;)Ljava/lang/Object; (22 bytes) @ 0x01dbd740 [0x01dbd640+0x100]
j  javax.swing.RepaintManager.paintDirtyRegions(Ljava/util/Map;)V+154
j  javax.swing.RepaintManager.paintDirtyRegions()V+46
j  javax.swing.RepaintManager.prePaintDirtyRegions()V+73
j  javax.swing.RepaintManager.access$1200(Ljavax/swing/RepaintManager;)V+1
j  javax.swing.RepaintManager$ProcessingRunnable.run()V+37
j  java.awt.event.InvocationEvent.dispatch()V+47
J 946 C1 java.awt.EventQueue.dispatchEventImpl(Ljava/awt/AWTEvent;Ljava/lang/Object;)V (149 bytes) @ 0x01de9fcc [0x01de9b10+0x4bc]
J 909 C1 java.awt.EventQueue$3.run()Ljava/lang/Void; (60 bytes) @ 0x01ddc99c [0x01ddc940+0x5c]
J 908 C1 java.awt.EventQueue$3.run()Ljava/lang/Object; (5 bytes) @ 0x01ddc720 [0x01ddc700+0x20]
v  ~StubRoutines::call_stub
J 832  java.security.AccessController.doPrivileged(Ljava/security/PrivilegedAction;Ljava/security/AccessControlContext;)Ljava/lang/Object; (0 bytes) @ 0x01dc2b47 [0x01dc2ae0+0x67]
J 944 C1 java.awt.EventQueue.dispatchEvent(Ljava/awt/AWTEvent;)V (80 bytes) @ 0x01de8a08 [0x01de8800+0x208]
J 901 C1 java.awt.EventDispatchThread.pumpOneEventForFilters(I)V (190 bytes) @ 0x01dda958 [0x01dda560+0x3f8]
j  java.awt.EventDispatchThread.pumpEventsForFilter(ILjava/awt/Conditional;Ljava/awt/EventFilter;)V+35
j  java.awt.EventDispatchThread.pumpEventsForHierarchy(ILjava/awt/Conditional;Ljava/awt/Component;)V+11
j  java.awt.EventDispatchThread.pumpEvents(ILjava/awt/Conditional;)V+4
j  java.awt.EventDispatchThread.pumpEvents(Ljava/awt/Conditional;)V+3
j  java.awt.EventDispatchThread.run()V+9
v  ~StubRoutines::call_stub

---------------  P R O C E S S  ---------------

Java Threads: ( => current thread )
  0x1528bc00 JavaThread "Timer-14" [_thread_blocked, id=3096, stack(0x15c10000,0x15c60000)]
  0x1528a400 JavaThread "Timer-13" [_thread_blocked, id=6084, stack(0x15d60000,0x15db0000)]
  0x1528a800 JavaThread "Timer-12" [_thread_blocked, id=4720, stack(0x15cb0000,0x15d00000)]
  0x1528c400 JavaThread "Timer-11" [_thread_blocked, id=4344, stack(0x16a10000,0x16a60000)]
  0x1528b800 JavaThread "Timer-7" [_thread_blocked, id=4372, stack(0x15b40000,0x15b90000)]
  0x1528b000 JavaThread "Timer-6" [_thread_blocked, id=3908, stack(0x15ac0000,0x15b10000)]
  0x163f7c00 JavaThread "Thread-8" daemon [_thread_blocked, id=5464, stack(0x16b20000,0x16b70000)]
  0x16304000 JavaThread "TimerQueue" daemon [_thread_blocked, id=5472, stack(0x16cc0000,0x16d10000)]
  0x0032c800 JavaThread "DestroyJavaVM" [_thread_blocked, id=5752, stack(0x018e0000,0x01930000)]
=>0x152e5000 JavaThread "AWT-EventQueue-0" [_thread_in_native, id=5768, stack(0x15930000,0x15980000)]
  0x152e3400 JavaThread "AWT-Windows" daemon [_thread_in_native, id=5928, stack(0x15420000,0x15470000)]
  0x152e2c00 JavaThread "AWT-Shutdown" [_thread_blocked, id=4264, stack(0x154c0000,0x15510000)]
  0x152e0000 JavaThread "Java2D Disposer" daemon [_thread_blocked, id=3920, stack(0x15560000,0x155b0000)]
  0x0171ac00 JavaThread "Service Thread" daemon [_thread_blocked, id=2336, stack(0x15100000,0x15150000)]
  0x016f3800 JavaThread "C1 CompilerThread0" daemon [_thread_blocked, id=4144, stack(0x15170000,0x151c0000)]
  0x016f2800 JavaThread "Attach Listener" daemon [_thread_blocked, id=4040, stack(0x14970000,0x149c0000)]
  0x016ef400 JavaThread "Signal Dispatcher" daemon [_thread_blocked, id=4936, stack(0x14ff0000,0x15040000)]
  0x016e4400 JavaThread "Finalizer" daemon [_thread_blocked, id=4692, stack(0x13d90000,0x13de0000)]
  0x01685c00 JavaThread "Reference Handler" daemon [_thread_blocked, id=6132, stack(0x14890000,0x148e0000)]

Other Threads:
  0x01683400 VMThread [stack: 0x13d10000,0x13d60000] [id=3668]
  0x01725c00 WatcherThread [stack: 0x14900000,0x14950000] [id=5592]

VM state:not at safepoint (normal execution)

VM Mutex/Monitor currently owned by a thread: None

Heap:
 def new generation   total 8384K, used 6737K [0x03c00000, 0x04510000, 0x09150000)
  eden space 7488K,  78% used [0x03c00000, 0x041b7ee8, 0x04350000)
  from space 896K,  98% used [0x04430000, 0x0450c620, 0x04510000)
  to   space 896K,   0% used [0x04350000, 0x04350000, 0x04430000)
 tenured generation   total 18364K, used 11305K [0x09150000, 0x0a33f000, 0x13c00000)
   the space 18364K,  61% used [0x09150000, 0x09c5a680, 0x09c5a800, 0x0a33f000)
 Metaspace       used 4025K, capacity 4243K, committed 4288K, reserved 4480K

Card table byte_map: [0x01850000,0x018e0000] byte_map_base: 0x01832000

Polling page: 0x00120000

CodeCache: size=32768Kb used=2001Kb max_used=2001Kb free=30766Kb
 bounds [0x01c00000, 0x01df8000, 0x03c00000]
 total_blobs=1231 nmethods=967 adapters=194
 compilation: enabled

Compilation events (10 events):
Event: 22571.144 Thread 0x016f3800  976             java.awt.Component::contains (7 bytes)
Event: 22571.145 Thread 0x016f3800 nmethod 976 0x01df3608 code [0x01df3700, 0x01df37c0]
Event: 22573.039 Thread 0x016f3800  977             javax.swing.JComponent::repaint (19 bytes)
Event: 22573.041 Thread 0x016f3800 nmethod 977 0x01df3808 code [0x01df3940, 0x01df3c10]
Event: 22573.998 Thread 0x016f3800  978             sun.reflect.ByteVectorImpl::getLength (7 bytes)
Event: 22573.999 Thread 0x016f3800 nmethod 978 0x01df3ec8 code [0x01df3fc0, 0x01df4040]
Event: 22574.008 Thread 0x016f3800  979             java.util.ArrayList::<init> (61 bytes)
Event: 22574.011 Thread 0x016f3800 nmethod 979 0x01df4088 code [0x01df41c0, 0x01df44f0]
Event: 22574.440 Thread 0x016f3800  980             sun.awt.SunToolkit::getSystemEventQueueImplPP (13 bytes)
Event: 22574.441 Thread 0x016f3800 nmethod 980 0x01df46c8 code [0x01df47d0, 0x01df487c]

GC Heap History (10 events):
Event: 4.734 GC heap before
{Heap before GC invocations=6 (full 0):
 def new generation   total 4928K, used 4928K [0x03c00000, 0x04150000, 0x09150000)
  eden space 4416K, 100% used [0x03c00000, 0x04050000, 0x04050000)
  from space 512K, 100% used [0x04050000, 0x040d0000, 0x040d0000)
  to   space 512K,   0% used [0x040d0000, 0x040d0000, 0x04150000)
 tenured generation   total 10944K, used 7591K [0x09150000, 0x09c00000, 0x13c00000)
   the space 10944K,  69% used [0x09150000, 0x098b9e08, 0x098ba000, 0x09c00000)
 Metaspace       used 2293K, capacity 3075K, committed 3136K, reserved 4480K
Event: 4.743 GC heap after
Heap after GC invocations=7 (full 0):
 def new generation   total 4928K, used 512K [0x03c00000, 0x04150000, 0x09150000)
  eden space 4416K,   0% used [0x03c00000, 0x03c00000, 0x04050000)
  from space 512K, 100% used [0x040d0000, 0x04150000, 0x04150000)
  to   space 512K,   0% used [0x04050000, 0x04050000, 0x040d0000)
 tenured generation   total 10944K, used 8517K [0x09150000, 0x09c00000, 0x13c00000)
   the space 10944K,  77% used [0x09150000, 0x099a14c0, 0x099a1600, 0x09c00000)
 Metaspace       used 2293K, capacity 3075K, committed 3136K, reserved 4480K
}
Event: 4.856 GC heap before
{Heap before GC invocations=7 (full 0):
 def new generation   total 4928K, used 4926K [0x03c00000, 0x04150000, 0x09150000)
  eden space 4416K,  99% used [0x03c00000, 0x0404fb30, 0x04050000)
  from space 512K, 100% used [0x040d0000, 0x04150000, 0x04150000)
  to   space 512K,   0% used [0x04050000, 0x04050000, 0x040d0000)
 tenured generation   total 10944K, used 8517K [0x09150000, 0x09c00000, 0x13c00000)
   the space 10944K,  77% used [0x09150000, 0x099a14c0, 0x099a1600, 0x09c00000)
 Metaspace       used 2452K, capacity 3206K, committed 3264K, reserved 4480K
Event: 4.864 GC heap after
Heap after GC invocations=8 (full 0):
 def new generation   total 4928K, used 512K [0x03c00000, 0x04150000, 0x09150000)
  eden space 4416K,   0% used [0x03c00000, 0x03c00000, 0x04050000)
  from space 512K, 100% used [0x04050000, 0x040d0000, 0x040d0000)
  to   space 512K,   0% used [0x040d0000, 0x040d0000, 0x04150000)
 tenured generation   total 10944K, used 9328K [0x09150000, 0x09c00000, 0x13c00000)
   the space 10944K,  85% used [0x09150000, 0x09a6c238, 0x09a6c400, 0x09c00000)
 Metaspace       used 2452K, capacity 3206K, committed 3264K, reserved 4480K
}
Event: 5.044 GC heap before
{Heap before GC invocations=8 (full 0):
 def new generation   total 4928K, used 4928K [0x03c00000, 0x04150000, 0x09150000)
  eden space 4416K, 100% used [0x03c00000, 0x04050000, 0x04050000)
  from space 512K, 100% used [0x04050000, 0x040d0000, 0x040d0000)
  to   space 512K,   0% used [0x040d0000, 0x040d0000, 0x04150000)
 tenured generation   total 10944K, used 9328K [0x09150000, 0x09c00000, 0x13c00000)
   the space 10944K,  85% used [0x09150000, 0x09a6c238, 0x09a6c400, 0x09c00000)
 Metaspace       used 3128K, capacity 3661K, committed 3776K, reserved 4480K
Event: 5.050 GC heap after
Heap after GC invocations=9 (full 0):
 def new generation   total 4928K, used 512K [0x03c00000, 0x04150000, 0x09150000)
  eden space 4416K,   0% used [0x03c00000, 0x03c00000, 0x04050000)
  from space 512K, 100% used [0x040d0000, 0x04150000, 0x04150000)
  to   space 512K,   0% used [0x04050000, 0x04050000, 0x040d0000)
 tenured generation   total 10944K, used 10131K [0x09150000, 0x09c00000, 0x13c00000)
   the space 10944K,  92% used [0x09150000, 0x09b34f48, 0x09b35000, 0x09c00000)
 Metaspace       used 3128K, capacity 3661K, committed 3776K, reserved 4480K
}
Event: 44.546 GC heap before
{Heap before GC invocations=9 (full 0):
 def new generation   total 4928K, used 4928K [0x03c00000, 0x04150000, 0x09150000)
  eden space 4416K, 100% used [0x03c00000, 0x04050000, 0x04050000)
  from space 512K, 100% used [0x040d0000, 0x04150000, 0x04150000)
  to   space 512K,   0% used [0x04050000, 0x04050000, 0x040d0000)
 tenured generation   total 10944K, used 10131K [0x09150000, 0x09c00000, 0x13c00000)
   the space 10944K,  92% used [0x09150000, 0x09b34f48, 0x09b35000, 0x09c00000)
 Metaspace       used 3756K, capacity 4183K, committed 4288K, reserved 4480K
Event: 44.591 GC heap after
Heap after GC invocations=10 (full 1):
 def new generation   total 8384K, used 326K [0x03c00000, 0x04510000, 0x09150000)
  eden space 7488K,   4% used [0x03c00000, 0x03c51988, 0x04350000)
  from space 896K,   0% used [0x04350000, 0x04350000, 0x04430000)
  to   space 896K,   0% used [0x04430000, 0x04430000, 0x04510000)
 tenured generation   total 18364K, used 11016K [0x09150000, 0x0a33f000, 0x13c00000)
   the space 18364K,  59% used [0x09150000, 0x09c12190, 0x09c12200, 0x0a33f000)
 Metaspace       used 3733K, capacity 4146K, committed 4288K, reserved 4480K
}
Event: 5265.972 GC heap before
{Heap before GC invocations=10 (full 1):
 def new generation   total 8384K, used 7488K [0x03c00000, 0x04510000, 0x09150000)
  eden space 7488K, 100% used [0x03c00000, 0x04350000, 0x04350000)
  from space 896K,   0% used [0x04350000, 0x04350000, 0x04430000)
  to   space 896K,   0% used [0x04430000, 0x04430000, 0x04510000)
 tenured generation   total 18364K, used 11016K [0x09150000, 0x0a33f000, 0x13c00000)
   the space 18364K,  59% used [0x09150000, 0x09c12190, 0x09c12200, 0x0a33f000)
 Metaspace       used 3977K, capacity 4206K, committed 4288K, reserved 4480K
Event: 5266.022 GC heap after
Heap after GC invocations=11 (full 1):
 def new generation   total 8384K, used 881K [0x03c00000, 0x04510000, 0x09150000)
  eden space 7488K,   0% used [0x03c00000, 0x03c00000, 0x04350000)
  from space 896K,  98% used [0x04430000, 0x0450c620, 0x04510000)
  to   space 896K,   0% used [0x04350000, 0x04350000, 0x04430000)
 tenured generation   total 18364K, used 11305K [0x09150000, 0x0a33f000, 0x13c00000)
   the space 18364K,  61% used [0x09150000, 0x09c5a680, 0x09c5a800, 0x0a33f000)
 Metaspace       used 3977K, capacity 4206K, committed 4288K, reserved 4480K
}

Deoptimization events (0 events):
No events

Classes redefined (0 events):
No events

Internal exceptions (10 events):
Event: 0.238 Thread 0x0032c800 Exception <a 'java/lang/NoSuchFieldError': method resolution failed> (0x03d90e78) thrown at [C:\workspace\8-2-build-windows-i586-cygwin\jdk8u181\11358\hotspot\src\share\vm\prims\methodHandles.cpp, line 1167]
Event: 0.240 Thread 0x0032c800 Exception <a 'java/lang/NoSuchFieldError': method resolution failed> (0x03d9d018) thrown at [C:\workspace\8-2-build-windows-i586-cygwin\jdk8u181\11358\hotspot\src\share\vm\prims\methodHandles.cpp, line 1167]
Event: 0.304 Thread 0x152e5000 Exception <a 'java/io/FileNotFoundException'> (0x03e5e310) thrown at [C:\workspace\8-2-build-windows-i586-cygwin\jdk8u181\11358\hotspot\src\share\vm\prims\jni.cpp, line 709]
Event: 4.215 Thread 0x16301000 Exception <a 'java/lang/NoClassDefFoundError': org/apache/log4j/Category> (0x03e584b0) thrown at [C:\workspace\8-2-build-windows-i586-cygwin\jdk8u181\11358\hotspot\src\share\vm\classfile\systemDictionary.cpp, line 199]
Event: 8.303 Thread 0x16300400 Exception <a 'java/net/SocketTimeoutException': Read timed out> (0x03f9f248) thrown at [C:\workspace\8-2-build-windows-i586-cygwin\jdk8u181\11358\hotspot\src\share\vm\prims\jni.cpp, line 735]
Event: 11.339 Thread 0x16447000 Exception <a 'java/io/IOException': CreateProcess error=2, The system cannot find the file specified> (0x04005708) thrown at [C:\workspace\8-2-build-windows-i586-cygwin\jdk8u181\11358\hotspot\src\share\vm\prims\jni.cpp, line 735]
Event: 505.078 Thread 0x152e5000 Exception <a 'java/net/ConnectException': Connection refused: connect> (0x03d66e38) thrown at [C:\workspace\8-2-build-windows-i586-cygwin\jdk8u181\11358\hotspot\src\share\vm\prims\jni.cpp, line 735]
Event: 509.328 Thread 0x152e5000 Exception <a 'java/net/ConnectException': Connection refused: connect> (0x03e2f190) thrown at [C:\workspace\8-2-build-windows-i586-cygwin\jdk8u181\11358\hotspot\src\share\vm\prims\jni.cpp, line 735]
Event: 515.921 Thread 0x1528a800 Exception <a 'java/net/SocketTimeoutException': Read timed out> (0x03f7cd78) thrown at [C:\workspace\8-2-build-windows-i586-cygwin\jdk8u181\11358\hotspot\src\share\vm\prims\jni.cpp, line 735]
Event: 518.963 Thread 0x1528a400 Exception <a 'java/io/IOException': CreateProcess error=2, The system cannot find the file specified> (0x03fc7158) thrown at [C:\workspace\8-2-build-windows-i586-cygwin\jdk8u181\11358\hotspot\src\share\vm\prims\jni.cpp, line 735]

Events (10 events):
Event: 22573.037 loading class javax/swing/JComponent$ActionStandin
Event: 22573.038 loading class javax/swing/JComponent$ActionStandin done
Event: 22573.040 loading class javax/swing/text/DefaultHighlighter$LayeredHighlightInfo
Event: 22573.040 loading class javax/swing/text/DefaultHighlighter$HighlightInfo
Event: 22573.041 loading class javax/swing/text/DefaultHighlighter$HighlightInfo done
Event: 22573.041 loading class javax/swing/text/DefaultHighlighter$LayeredHighlightInfo done
Event: 22574.001 loading class javax/swing/text/GapContent$RemoveUndo
Event: 22574.002 loading class javax/swing/text/GapContent$RemoveUndo done
Event: 22574.002 loading class javax/swing/text/GapContent$UndoPosRef
Event: 22574.003 loading class javax/swing/text/GapContent$UndoPosRef done


Dynamic libraries:
0x01140000 - 0x01173000 	C:\Program Files\Java\jdk1.8.0_181\jre\bin\java.exe
0x77410000 - 0x7754c000 	C:\Windows\SYSTEM32\ntdll.dll
0x76800000 - 0x768d4000 	C:\Windows\system32\kernel32.dll
0x75640000 - 0x7568a000 	C:\Windows\system32\KERNELBASE.dll
0x775a0000 - 0x77640000 	C:\Windows\system32\ADVAPI32.dll
0x76c90000 - 0x76d3c000 	C:\Windows\system32\msvcrt.dll
0x76640000 - 0x76659000 	C:\Windows\SYSTEM32\sechost.dll
0x77210000 - 0x772b1000 	C:\Windows\system32\RPCRT4.dll
0x76dc0000 - 0x76e89000 	C:\Windows\system32\USER32.dll
0x77320000 - 0x7736e000 	C:\Windows\system32\GDI32.dll
0x77550000 - 0x7755a000 	C:\Windows\system32\LPK.dll
0x77370000 - 0x7740d000 	C:\Windows\system32\USP10.dll
0x744c0000 - 0x7465e000 	C:\Windows\WinSxS\x86_microsoft.windows.common-controls_6595b64144ccf1df_6.0.7600.16385_none_421189da2b7fabfc\COMCTL32.dll
0x772c0000 - 0x77317000 	C:\Windows\system32\SHLWAPI.dll
0x77570000 - 0x7758f000 	C:\Windows\system32\IMM32.DLL
0x77140000 - 0x7720c000 	C:\Windows\system32\MSCTF.dll
0x66cf0000 - 0x66daf000 	C:\Program Files\Java\jdk1.8.0_181\jre\bin\msvcr100.dll
0x59c00000 - 0x59fd3000 	C:\Program Files\Java\jdk1.8.0_181\jre\bin\client\jvm.dll
0x71ed0000 - 0x71ed7000 	C:\Windows\system32\WSOCK32.dll
0x75860000 - 0x75895000 	C:\Windows\system32\WS2_32.dll
0x77560000 - 0x77566000 	C:\Windows\system32\NSI.dll
0x6f470000 - 0x6f4a2000 	C:\Windows\system32\WINMM.dll
0x74a60000 - 0x74a69000 	C:\Windows\system32\VERSION.dll
0x77590000 - 0x77595000 	C:\Windows\system32\PSAPI.DLL
0x74770000 - 0x7477c000 	C:\Program Files\Java\jdk1.8.0_181\jre\bin\verify.dll
0x6c300000 - 0x6c322000 	C:\Program Files\Java\jdk1.8.0_181\jre\bin\java.dll
0x72040000 - 0x72054000 	C:\Program Files\Java\jdk1.8.0_181\jre\bin\zip.dll
0x759f0000 - 0x76639000 	C:\Windows\system32\SHELL32.dll
0x76a70000 - 0x76bcc000 	C:\Windows\system32\ole32.dll
0x75560000 - 0x7556b000 	C:\Windows\system32\profapi.dll
0x5e390000 - 0x5e4d7000 	C:\Program Files\Java\jdk1.8.0_181\jre\bin\awt.dll
0x76c00000 - 0x76c8f000 	C:\Windows\system32\OLEAUT32.dll
0x74360000 - 0x743a0000 	C:\Windows\system32\uxtheme.dll
0x74040000 - 0x74053000 	C:\Windows\system32\dwmapi.dll
0x754b0000 - 0x754bc000 	C:\Windows\system32\CRYPTBASE.dll
0x6bd20000 - 0x6bde8000 	C:\Windows\system32\opengl32.dll
0x6c0d0000 - 0x6c0f2000 	C:\Windows\system32\GLU32.dll
0x6bc30000 - 0x6bd17000 	C:\Windows\system32\DDRAW.dll
0x6c0c0000 - 0x6c0c6000 	C:\Windows\system32\DCIMAN32.dll
0x76660000 - 0x767fd000 	C:\Windows\system32\SETUPAPI.dll
0x75610000 - 0x75637000 	C:\Windows\system32\CFGMGR32.dll
0x75690000 - 0x756a2000 	C:\Windows\system32\DEVOBJ.dll
0x673b0000 - 0x673e9000 	C:\Program Files\Java\jdk1.8.0_181\jre\bin\fontmanager.dll
0x768e0000 - 0x76963000 	C:\Windows\system32\CLBCatQ.DLL
0x73da0000 - 0x73e9b000 	C:\Windows\system32\WindowsCodecs.dll
0x75460000 - 0x754ab000 	C:\Windows\system32\apphelp.dll
0x70d30000 - 0x70d61000 	C:\Windows\system32\EhStorShell.dll
0x743a0000 - 0x74495000 	C:\Windows\system32\PROPSYS.dll
0x661c0000 - 0x663dd000 	C:\PROGRA~1\MICROS~1\Office12\GR469A~1.DLL
0x68ef0000 - 0x68fe1000 	C:\PROGRA~1\MICROS~1\Office12\GrooveUtil.DLL
0x76970000 - 0x76a64000 	C:\Windows\system32\WININET.dll
0x759e0000 - 0x759e3000 	C:\Windows\system32\Normaliz.dll
0x758a0000 - 0x759d5000 	C:\Windows\system32\urlmon.dll
0x75740000 - 0x7585c000 	C:\Windows\system32\CRYPT32.dll
0x755d0000 - 0x755dc000 	C:\Windows\system32\MSASN1.dll
0x76ef0000 - 0x770e9000 	C:\Windows\system32\iertutil.dll
0x70c90000 - 0x70d2b000 	C:\Windows\WinSxS\x86_microsoft.vc80.crt_1fc8b3b9a1e18e3b_8.0.50727.4927_none_d08a205e442db5b5\MSVCR80.dll
0x68ff0000 - 0x68ff7000 	C:\PROGRA~1\MICROS~1\Office12\GrooveNew.DLL
0x7c630000 - 0x7c64b000 	C:\Windows\WinSxS\x86_microsoft.vc80.atl_1fc8b3b9a1e18e3b_8.0.50727.42_none_dc990e4797f81af1\ATL80.DLL
0x74fe0000 - 0x74ff6000 	C:\Windows\system32\CRYPTSP.dll
0x74d80000 - 0x74dbb000 	C:\Windows\system32\rsaenh.dll
0x73b90000 - 0x73b95000 	C:\Windows\system32\MSImg32.dll
0x70ba0000 - 0x70c0a000 	C:\Windows\System32\cscui.dll
0x70b90000 - 0x70b99000 	C:\Windows\System32\CSCDLL.dll
0x70b80000 - 0x70b8b000 	C:\Windows\system32\CSCAPI.dll
0x70b10000 - 0x70b7f000 	C:\Windows\system32\ntshrui.dll
0x75390000 - 0x753a9000 	C:\Windows\system32\srvcli.dll
0x737e0000 - 0x737ea000 	C:\Windows\system32\slc.dll
0x720c0000 - 0x720d5000 	C:\Program Files\Java\jdk1.8.0_181\jre\bin\net.dll
0x74fa0000 - 0x74fdc000 	C:\Windows\system32\mswsock.dll
0x74f90000 - 0x74f96000 	C:\Windows\System32\wship6.dll
0x6ec60000 - 0x6ec6f000 	C:\Program Files\Java\jdk1.8.0_181\jre\bin\nio.dll
0x67180000 - 0x671b2000 	C:\Program Files\Java\jdk1.8.0_181\jre\bin\t2k.dll
0x74bc0000 - 0x74bd7000 	C:\Windows\system32\USERENV.dll
0x73670000 - 0x7368c000 	C:\Windows\system32\IPHLPAPI.DLL
0x73660000 - 0x73667000 	C:\Windows\system32\WINNSI.DLL
0x734b0000 - 0x734c2000 	C:\Windows\system32\dhcpcsvc.DLL
0x72f40000 - 0x72f4d000 	C:\Windows\system32\dhcpcsvc6.DLL
0x66f00000 - 0x66f38000 	C:\Users\Admin\AppData\Local\Temp\jna-63116079\jna2025836113856445879.dll
0x69d20000 - 0x69d23000 	C:\Program Files\Java\jdk1.8.0_181\jre\bin\api-ms-win-core-synch-l1-2-0.DLL
0x15510000 - 0x15559000 	C:\Windows\system32\fpengine.dll
0x149c0000 - 0x149ea000 	C:\Windows\system32\fpcore32.dll
0x6f4b0000 - 0x6f501000 	C:\Windows\system32\WINSPOOL.DRV
0x6b790000 - 0x6b797000 	C:\Windows\system32\WINUSB.DLL
0x741d0000 - 0x74360000 	C:\Windows\WinSxS\x86_microsoft.windows.gdiplus_6595b64144ccf1df_1.1.7600.16385_none_72fc7cbf861225ca\gdiplus.dll
0x755e0000 - 0x7560d000 	C:\Windows\system32\WINTRUST.dll
0x71fd0000 - 0x71ff0000 	C:\Program Files\Java\jdk1.8.0_181\jre\bin\sunec.dll
0x69c30000 - 0x69d1b000 	C:\Windows\system32\dbghelp.dll

VM Arguments:
jvm_args: -Dfile.encoding=UTF-8 
java_command: fingerprintcorev2.Views.IntroPage
java_class_path (initial): C:\Users\Admin\Downloads\org-apache-commons-codec.jar\org-apache-commons-codec.jar;C:\Users\Admin\Downloads\jna-4.5.2.jar;C:\Users\Admin\Downloads\unirest-java-1.4.9.jar;C:\Users\Admin\Downloads\org.json.jar\org.json.jar;C:\Users\Admin\Downloads\commons-logging-1.1.2.jar;C:\Users\Admin\Downloads\httpclient-4.5.5.jar;C:\Users\Admin\Downloads\httpcore-4.4.9.jar;C:\Users\Admin\Downloads\httpcore-nio-4.4.10.jar;C:\Users\Admin\Downloads\httpmime-4.5.6.jar;C:\Users\Admin\Downloads\httpasyncclient-4.0-beta4.jar\httpasyncclient-4.0-beta4.jar;C:\Users\Admin\Documents\NetBeansProjects\FingerprintCoreV2\build\classes
Launcher Type: SUN_STANDARD

Environment Variables:
PATH=C:\Program Files\Common Files\Oracle\Java\javapath;C:\Windows\system32;C:\Windows;C:\Windows\System32\Wbem;C:\Windows\System32\WindowsPowerShell\v1.0\;C:\Program Files\Git\cmd;C:\Program Files\Neurotechnology\FreeFingerprintVerificationSDK 1.0\bin\Win32_x86;C:\Program Files\nodejs\;C:\Users\Admin\AppData\Roaming\npm
USERNAME=Admin
OS=Windows_NT
PROCESSOR_IDENTIFIER=x86 Family 6 Model 76 Stepping 4, GenuineIntel



---------------  S Y S T E M  ---------------

OS: Windows 7 Build 7600 (6.1.7600.16385)

CPU:total 2 (initial active 2) (2 cores per cpu, 1 threads per core) family 6 model 76 stepping 4, cmov, cx8, fxsr, mmx, sse, sse2, sse3, ssse3, sse4.1, sse4.2, popcnt, aes, clmul, erms, 3dnowpref, tsc, tscinvbit

Memory: 4k page, physical 2008308k(715632k free), swap 4016616k(1696748k free)

vm_info: Java HotSpot(TM) Client VM (25.181-b13) for windows-x86 JRE (1.8.0_181-b13), built on Jul  7 2018 03:18:20 by "java_re" with MS VC++ 10.0 (VS2010)

time: Tue Aug 14 13:31:59 2018
elapsed time: 22575 seconds (0d 6h 16m 15s)

